[0.000000] (-) TimerEvent: {}
[0.001107] (basic_mobile_robot) JobQueued: {'identifier': 'basic_mobile_robot', 'dependencies': OrderedDict()}
[0.003092] (basic_mobile_robot) JobStarted: {'identifier': 'basic_mobile_robot'}
[0.098601] (-) TimerEvent: {}
[0.203237] (-) TimerEvent: {}
[0.306449] (-) TimerEvent: {}
[0.412664] (-) TimerEvent: {}
[0.529447] (-) TimerEvent: {}
[0.586710] (basic_mobile_robot) JobProgress: {'identifier': 'basic_mobile_robot', 'progress': 'cmake'}
[0.603251] (basic_mobile_robot) Command: {'cmd': ['/usr/bin/cmake', '/home/sdp12/sdp-team-12/basic_mobile_robot', '-DCMAKE_INSTALL_PREFIX=/home/sdp12/sdp-team-12/install/basic_mobile_robot'], 'cwd': '/home/sdp12/sdp-team-12/build/basic_mobile_robot', 'env': OrderedDict([('USER', 'sdp12'), ('XDG_SESSION_TYPE', 'wayland'), ('SHLVL', '1'), ('LD_LIBRARY_PATH', '/usr/lib/x86_64-linux-gnu/gazebo-11/plugins:/opt/ros/humble/opt/rviz_ogre_vendor/lib:/opt/ros/humble/lib/x86_64-linux-gnu:/opt/ros/humble/lib'), ('HOME', '/home/sdp12'), ('OLDPWD', '/home/sdp12/sdp-team-12/basic_mobile_robot/launch'), ('DESKTOP_SESSION', 'ubuntu'), ('ROS_PYTHON_VERSION', '3'), ('GNOME_SHELL_SESSION_MODE', 'ubuntu'), ('GTK_MODULES', 'gail:atk-bridge'), ('SYSTEMD_EXEC_PID', '1085'), ('DBUS_SESSION_BUS_ADDRESS', 'unix:path=/run/user/1000/bus'), ('COLORTERM', 'truecolor'), ('IM_CONFIG_PHASE', '1'), ('WAYLAND_DISPLAY', 'wayland-0'), ('COLCON_PREFIX_PATH', '/media/sf_SDP/sdp-team-12/install'), ('ROS_DISTRO', 'humble'), ('LOGNAME', 'sdp12'), ('_', '/usr/bin/colcon'), ('ROS_VERSION', '2'), ('XDG_SESSION_CLASS', 'user'), ('USERNAME', 'sdp12'), ('TERM', 'xterm-256color'), ('GNOME_DESKTOP_SESSION_ID', 'this-is-deprecated'), ('ROS_LOCALHOST_ONLY', '0'), ('PATH', '/opt/ros/humble/bin:/usr/local/sbin:/usr/local/bin:/usr/sbin:/usr/bin:/sbin:/bin:/usr/games:/usr/local/games:/snap/bin'), ('SESSION_MANAGER', 'local/sdp12vm:@/tmp/.ICE-unix/1062,unix/sdp12vm:/tmp/.ICE-unix/1062'), ('XDG_MENU_PREFIX', 'gnome-'), ('GNOME_TERMINAL_SCREEN', '/org/gnome/Terminal/screen/09c6f1c4_b0db_4350_b9c9_a5a0b10b7709'), ('GNOME_SETUP_DISPLAY', ':1'), ('XDG_RUNTIME_DIR', '/run/user/1000'), ('DISPLAY', ':0'), ('LANG', 'en_US.UTF-8'), ('XDG_CURRENT_DESKTOP', 'ubuntu:GNOME'), ('XMODIFIERS', '@im=ibus'), ('XDG_SESSION_DESKTOP', 'ubuntu'), ('XAUTHORITY', '/run/user/1000/.mutter-Xwaylandauth.S09LD2'), ('GNOME_TERMINAL_SERVICE', ':1.158'), ('SSH_AGENT_LAUNCHER', 'gnome-keyring'), ('SSH_AUTH_SOCK', '/run/user/1000/keyring/ssh'), ('AMENT_PREFIX_PATH', '/media/sf_SDP/sdp-team-12/install/basic_mobile_robot:/opt/ros/humble'), ('SHELL', '/bin/bash'), ('QT_ACCESSIBILITY', '1'), ('GDMSESSION', 'ubuntu'), ('QT_IM_MODULE', 'ibus'), ('PWD', '/home/sdp12/sdp-team-12/build/basic_mobile_robot'), ('LC_ALL', 'en_US.UTF-8'), ('XDG_CONFIG_DIRS', '/etc/xdg/xdg-ubuntu:/etc/xdg'), ('XDG_DATA_DIRS', '/usr/share/ubuntu:/usr/local/share/:/usr/share/'), ('PYTHONPATH', '/opt/ros/humble/lib/python3.10/site-packages:/opt/ros/humble/local/lib/python3.10/dist-packages'), ('COLCON', '1'), ('VTE_VERSION', '6800'), ('CMAKE_PREFIX_PATH', '/media/sf_SDP/sdp-team-12/install/basic_mobile_robot:/opt/ros/humble')]), 'shell': False}
[0.716613] (-) TimerEvent: {}
[0.818969] (-) TimerEvent: {}
[0.924976] (-) TimerEvent: {}
[1.027165] (-) TimerEvent: {}
[1.171551] (-) TimerEvent: {}
[1.273040] (-) TimerEvent: {}
[1.375674] (-) TimerEvent: {}
[1.392889] (basic_mobile_robot) StdoutLine: {'line': b'-- The C compiler identification is GNU 11.4.0\n'}
[1.480137] (-) TimerEvent: {}
[1.614255] (-) TimerEvent: {}
[1.717487] (-) TimerEvent: {}
[1.819287] (-) TimerEvent: {}
[1.871781] (basic_mobile_robot) StdoutLine: {'line': b'-- The CXX compiler identification is GNU 11.4.0\n'}
[1.919656] (-) TimerEvent: {}
[1.934438] (basic_mobile_robot) StdoutLine: {'line': b'-- Detecting C compiler ABI info\n'}
[2.020503] (-) TimerEvent: {}
[2.124265] (-) TimerEvent: {}
[2.227950] (-) TimerEvent: {}
[2.337707] (-) TimerEvent: {}
[2.484572] (-) TimerEvent: {}
[2.659591] (-) TimerEvent: {}
[2.886861] (-) TimerEvent: {}
[3.000166] (-) TimerEvent: {}
[3.112502] (-) TimerEvent: {}
[3.226599] (-) TimerEvent: {}
[3.351575] (-) TimerEvent: {}
[3.485907] (-) TimerEvent: {}
[3.587087] (-) TimerEvent: {}
[3.688634] (-) TimerEvent: {}
[3.791245] (-) TimerEvent: {}
[3.895283] (-) TimerEvent: {}
[4.017466] (-) TimerEvent: {}
[4.126964] (-) TimerEvent: {}
[4.254769] (-) TimerEvent: {}
[4.307558] (basic_mobile_robot) StdoutLine: {'line': b'-- Detecting C compiler ABI info - done\n'}
[4.355882] (-) TimerEvent: {}
[4.460157] (-) TimerEvent: {}
[4.461970] (basic_mobile_robot) StdoutLine: {'line': b'-- Check for working C compiler: /usr/bin/cc - skipped\n'}
[4.463615] (basic_mobile_robot) StdoutLine: {'line': b'-- Detecting C compile features\n'}
[4.466723] (basic_mobile_robot) StdoutLine: {'line': b'-- Detecting C compile features - done\n'}
[4.542442] (basic_mobile_robot) StdoutLine: {'line': b'-- Detecting CXX compiler ABI info\n'}
[4.562407] (-) TimerEvent: {}
[4.680005] (-) TimerEvent: {}
[4.805151] (-) TimerEvent: {}
[4.941217] (-) TimerEvent: {}
[5.074634] (-) TimerEvent: {}
[5.192635] (-) TimerEvent: {}
[5.296645] (-) TimerEvent: {}
[5.398906] (-) TimerEvent: {}
[5.508904] (-) TimerEvent: {}
[5.623153] (-) TimerEvent: {}
[5.728813] (-) TimerEvent: {}
[5.830934] (-) TimerEvent: {}
[5.937818] (-) TimerEvent: {}
[6.039515] (-) TimerEvent: {}
[6.140667] (-) TimerEvent: {}
[6.181182] (basic_mobile_robot) StdoutLine: {'line': b'-- Detecting CXX compiler ABI info - done\n'}
[6.242196] (-) TimerEvent: {}
[6.291552] (basic_mobile_robot) StdoutLine: {'line': b'-- Check for working CXX compiler: /usr/bin/c++ - skipped\n'}
[6.295984] (basic_mobile_robot) StdoutLine: {'line': b'-- Detecting CXX compile features\n'}
[6.300425] (basic_mobile_robot) StdoutLine: {'line': b'-- Detecting CXX compile features - done\n'}
[6.344200] (-) TimerEvent: {}
[6.468960] (-) TimerEvent: {}
[6.470885] (basic_mobile_robot) StdoutLine: {'line': b'-- Found ament_cmake: 1.3.5 (/opt/ros/humble/share/ament_cmake/cmake)\n'}
[6.569321] (-) TimerEvent: {}
[6.671438] (-) TimerEvent: {}
[6.776660] (-) TimerEvent: {}
[6.884832] (-) TimerEvent: {}
[6.901990] (basic_mobile_robot) StdoutLine: {'line': b'-- Found Python3: /usr/bin/python3.10 (found version "3.10.12") found components: Interpreter \n'}
[6.987071] (-) TimerEvent: {}
[7.125154] (-) TimerEvent: {}
[7.229493] (-) TimerEvent: {}
[7.334326] (-) TimerEvent: {}
[7.477699] (-) TimerEvent: {}
[7.619786] (-) TimerEvent: {}
[7.722270] (-) TimerEvent: {}
[7.726329] (basic_mobile_robot) StdoutLine: {'line': b'-- Found ament_lint_auto: 0.12.8 (/opt/ros/humble/share/ament_lint_auto/cmake)\n'}
[7.827787] (-) TimerEvent: {}
[7.936344] (-) TimerEvent: {}
[8.053579] (-) TimerEvent: {}
[8.155050] (-) TimerEvent: {}
[8.257390] (-) TimerEvent: {}
[8.384259] (-) TimerEvent: {}
[8.485752] (-) TimerEvent: {}
[8.595967] (-) TimerEvent: {}
[8.699844] (-) TimerEvent: {}
[8.801223] (-) TimerEvent: {}
[8.906724] (-) TimerEvent: {}
[9.043185] (-) TimerEvent: {}
[9.144514] (-) TimerEvent: {}
[9.221348] (basic_mobile_robot) StdoutLine: {'line': b"-- Added test 'flake8' to check Python code syntax and style conventions\n"}
[9.245415] (-) TimerEvent: {}
[9.333395] (basic_mobile_robot) StdoutLine: {'line': b"-- Added test 'lint_cmake' to check CMake code style\n"}
[9.352535] (-) TimerEvent: {}
[9.383906] (basic_mobile_robot) StdoutLine: {'line': b"-- Added test 'pep257' to check Python code against some of the docstring style conventions in PEP 257\n"}
[9.454080] (-) TimerEvent: {}
[9.558238] (-) TimerEvent: {}
[9.661531] (-) TimerEvent: {}
[9.723582] (basic_mobile_robot) StdoutLine: {'line': b"-- Added test 'xmllint' to check XML markup files\n"}
[9.762895] (-) TimerEvent: {}
[9.909777] (-) TimerEvent: {}
[10.017772] (-) TimerEvent: {}
[10.111328] (basic_mobile_robot) StdoutLine: {'line': b'-- Configuring done\n'}
[10.118881] (-) TimerEvent: {}
[10.225062] (-) TimerEvent: {}
[10.328923] (-) TimerEvent: {}
[10.466210] (-) TimerEvent: {}
[10.577650] (-) TimerEvent: {}
[10.700480] (-) TimerEvent: {}
[10.850523] (-) TimerEvent: {}
[10.957975] (-) TimerEvent: {}
[11.086609] (-) TimerEvent: {}
[11.224099] (-) TimerEvent: {}
[11.332588] (-) TimerEvent: {}
[11.452083] (-) TimerEvent: {}
[11.556436] (-) TimerEvent: {}
[11.660062] (-) TimerEvent: {}
[11.727763] (basic_mobile_robot) StdoutLine: {'line': b'-- Generating done\n'}
[11.760589] (-) TimerEvent: {}
[11.865074] (-) TimerEvent: {}
[11.904163] (basic_mobile_robot) StdoutLine: {'line': b'-- Build files have been written to: /home/sdp12/sdp-team-12/build/basic_mobile_robot\n'}
[11.916987] (basic_mobile_robot) CommandEnded: {'returncode': 0}
[11.922060] (basic_mobile_robot) JobProgress: {'identifier': 'basic_mobile_robot', 'progress': 'build'}
[11.930471] (basic_mobile_robot) Command: {'cmd': ['/usr/bin/cmake', '--build', '/home/sdp12/sdp-team-12/build/basic_mobile_robot', '--', '-j4', '-l4'], 'cwd': '/home/sdp12/sdp-team-12/build/basic_mobile_robot', 'env': OrderedDict([('USER', 'sdp12'), ('XDG_SESSION_TYPE', 'wayland'), ('SHLVL', '1'), ('LD_LIBRARY_PATH', '/usr/lib/x86_64-linux-gnu/gazebo-11/plugins:/opt/ros/humble/opt/rviz_ogre_vendor/lib:/opt/ros/humble/lib/x86_64-linux-gnu:/opt/ros/humble/lib'), ('HOME', '/home/sdp12'), ('OLDPWD', '/home/sdp12/sdp-team-12/basic_mobile_robot/launch'), ('DESKTOP_SESSION', 'ubuntu'), ('ROS_PYTHON_VERSION', '3'), ('GNOME_SHELL_SESSION_MODE', 'ubuntu'), ('GTK_MODULES', 'gail:atk-bridge'), ('SYSTEMD_EXEC_PID', '1085'), ('DBUS_SESSION_BUS_ADDRESS', 'unix:path=/run/user/1000/bus'), ('COLORTERM', 'truecolor'), ('IM_CONFIG_PHASE', '1'), ('WAYLAND_DISPLAY', 'wayland-0'), ('COLCON_PREFIX_PATH', '/media/sf_SDP/sdp-team-12/install'), ('ROS_DISTRO', 'humble'), ('LOGNAME', 'sdp12'), ('_', '/usr/bin/colcon'), ('ROS_VERSION', '2'), ('XDG_SESSION_CLASS', 'user'), ('USERNAME', 'sdp12'), ('TERM', 'xterm-256color'), ('GNOME_DESKTOP_SESSION_ID', 'this-is-deprecated'), ('ROS_LOCALHOST_ONLY', '0'), ('PATH', '/opt/ros/humble/bin:/usr/local/sbin:/usr/local/bin:/usr/sbin:/usr/bin:/sbin:/bin:/usr/games:/usr/local/games:/snap/bin'), ('SESSION_MANAGER', 'local/sdp12vm:@/tmp/.ICE-unix/1062,unix/sdp12vm:/tmp/.ICE-unix/1062'), ('XDG_MENU_PREFIX', 'gnome-'), ('GNOME_TERMINAL_SCREEN', '/org/gnome/Terminal/screen/09c6f1c4_b0db_4350_b9c9_a5a0b10b7709'), ('GNOME_SETUP_DISPLAY', ':1'), ('XDG_RUNTIME_DIR', '/run/user/1000'), ('DISPLAY', ':0'), ('LANG', 'en_US.UTF-8'), ('XDG_CURRENT_DESKTOP', 'ubuntu:GNOME'), ('XMODIFIERS', '@im=ibus'), ('XDG_SESSION_DESKTOP', 'ubuntu'), ('XAUTHORITY', '/run/user/1000/.mutter-Xwaylandauth.S09LD2'), ('GNOME_TERMINAL_SERVICE', ':1.158'), ('SSH_AGENT_LAUNCHER', 'gnome-keyring'), ('SSH_AUTH_SOCK', '/run/user/1000/keyring/ssh'), ('AMENT_PREFIX_PATH', '/media/sf_SDP/sdp-team-12/install/basic_mobile_robot:/opt/ros/humble'), ('SHELL', '/bin/bash'), ('QT_ACCESSIBILITY', '1'), ('GDMSESSION', 'ubuntu'), ('QT_IM_MODULE', 'ibus'), ('PWD', '/home/sdp12/sdp-team-12/build/basic_mobile_robot'), ('LC_ALL', 'en_US.UTF-8'), ('XDG_CONFIG_DIRS', '/etc/xdg/xdg-ubuntu:/etc/xdg'), ('XDG_DATA_DIRS', '/usr/share/ubuntu:/usr/local/share/:/usr/share/'), ('PYTHONPATH', '/opt/ros/humble/lib/python3.10/site-packages:/opt/ros/humble/local/lib/python3.10/dist-packages'), ('COLCON', '1'), ('VTE_VERSION', '6800'), ('CMAKE_PREFIX_PATH', '/media/sf_SDP/sdp-team-12/install/basic_mobile_robot:/opt/ros/humble')]), 'shell': False}
[11.966357] (-) TimerEvent: {}
[12.068319] (-) TimerEvent: {}
[12.084031] (basic_mobile_robot) CommandEnded: {'returncode': 0}
[12.168982] (-) TimerEvent: {}
[12.192914] (basic_mobile_robot) JobProgress: {'identifier': 'basic_mobile_robot', 'progress': 'install'}
[12.235621] (basic_mobile_robot) Command: {'cmd': ['/usr/bin/cmake', '--install', '/home/sdp12/sdp-team-12/build/basic_mobile_robot'], 'cwd': '/home/sdp12/sdp-team-12/build/basic_mobile_robot', 'env': OrderedDict([('USER', 'sdp12'), ('XDG_SESSION_TYPE', 'wayland'), ('SHLVL', '1'), ('LD_LIBRARY_PATH', '/usr/lib/x86_64-linux-gnu/gazebo-11/plugins:/opt/ros/humble/opt/rviz_ogre_vendor/lib:/opt/ros/humble/lib/x86_64-linux-gnu:/opt/ros/humble/lib'), ('HOME', '/home/sdp12'), ('OLDPWD', '/home/sdp12/sdp-team-12/basic_mobile_robot/launch'), ('DESKTOP_SESSION', 'ubuntu'), ('ROS_PYTHON_VERSION', '3'), ('GNOME_SHELL_SESSION_MODE', 'ubuntu'), ('GTK_MODULES', 'gail:atk-bridge'), ('SYSTEMD_EXEC_PID', '1085'), ('DBUS_SESSION_BUS_ADDRESS', 'unix:path=/run/user/1000/bus'), ('COLORTERM', 'truecolor'), ('IM_CONFIG_PHASE', '1'), ('WAYLAND_DISPLAY', 'wayland-0'), ('COLCON_PREFIX_PATH', '/media/sf_SDP/sdp-team-12/install'), ('ROS_DISTRO', 'humble'), ('LOGNAME', 'sdp12'), ('_', '/usr/bin/colcon'), ('ROS_VERSION', '2'), ('XDG_SESSION_CLASS', 'user'), ('USERNAME', 'sdp12'), ('TERM', 'xterm-256color'), ('GNOME_DESKTOP_SESSION_ID', 'this-is-deprecated'), ('ROS_LOCALHOST_ONLY', '0'), ('PATH', '/opt/ros/humble/bin:/usr/local/sbin:/usr/local/bin:/usr/sbin:/usr/bin:/sbin:/bin:/usr/games:/usr/local/games:/snap/bin'), ('SESSION_MANAGER', 'local/sdp12vm:@/tmp/.ICE-unix/1062,unix/sdp12vm:/tmp/.ICE-unix/1062'), ('XDG_MENU_PREFIX', 'gnome-'), ('GNOME_TERMINAL_SCREEN', '/org/gnome/Terminal/screen/09c6f1c4_b0db_4350_b9c9_a5a0b10b7709'), ('GNOME_SETUP_DISPLAY', ':1'), ('XDG_RUNTIME_DIR', '/run/user/1000'), ('DISPLAY', ':0'), ('LANG', 'en_US.UTF-8'), ('XDG_CURRENT_DESKTOP', 'ubuntu:GNOME'), ('XMODIFIERS', '@im=ibus'), ('XDG_SESSION_DESKTOP', 'ubuntu'), ('XAUTHORITY', '/run/user/1000/.mutter-Xwaylandauth.S09LD2'), ('GNOME_TERMINAL_SERVICE', ':1.158'), ('SSH_AGENT_LAUNCHER', 'gnome-keyring'), ('SSH_AUTH_SOCK', '/run/user/1000/keyring/ssh'), ('AMENT_PREFIX_PATH', '/media/sf_SDP/sdp-team-12/install/basic_mobile_robot:/opt/ros/humble'), ('SHELL', '/bin/bash'), ('QT_ACCESSIBILITY', '1'), ('GDMSESSION', 'ubuntu'), ('QT_IM_MODULE', 'ibus'), ('PWD', '/home/sdp12/sdp-team-12/build/basic_mobile_robot'), ('LC_ALL', 'en_US.UTF-8'), ('XDG_CONFIG_DIRS', '/etc/xdg/xdg-ubuntu:/etc/xdg'), ('XDG_DATA_DIRS', '/usr/share/ubuntu:/usr/local/share/:/usr/share/'), ('PYTHONPATH', '/opt/ros/humble/lib/python3.10/site-packages:/opt/ros/humble/local/lib/python3.10/dist-packages'), ('COLCON', '1'), ('VTE_VERSION', '6800'), ('CMAKE_PREFIX_PATH', '/media/sf_SDP/sdp-team-12/install/basic_mobile_robot:/opt/ros/humble')]), 'shell': False}
[12.269915] (-) TimerEvent: {}
[12.271671] (basic_mobile_robot) StdoutLine: {'line': b'-- Install configuration: ""\n'}
[12.276916] (basic_mobile_robot) StdoutLine: {'line': b'-- Installing: /home/sdp12/sdp-team-12/install/basic_mobile_robot/share/basic_mobile_robot/config\n'}
[12.370558] (-) TimerEvent: {}
[12.447544] (basic_mobile_robot) StdoutLine: {'line': b'-- Installing: /home/sdp12/sdp-team-12/install/basic_mobile_robot/share/basic_mobile_robot/config/ekf.yaml\n'}
[12.472261] (-) TimerEvent: {}
[12.498619] (basic_mobile_robot) StdoutLine: {'line': b'-- Installing: /home/sdp12/sdp-team-12/install/basic_mobile_robot/share/basic_mobile_robot/launch\n'}
[12.526608] (basic_mobile_robot) StdoutLine: {'line': b'-- Installing: /home/sdp12/sdp-team-12/install/basic_mobile_robot/share/basic_mobile_robot/launch/basic_mobile_bot_v1.launch.py\n'}
[12.575407] (-) TimerEvent: {}
[12.590251] (basic_mobile_robot) StdoutLine: {'line': b'-- Installing: /home/sdp12/sdp-team-12/install/basic_mobile_robot/share/basic_mobile_robot/launch/basic_mobile_bot_v2.launch.py\n'}
[12.641119] (basic_mobile_robot) StdoutLine: {'line': b'-- Installing: /home/sdp12/sdp-team-12/install/basic_mobile_robot/share/basic_mobile_robot/launch/basic_mobile_bot_v3.launch.py\n'}
[12.677439] (-) TimerEvent: {}
[12.686948] (basic_mobile_robot) StdoutLine: {'line': b'-- Installing: /home/sdp12/sdp-team-12/install/basic_mobile_robot/share/basic_mobile_robot/launch/basic_mobile_bot_v4.launch.py\n'}
[12.735373] (basic_mobile_robot) StdoutLine: {'line': b'-- Installing: /home/sdp12/sdp-team-12/install/basic_mobile_robot/share/basic_mobile_robot/launch/basic_mobile_bot_v5.launch.py\n'}
[12.778167] (-) TimerEvent: {}
[12.796624] (basic_mobile_robot) StdoutLine: {'line': b'-- Installing: /home/sdp12/sdp-team-12/install/basic_mobile_robot/share/basic_mobile_robot/maps\n'}
[12.850994] (basic_mobile_robot) StdoutLine: {'line': b'-- Installing: /home/sdp12/sdp-team-12/install/basic_mobile_robot/share/basic_mobile_robot/maps/smalltown_world.pgm\n'}
[12.883816] (-) TimerEvent: {}
[12.984950] (-) TimerEvent: {}
[13.086594] (-) TimerEvent: {}
[13.187647] (-) TimerEvent: {}
[13.289840] (-) TimerEvent: {}
[13.394293] (-) TimerEvent: {}
[13.496855] (-) TimerEvent: {}
[13.598243] (-) TimerEvent: {}
[13.699718] (-) TimerEvent: {}
[13.801792] (-) TimerEvent: {}
[13.902827] (-) TimerEvent: {}
[14.161586] (-) TimerEvent: {}
[14.248758] (basic_mobile_robot) StdoutLine: {'line': b'-- Installing: /home/sdp12/sdp-team-12/install/basic_mobile_robot/share/basic_mobile_robot/maps/smalltown_world.yaml\n'}
[14.268587] (-) TimerEvent: {}
[14.362983] (basic_mobile_robot) StdoutLine: {'line': b'-- Installing: /home/sdp12/sdp-team-12/install/basic_mobile_robot/share/basic_mobile_robot/models\n'}
[14.401356] (-) TimerEvent: {}
[14.407352] (basic_mobile_robot) StdoutLine: {'line': b'-- Installing: /home/sdp12/sdp-team-12/install/basic_mobile_robot/share/basic_mobile_robot/models/basic_mobile_bot_v1.urdf\n'}
[14.501967] (-) TimerEvent: {}
[14.566184] (basic_mobile_robot) StdoutLine: {'line': b'-- Installing: /home/sdp12/sdp-team-12/install/basic_mobile_robot/share/basic_mobile_robot/models/basic_mobile_bot_description\n'}
[14.759897] (-) TimerEvent: {}
[14.777407] (basic_mobile_robot) StdoutLine: {'line': b'-- Installing: /home/sdp12/sdp-team-12/install/basic_mobile_robot/share/basic_mobile_robot/models/basic_mobile_bot_description/model.config\n'}
[14.860319] (-) TimerEvent: {}
[14.870570] (basic_mobile_robot) StdoutLine: {'line': b'-- Installing: /home/sdp12/sdp-team-12/install/basic_mobile_robot/share/basic_mobile_robot/models/basic_mobile_bot_description/meshes\n'}
[14.921146] (basic_mobile_robot) StdoutLine: {'line': b'-- Installing: /home/sdp12/sdp-team-12/install/basic_mobile_robot/share/basic_mobile_robot/models/basic_mobile_bot_description/meshes/arm_base.stl\n'}
[14.961134] (-) TimerEvent: {}
[15.063106] (-) TimerEvent: {}
[15.096939] (basic_mobile_robot) StdoutLine: {'line': b'-- Installing: /home/sdp12/sdp-team-12/install/basic_mobile_robot/share/basic_mobile_robot/models/basic_mobile_bot_description/meshes/bicep.stl\n'}
[15.310717] (-) TimerEvent: {}
[15.414838] (-) TimerEvent: {}
[15.701918] (basic_mobile_robot) StdoutLine: {'line': b'-- Installing: /home/sdp12/sdp-team-12/install/basic_mobile_robot/share/basic_mobile_robot/models/basic_mobile_bot_description/meshes/elbow.stl\n'}
[15.728278] (-) TimerEvent: {}
[15.823739] (basic_mobile_robot) StdoutLine: {'line': b'-- Installing: /home/sdp12/sdp-team-12/install/basic_mobile_robot/share/basic_mobile_robot/models/basic_mobile_bot_description/meshes/robot_base.stl\n'}
[15.885514] (-) TimerEvent: {}
[15.988200] (-) TimerEvent: {}
[16.023522] (basic_mobile_robot) StdoutLine: {'line': b'-- Installing: /home/sdp12/sdp-team-12/install/basic_mobile_robot/share/basic_mobile_robot/models/basic_mobile_bot_description/meshes/wheel.stl\n'}
[16.089367] (-) TimerEvent: {}
[16.136025] (basic_mobile_robot) StdoutLine: {'line': b'-- Installing: /home/sdp12/sdp-team-12/install/basic_mobile_robot/share/basic_mobile_robot/models/basic_mobile_bot_description/meshes/wrist.stl\n'}
[16.191575] (-) TimerEvent: {}
[16.295215] (-) TimerEvent: {}
[16.378161] (basic_mobile_robot) StdoutLine: {'line': b'-- Installing: /home/sdp12/sdp-team-12/install/basic_mobile_robot/share/basic_mobile_robot/models/basic_mobile_bot_description/model.sdf\n'}
[16.395901] (-) TimerEvent: {}
[16.428059] (basic_mobile_robot) StdoutLine: {'line': b'-- Installing: /home/sdp12/sdp-team-12/install/basic_mobile_robot/share/basic_mobile_robot/models/basic_mobile_bot_v2.urdf\n'}
[16.496313] (-) TimerEvent: {}
[16.505106] (basic_mobile_robot) StdoutLine: {'line': b'-- Installing: /home/sdp12/sdp-team-12/install/basic_mobile_robot/share/basic_mobile_robot/params\n'}
[16.567083] (basic_mobile_robot) StdoutLine: {'line': b'-- Installing: /home/sdp12/sdp-team-12/install/basic_mobile_robot/share/basic_mobile_robot/params/nav2_params.yaml\n'}
[16.597127] (-) TimerEvent: {}
[16.644976] (basic_mobile_robot) StdoutLine: {'line': b'-- Installing: /home/sdp12/sdp-team-12/install/basic_mobile_robot/share/basic_mobile_robot/rviz\n'}
[16.682897] (basic_mobile_robot) StdoutLine: {'line': b'-- Installing: /home/sdp12/sdp-team-12/install/basic_mobile_robot/share/basic_mobile_robot/rviz/urdf_config.rviz\n'}
[16.720491] (-) TimerEvent: {}
[16.746785] (basic_mobile_robot) StdoutLine: {'line': b'-- Installing: /home/sdp12/sdp-team-12/install/basic_mobile_robot/share/basic_mobile_robot/rviz/nav2_config.rviz\n'}
[16.799773] (basic_mobile_robot) StdoutLine: {'line': b'-- Installing: /home/sdp12/sdp-team-12/install/basic_mobile_robot/share/basic_mobile_robot/src\n'}
[16.847172] (-) TimerEvent: {}
[16.851435] (basic_mobile_robot) StdoutLine: {'line': b'-- Installing: /home/sdp12/sdp-team-12/install/basic_mobile_robot/share/basic_mobile_robot/worlds\n'}
[16.897993] (basic_mobile_robot) StdoutLine: {'line': b'-- Installing: /home/sdp12/sdp-team-12/install/basic_mobile_robot/share/basic_mobile_robot/worlds/basic_mobile_bot_world\n'}
[16.962266] (-) TimerEvent: {}
[16.980534] (basic_mobile_robot) StdoutLine: {'line': b'-- Installing: /home/sdp12/sdp-team-12/install/basic_mobile_robot/share/basic_mobile_robot/worlds/basic_mobile_bot_world/smalltown.world\n'}
[17.241786] (-) TimerEvent: {}
[17.353109] (-) TimerEvent: {}
[17.622283] (-) TimerEvent: {}
[17.736552] (basic_mobile_robot) StdoutLine: {'line': b'-- Installing: /home/sdp12/sdp-team-12/install/basic_mobile_robot/share/ament_index/resource_index/package_run_dependencies/basic_mobile_robot\n'}
[17.745883] (-) TimerEvent: {}
[17.827381] (basic_mobile_robot) StdoutLine: {'line': b'-- Installing: /home/sdp12/sdp-team-12/install/basic_mobile_robot/share/ament_index/resource_index/parent_prefix_path/basic_mobile_robot\n'}
[17.846431] (-) TimerEvent: {}
[17.972365] (-) TimerEvent: {}
[17.973716] (basic_mobile_robot) StdoutLine: {'line': b'-- Installing: /home/sdp12/sdp-team-12/install/basic_mobile_robot/share/basic_mobile_robot/environment/ament_prefix_path.sh\n'}
[18.012819] (basic_mobile_robot) StdoutLine: {'line': b'-- Installing: /home/sdp12/sdp-team-12/install/basic_mobile_robot/share/basic_mobile_robot/environment/ament_prefix_path.dsv\n'}
[18.089679] (-) TimerEvent: {}
[18.144452] (basic_mobile_robot) StdoutLine: {'line': b'-- Installing: /home/sdp12/sdp-team-12/install/basic_mobile_robot/share/basic_mobile_robot/environment/path.sh\n'}
[18.190204] (-) TimerEvent: {}
[18.231615] (basic_mobile_robot) StdoutLine: {'line': b'-- Installing: /home/sdp12/sdp-team-12/install/basic_mobile_robot/share/basic_mobile_robot/environment/path.dsv\n'}
[18.288220] (basic_mobile_robot) StdoutLine: {'line': b'-- Installing: /home/sdp12/sdp-team-12/install/basic_mobile_robot/share/basic_mobile_robot/local_setup.bash\n'}
[18.294744] (-) TimerEvent: {}
[18.319778] (basic_mobile_robot) StdoutLine: {'line': b'-- Installing: /home/sdp12/sdp-team-12/install/basic_mobile_robot/share/basic_mobile_robot/local_setup.sh\n'}
[18.364693] (basic_mobile_robot) StdoutLine: {'line': b'-- Installing: /home/sdp12/sdp-team-12/install/basic_mobile_robot/share/basic_mobile_robot/local_setup.zsh\n'}
[18.395339] (-) TimerEvent: {}
[18.440338] (basic_mobile_robot) StdoutLine: {'line': b'-- Installing: /home/sdp12/sdp-team-12/install/basic_mobile_robot/share/basic_mobile_robot/local_setup.dsv\n'}
[18.502956] (-) TimerEvent: {}
[18.555298] (basic_mobile_robot) StdoutLine: {'line': b'-- Installing: /home/sdp12/sdp-team-12/install/basic_mobile_robot/share/basic_mobile_robot/package.dsv\n'}
[18.604943] (-) TimerEvent: {}
[18.706440] (basic_mobile_robot) StdoutLine: {'line': b'-- Installing: /home/sdp12/sdp-team-12/install/basic_mobile_robot/share/ament_index/resource_index/packages/basic_mobile_robot\n'}
[18.716605] (-) TimerEvent: {}
[18.798393] (basic_mobile_robot) StdoutLine: {'line': b'-- Installing: /home/sdp12/sdp-team-12/install/basic_mobile_robot/share/basic_mobile_robot/cmake/basic_mobile_robotConfig.cmake\n'}
[18.818780] (-) TimerEvent: {}
[18.830899] (basic_mobile_robot) StdoutLine: {'line': b'-- Installing: /home/sdp12/sdp-team-12/install/basic_mobile_robot/share/basic_mobile_robot/cmake/basic_mobile_robotConfig-version.cmake\n'}
[18.912243] (basic_mobile_robot) StdoutLine: {'line': b'-- Installing: /home/sdp12/sdp-team-12/install/basic_mobile_robot/share/basic_mobile_robot/package.xml\n'}
[18.921516] (-) TimerEvent: {}
[18.992084] (basic_mobile_robot) CommandEnded: {'returncode': 0}
[19.024302] (-) TimerEvent: {}
[19.127436] (-) TimerEvent: {}
[19.235440] (-) TimerEvent: {}
[19.380698] (-) TimerEvent: {}
[19.530933] (-) TimerEvent: {}
[19.636328] (-) TimerEvent: {}
[19.783153] (-) TimerEvent: {}
[19.885661] (-) TimerEvent: {}
[19.991038] (-) TimerEvent: {}
[20.092968] (-) TimerEvent: {}
[20.222873] (-) TimerEvent: {}
[20.263265] (basic_mobile_robot) JobEnded: {'identifier': 'basic_mobile_robot', 'rc': 0}
[20.370304] (-) TimerEvent: {}
[20.371098] (-) EventReactorShutdown: {}
