[0.603s] Invoking command in '/home/adam/Desktop/sdp-team-12/build/navigator': PYTHONPATH=/home/adam/Desktop/sdp-team-12/build/navigator/prefix_override:/home/adam/Desktop/sdp-team-12/install/navigator/lib/python3.10/site-packages:${PYTHONPATH} /usr/bin/python3 setup.py develop --editable --build-directory /home/adam/Desktop/sdp-team-12/build/navigator/build --no-deps install_data
[0.788s] running develop
[0.789s] /usr/lib/python3/dist-packages/setuptools/command/easy_install.py:158: EasyInstallDeprecationWarning: easy_install command is deprecated. Use build and pip and other standards-based tools.
[0.789s]   warnings.warn(
[0.790s] /usr/lib/python3/dist-packages/setuptools/command/install.py:34: SetuptoolsDeprecationWarning: setup.py install is deprecated. Use build and pip and other standards-based tools.
[0.790s]   warnings.warn(
[0.908s] running egg_info
[0.908s] creating navigator.egg-info
[0.908s] writing navigator.egg-info/PKG-INFO
[0.909s] writing dependency_links to navigator.egg-info/dependency_links.txt
[0.909s] writing entry points to navigator.egg-info/entry_points.txt
[0.909s] writing requirements to navigator.egg-info/requires.txt
[0.909s] writing top-level names to navigator.egg-info/top_level.txt
[0.909s] writing manifest file 'navigator.egg-info/SOURCES.txt'
[0.910s] reading manifest file 'navigator.egg-info/SOURCES.txt'
[0.911s] writing manifest file 'navigator.egg-info/SOURCES.txt'
[0.912s] running build_ext
[0.912s] Creating /home/adam/Desktop/sdp-team-12/install/navigator/lib/python3.10/site-packages/navigator.egg-link (link to .)
[0.912s] Installing keyboard script to /home/adam/Desktop/sdp-team-12/install/navigator/lib/navigator
[0.912s] Installing nav2pose script to /home/adam/Desktop/sdp-team-12/install/navigator/lib/navigator
[0.913s] 
[0.913s] Installed /home/adam/Desktop/sdp-team-12/build/navigator
[0.913s] running install_data
[0.913s] creating /home/adam/Desktop/sdp-team-12/install/navigator/share/ament_index
[0.913s] creating /home/adam/Desktop/sdp-team-12/install/navigator/share/ament_index/resource_index
[0.913s] creating /home/adam/Desktop/sdp-team-12/install/navigator/share/ament_index/resource_index/packages
[0.913s] copying resource/navigator -> /home/adam/Desktop/sdp-team-12/install/navigator/share/ament_index/resource_index/packages
[0.913s] copying package.xml -> /home/adam/Desktop/sdp-team-12/install/navigator/share/navigator
[0.939s] Invoked command in '/home/adam/Desktop/sdp-team-12/build/navigator' returned '0': PYTHONPATH=/home/adam/Desktop/sdp-team-12/build/navigator/prefix_override:/home/adam/Desktop/sdp-team-12/install/navigator/lib/python3.10/site-packages:${PYTHONPATH} /usr/bin/python3 setup.py develop --editable --build-directory /home/adam/Desktop/sdp-team-12/build/navigator/build --no-deps install_data
