[0.679s] DEBUG:colcon:Command line arguments: ['/usr/bin/colcon', 'build']
[0.679s] DEBUG:colcon:Parsed command line arguments: Namespace(log_base=None, log_level=None, verb_name='build', build_base='build', install_base='install', merge_install=False, symlink_install=False, test_result_base=None, continue_on_error=False, executor='parallel', parallel_workers=8, event_handlers=None, ignore_user_meta=False, metas=['./colcon.meta'], base_paths=['.'], packages_ignore=None, packages_ignore_regex=None, paths=None, packages_up_to=None, packages_up_to_regex=None, packages_above=None, packages_above_and_dependencies=None, packages_above_depth=None, packages_select_by_dep=None, packages_skip_by_dep=None, packages_skip_up_to=None, packages_select_build_failed=False, packages_skip_build_finished=False, packages_select_test_failures=False, packages_skip_test_passed=False, packages_select=None, packages_skip=None, packages_select_regex=None, packages_skip_regex=None, packages_start=None, packages_end=None, allow_overriding=[], cmake_args=None, cmake_target=None, cmake_target_skip_unavailable=False, cmake_clean_cache=False, cmake_clean_first=False, cmake_force_configure=False, ament_cmake_args=None, catkin_cmake_args=None, catkin_skip_building_tests=False, verb_parser=<colcon_defaults.argument_parser.defaults.DefaultArgumentsDecorator object at 0x7f124b47d360>, verb_extension=<colcon_core.verb.build.BuildVerb object at 0x7f124b4b5900>, main=<bound method BuildVerb.main of <colcon_core.verb.build.BuildVerb object at 0x7f124b4b5900>>)
[0.711s] Level 1:colcon.colcon_core.package_discovery:discover_packages(colcon_meta) check parameters
[0.711s] Level 1:colcon.colcon_core.package_discovery:discover_packages(recursive) check parameters
[0.711s] Level 1:colcon.colcon_core.package_discovery:discover_packages(ignore) check parameters
[0.711s] Level 1:colcon.colcon_core.package_discovery:discover_packages(path) check parameters
[0.711s] Level 1:colcon.colcon_core.package_discovery:discover_packages(colcon_meta) discover
[0.711s] Level 1:colcon.colcon_core.package_discovery:discover_packages(recursive) discover
[0.711s] INFO:colcon.colcon_core.package_discovery:Crawling recursively for packages in '/home/adam/Desktop/sdp-team-12'
[0.711s] Level 1:colcon.colcon_core.package_identification:_identify(.) by extensions ['ignore', 'ignore_ament_install']
[0.711s] Level 1:colcon.colcon_core.package_identification:_identify(.) by extension 'ignore'
[0.711s] Level 1:colcon.colcon_core.package_identification:_identify(.) by extension 'ignore_ament_install'
[0.711s] Level 1:colcon.colcon_core.package_identification:_identify(.) by extensions ['colcon_pkg']
[0.711s] Level 1:colcon.colcon_core.package_identification:_identify(.) by extension 'colcon_pkg'
[0.711s] Level 1:colcon.colcon_core.package_identification:_identify(.) by extensions ['colcon_meta']
[0.711s] Level 1:colcon.colcon_core.package_identification:_identify(.) by extension 'colcon_meta'
[0.711s] Level 1:colcon.colcon_core.package_identification:_identify(.) by extensions ['ros']
[0.711s] Level 1:colcon.colcon_core.package_identification:_identify(.) by extension 'ros'
[0.719s] Level 1:colcon.colcon_core.package_identification:_identify(.) by extensions ['cmake', 'python']
[0.719s] Level 1:colcon.colcon_core.package_identification:_identify(.) by extension 'cmake'
[0.719s] Level 1:colcon.colcon_core.package_identification:_identify(.) by extension 'python'
[0.719s] Level 1:colcon.colcon_core.package_identification:_identify(.) by extensions ['python_setup_py']
[0.719s] Level 1:colcon.colcon_core.package_identification:_identify(.) by extension 'python_setup_py'
[0.719s] Level 1:colcon.colcon_core.package_identification:_identify(basic_mobile_robot) by extensions ['ignore', 'ignore_ament_install']
[0.719s] Level 1:colcon.colcon_core.package_identification:_identify(basic_mobile_robot) by extension 'ignore'
[0.719s] Level 1:colcon.colcon_core.package_identification:_identify(basic_mobile_robot) by extension 'ignore_ament_install'
[0.719s] Level 1:colcon.colcon_core.package_identification:_identify(basic_mobile_robot) by extensions ['colcon_pkg']
[0.719s] Level 1:colcon.colcon_core.package_identification:_identify(basic_mobile_robot) by extension 'colcon_pkg'
[0.719s] Level 1:colcon.colcon_core.package_identification:_identify(basic_mobile_robot) by extensions ['colcon_meta']
[0.719s] Level 1:colcon.colcon_core.package_identification:_identify(basic_mobile_robot) by extension 'colcon_meta'
[0.719s] Level 1:colcon.colcon_core.package_identification:_identify(basic_mobile_robot) by extensions ['ros']
[0.719s] Level 1:colcon.colcon_core.package_identification:_identify(basic_mobile_robot) by extension 'ros'
[0.722s] DEBUG:colcon.colcon_core.package_identification:Package 'basic_mobile_robot' with type 'ros.ament_cmake' and name 'basic_mobile_robot'
[0.722s] Level 1:colcon.colcon_core.package_identification:_identify(build) by extensions ['ignore', 'ignore_ament_install']
[0.722s] Level 1:colcon.colcon_core.package_identification:_identify(build) by extension 'ignore'
[0.722s] Level 1:colcon.colcon_core.package_identification:_identify(build) ignored
[0.722s] Level 1:colcon.colcon_core.package_identification:_identify(calibration) by extensions ['ignore', 'ignore_ament_install']
[0.722s] Level 1:colcon.colcon_core.package_identification:_identify(calibration) by extension 'ignore'
[0.722s] Level 1:colcon.colcon_core.package_identification:_identify(calibration) by extension 'ignore_ament_install'
[0.722s] Level 1:colcon.colcon_core.package_identification:_identify(calibration) by extensions ['colcon_pkg']
[0.722s] Level 1:colcon.colcon_core.package_identification:_identify(calibration) by extension 'colcon_pkg'
[0.722s] Level 1:colcon.colcon_core.package_identification:_identify(calibration) by extensions ['colcon_meta']
[0.722s] Level 1:colcon.colcon_core.package_identification:_identify(calibration) by extension 'colcon_meta'
[0.722s] Level 1:colcon.colcon_core.package_identification:_identify(calibration) by extensions ['ros']
[0.722s] Level 1:colcon.colcon_core.package_identification:_identify(calibration) by extension 'ros'
[0.722s] Level 1:colcon.colcon_core.package_identification:_identify(calibration) by extensions ['cmake', 'python']
[0.722s] Level 1:colcon.colcon_core.package_identification:_identify(calibration) by extension 'cmake'
[0.722s] Level 1:colcon.colcon_core.package_identification:_identify(calibration) by extension 'python'
[0.722s] Level 1:colcon.colcon_core.package_identification:_identify(calibration) by extensions ['python_setup_py']
[0.722s] Level 1:colcon.colcon_core.package_identification:_identify(calibration) by extension 'python_setup_py'
[0.722s] Level 1:colcon.colcon_core.package_identification:_identify(install) by extensions ['ignore', 'ignore_ament_install']
[0.722s] Level 1:colcon.colcon_core.package_identification:_identify(install) by extension 'ignore'
[0.722s] Level 1:colcon.colcon_core.package_identification:_identify(install) ignored
[0.723s] Level 1:colcon.colcon_core.package_identification:_identify(log) by extensions ['ignore', 'ignore_ament_install']
[0.723s] Level 1:colcon.colcon_core.package_identification:_identify(log) by extension 'ignore'
[0.723s] Level 1:colcon.colcon_core.package_identification:_identify(log) ignored
[0.723s] Level 1:colcon.colcon_core.package_identification:_identify(navigator) by extensions ['ignore', 'ignore_ament_install']
[0.723s] Level 1:colcon.colcon_core.package_identification:_identify(navigator) by extension 'ignore'
[0.723s] Level 1:colcon.colcon_core.package_identification:_identify(navigator) by extension 'ignore_ament_install'
[0.723s] Level 1:colcon.colcon_core.package_identification:_identify(navigator) by extensions ['colcon_pkg']
[0.723s] Level 1:colcon.colcon_core.package_identification:_identify(navigator) by extension 'colcon_pkg'
[0.723s] Level 1:colcon.colcon_core.package_identification:_identify(navigator) by extensions ['colcon_meta']
[0.723s] Level 1:colcon.colcon_core.package_identification:_identify(navigator) by extension 'colcon_meta'
[0.723s] Level 1:colcon.colcon_core.package_identification:_identify(navigator) by extensions ['ros']
[0.723s] Level 1:colcon.colcon_core.package_identification:_identify(navigator) by extension 'ros'
[0.723s] DEBUG:colcon.colcon_core.package_identification:Package 'navigator' with type 'ros.ament_python' and name 'navigator'
[0.724s] Level 1:colcon.colcon_core.package_identification:_identify(py_img_stream) by extensions ['ignore', 'ignore_ament_install']
[0.724s] Level 1:colcon.colcon_core.package_identification:_identify(py_img_stream) by extension 'ignore'
[0.724s] Level 1:colcon.colcon_core.package_identification:_identify(py_img_stream) by extension 'ignore_ament_install'
[0.724s] Level 1:colcon.colcon_core.package_identification:_identify(py_img_stream) by extensions ['colcon_pkg']
[0.724s] Level 1:colcon.colcon_core.package_identification:_identify(py_img_stream) by extension 'colcon_pkg'
[0.724s] Level 1:colcon.colcon_core.package_identification:_identify(py_img_stream) by extensions ['colcon_meta']
[0.724s] Level 1:colcon.colcon_core.package_identification:_identify(py_img_stream) by extension 'colcon_meta'
[0.724s] Level 1:colcon.colcon_core.package_identification:_identify(py_img_stream) by extensions ['ros']
[0.724s] Level 1:colcon.colcon_core.package_identification:_identify(py_img_stream) by extension 'ros'
[0.724s] DEBUG:colcon.colcon_core.package_identification:Package 'py_img_stream' with type 'ros.ament_python' and name 'py_img_stream'
[0.724s] Level 1:colcon.colcon_core.package_identification:_identify(py_serial) by extensions ['ignore', 'ignore_ament_install']
[0.724s] Level 1:colcon.colcon_core.package_identification:_identify(py_serial) by extension 'ignore'
[0.724s] Level 1:colcon.colcon_core.package_identification:_identify(py_serial) by extension 'ignore_ament_install'
[0.724s] Level 1:colcon.colcon_core.package_identification:_identify(py_serial) by extensions ['colcon_pkg']
[0.724s] Level 1:colcon.colcon_core.package_identification:_identify(py_serial) by extension 'colcon_pkg'
[0.724s] Level 1:colcon.colcon_core.package_identification:_identify(py_serial) by extensions ['colcon_meta']
[0.724s] Level 1:colcon.colcon_core.package_identification:_identify(py_serial) by extension 'colcon_meta'
[0.724s] Level 1:colcon.colcon_core.package_identification:_identify(py_serial) by extensions ['ros']
[0.724s] Level 1:colcon.colcon_core.package_identification:_identify(py_serial) by extension 'ros'
[0.725s] DEBUG:colcon.colcon_core.package_identification:Package 'py_serial' with type 'ros.ament_python' and name 'py_serial'
[0.725s] Level 1:colcon.colcon_core.package_discovery:discover_packages(recursive) using defaults
[0.725s] Level 1:colcon.colcon_core.package_discovery:discover_packages(ignore) discover
[0.725s] Level 1:colcon.colcon_core.package_discovery:discover_packages(ignore) using defaults
[0.725s] Level 1:colcon.colcon_core.package_discovery:discover_packages(path) discover
[0.725s] Level 1:colcon.colcon_core.package_discovery:discover_packages(path) using defaults
[0.789s] Level 1:colcon.colcon_core.package_discovery:discover_packages(prefix_path) check parameters
[0.789s] Level 1:colcon.colcon_core.package_discovery:discover_packages(prefix_path) discover
[0.809s] DEBUG:colcon.colcon_installed_package_information.package_discovery:Found 4 installed packages in /home/adam/Desktop/sdp-team-12/install
[0.820s] DEBUG:colcon.colcon_installed_package_information.package_discovery:Found 455 installed packages in /opt/ros/humble
[0.831s] Level 1:colcon.colcon_core.package_discovery:discover_packages(prefix_path) using defaults
[0.905s] Level 5:colcon.colcon_core.verb:set package 'basic_mobile_robot' build argument 'cmake_args' from command line to 'None'
[0.905s] Level 5:colcon.colcon_core.verb:set package 'basic_mobile_robot' build argument 'cmake_target' from command line to 'None'
[0.905s] Level 5:colcon.colcon_core.verb:set package 'basic_mobile_robot' build argument 'cmake_target_skip_unavailable' from command line to 'False'
[0.905s] Level 5:colcon.colcon_core.verb:set package 'basic_mobile_robot' build argument 'cmake_clean_cache' from command line to 'False'
[0.905s] Level 5:colcon.colcon_core.verb:set package 'basic_mobile_robot' build argument 'cmake_clean_first' from command line to 'False'
[0.905s] Level 5:colcon.colcon_core.verb:set package 'basic_mobile_robot' build argument 'cmake_force_configure' from command line to 'False'
[0.905s] Level 5:colcon.colcon_core.verb:set package 'basic_mobile_robot' build argument 'ament_cmake_args' from command line to 'None'
[0.905s] Level 5:colcon.colcon_core.verb:set package 'basic_mobile_robot' build argument 'catkin_cmake_args' from command line to 'None'
[0.905s] Level 5:colcon.colcon_core.verb:set package 'basic_mobile_robot' build argument 'catkin_skip_building_tests' from command line to 'False'
[0.905s] DEBUG:colcon.colcon_core.verb:Building package 'basic_mobile_robot' with the following arguments: {'ament_cmake_args': None, 'build_base': '/home/adam/Desktop/sdp-team-12/build/basic_mobile_robot', 'catkin_cmake_args': None, 'catkin_skip_building_tests': False, 'cmake_args': None, 'cmake_clean_cache': False, 'cmake_clean_first': False, 'cmake_force_configure': False, 'cmake_target': None, 'cmake_target_skip_unavailable': False, 'install_base': '/home/adam/Desktop/sdp-team-12/install/basic_mobile_robot', 'merge_install': False, 'path': '/home/adam/Desktop/sdp-team-12/basic_mobile_robot', 'symlink_install': False, 'test_result_base': None}
[0.916s] Level 5:colcon.colcon_core.verb:set package 'navigator' build argument 'cmake_args' from command line to 'None'
[0.916s] Level 5:colcon.colcon_core.verb:set package 'navigator' build argument 'cmake_target' from command line to 'None'
[0.916s] Level 5:colcon.colcon_core.verb:set package 'navigator' build argument 'cmake_target_skip_unavailable' from command line to 'False'
[0.916s] Level 5:colcon.colcon_core.verb:set package 'navigator' build argument 'cmake_clean_cache' from command line to 'False'
[0.916s] Level 5:colcon.colcon_core.verb:set package 'navigator' build argument 'cmake_clean_first' from command line to 'False'
[0.916s] Level 5:colcon.colcon_core.verb:set package 'navigator' build argument 'cmake_force_configure' from command line to 'False'
[0.916s] Level 5:colcon.colcon_core.verb:set package 'navigator' build argument 'ament_cmake_args' from command line to 'None'
[0.916s] Level 5:colcon.colcon_core.verb:set package 'navigator' build argument 'catkin_cmake_args' from command line to 'None'
[0.916s] Level 5:colcon.colcon_core.verb:set package 'navigator' build argument 'catkin_skip_building_tests' from command line to 'False'
[0.916s] DEBUG:colcon.colcon_core.verb:Building package 'navigator' with the following arguments: {'ament_cmake_args': None, 'build_base': '/home/adam/Desktop/sdp-team-12/build/navigator', 'catkin_cmake_args': None, 'catkin_skip_building_tests': False, 'cmake_args': None, 'cmake_clean_cache': False, 'cmake_clean_first': False, 'cmake_force_configure': False, 'cmake_target': None, 'cmake_target_skip_unavailable': False, 'install_base': '/home/adam/Desktop/sdp-team-12/install/navigator', 'merge_install': False, 'path': '/home/adam/Desktop/sdp-team-12/navigator', 'symlink_install': False, 'test_result_base': None}
[0.926s] Level 5:colcon.colcon_core.verb:set package 'py_img_stream' build argument 'cmake_args' from command line to 'None'
[0.926s] Level 5:colcon.colcon_core.verb:set package 'py_img_stream' build argument 'cmake_target' from command line to 'None'
[0.926s] Level 5:colcon.colcon_core.verb:set package 'py_img_stream' build argument 'cmake_target_skip_unavailable' from command line to 'False'
[0.926s] Level 5:colcon.colcon_core.verb:set package 'py_img_stream' build argument 'cmake_clean_cache' from command line to 'False'
[0.926s] Level 5:colcon.colcon_core.verb:set package 'py_img_stream' build argument 'cmake_clean_first' from command line to 'False'
[0.926s] Level 5:colcon.colcon_core.verb:set package 'py_img_stream' build argument 'cmake_force_configure' from command line to 'False'
[0.926s] Level 5:colcon.colcon_core.verb:set package 'py_img_stream' build argument 'ament_cmake_args' from command line to 'None'
[0.926s] Level 5:colcon.colcon_core.verb:set package 'py_img_stream' build argument 'catkin_cmake_args' from command line to 'None'
[0.926s] Level 5:colcon.colcon_core.verb:set package 'py_img_stream' build argument 'catkin_skip_building_tests' from command line to 'False'
[0.926s] DEBUG:colcon.colcon_core.verb:Building package 'py_img_stream' with the following arguments: {'ament_cmake_args': None, 'build_base': '/home/adam/Desktop/sdp-team-12/build/py_img_stream', 'catkin_cmake_args': None, 'catkin_skip_building_tests': False, 'cmake_args': None, 'cmake_clean_cache': False, 'cmake_clean_first': False, 'cmake_force_configure': False, 'cmake_target': None, 'cmake_target_skip_unavailable': False, 'install_base': '/home/adam/Desktop/sdp-team-12/install/py_img_stream', 'merge_install': False, 'path': '/home/adam/Desktop/sdp-team-12/py_img_stream', 'symlink_install': False, 'test_result_base': None}
[0.936s] Level 5:colcon.colcon_core.verb:set package 'py_serial' build argument 'cmake_args' from command line to 'None'
[0.936s] Level 5:colcon.colcon_core.verb:set package 'py_serial' build argument 'cmake_target' from command line to 'None'
[0.936s] Level 5:colcon.colcon_core.verb:set package 'py_serial' build argument 'cmake_target_skip_unavailable' from command line to 'False'
[0.936s] Level 5:colcon.colcon_core.verb:set package 'py_serial' build argument 'cmake_clean_cache' from command line to 'False'
[0.936s] Level 5:colcon.colcon_core.verb:set package 'py_serial' build argument 'cmake_clean_first' from command line to 'False'
[0.936s] Level 5:colcon.colcon_core.verb:set package 'py_serial' build argument 'cmake_force_configure' from command line to 'False'
[0.936s] Level 5:colcon.colcon_core.verb:set package 'py_serial' build argument 'ament_cmake_args' from command line to 'None'
[0.936s] Level 5:colcon.colcon_core.verb:set package 'py_serial' build argument 'catkin_cmake_args' from command line to 'None'
[0.936s] Level 5:colcon.colcon_core.verb:set package 'py_serial' build argument 'catkin_skip_building_tests' from command line to 'False'
[0.936s] DEBUG:colcon.colcon_core.verb:Building package 'py_serial' with the following arguments: {'ament_cmake_args': None, 'build_base': '/home/adam/Desktop/sdp-team-12/build/py_serial', 'catkin_cmake_args': None, 'catkin_skip_building_tests': False, 'cmake_args': None, 'cmake_clean_cache': False, 'cmake_clean_first': False, 'cmake_force_configure': False, 'cmake_target': None, 'cmake_target_skip_unavailable': False, 'install_base': '/home/adam/Desktop/sdp-team-12/install/py_serial', 'merge_install': False, 'path': '/home/adam/Desktop/sdp-team-12/py_serial', 'symlink_install': False, 'test_result_base': None}
[0.946s] INFO:colcon.colcon_core.executor:Executing jobs using 'parallel' executor
[0.956s] DEBUG:colcon.colcon_parallel_executor.executor.parallel:run_until_complete
[0.957s] INFO:colcon.colcon_ros.task.ament_cmake.build:Building ROS package in '/home/adam/Desktop/sdp-team-12/basic_mobile_robot' with build type 'ament_cmake'
[0.957s] INFO:colcon.colcon_cmake.task.cmake.build:Building CMake package in '/home/adam/Desktop/sdp-team-12/basic_mobile_robot'
[0.969s] INFO:colcon.colcon_core.plugin_system:Skipping extension 'colcon_core.shell.bat': Not used on non-Windows systems
[0.969s] INFO:colcon.colcon_core.shell:Skip shell extension 'powershell' for command environment: Not usable outside of PowerShell
[0.969s] DEBUG:colcon.colcon_core.shell:Skip shell extension 'dsv' for command environment
[1.002s] INFO:colcon.colcon_ros.task.ament_python.build:Building ROS package in '/home/adam/Desktop/sdp-team-12/navigator' with build type 'ament_python'
[1.002s] Level 1:colcon.colcon_core.shell:create_environment_hook('navigator', 'ament_prefix_path')
[1.013s] INFO:colcon.colcon_core.shell:Creating environment hook '/home/adam/Desktop/sdp-team-12/install/navigator/share/navigator/hook/ament_prefix_path.ps1'
[1.013s] INFO:colcon.colcon_core.shell:Creating environment descriptor '/home/adam/Desktop/sdp-team-12/install/navigator/share/navigator/hook/ament_prefix_path.dsv'
[1.014s] INFO:colcon.colcon_core.shell:Creating environment hook '/home/adam/Desktop/sdp-team-12/install/navigator/share/navigator/hook/ament_prefix_path.sh'
[1.026s] INFO:colcon.colcon_core.shell:Skip shell extension 'powershell' for command environment: Not usable outside of PowerShell
[1.026s] DEBUG:colcon.colcon_core.shell:Skip shell extension 'dsv' for command environment
[1.058s] INFO:colcon.colcon_ros.task.ament_python.build:Building ROS package in '/home/adam/Desktop/sdp-team-12/py_img_stream' with build type 'ament_python'
[1.058s] Level 1:colcon.colcon_core.shell:create_environment_hook('py_img_stream', 'ament_prefix_path')
[1.069s] INFO:colcon.colcon_core.shell:Creating environment hook '/home/adam/Desktop/sdp-team-12/install/py_img_stream/share/py_img_stream/hook/ament_prefix_path.ps1'
[1.069s] INFO:colcon.colcon_core.shell:Creating environment descriptor '/home/adam/Desktop/sdp-team-12/install/py_img_stream/share/py_img_stream/hook/ament_prefix_path.dsv'
[1.070s] INFO:colcon.colcon_core.shell:Creating environment hook '/home/adam/Desktop/sdp-team-12/install/py_img_stream/share/py_img_stream/hook/ament_prefix_path.sh'
[1.080s] INFO:colcon.colcon_core.shell:Skip shell extension 'powershell' for command environment: Not usable outside of PowerShell
[1.080s] DEBUG:colcon.colcon_core.shell:Skip shell extension 'dsv' for command environment
[1.113s] INFO:colcon.colcon_ros.task.ament_python.build:Building ROS package in '/home/adam/Desktop/sdp-team-12/py_serial' with build type 'ament_python'
[1.113s] Level 1:colcon.colcon_core.shell:create_environment_hook('py_serial', 'ament_prefix_path')
[1.124s] INFO:colcon.colcon_core.shell:Creating environment hook '/home/adam/Desktop/sdp-team-12/install/py_serial/share/py_serial/hook/ament_prefix_path.ps1'
[1.125s] INFO:colcon.colcon_core.shell:Creating environment descriptor '/home/adam/Desktop/sdp-team-12/install/py_serial/share/py_serial/hook/ament_prefix_path.dsv'
[1.125s] INFO:colcon.colcon_core.shell:Creating environment hook '/home/adam/Desktop/sdp-team-12/install/py_serial/share/py_serial/hook/ament_prefix_path.sh'
[1.136s] INFO:colcon.colcon_core.shell:Skip shell extension 'powershell' for command environment: Not usable outside of PowerShell
[1.136s] DEBUG:colcon.colcon_core.shell:Skip shell extension 'dsv' for command environment
[1.172s] DEBUG:colcon.colcon_core.event_handler.log_command:Invoking command in '/home/adam/Desktop/sdp-team-12/build/basic_mobile_robot': CMAKE_PREFIX_PATH=${CMAKE_PREFIX_PATH}:/home/adam/Desktop/sdp-team-12/install/py_serial:/home/adam/Desktop/sdp-team-12/install/py_img_stream:/home/adam/Desktop/sdp-team-12/install/navigator:/opt/ros/humble /usr/bin/cmake --build /home/adam/Desktop/sdp-team-12/build/basic_mobile_robot -- -j8 -l8
[1.353s] INFO:colcon.colcon_core.task.python.build:Building Python package in '/home/adam/Desktop/sdp-team-12/navigator'
[1.364s] INFO:colcon.colcon_core.shell:Skip shell extension 'powershell' for command environment: Not usable outside of PowerShell
[1.364s] DEBUG:colcon.colcon_core.shell:Skip shell extension 'dsv' for command environment
[1.571s] INFO:colcon.colcon_core.task.python.build:Building Python package in '/home/adam/Desktop/sdp-team-12/py_img_stream'
[1.581s] INFO:colcon.colcon_core.shell:Skip shell extension 'powershell' for command environment: Not usable outside of PowerShell
[1.581s] DEBUG:colcon.colcon_core.shell:Skip shell extension 'dsv' for command environment
[1.793s] INFO:colcon.colcon_core.task.python.build:Building Python package in '/home/adam/Desktop/sdp-team-12/py_serial'
[1.804s] INFO:colcon.colcon_core.shell:Skip shell extension 'powershell' for command environment: Not usable outside of PowerShell
[1.804s] DEBUG:colcon.colcon_core.shell:Skip shell extension 'dsv' for command environment
[1.836s] DEBUG:colcon.colcon_core.event_handler.log_command:Invoked command in '/home/adam/Desktop/sdp-team-12/build/basic_mobile_robot' returned '0': CMAKE_PREFIX_PATH=${CMAKE_PREFIX_PATH}:/home/adam/Desktop/sdp-team-12/install/py_serial:/home/adam/Desktop/sdp-team-12/install/py_img_stream:/home/adam/Desktop/sdp-team-12/install/navigator:/opt/ros/humble /usr/bin/cmake --build /home/adam/Desktop/sdp-team-12/build/basic_mobile_robot -- -j8 -l8
[1.861s] DEBUG:colcon.colcon_core.event_handler.log_command:Invoking command in '/home/adam/Desktop/sdp-team-12/build/basic_mobile_robot': CMAKE_PREFIX_PATH=${CMAKE_PREFIX_PATH}:/home/adam/Desktop/sdp-team-12/install/py_serial:/home/adam/Desktop/sdp-team-12/install/py_img_stream:/home/adam/Desktop/sdp-team-12/install/navigator:/opt/ros/humble /usr/bin/cmake --install /home/adam/Desktop/sdp-team-12/build/basic_mobile_robot
[1.870s] Level 1:colcon.colcon_core.environment:create_environment_scripts_only(basic_mobile_robot)
[1.882s] DEBUG:colcon.colcon_core.event_handler.log_command:Invoked command in '/home/adam/Desktop/sdp-team-12/build/basic_mobile_robot' returned '0': CMAKE_PREFIX_PATH=${CMAKE_PREFIX_PATH}:/home/adam/Desktop/sdp-team-12/install/py_serial:/home/adam/Desktop/sdp-team-12/install/py_img_stream:/home/adam/Desktop/sdp-team-12/install/navigator:/opt/ros/humble /usr/bin/cmake --install /home/adam/Desktop/sdp-team-12/build/basic_mobile_robot
[1.890s] Level 1:colcon.colcon_core.environment:checking '/home/adam/Desktop/sdp-team-12/install/basic_mobile_robot' for CMake module files
[1.890s] Level 1:colcon.colcon_core.environment:checking '/home/adam/Desktop/sdp-team-12/install/basic_mobile_robot' for CMake config files
[1.890s] Level 1:colcon.colcon_core.shell:create_environment_hook('basic_mobile_robot', 'cmake_prefix_path')
[1.902s] INFO:colcon.colcon_core.shell:Creating environment hook '/home/adam/Desktop/sdp-team-12/install/basic_mobile_robot/share/basic_mobile_robot/hook/cmake_prefix_path.ps1'
[1.903s] INFO:colcon.colcon_core.shell:Creating environment descriptor '/home/adam/Desktop/sdp-team-12/install/basic_mobile_robot/share/basic_mobile_robot/hook/cmake_prefix_path.dsv'
[1.903s] INFO:colcon.colcon_core.shell:Creating environment hook '/home/adam/Desktop/sdp-team-12/install/basic_mobile_robot/share/basic_mobile_robot/hook/cmake_prefix_path.sh'
[1.904s] Level 1:colcon.colcon_core.environment:checking '/home/adam/Desktop/sdp-team-12/install/basic_mobile_robot/lib'
[1.904s] Level 1:colcon.colcon_core.environment:checking '/home/adam/Desktop/sdp-team-12/install/basic_mobile_robot/bin'
[1.904s] Level 1:colcon.colcon_core.environment:checking '/home/adam/Desktop/sdp-team-12/install/basic_mobile_robot/lib/pkgconfig/basic_mobile_robot.pc'
[1.904s] Level 1:colcon.colcon_core.environment:checking '/home/adam/Desktop/sdp-team-12/install/basic_mobile_robot/lib/python3.10/site-packages'
[1.904s] Level 1:colcon.colcon_core.environment:checking '/home/adam/Desktop/sdp-team-12/install/basic_mobile_robot/bin'
[1.916s] INFO:colcon.colcon_core.shell:Creating package script '/home/adam/Desktop/sdp-team-12/install/basic_mobile_robot/share/basic_mobile_robot/package.ps1'
[1.917s] INFO:colcon.colcon_core.shell:Creating package descriptor '/home/adam/Desktop/sdp-team-12/install/basic_mobile_robot/share/basic_mobile_robot/package.dsv'
[1.917s] INFO:colcon.colcon_core.shell:Creating package script '/home/adam/Desktop/sdp-team-12/install/basic_mobile_robot/share/basic_mobile_robot/package.sh'
[1.918s] INFO:colcon.colcon_core.shell:Creating package script '/home/adam/Desktop/sdp-team-12/install/basic_mobile_robot/share/basic_mobile_robot/package.bash'
[1.918s] INFO:colcon.colcon_core.shell:Creating package script '/home/adam/Desktop/sdp-team-12/install/basic_mobile_robot/share/basic_mobile_robot/package.zsh'
[1.919s] Level 1:colcon.colcon_core.environment:create_file_with_runtime_dependencies(/home/adam/Desktop/sdp-team-12/install/basic_mobile_robot/share/colcon-core/packages/basic_mobile_robot)
[1.948s] Level 1:colcon.colcon_core.environment:create_environment_scripts_only(basic_mobile_robot)
[1.960s] Level 1:colcon.colcon_core.environment:checking '/home/adam/Desktop/sdp-team-12/install/basic_mobile_robot' for CMake module files
[1.960s] Level 1:colcon.colcon_core.environment:checking '/home/adam/Desktop/sdp-team-12/install/basic_mobile_robot' for CMake config files
[1.961s] Level 1:colcon.colcon_core.shell:create_environment_hook('basic_mobile_robot', 'cmake_prefix_path')
[1.972s] INFO:colcon.colcon_core.shell:Creating environment hook '/home/adam/Desktop/sdp-team-12/install/basic_mobile_robot/share/basic_mobile_robot/hook/cmake_prefix_path.ps1'
[1.972s] INFO:colcon.colcon_core.shell:Creating environment descriptor '/home/adam/Desktop/sdp-team-12/install/basic_mobile_robot/share/basic_mobile_robot/hook/cmake_prefix_path.dsv'
[1.973s] INFO:colcon.colcon_core.shell:Creating environment hook '/home/adam/Desktop/sdp-team-12/install/basic_mobile_robot/share/basic_mobile_robot/hook/cmake_prefix_path.sh'
[1.973s] Level 1:colcon.colcon_core.environment:checking '/home/adam/Desktop/sdp-team-12/install/basic_mobile_robot/lib'
[1.973s] Level 1:colcon.colcon_core.environment:checking '/home/adam/Desktop/sdp-team-12/install/basic_mobile_robot/bin'
[1.973s] Level 1:colcon.colcon_core.environment:checking '/home/adam/Desktop/sdp-team-12/install/basic_mobile_robot/lib/pkgconfig/basic_mobile_robot.pc'
[1.973s] Level 1:colcon.colcon_core.environment:checking '/home/adam/Desktop/sdp-team-12/install/basic_mobile_robot/lib/python3.10/site-packages'
[1.973s] Level 1:colcon.colcon_core.environment:checking '/home/adam/Desktop/sdp-team-12/install/basic_mobile_robot/bin'
[1.985s] INFO:colcon.colcon_core.shell:Creating package script '/home/adam/Desktop/sdp-team-12/install/basic_mobile_robot/share/basic_mobile_robot/package.ps1'
[1.985s] INFO:colcon.colcon_core.shell:Creating package descriptor '/home/adam/Desktop/sdp-team-12/install/basic_mobile_robot/share/basic_mobile_robot/package.dsv'
[1.986s] INFO:colcon.colcon_core.shell:Creating package script '/home/adam/Desktop/sdp-team-12/install/basic_mobile_robot/share/basic_mobile_robot/package.sh'
[1.986s] INFO:colcon.colcon_core.shell:Creating package script '/home/adam/Desktop/sdp-team-12/install/basic_mobile_robot/share/basic_mobile_robot/package.bash'
[1.986s] INFO:colcon.colcon_core.shell:Creating package script '/home/adam/Desktop/sdp-team-12/install/basic_mobile_robot/share/basic_mobile_robot/package.zsh'
[1.986s] Level 1:colcon.colcon_core.environment:create_file_with_runtime_dependencies(/home/adam/Desktop/sdp-team-12/install/basic_mobile_robot/share/colcon-core/packages/basic_mobile_robot)
[2.133s] DEBUG:colcon.colcon_core.event_handler.log_command:Invoking command in '/home/adam/Desktop/sdp-team-12/py_serial': PYTHONPATH=/home/adam/Desktop/sdp-team-12/build/py_serial/prefix_override:/home/adam/Desktop/sdp-team-12/install/py_serial/lib/python3.10/site-packages:${PYTHONPATH} /usr/bin/python3 setup.py egg_info --egg-base ../build/py_serial build --build-base /home/adam/Desktop/sdp-team-12/build/py_serial/build install --record /home/adam/Desktop/sdp-team-12/build/py_serial/install.log --single-version-externally-managed
[2.141s] DEBUG:colcon.colcon_core.event_handler.log_command:Invoking command in '/home/adam/Desktop/sdp-team-12/navigator': PYTHONPATH=/home/adam/Desktop/sdp-team-12/build/navigator/prefix_override:/home/adam/Desktop/sdp-team-12/install/navigator/lib/python3.10/site-packages:${PYTHONPATH} /usr/bin/python3 setup.py egg_info --egg-base ../build/navigator build --build-base /home/adam/Desktop/sdp-team-12/build/navigator/build install --record /home/adam/Desktop/sdp-team-12/build/navigator/install.log --single-version-externally-managed
[2.144s] DEBUG:colcon.colcon_core.event_handler.log_command:Invoking command in '/home/adam/Desktop/sdp-team-12/py_img_stream': PYTHONPATH=/home/adam/Desktop/sdp-team-12/build/py_img_stream/prefix_override:/home/adam/Desktop/sdp-team-12/install/py_img_stream/lib/python3.10/site-packages:${PYTHONPATH} /usr/bin/python3 setup.py egg_info --egg-base ../build/py_img_stream build --build-base /home/adam/Desktop/sdp-team-12/build/py_img_stream/build install --record /home/adam/Desktop/sdp-team-12/build/py_img_stream/install.log --single-version-externally-managed
[2.364s] DEBUG:colcon.colcon_core.event_handler.log_command:Invoked command in '/home/adam/Desktop/sdp-team-12/py_serial' returned '0': PYTHONPATH=/home/adam/Desktop/sdp-team-12/build/py_serial/prefix_override:/home/adam/Desktop/sdp-team-12/install/py_serial/lib/python3.10/site-packages:${PYTHONPATH} /usr/bin/python3 setup.py egg_info --egg-base ../build/py_serial build --build-base /home/adam/Desktop/sdp-team-12/build/py_serial/build install --record /home/adam/Desktop/sdp-team-12/build/py_serial/install.log --single-version-externally-managed
[2.381s] Level 1:colcon.colcon_core.environment:checking '/home/adam/Desktop/sdp-team-12/install/py_serial' for CMake module files
[2.382s] Level 1:colcon.colcon_core.environment:checking '/home/adam/Desktop/sdp-team-12/install/py_serial' for CMake config files
[2.382s] Level 1:colcon.colcon_core.environment:checking '/home/adam/Desktop/sdp-team-12/install/py_serial/lib'
[2.382s] Level 1:colcon.colcon_core.environment:checking '/home/adam/Desktop/sdp-team-12/install/py_serial/bin'
[2.382s] Level 1:colcon.colcon_core.environment:checking '/home/adam/Desktop/sdp-team-12/install/py_serial/lib/pkgconfig/py_serial.pc'
[2.382s] Level 1:colcon.colcon_core.environment:checking '/home/adam/Desktop/sdp-team-12/install/py_serial/lib/python3.10/site-packages'
[2.382s] Level 1:colcon.colcon_core.shell:create_environment_hook('py_serial', 'pythonpath')
[2.393s] INFO:colcon.colcon_core.shell:Creating environment hook '/home/adam/Desktop/sdp-team-12/install/py_serial/share/py_serial/hook/pythonpath.ps1'
[2.394s] INFO:colcon.colcon_core.shell:Creating environment descriptor '/home/adam/Desktop/sdp-team-12/install/py_serial/share/py_serial/hook/pythonpath.dsv'
[2.394s] INFO:colcon.colcon_core.shell:Creating environment hook '/home/adam/Desktop/sdp-team-12/install/py_serial/share/py_serial/hook/pythonpath.sh'
[2.394s] Level 1:colcon.colcon_core.environment:checking '/home/adam/Desktop/sdp-team-12/install/py_serial/bin'
[2.394s] Level 1:colcon.colcon_core.environment:create_environment_scripts_only(py_serial)
[2.415s] INFO:colcon.colcon_core.shell:Creating package script '/home/adam/Desktop/sdp-team-12/install/py_serial/share/py_serial/package.ps1'
[2.415s] INFO:colcon.colcon_core.shell:Creating package descriptor '/home/adam/Desktop/sdp-team-12/install/py_serial/share/py_serial/package.dsv'
[2.416s] INFO:colcon.colcon_core.shell:Creating package script '/home/adam/Desktop/sdp-team-12/install/py_serial/share/py_serial/package.sh'
[2.416s] INFO:colcon.colcon_core.shell:Creating package script '/home/adam/Desktop/sdp-team-12/install/py_serial/share/py_serial/package.bash'
[2.416s] INFO:colcon.colcon_core.shell:Creating package script '/home/adam/Desktop/sdp-team-12/install/py_serial/share/py_serial/package.zsh'
[2.416s] Level 1:colcon.colcon_core.environment:create_file_with_runtime_dependencies(/home/adam/Desktop/sdp-team-12/install/py_serial/share/colcon-core/packages/py_serial)
[2.418s] DEBUG:colcon.colcon_core.event_handler.log_command:Invoked command in '/home/adam/Desktop/sdp-team-12/navigator' returned '0': PYTHONPATH=/home/adam/Desktop/sdp-team-12/build/navigator/prefix_override:/home/adam/Desktop/sdp-team-12/install/navigator/lib/python3.10/site-packages:${PYTHONPATH} /usr/bin/python3 setup.py egg_info --egg-base ../build/navigator build --build-base /home/adam/Desktop/sdp-team-12/build/navigator/build install --record /home/adam/Desktop/sdp-team-12/build/navigator/install.log --single-version-externally-managed
[2.429s] Level 1:colcon.colcon_core.environment:checking '/home/adam/Desktop/sdp-team-12/install/navigator' for CMake module files
[2.429s] Level 1:colcon.colcon_core.environment:checking '/home/adam/Desktop/sdp-team-12/install/navigator' for CMake config files
[2.429s] Level 1:colcon.colcon_core.environment:checking '/home/adam/Desktop/sdp-team-12/install/navigator/lib'
[2.430s] Level 1:colcon.colcon_core.environment:checking '/home/adam/Desktop/sdp-team-12/install/navigator/bin'
[2.430s] Level 1:colcon.colcon_core.environment:checking '/home/adam/Desktop/sdp-team-12/install/navigator/lib/pkgconfig/navigator.pc'
[2.430s] Level 1:colcon.colcon_core.environment:checking '/home/adam/Desktop/sdp-team-12/install/navigator/lib/python3.10/site-packages'
[2.430s] Level 1:colcon.colcon_core.shell:create_environment_hook('navigator', 'pythonpath')
[2.440s] INFO:colcon.colcon_core.shell:Creating environment hook '/home/adam/Desktop/sdp-team-12/install/navigator/share/navigator/hook/pythonpath.ps1'
[2.441s] INFO:colcon.colcon_core.shell:Creating environment descriptor '/home/adam/Desktop/sdp-team-12/install/navigator/share/navigator/hook/pythonpath.dsv'
[2.441s] INFO:colcon.colcon_core.shell:Creating environment hook '/home/adam/Desktop/sdp-team-12/install/navigator/share/navigator/hook/pythonpath.sh'
[2.441s] Level 1:colcon.colcon_core.environment:checking '/home/adam/Desktop/sdp-team-12/install/navigator/bin'
[2.441s] Level 1:colcon.colcon_core.environment:create_environment_scripts_only(navigator)
[2.452s] INFO:colcon.colcon_core.shell:Creating package script '/home/adam/Desktop/sdp-team-12/install/navigator/share/navigator/package.ps1'
[2.453s] INFO:colcon.colcon_core.shell:Creating package descriptor '/home/adam/Desktop/sdp-team-12/install/navigator/share/navigator/package.dsv'
[2.453s] INFO:colcon.colcon_core.shell:Creating package script '/home/adam/Desktop/sdp-team-12/install/navigator/share/navigator/package.sh'
[2.453s] INFO:colcon.colcon_core.shell:Creating package script '/home/adam/Desktop/sdp-team-12/install/navigator/share/navigator/package.bash'
[2.454s] INFO:colcon.colcon_core.shell:Creating package script '/home/adam/Desktop/sdp-team-12/install/navigator/share/navigator/package.zsh'
[2.454s] Level 1:colcon.colcon_core.environment:create_file_with_runtime_dependencies(/home/adam/Desktop/sdp-team-12/install/navigator/share/colcon-core/packages/navigator)
[2.455s] DEBUG:colcon.colcon_core.event_handler.log_command:Invoked command in '/home/adam/Desktop/sdp-team-12/py_img_stream' returned '0': PYTHONPATH=/home/adam/Desktop/sdp-team-12/build/py_img_stream/prefix_override:/home/adam/Desktop/sdp-team-12/install/py_img_stream/lib/python3.10/site-packages:${PYTHONPATH} /usr/bin/python3 setup.py egg_info --egg-base ../build/py_img_stream build --build-base /home/adam/Desktop/sdp-team-12/build/py_img_stream/build install --record /home/adam/Desktop/sdp-team-12/build/py_img_stream/install.log --single-version-externally-managed
[2.465s] Level 1:colcon.colcon_core.environment:checking '/home/adam/Desktop/sdp-team-12/install/py_img_stream' for CMake module files
[2.466s] Level 1:colcon.colcon_core.environment:checking '/home/adam/Desktop/sdp-team-12/install/py_img_stream' for CMake config files
[2.466s] Level 1:colcon.colcon_core.environment:checking '/home/adam/Desktop/sdp-team-12/install/py_img_stream/lib'
[2.466s] Level 1:colcon.colcon_core.environment:checking '/home/adam/Desktop/sdp-team-12/install/py_img_stream/bin'
[2.466s] Level 1:colcon.colcon_core.environment:checking '/home/adam/Desktop/sdp-team-12/install/py_img_stream/lib/pkgconfig/py_img_stream.pc'
[2.466s] Level 1:colcon.colcon_core.environment:checking '/home/adam/Desktop/sdp-team-12/install/py_img_stream/lib/python3.10/site-packages'
[2.466s] Level 1:colcon.colcon_core.shell:create_environment_hook('py_img_stream', 'pythonpath')
[2.477s] INFO:colcon.colcon_core.shell:Creating environment hook '/home/adam/Desktop/sdp-team-12/install/py_img_stream/share/py_img_stream/hook/pythonpath.ps1'
[2.477s] INFO:colcon.colcon_core.shell:Creating environment descriptor '/home/adam/Desktop/sdp-team-12/install/py_img_stream/share/py_img_stream/hook/pythonpath.dsv'
[2.478s] INFO:colcon.colcon_core.shell:Creating environment hook '/home/adam/Desktop/sdp-team-12/install/py_img_stream/share/py_img_stream/hook/pythonpath.sh'
[2.478s] Level 1:colcon.colcon_core.environment:checking '/home/adam/Desktop/sdp-team-12/install/py_img_stream/bin'
[2.478s] Level 1:colcon.colcon_core.environment:create_environment_scripts_only(py_img_stream)
[2.489s] INFO:colcon.colcon_core.shell:Creating package script '/home/adam/Desktop/sdp-team-12/install/py_img_stream/share/py_img_stream/package.ps1'
[2.489s] INFO:colcon.colcon_core.shell:Creating package descriptor '/home/adam/Desktop/sdp-team-12/install/py_img_stream/share/py_img_stream/package.dsv'
[2.490s] INFO:colcon.colcon_core.shell:Creating package script '/home/adam/Desktop/sdp-team-12/install/py_img_stream/share/py_img_stream/package.sh'
[2.490s] INFO:colcon.colcon_core.shell:Creating package script '/home/adam/Desktop/sdp-team-12/install/py_img_stream/share/py_img_stream/package.bash'
[2.490s] INFO:colcon.colcon_core.shell:Creating package script '/home/adam/Desktop/sdp-team-12/install/py_img_stream/share/py_img_stream/package.zsh'
[2.490s] Level 1:colcon.colcon_core.environment:create_file_with_runtime_dependencies(/home/adam/Desktop/sdp-team-12/install/py_img_stream/share/colcon-core/packages/py_img_stream)
[2.490s] DEBUG:colcon.colcon_parallel_executor.executor.parallel:closing loop
[2.491s] DEBUG:colcon.colcon_parallel_executor.executor.parallel:loop closed
[2.491s] DEBUG:colcon.colcon_parallel_executor.executor.parallel:run_until_complete finished with '0'
[2.491s] DEBUG:colcon.colcon_core.event_reactor:joining thread
[2.505s] INFO:colcon.colcon_core.plugin_system:Skipping extension 'colcon_notification.desktop_notification.terminal_notifier': Not used on non-Darwin systems
[2.505s] INFO:colcon.colcon_core.plugin_system:Skipping extension 'colcon_notification.desktop_notification.win32': Not used on non-Windows systems
[2.505s] INFO:colcon.colcon_notification.desktop_notification:Sending desktop notification using 'notify2'
[2.515s] DEBUG:colcon.colcon_core.event_reactor:joined thread
[2.527s] INFO:colcon.colcon_core.shell:Creating prefix script '/home/adam/Desktop/sdp-team-12/install/local_setup.ps1'
[2.528s] INFO:colcon.colcon_core.shell:Creating prefix util module '/home/adam/Desktop/sdp-team-12/install/_local_setup_util_ps1.py'
[2.529s] INFO:colcon.colcon_core.shell:Creating prefix chain script '/home/adam/Desktop/sdp-team-12/install/setup.ps1'
[2.540s] INFO:colcon.colcon_core.shell:Creating prefix script '/home/adam/Desktop/sdp-team-12/install/local_setup.sh'
[2.540s] INFO:colcon.colcon_core.shell:Creating prefix util module '/home/adam/Desktop/sdp-team-12/install/_local_setup_util_sh.py'
[2.541s] INFO:colcon.colcon_core.shell:Creating prefix chain script '/home/adam/Desktop/sdp-team-12/install/setup.sh'
[2.552s] INFO:colcon.colcon_core.shell:Creating prefix script '/home/adam/Desktop/sdp-team-12/install/local_setup.bash'
[2.552s] INFO:colcon.colcon_core.shell:Creating prefix chain script '/home/adam/Desktop/sdp-team-12/install/setup.bash'
[2.563s] INFO:colcon.colcon_core.shell:Creating prefix script '/home/adam/Desktop/sdp-team-12/install/local_setup.zsh'
[2.564s] INFO:colcon.colcon_core.shell:Creating prefix chain script '/home/adam/Desktop/sdp-team-12/install/setup.zsh'
