[0.767s] DEBUG:colcon:Command line arguments: ['/usr/bin/colcon', 'build']
[0.767s] DEBUG:colcon:Parsed command line arguments: Namespace(log_base=None, log_level=None, verb_name='build', build_base='build', install_base='install', merge_install=False, symlink_install=False, test_result_base=None, continue_on_error=False, executor='parallel', parallel_workers=8, event_handlers=None, ignore_user_meta=False, metas=['./colcon.meta'], base_paths=['.'], packages_ignore=None, packages_ignore_regex=None, paths=None, packages_up_to=None, packages_up_to_regex=None, packages_above=None, packages_above_and_dependencies=None, packages_above_depth=None, packages_select_by_dep=None, packages_skip_by_dep=None, packages_skip_up_to=None, packages_select_build_failed=False, packages_skip_build_finished=False, packages_select_test_failures=False, packages_skip_test_passed=False, packages_select=None, packages_skip=None, packages_select_regex=None, packages_skip_regex=None, packages_start=None, packages_end=None, allow_overriding=[], cmake_args=None, cmake_target=None, cmake_target_skip_unavailable=False, cmake_clean_cache=False, cmake_clean_first=False, cmake_force_configure=False, ament_cmake_args=None, catkin_cmake_args=None, catkin_skip_building_tests=False, verb_parser=<colcon_defaults.argument_parser.defaults.DefaultArgumentsDecorator object at 0x7f07671195d0>, verb_extension=<colcon_core.verb.build.BuildVerb object at 0x7f076711b8e0>, main=<bound method BuildVerb.main of <colcon_core.verb.build.BuildVerb object at 0x7f076711b8e0>>)
[0.804s] Level 1:colcon.colcon_core.package_discovery:discover_packages(colcon_meta) check parameters
[0.804s] Level 1:colcon.colcon_core.package_discovery:discover_packages(recursive) check parameters
[0.804s] Level 1:colcon.colcon_core.package_discovery:discover_packages(ignore) check parameters
[0.804s] Level 1:colcon.colcon_core.package_discovery:discover_packages(path) check parameters
[0.804s] Level 1:colcon.colcon_core.package_discovery:discover_packages(colcon_meta) discover
[0.804s] Level 1:colcon.colcon_core.package_discovery:discover_packages(recursive) discover
[0.804s] INFO:colcon.colcon_core.package_discovery:Crawling recursively for packages in '/home/adam/Desktop/sdp-team-12'
[0.804s] Level 1:colcon.colcon_core.package_identification:_identify(.) by extensions ['ignore', 'ignore_ament_install']
[0.804s] Level 1:colcon.colcon_core.package_identification:_identify(.) by extension 'ignore'
[0.804s] Level 1:colcon.colcon_core.package_identification:_identify(.) by extension 'ignore_ament_install'
[0.804s] Level 1:colcon.colcon_core.package_identification:_identify(.) by extensions ['colcon_pkg']
[0.804s] Level 1:colcon.colcon_core.package_identification:_identify(.) by extension 'colcon_pkg'
[0.804s] Level 1:colcon.colcon_core.package_identification:_identify(.) by extensions ['colcon_meta']
[0.804s] Level 1:colcon.colcon_core.package_identification:_identify(.) by extension 'colcon_meta'
[0.804s] Level 1:colcon.colcon_core.package_identification:_identify(.) by extensions ['ros']
[0.804s] Level 1:colcon.colcon_core.package_identification:_identify(.) by extension 'ros'
[0.812s] Level 1:colcon.colcon_core.package_identification:_identify(.) by extensions ['cmake', 'python']
[0.812s] Level 1:colcon.colcon_core.package_identification:_identify(.) by extension 'cmake'
[0.812s] Level 1:colcon.colcon_core.package_identification:_identify(.) by extension 'python'
[0.812s] Level 1:colcon.colcon_core.package_identification:_identify(.) by extensions ['python_setup_py']
[0.812s] Level 1:colcon.colcon_core.package_identification:_identify(.) by extension 'python_setup_py'
[0.812s] Level 1:colcon.colcon_core.package_identification:_identify(basic_mobile_robot) by extensions ['ignore', 'ignore_ament_install']
[0.813s] Level 1:colcon.colcon_core.package_identification:_identify(basic_mobile_robot) by extension 'ignore'
[0.813s] Level 1:colcon.colcon_core.package_identification:_identify(basic_mobile_robot) by extension 'ignore_ament_install'
[0.813s] Level 1:colcon.colcon_core.package_identification:_identify(basic_mobile_robot) by extensions ['colcon_pkg']
[0.813s] Level 1:colcon.colcon_core.package_identification:_identify(basic_mobile_robot) by extension 'colcon_pkg'
[0.813s] Level 1:colcon.colcon_core.package_identification:_identify(basic_mobile_robot) by extensions ['colcon_meta']
[0.813s] Level 1:colcon.colcon_core.package_identification:_identify(basic_mobile_robot) by extension 'colcon_meta'
[0.813s] Level 1:colcon.colcon_core.package_identification:_identify(basic_mobile_robot) by extensions ['ros']
[0.813s] Level 1:colcon.colcon_core.package_identification:_identify(basic_mobile_robot) by extension 'ros'
[0.817s] DEBUG:colcon.colcon_core.package_identification:Package 'basic_mobile_robot' with type 'ros.ament_cmake' and name 'basic_mobile_robot'
[0.817s] Level 1:colcon.colcon_core.package_identification:_identify(build) by extensions ['ignore', 'ignore_ament_install']
[0.817s] Level 1:colcon.colcon_core.package_identification:_identify(build) by extension 'ignore'
[0.817s] Level 1:colcon.colcon_core.package_identification:_identify(build) ignored
[0.817s] Level 1:colcon.colcon_core.package_identification:_identify(calibration) by extensions ['ignore', 'ignore_ament_install']
[0.817s] Level 1:colcon.colcon_core.package_identification:_identify(calibration) by extension 'ignore'
[0.817s] Level 1:colcon.colcon_core.package_identification:_identify(calibration) by extension 'ignore_ament_install'
[0.817s] Level 1:colcon.colcon_core.package_identification:_identify(calibration) by extensions ['colcon_pkg']
[0.817s] Level 1:colcon.colcon_core.package_identification:_identify(calibration) by extension 'colcon_pkg'
[0.817s] Level 1:colcon.colcon_core.package_identification:_identify(calibration) by extensions ['colcon_meta']
[0.817s] Level 1:colcon.colcon_core.package_identification:_identify(calibration) by extension 'colcon_meta'
[0.817s] Level 1:colcon.colcon_core.package_identification:_identify(calibration) by extensions ['ros']
[0.817s] Level 1:colcon.colcon_core.package_identification:_identify(calibration) by extension 'ros'
[0.817s] Level 1:colcon.colcon_core.package_identification:_identify(calibration) by extensions ['cmake', 'python']
[0.817s] Level 1:colcon.colcon_core.package_identification:_identify(calibration) by extension 'cmake'
[0.817s] Level 1:colcon.colcon_core.package_identification:_identify(calibration) by extension 'python'
[0.817s] Level 1:colcon.colcon_core.package_identification:_identify(calibration) by extensions ['python_setup_py']
[0.817s] Level 1:colcon.colcon_core.package_identification:_identify(calibration) by extension 'python_setup_py'
[0.817s] Level 1:colcon.colcon_core.package_identification:_identify(imu) by extensions ['ignore', 'ignore_ament_install']
[0.817s] Level 1:colcon.colcon_core.package_identification:_identify(imu) by extension 'ignore'
[0.817s] Level 1:colcon.colcon_core.package_identification:_identify(imu) by extension 'ignore_ament_install'
[0.818s] Level 1:colcon.colcon_core.package_identification:_identify(imu) by extensions ['colcon_pkg']
[0.818s] Level 1:colcon.colcon_core.package_identification:_identify(imu) by extension 'colcon_pkg'
[0.818s] Level 1:colcon.colcon_core.package_identification:_identify(imu) by extensions ['colcon_meta']
[0.818s] Level 1:colcon.colcon_core.package_identification:_identify(imu) by extension 'colcon_meta'
[0.818s] Level 1:colcon.colcon_core.package_identification:_identify(imu) by extensions ['ros']
[0.818s] Level 1:colcon.colcon_core.package_identification:_identify(imu) by extension 'ros'
[0.818s] Level 1:colcon.colcon_core.package_identification:_identify(imu) by extensions ['cmake', 'python']
[0.818s] Level 1:colcon.colcon_core.package_identification:_identify(imu) by extension 'cmake'
[0.818s] Level 1:colcon.colcon_core.package_identification:_identify(imu) by extension 'python'
[0.818s] Level 1:colcon.colcon_core.package_identification:_identify(imu) by extensions ['python_setup_py']
[0.818s] Level 1:colcon.colcon_core.package_identification:_identify(imu) by extension 'python_setup_py'
[0.818s] Level 1:colcon.colcon_core.package_identification:_identify(imu/System Volume Information) by extensions ['ignore', 'ignore_ament_install']
[0.818s] Level 1:colcon.colcon_core.package_identification:_identify(imu/System Volume Information) by extension 'ignore'
[0.818s] Level 1:colcon.colcon_core.package_identification:_identify(imu/System Volume Information) by extension 'ignore_ament_install'
[0.818s] Level 1:colcon.colcon_core.package_identification:_identify(imu/System Volume Information) by extensions ['colcon_pkg']
[0.818s] Level 1:colcon.colcon_core.package_identification:_identify(imu/System Volume Information) by extension 'colcon_pkg'
[0.818s] Level 1:colcon.colcon_core.package_identification:_identify(imu/System Volume Information) by extensions ['colcon_meta']
[0.818s] Level 1:colcon.colcon_core.package_identification:_identify(imu/System Volume Information) by extension 'colcon_meta'
[0.818s] Level 1:colcon.colcon_core.package_identification:_identify(imu/System Volume Information) by extensions ['ros']
[0.818s] Level 1:colcon.colcon_core.package_identification:_identify(imu/System Volume Information) by extension 'ros'
[0.818s] Level 1:colcon.colcon_core.package_identification:_identify(imu/System Volume Information) by extensions ['cmake', 'python']
[0.818s] Level 1:colcon.colcon_core.package_identification:_identify(imu/System Volume Information) by extension 'cmake'
[0.818s] Level 1:colcon.colcon_core.package_identification:_identify(imu/System Volume Information) by extension 'python'
[0.818s] Level 1:colcon.colcon_core.package_identification:_identify(imu/System Volume Information) by extensions ['python_setup_py']
[0.818s] Level 1:colcon.colcon_core.package_identification:_identify(imu/System Volume Information) by extension 'python_setup_py'
[0.818s] Level 1:colcon.colcon_core.package_identification:_identify(imu/lib) by extensions ['ignore', 'ignore_ament_install']
[0.818s] Level 1:colcon.colcon_core.package_identification:_identify(imu/lib) by extension 'ignore'
[0.818s] Level 1:colcon.colcon_core.package_identification:_identify(imu/lib) by extension 'ignore_ament_install'
[0.818s] Level 1:colcon.colcon_core.package_identification:_identify(imu/lib) by extensions ['colcon_pkg']
[0.818s] Level 1:colcon.colcon_core.package_identification:_identify(imu/lib) by extension 'colcon_pkg'
[0.818s] Level 1:colcon.colcon_core.package_identification:_identify(imu/lib) by extensions ['colcon_meta']
[0.818s] Level 1:colcon.colcon_core.package_identification:_identify(imu/lib) by extension 'colcon_meta'
[0.819s] Level 1:colcon.colcon_core.package_identification:_identify(imu/lib) by extensions ['ros']
[0.819s] Level 1:colcon.colcon_core.package_identification:_identify(imu/lib) by extension 'ros'
[0.819s] Level 1:colcon.colcon_core.package_identification:_identify(imu/lib) by extensions ['cmake', 'python']
[0.819s] Level 1:colcon.colcon_core.package_identification:_identify(imu/lib) by extension 'cmake'
[0.819s] Level 1:colcon.colcon_core.package_identification:_identify(imu/lib) by extension 'python'
[0.819s] Level 1:colcon.colcon_core.package_identification:_identify(imu/lib) by extensions ['python_setup_py']
[0.819s] Level 1:colcon.colcon_core.package_identification:_identify(imu/lib) by extension 'python_setup_py'
[0.819s] Level 1:colcon.colcon_core.package_identification:_identify(imu/lib/adafruit_lsm6ds) by extensions ['ignore', 'ignore_ament_install']
[0.819s] Level 1:colcon.colcon_core.package_identification:_identify(imu/lib/adafruit_lsm6ds) by extension 'ignore'
[0.819s] Level 1:colcon.colcon_core.package_identification:_identify(imu/lib/adafruit_lsm6ds) by extension 'ignore_ament_install'
[0.819s] Level 1:colcon.colcon_core.package_identification:_identify(imu/lib/adafruit_lsm6ds) by extensions ['colcon_pkg']
[0.819s] Level 1:colcon.colcon_core.package_identification:_identify(imu/lib/adafruit_lsm6ds) by extension 'colcon_pkg'
[0.819s] Level 1:colcon.colcon_core.package_identification:_identify(imu/lib/adafruit_lsm6ds) by extensions ['colcon_meta']
[0.819s] Level 1:colcon.colcon_core.package_identification:_identify(imu/lib/adafruit_lsm6ds) by extension 'colcon_meta'
[0.819s] Level 1:colcon.colcon_core.package_identification:_identify(imu/lib/adafruit_lsm6ds) by extensions ['ros']
[0.819s] Level 1:colcon.colcon_core.package_identification:_identify(imu/lib/adafruit_lsm6ds) by extension 'ros'
[0.819s] Level 1:colcon.colcon_core.package_identification:_identify(imu/lib/adafruit_lsm6ds) by extensions ['cmake', 'python']
[0.819s] Level 1:colcon.colcon_core.package_identification:_identify(imu/lib/adafruit_lsm6ds) by extension 'cmake'
[0.819s] Level 1:colcon.colcon_core.package_identification:_identify(imu/lib/adafruit_lsm6ds) by extension 'python'
[0.819s] Level 1:colcon.colcon_core.package_identification:_identify(imu/lib/adafruit_lsm6ds) by extensions ['python_setup_py']
[0.819s] Level 1:colcon.colcon_core.package_identification:_identify(imu/lib/adafruit_lsm6ds) by extension 'python_setup_py'
[0.819s] Level 1:colcon.colcon_core.package_identification:_identify(imu/lib/adafruit_register) by extensions ['ignore', 'ignore_ament_install']
[0.819s] Level 1:colcon.colcon_core.package_identification:_identify(imu/lib/adafruit_register) by extension 'ignore'
[0.819s] Level 1:colcon.colcon_core.package_identification:_identify(imu/lib/adafruit_register) by extension 'ignore_ament_install'
[0.819s] Level 1:colcon.colcon_core.package_identification:_identify(imu/lib/adafruit_register) by extensions ['colcon_pkg']
[0.819s] Level 1:colcon.colcon_core.package_identification:_identify(imu/lib/adafruit_register) by extension 'colcon_pkg'
[0.819s] Level 1:colcon.colcon_core.package_identification:_identify(imu/lib/adafruit_register) by extensions ['colcon_meta']
[0.819s] Level 1:colcon.colcon_core.package_identification:_identify(imu/lib/adafruit_register) by extension 'colcon_meta'
[0.819s] Level 1:colcon.colcon_core.package_identification:_identify(imu/lib/adafruit_register) by extensions ['ros']
[0.819s] Level 1:colcon.colcon_core.package_identification:_identify(imu/lib/adafruit_register) by extension 'ros'
[0.819s] Level 1:colcon.colcon_core.package_identification:_identify(imu/lib/adafruit_register) by extensions ['cmake', 'python']
[0.819s] Level 1:colcon.colcon_core.package_identification:_identify(imu/lib/adafruit_register) by extension 'cmake'
[0.820s] Level 1:colcon.colcon_core.package_identification:_identify(imu/lib/adafruit_register) by extension 'python'
[0.820s] Level 1:colcon.colcon_core.package_identification:_identify(imu/lib/adafruit_register) by extensions ['python_setup_py']
[0.820s] Level 1:colcon.colcon_core.package_identification:_identify(imu/lib/adafruit_register) by extension 'python_setup_py'
[0.820s] Level 1:colcon.colcon_core.package_identification:_identify(install) by extensions ['ignore', 'ignore_ament_install']
[0.820s] Level 1:colcon.colcon_core.package_identification:_identify(install) by extension 'ignore'
[0.820s] Level 1:colcon.colcon_core.package_identification:_identify(install) ignored
[0.820s] Level 1:colcon.colcon_core.package_identification:_identify(log) by extensions ['ignore', 'ignore_ament_install']
[0.820s] Level 1:colcon.colcon_core.package_identification:_identify(log) by extension 'ignore'
[0.820s] Level 1:colcon.colcon_core.package_identification:_identify(log) ignored
[0.820s] Level 1:colcon.colcon_core.package_identification:_identify(navigator) by extensions ['ignore', 'ignore_ament_install']
[0.820s] Level 1:colcon.colcon_core.package_identification:_identify(navigator) by extension 'ignore'
[0.820s] Level 1:colcon.colcon_core.package_identification:_identify(navigator) by extension 'ignore_ament_install'
[0.820s] Level 1:colcon.colcon_core.package_identification:_identify(navigator) by extensions ['colcon_pkg']
[0.820s] Level 1:colcon.colcon_core.package_identification:_identify(navigator) by extension 'colcon_pkg'
[0.820s] Level 1:colcon.colcon_core.package_identification:_identify(navigator) by extensions ['colcon_meta']
[0.820s] Level 1:colcon.colcon_core.package_identification:_identify(navigator) by extension 'colcon_meta'
[0.820s] Level 1:colcon.colcon_core.package_identification:_identify(navigator) by extensions ['ros']
[0.820s] Level 1:colcon.colcon_core.package_identification:_identify(navigator) by extension 'ros'
[0.821s] DEBUG:colcon.colcon_core.package_identification:Package 'navigator' with type 'ros.ament_python' and name 'navigator'
[0.821s] Level 1:colcon.colcon_core.package_identification:_identify(py_img_stream) by extensions ['ignore', 'ignore_ament_install']
[0.821s] Level 1:colcon.colcon_core.package_identification:_identify(py_img_stream) by extension 'ignore'
[0.821s] Level 1:colcon.colcon_core.package_identification:_identify(py_img_stream) by extension 'ignore_ament_install'
[0.821s] Level 1:colcon.colcon_core.package_identification:_identify(py_img_stream) by extensions ['colcon_pkg']
[0.821s] Level 1:colcon.colcon_core.package_identification:_identify(py_img_stream) by extension 'colcon_pkg'
[0.821s] Level 1:colcon.colcon_core.package_identification:_identify(py_img_stream) by extensions ['colcon_meta']
[0.821s] Level 1:colcon.colcon_core.package_identification:_identify(py_img_stream) by extension 'colcon_meta'
[0.821s] Level 1:colcon.colcon_core.package_identification:_identify(py_img_stream) by extensions ['ros']
[0.821s] Level 1:colcon.colcon_core.package_identification:_identify(py_img_stream) by extension 'ros'
[0.821s] DEBUG:colcon.colcon_core.package_identification:Package 'py_img_stream' with type 'ros.ament_python' and name 'py_img_stream'
[0.821s] Level 1:colcon.colcon_core.package_identification:_identify(py_serial) by extensions ['ignore', 'ignore_ament_install']
[0.822s] Level 1:colcon.colcon_core.package_identification:_identify(py_serial) by extension 'ignore'
[0.822s] Level 1:colcon.colcon_core.package_identification:_identify(py_serial) by extension 'ignore_ament_install'
[0.822s] Level 1:colcon.colcon_core.package_identification:_identify(py_serial) by extensions ['colcon_pkg']
[0.822s] Level 1:colcon.colcon_core.package_identification:_identify(py_serial) by extension 'colcon_pkg'
[0.822s] Level 1:colcon.colcon_core.package_identification:_identify(py_serial) by extensions ['colcon_meta']
[0.822s] Level 1:colcon.colcon_core.package_identification:_identify(py_serial) by extension 'colcon_meta'
[0.822s] Level 1:colcon.colcon_core.package_identification:_identify(py_serial) by extensions ['ros']
[0.822s] Level 1:colcon.colcon_core.package_identification:_identify(py_serial) by extension 'ros'
[0.822s] DEBUG:colcon.colcon_core.package_identification:Package 'py_serial' with type 'ros.ament_python' and name 'py_serial'
[0.822s] Level 1:colcon.colcon_core.package_identification:_identify(rosbag2_2023_11_30-11_34_20) by extensions ['ignore', 'ignore_ament_install']
[0.822s] Level 1:colcon.colcon_core.package_identification:_identify(rosbag2_2023_11_30-11_34_20) by extension 'ignore'
[0.822s] Level 1:colcon.colcon_core.package_identification:_identify(rosbag2_2023_11_30-11_34_20) by extension 'ignore_ament_install'
[0.822s] Level 1:colcon.colcon_core.package_identification:_identify(rosbag2_2023_11_30-11_34_20) by extensions ['colcon_pkg']
[0.822s] Level 1:colcon.colcon_core.package_identification:_identify(rosbag2_2023_11_30-11_34_20) by extension 'colcon_pkg'
[0.822s] Level 1:colcon.colcon_core.package_identification:_identify(rosbag2_2023_11_30-11_34_20) by extensions ['colcon_meta']
[0.822s] Level 1:colcon.colcon_core.package_identification:_identify(rosbag2_2023_11_30-11_34_20) by extension 'colcon_meta'
[0.822s] Level 1:colcon.colcon_core.package_identification:_identify(rosbag2_2023_11_30-11_34_20) by extensions ['ros']
[0.822s] Level 1:colcon.colcon_core.package_identification:_identify(rosbag2_2023_11_30-11_34_20) by extension 'ros'
[0.822s] Level 1:colcon.colcon_core.package_identification:_identify(rosbag2_2023_11_30-11_34_20) by extensions ['cmake', 'python']
[0.822s] Level 1:colcon.colcon_core.package_identification:_identify(rosbag2_2023_11_30-11_34_20) by extension 'cmake'
[0.822s] Level 1:colcon.colcon_core.package_identification:_identify(rosbag2_2023_11_30-11_34_20) by extension 'python'
[0.822s] Level 1:colcon.colcon_core.package_identification:_identify(rosbag2_2023_11_30-11_34_20) by extensions ['python_setup_py']
[0.822s] Level 1:colcon.colcon_core.package_identification:_identify(rosbag2_2023_11_30-11_34_20) by extension 'python_setup_py'
[0.822s] Level 1:colcon.colcon_core.package_identification:_identify(rosbag2_2023_11_30-11_34_41) by extensions ['ignore', 'ignore_ament_install']
[0.823s] Level 1:colcon.colcon_core.package_identification:_identify(rosbag2_2023_11_30-11_34_41) by extension 'ignore'
[0.823s] Level 1:colcon.colcon_core.package_identification:_identify(rosbag2_2023_11_30-11_34_41) by extension 'ignore_ament_install'
[0.823s] Level 1:colcon.colcon_core.package_identification:_identify(rosbag2_2023_11_30-11_34_41) by extensions ['colcon_pkg']
[0.823s] Level 1:colcon.colcon_core.package_identification:_identify(rosbag2_2023_11_30-11_34_41) by extension 'colcon_pkg'
[0.823s] Level 1:colcon.colcon_core.package_identification:_identify(rosbag2_2023_11_30-11_34_41) by extensions ['colcon_meta']
[0.823s] Level 1:colcon.colcon_core.package_identification:_identify(rosbag2_2023_11_30-11_34_41) by extension 'colcon_meta'
[0.823s] Level 1:colcon.colcon_core.package_identification:_identify(rosbag2_2023_11_30-11_34_41) by extensions ['ros']
[0.823s] Level 1:colcon.colcon_core.package_identification:_identify(rosbag2_2023_11_30-11_34_41) by extension 'ros'
[0.823s] Level 1:colcon.colcon_core.package_identification:_identify(rosbag2_2023_11_30-11_34_41) by extensions ['cmake', 'python']
[0.823s] Level 1:colcon.colcon_core.package_identification:_identify(rosbag2_2023_11_30-11_34_41) by extension 'cmake'
[0.823s] Level 1:colcon.colcon_core.package_identification:_identify(rosbag2_2023_11_30-11_34_41) by extension 'python'
[0.823s] Level 1:colcon.colcon_core.package_identification:_identify(rosbag2_2023_11_30-11_34_41) by extensions ['python_setup_py']
[0.823s] Level 1:colcon.colcon_core.package_identification:_identify(rosbag2_2023_11_30-11_34_41) by extension 'python_setup_py'
[0.823s] Level 1:colcon.colcon_core.package_discovery:discover_packages(recursive) using defaults
[0.823s] Level 1:colcon.colcon_core.package_discovery:discover_packages(ignore) discover
[0.823s] Level 1:colcon.colcon_core.package_discovery:discover_packages(ignore) using defaults
[0.823s] Level 1:colcon.colcon_core.package_discovery:discover_packages(path) discover
[0.823s] Level 1:colcon.colcon_core.package_discovery:discover_packages(path) using defaults
[0.896s] Level 1:colcon.colcon_core.package_discovery:discover_packages(prefix_path) check parameters
[0.896s] Level 1:colcon.colcon_core.package_discovery:discover_packages(prefix_path) discover
[0.921s] DEBUG:colcon.colcon_installed_package_information.package_discovery:Found 4 installed packages in /home/adam/Desktop/sdp-team-12/install
[0.933s] DEBUG:colcon.colcon_installed_package_information.package_discovery:Found 455 installed packages in /opt/ros/humble
[0.943s] Level 1:colcon.colcon_core.package_discovery:discover_packages(prefix_path) using defaults
[1.019s] Level 5:colcon.colcon_core.verb:set package 'basic_mobile_robot' build argument 'cmake_args' from command line to 'None'
[1.019s] Level 5:colcon.colcon_core.verb:set package 'basic_mobile_robot' build argument 'cmake_target' from command line to 'None'
[1.019s] Level 5:colcon.colcon_core.verb:set package 'basic_mobile_robot' build argument 'cmake_target_skip_unavailable' from command line to 'False'
[1.019s] Level 5:colcon.colcon_core.verb:set package 'basic_mobile_robot' build argument 'cmake_clean_cache' from command line to 'False'
[1.019s] Level 5:colcon.colcon_core.verb:set package 'basic_mobile_robot' build argument 'cmake_clean_first' from command line to 'False'
[1.019s] Level 5:colcon.colcon_core.verb:set package 'basic_mobile_robot' build argument 'cmake_force_configure' from command line to 'False'
[1.019s] Level 5:colcon.colcon_core.verb:set package 'basic_mobile_robot' build argument 'ament_cmake_args' from command line to 'None'
[1.019s] Level 5:colcon.colcon_core.verb:set package 'basic_mobile_robot' build argument 'catkin_cmake_args' from command line to 'None'
[1.019s] Level 5:colcon.colcon_core.verb:set package 'basic_mobile_robot' build argument 'catkin_skip_building_tests' from command line to 'False'
[1.019s] DEBUG:colcon.colcon_core.verb:Building package 'basic_mobile_robot' with the following arguments: {'ament_cmake_args': None, 'build_base': '/home/adam/Desktop/sdp-team-12/build/basic_mobile_robot', 'catkin_cmake_args': None, 'catkin_skip_building_tests': False, 'cmake_args': None, 'cmake_clean_cache': False, 'cmake_clean_first': False, 'cmake_force_configure': False, 'cmake_target': None, 'cmake_target_skip_unavailable': False, 'install_base': '/home/adam/Desktop/sdp-team-12/install/basic_mobile_robot', 'merge_install': False, 'path': '/home/adam/Desktop/sdp-team-12/basic_mobile_robot', 'symlink_install': False, 'test_result_base': None}
[1.029s] Level 5:colcon.colcon_core.verb:set package 'navigator' build argument 'cmake_args' from command line to 'None'
[1.029s] Level 5:colcon.colcon_core.verb:set package 'navigator' build argument 'cmake_target' from command line to 'None'
[1.029s] Level 5:colcon.colcon_core.verb:set package 'navigator' build argument 'cmake_target_skip_unavailable' from command line to 'False'
[1.029s] Level 5:colcon.colcon_core.verb:set package 'navigator' build argument 'cmake_clean_cache' from command line to 'False'
[1.029s] Level 5:colcon.colcon_core.verb:set package 'navigator' build argument 'cmake_clean_first' from command line to 'False'
[1.029s] Level 5:colcon.colcon_core.verb:set package 'navigator' build argument 'cmake_force_configure' from command line to 'False'
[1.029s] Level 5:colcon.colcon_core.verb:set package 'navigator' build argument 'ament_cmake_args' from command line to 'None'
[1.029s] Level 5:colcon.colcon_core.verb:set package 'navigator' build argument 'catkin_cmake_args' from command line to 'None'
[1.029s] Level 5:colcon.colcon_core.verb:set package 'navigator' build argument 'catkin_skip_building_tests' from command line to 'False'
[1.029s] DEBUG:colcon.colcon_core.verb:Building package 'navigator' with the following arguments: {'ament_cmake_args': None, 'build_base': '/home/adam/Desktop/sdp-team-12/build/navigator', 'catkin_cmake_args': None, 'catkin_skip_building_tests': False, 'cmake_args': None, 'cmake_clean_cache': False, 'cmake_clean_first': False, 'cmake_force_configure': False, 'cmake_target': None, 'cmake_target_skip_unavailable': False, 'install_base': '/home/adam/Desktop/sdp-team-12/install/navigator', 'merge_install': False, 'path': '/home/adam/Desktop/sdp-team-12/navigator', 'symlink_install': False, 'test_result_base': None}
[1.039s] Level 5:colcon.colcon_core.verb:set package 'py_img_stream' build argument 'cmake_args' from command line to 'None'
[1.039s] Level 5:colcon.colcon_core.verb:set package 'py_img_stream' build argument 'cmake_target' from command line to 'None'
[1.039s] Level 5:colcon.colcon_core.verb:set package 'py_img_stream' build argument 'cmake_target_skip_unavailable' from command line to 'False'
[1.039s] Level 5:colcon.colcon_core.verb:set package 'py_img_stream' build argument 'cmake_clean_cache' from command line to 'False'
[1.039s] Level 5:colcon.colcon_core.verb:set package 'py_img_stream' build argument 'cmake_clean_first' from command line to 'False'
[1.039s] Level 5:colcon.colcon_core.verb:set package 'py_img_stream' build argument 'cmake_force_configure' from command line to 'False'
[1.039s] Level 5:colcon.colcon_core.verb:set package 'py_img_stream' build argument 'ament_cmake_args' from command line to 'None'
[1.039s] Level 5:colcon.colcon_core.verb:set package 'py_img_stream' build argument 'catkin_cmake_args' from command line to 'None'
[1.039s] Level 5:colcon.colcon_core.verb:set package 'py_img_stream' build argument 'catkin_skip_building_tests' from command line to 'False'
[1.039s] DEBUG:colcon.colcon_core.verb:Building package 'py_img_stream' with the following arguments: {'ament_cmake_args': None, 'build_base': '/home/adam/Desktop/sdp-team-12/build/py_img_stream', 'catkin_cmake_args': None, 'catkin_skip_building_tests': False, 'cmake_args': None, 'cmake_clean_cache': False, 'cmake_clean_first': False, 'cmake_force_configure': False, 'cmake_target': None, 'cmake_target_skip_unavailable': False, 'install_base': '/home/adam/Desktop/sdp-team-12/install/py_img_stream', 'merge_install': False, 'path': '/home/adam/Desktop/sdp-team-12/py_img_stream', 'symlink_install': False, 'test_result_base': None}
[1.050s] Level 5:colcon.colcon_core.verb:set package 'py_serial' build argument 'cmake_args' from command line to 'None'
[1.050s] Level 5:colcon.colcon_core.verb:set package 'py_serial' build argument 'cmake_target' from command line to 'None'
[1.050s] Level 5:colcon.colcon_core.verb:set package 'py_serial' build argument 'cmake_target_skip_unavailable' from command line to 'False'
[1.050s] Level 5:colcon.colcon_core.verb:set package 'py_serial' build argument 'cmake_clean_cache' from command line to 'False'
[1.050s] Level 5:colcon.colcon_core.verb:set package 'py_serial' build argument 'cmake_clean_first' from command line to 'False'
[1.050s] Level 5:colcon.colcon_core.verb:set package 'py_serial' build argument 'cmake_force_configure' from command line to 'False'
[1.050s] Level 5:colcon.colcon_core.verb:set package 'py_serial' build argument 'ament_cmake_args' from command line to 'None'
[1.050s] Level 5:colcon.colcon_core.verb:set package 'py_serial' build argument 'catkin_cmake_args' from command line to 'None'
[1.050s] Level 5:colcon.colcon_core.verb:set package 'py_serial' build argument 'catkin_skip_building_tests' from command line to 'False'
[1.050s] DEBUG:colcon.colcon_core.verb:Building package 'py_serial' with the following arguments: {'ament_cmake_args': None, 'build_base': '/home/adam/Desktop/sdp-team-12/build/py_serial', 'catkin_cmake_args': None, 'catkin_skip_building_tests': False, 'cmake_args': None, 'cmake_clean_cache': False, 'cmake_clean_first': False, 'cmake_force_configure': False, 'cmake_target': None, 'cmake_target_skip_unavailable': False, 'install_base': '/home/adam/Desktop/sdp-team-12/install/py_serial', 'merge_install': False, 'path': '/home/adam/Desktop/sdp-team-12/py_serial', 'symlink_install': False, 'test_result_base': None}
[1.060s] INFO:colcon.colcon_core.executor:Executing jobs using 'parallel' executor
[1.070s] DEBUG:colcon.colcon_parallel_executor.executor.parallel:run_until_complete
[1.071s] INFO:colcon.colcon_ros.task.ament_cmake.build:Building ROS package in '/home/adam/Desktop/sdp-team-12/basic_mobile_robot' with build type 'ament_cmake'
[1.071s] INFO:colcon.colcon_cmake.task.cmake.build:Building CMake package in '/home/adam/Desktop/sdp-team-12/basic_mobile_robot'
[1.082s] INFO:colcon.colcon_core.plugin_system:Skipping extension 'colcon_core.shell.bat': Not used on non-Windows systems
[1.082s] INFO:colcon.colcon_core.shell:Skip shell extension 'powershell' for command environment: Not usable outside of PowerShell
[1.082s] DEBUG:colcon.colcon_core.shell:Skip shell extension 'dsv' for command environment
[1.115s] INFO:colcon.colcon_ros.task.ament_python.build:Building ROS package in '/home/adam/Desktop/sdp-team-12/navigator' with build type 'ament_python'
[1.116s] Level 1:colcon.colcon_core.shell:create_environment_hook('navigator', 'ament_prefix_path')
[1.127s] INFO:colcon.colcon_core.shell:Creating environment hook '/home/adam/Desktop/sdp-team-12/install/navigator/share/navigator/hook/ament_prefix_path.ps1'
[1.127s] INFO:colcon.colcon_core.shell:Creating environment descriptor '/home/adam/Desktop/sdp-team-12/install/navigator/share/navigator/hook/ament_prefix_path.dsv'
[1.127s] INFO:colcon.colcon_core.shell:Creating environment hook '/home/adam/Desktop/sdp-team-12/install/navigator/share/navigator/hook/ament_prefix_path.sh'
[1.138s] INFO:colcon.colcon_core.shell:Skip shell extension 'powershell' for command environment: Not usable outside of PowerShell
[1.138s] DEBUG:colcon.colcon_core.shell:Skip shell extension 'dsv' for command environment
[1.171s] INFO:colcon.colcon_ros.task.ament_python.build:Building ROS package in '/home/adam/Desktop/sdp-team-12/py_img_stream' with build type 'ament_python'
[1.171s] Level 1:colcon.colcon_core.shell:create_environment_hook('py_img_stream', 'ament_prefix_path')
[1.182s] INFO:colcon.colcon_core.shell:Creating environment hook '/home/adam/Desktop/sdp-team-12/install/py_img_stream/share/py_img_stream/hook/ament_prefix_path.ps1'
[1.182s] INFO:colcon.colcon_core.shell:Creating environment descriptor '/home/adam/Desktop/sdp-team-12/install/py_img_stream/share/py_img_stream/hook/ament_prefix_path.dsv'
[1.183s] INFO:colcon.colcon_core.shell:Creating environment hook '/home/adam/Desktop/sdp-team-12/install/py_img_stream/share/py_img_stream/hook/ament_prefix_path.sh'
[1.193s] INFO:colcon.colcon_core.shell:Skip shell extension 'powershell' for command environment: Not usable outside of PowerShell
[1.193s] DEBUG:colcon.colcon_core.shell:Skip shell extension 'dsv' for command environment
[1.226s] INFO:colcon.colcon_ros.task.ament_python.build:Building ROS package in '/home/adam/Desktop/sdp-team-12/py_serial' with build type 'ament_python'
[1.226s] Level 1:colcon.colcon_core.shell:create_environment_hook('py_serial', 'ament_prefix_path')
[1.237s] INFO:colcon.colcon_core.shell:Creating environment hook '/home/adam/Desktop/sdp-team-12/install/py_serial/share/py_serial/hook/ament_prefix_path.ps1'
[1.237s] INFO:colcon.colcon_core.shell:Creating environment descriptor '/home/adam/Desktop/sdp-team-12/install/py_serial/share/py_serial/hook/ament_prefix_path.dsv'
[1.237s] INFO:colcon.colcon_core.shell:Creating environment hook '/home/adam/Desktop/sdp-team-12/install/py_serial/share/py_serial/hook/ament_prefix_path.sh'
[1.248s] INFO:colcon.colcon_core.shell:Skip shell extension 'powershell' for command environment: Not usable outside of PowerShell
[1.248s] DEBUG:colcon.colcon_core.shell:Skip shell extension 'dsv' for command environment
[1.286s] DEBUG:colcon.colcon_core.event_handler.log_command:Invoking command in '/home/adam/Desktop/sdp-team-12/build/basic_mobile_robot': CMAKE_PREFIX_PATH=${CMAKE_PREFIX_PATH}:/home/adam/Desktop/sdp-team-12/install/py_serial:/home/adam/Desktop/sdp-team-12/install/py_img_stream:/home/adam/Desktop/sdp-team-12/install/navigator:/opt/ros/humble /usr/bin/cmake --build /home/adam/Desktop/sdp-team-12/build/basic_mobile_robot -- -j8 -l8
[1.472s] INFO:colcon.colcon_core.task.python.build:Building Python package in '/home/adam/Desktop/sdp-team-12/navigator'
[1.483s] INFO:colcon.colcon_core.shell:Skip shell extension 'powershell' for command environment: Not usable outside of PowerShell
[1.483s] DEBUG:colcon.colcon_core.shell:Skip shell extension 'dsv' for command environment
[1.689s] INFO:colcon.colcon_core.task.python.build:Building Python package in '/home/adam/Desktop/sdp-team-12/py_img_stream'
[1.699s] INFO:colcon.colcon_core.shell:Skip shell extension 'powershell' for command environment: Not usable outside of PowerShell
[1.699s] DEBUG:colcon.colcon_core.shell:Skip shell extension 'dsv' for command environment
[1.909s] INFO:colcon.colcon_core.task.python.build:Building Python package in '/home/adam/Desktop/sdp-team-12/py_serial'
[1.920s] INFO:colcon.colcon_core.shell:Skip shell extension 'powershell' for command environment: Not usable outside of PowerShell
[1.920s] DEBUG:colcon.colcon_core.shell:Skip shell extension 'dsv' for command environment
[1.953s] DEBUG:colcon.colcon_core.event_handler.log_command:Invoked command in '/home/adam/Desktop/sdp-team-12/build/basic_mobile_robot' returned '0': CMAKE_PREFIX_PATH=${CMAKE_PREFIX_PATH}:/home/adam/Desktop/sdp-team-12/install/py_serial:/home/adam/Desktop/sdp-team-12/install/py_img_stream:/home/adam/Desktop/sdp-team-12/install/navigator:/opt/ros/humble /usr/bin/cmake --build /home/adam/Desktop/sdp-team-12/build/basic_mobile_robot -- -j8 -l8
[1.980s] DEBUG:colcon.colcon_core.event_handler.log_command:Invoking command in '/home/adam/Desktop/sdp-team-12/build/basic_mobile_robot': CMAKE_PREFIX_PATH=${CMAKE_PREFIX_PATH}:/home/adam/Desktop/sdp-team-12/install/py_serial:/home/adam/Desktop/sdp-team-12/install/py_img_stream:/home/adam/Desktop/sdp-team-12/install/navigator:/opt/ros/humble /usr/bin/cmake --install /home/adam/Desktop/sdp-team-12/build/basic_mobile_robot
[1.991s] Level 1:colcon.colcon_core.environment:create_environment_scripts_only(basic_mobile_robot)
[1.994s] DEBUG:colcon.colcon_core.event_handler.log_command:Invoked command in '/home/adam/Desktop/sdp-team-12/build/basic_mobile_robot' returned '0': CMAKE_PREFIX_PATH=${CMAKE_PREFIX_PATH}:/home/adam/Desktop/sdp-team-12/install/py_serial:/home/adam/Desktop/sdp-team-12/install/py_img_stream:/home/adam/Desktop/sdp-team-12/install/navigator:/opt/ros/humble /usr/bin/cmake --install /home/adam/Desktop/sdp-team-12/build/basic_mobile_robot
[2.016s] Level 1:colcon.colcon_core.environment:checking '/home/adam/Desktop/sdp-team-12/install/basic_mobile_robot' for CMake module files
[2.017s] Level 1:colcon.colcon_core.environment:checking '/home/adam/Desktop/sdp-team-12/install/basic_mobile_robot' for CMake config files
[2.017s] Level 1:colcon.colcon_core.shell:create_environment_hook('basic_mobile_robot', 'cmake_prefix_path')
[2.037s] INFO:colcon.colcon_core.shell:Creating environment hook '/home/adam/Desktop/sdp-team-12/install/basic_mobile_robot/share/basic_mobile_robot/hook/cmake_prefix_path.ps1'
[2.038s] INFO:colcon.colcon_core.shell:Creating environment descriptor '/home/adam/Desktop/sdp-team-12/install/basic_mobile_robot/share/basic_mobile_robot/hook/cmake_prefix_path.dsv'
[2.038s] INFO:colcon.colcon_core.shell:Creating environment hook '/home/adam/Desktop/sdp-team-12/install/basic_mobile_robot/share/basic_mobile_robot/hook/cmake_prefix_path.sh'
[2.039s] Level 1:colcon.colcon_core.environment:checking '/home/adam/Desktop/sdp-team-12/install/basic_mobile_robot/lib'
[2.039s] Level 1:colcon.colcon_core.environment:checking '/home/adam/Desktop/sdp-team-12/install/basic_mobile_robot/bin'
[2.039s] Level 1:colcon.colcon_core.environment:checking '/home/adam/Desktop/sdp-team-12/install/basic_mobile_robot/lib/pkgconfig/basic_mobile_robot.pc'
[2.040s] Level 1:colcon.colcon_core.environment:checking '/home/adam/Desktop/sdp-team-12/install/basic_mobile_robot/lib/python3.10/site-packages'
[2.040s] Level 1:colcon.colcon_core.environment:checking '/home/adam/Desktop/sdp-team-12/install/basic_mobile_robot/bin'
[2.052s] INFO:colcon.colcon_core.shell:Creating package script '/home/adam/Desktop/sdp-team-12/install/basic_mobile_robot/share/basic_mobile_robot/package.ps1'
[2.053s] INFO:colcon.colcon_core.shell:Creating package descriptor '/home/adam/Desktop/sdp-team-12/install/basic_mobile_robot/share/basic_mobile_robot/package.dsv'
[2.053s] INFO:colcon.colcon_core.shell:Creating package script '/home/adam/Desktop/sdp-team-12/install/basic_mobile_robot/share/basic_mobile_robot/package.sh'
[2.054s] INFO:colcon.colcon_core.shell:Creating package script '/home/adam/Desktop/sdp-team-12/install/basic_mobile_robot/share/basic_mobile_robot/package.bash'
[2.054s] INFO:colcon.colcon_core.shell:Creating package script '/home/adam/Desktop/sdp-team-12/install/basic_mobile_robot/share/basic_mobile_robot/package.zsh'
[2.055s] Level 1:colcon.colcon_core.environment:create_file_with_runtime_dependencies(/home/adam/Desktop/sdp-team-12/install/basic_mobile_robot/share/colcon-core/packages/basic_mobile_robot)
[2.084s] Level 1:colcon.colcon_core.environment:create_environment_scripts_only(basic_mobile_robot)
[2.095s] Level 1:colcon.colcon_core.environment:checking '/home/adam/Desktop/sdp-team-12/install/basic_mobile_robot' for CMake module files
[2.096s] Level 1:colcon.colcon_core.environment:checking '/home/adam/Desktop/sdp-team-12/install/basic_mobile_robot' for CMake config files
[2.096s] Level 1:colcon.colcon_core.shell:create_environment_hook('basic_mobile_robot', 'cmake_prefix_path')
[2.107s] INFO:colcon.colcon_core.shell:Creating environment hook '/home/adam/Desktop/sdp-team-12/install/basic_mobile_robot/share/basic_mobile_robot/hook/cmake_prefix_path.ps1'
[2.107s] INFO:colcon.colcon_core.shell:Creating environment descriptor '/home/adam/Desktop/sdp-team-12/install/basic_mobile_robot/share/basic_mobile_robot/hook/cmake_prefix_path.dsv'
[2.108s] INFO:colcon.colcon_core.shell:Creating environment hook '/home/adam/Desktop/sdp-team-12/install/basic_mobile_robot/share/basic_mobile_robot/hook/cmake_prefix_path.sh'
[2.108s] Level 1:colcon.colcon_core.environment:checking '/home/adam/Desktop/sdp-team-12/install/basic_mobile_robot/lib'
[2.108s] Level 1:colcon.colcon_core.environment:checking '/home/adam/Desktop/sdp-team-12/install/basic_mobile_robot/bin'
[2.108s] Level 1:colcon.colcon_core.environment:checking '/home/adam/Desktop/sdp-team-12/install/basic_mobile_robot/lib/pkgconfig/basic_mobile_robot.pc'
[2.108s] Level 1:colcon.colcon_core.environment:checking '/home/adam/Desktop/sdp-team-12/install/basic_mobile_robot/lib/python3.10/site-packages'
[2.108s] Level 1:colcon.colcon_core.environment:checking '/home/adam/Desktop/sdp-team-12/install/basic_mobile_robot/bin'
[2.120s] INFO:colcon.colcon_core.shell:Creating package script '/home/adam/Desktop/sdp-team-12/install/basic_mobile_robot/share/basic_mobile_robot/package.ps1'
[2.121s] INFO:colcon.colcon_core.shell:Creating package descriptor '/home/adam/Desktop/sdp-team-12/install/basic_mobile_robot/share/basic_mobile_robot/package.dsv'
[2.121s] INFO:colcon.colcon_core.shell:Creating package script '/home/adam/Desktop/sdp-team-12/install/basic_mobile_robot/share/basic_mobile_robot/package.sh'
[2.121s] INFO:colcon.colcon_core.shell:Creating package script '/home/adam/Desktop/sdp-team-12/install/basic_mobile_robot/share/basic_mobile_robot/package.bash'
[2.121s] INFO:colcon.colcon_core.shell:Creating package script '/home/adam/Desktop/sdp-team-12/install/basic_mobile_robot/share/basic_mobile_robot/package.zsh'
[2.122s] Level 1:colcon.colcon_core.environment:create_file_with_runtime_dependencies(/home/adam/Desktop/sdp-team-12/install/basic_mobile_robot/share/colcon-core/packages/basic_mobile_robot)
[2.244s] DEBUG:colcon.colcon_core.event_handler.log_command:Invoking command in '/home/adam/Desktop/sdp-team-12/py_img_stream': PYTHONPATH=/home/adam/Desktop/sdp-team-12/build/py_img_stream/prefix_override:/home/adam/Desktop/sdp-team-12/install/py_img_stream/lib/python3.10/site-packages:${PYTHONPATH} /usr/bin/python3 setup.py egg_info --egg-base ../build/py_img_stream build --build-base /home/adam/Desktop/sdp-team-12/build/py_img_stream/build install --record /home/adam/Desktop/sdp-team-12/build/py_img_stream/install.log --single-version-externally-managed
[2.246s] DEBUG:colcon.colcon_core.event_handler.log_command:Invoking command in '/home/adam/Desktop/sdp-team-12/navigator': PYTHONPATH=/home/adam/Desktop/sdp-team-12/build/navigator/prefix_override:/home/adam/Desktop/sdp-team-12/install/navigator/lib/python3.10/site-packages:${PYTHONPATH} /usr/bin/python3 setup.py egg_info --egg-base ../build/navigator build --build-base /home/adam/Desktop/sdp-team-12/build/navigator/build install --record /home/adam/Desktop/sdp-team-12/build/navigator/install.log --single-version-externally-managed
[2.272s] DEBUG:colcon.colcon_core.event_handler.log_command:Invoking command in '/home/adam/Desktop/sdp-team-12/py_serial': PYTHONPATH=/home/adam/Desktop/sdp-team-12/build/py_serial/prefix_override:/home/adam/Desktop/sdp-team-12/install/py_serial/lib/python3.10/site-packages:${PYTHONPATH} /usr/bin/python3 setup.py egg_info --egg-base ../build/py_serial build --build-base /home/adam/Desktop/sdp-team-12/build/py_serial/build install --record /home/adam/Desktop/sdp-team-12/build/py_serial/install.log --single-version-externally-managed
[2.480s] DEBUG:colcon.colcon_core.event_handler.log_command:Invoked command in '/home/adam/Desktop/sdp-team-12/navigator' returned '0': PYTHONPATH=/home/adam/Desktop/sdp-team-12/build/navigator/prefix_override:/home/adam/Desktop/sdp-team-12/install/navigator/lib/python3.10/site-packages:${PYTHONPATH} /usr/bin/python3 setup.py egg_info --egg-base ../build/navigator build --build-base /home/adam/Desktop/sdp-team-12/build/navigator/build install --record /home/adam/Desktop/sdp-team-12/build/navigator/install.log --single-version-externally-managed
[2.492s] Level 1:colcon.colcon_core.environment:checking '/home/adam/Desktop/sdp-team-12/install/navigator' for CMake module files
[2.493s] Level 1:colcon.colcon_core.environment:checking '/home/adam/Desktop/sdp-team-12/install/navigator' for CMake config files
[2.493s] Level 1:colcon.colcon_core.environment:checking '/home/adam/Desktop/sdp-team-12/install/navigator/lib'
[2.493s] Level 1:colcon.colcon_core.environment:checking '/home/adam/Desktop/sdp-team-12/install/navigator/bin'
[2.493s] Level 1:colcon.colcon_core.environment:checking '/home/adam/Desktop/sdp-team-12/install/navigator/lib/pkgconfig/navigator.pc'
[2.493s] Level 1:colcon.colcon_core.environment:checking '/home/adam/Desktop/sdp-team-12/install/navigator/lib/python3.10/site-packages'
[2.493s] Level 1:colcon.colcon_core.shell:create_environment_hook('navigator', 'pythonpath')
[2.505s] INFO:colcon.colcon_core.shell:Creating environment hook '/home/adam/Desktop/sdp-team-12/install/navigator/share/navigator/hook/pythonpath.ps1'
[2.505s] INFO:colcon.colcon_core.shell:Creating environment descriptor '/home/adam/Desktop/sdp-team-12/install/navigator/share/navigator/hook/pythonpath.dsv'
[2.506s] INFO:colcon.colcon_core.shell:Creating environment hook '/home/adam/Desktop/sdp-team-12/install/navigator/share/navigator/hook/pythonpath.sh'
[2.506s] Level 1:colcon.colcon_core.environment:checking '/home/adam/Desktop/sdp-team-12/install/navigator/bin'
[2.506s] Level 1:colcon.colcon_core.environment:create_environment_scripts_only(navigator)
[2.529s] INFO:colcon.colcon_core.shell:Creating package script '/home/adam/Desktop/sdp-team-12/install/navigator/share/navigator/package.ps1'
[2.529s] INFO:colcon.colcon_core.shell:Creating package descriptor '/home/adam/Desktop/sdp-team-12/install/navigator/share/navigator/package.dsv'
[2.530s] INFO:colcon.colcon_core.shell:Creating package script '/home/adam/Desktop/sdp-team-12/install/navigator/share/navigator/package.sh'
[2.530s] INFO:colcon.colcon_core.shell:Creating package script '/home/adam/Desktop/sdp-team-12/install/navigator/share/navigator/package.bash'
[2.530s] INFO:colcon.colcon_core.shell:Creating package script '/home/adam/Desktop/sdp-team-12/install/navigator/share/navigator/package.zsh'
[2.530s] Level 1:colcon.colcon_core.environment:create_file_with_runtime_dependencies(/home/adam/Desktop/sdp-team-12/install/navigator/share/colcon-core/packages/navigator)
[2.532s] DEBUG:colcon.colcon_core.event_handler.log_command:Invoked command in '/home/adam/Desktop/sdp-team-12/py_serial' returned '0': PYTHONPATH=/home/adam/Desktop/sdp-team-12/build/py_serial/prefix_override:/home/adam/Desktop/sdp-team-12/install/py_serial/lib/python3.10/site-packages:${PYTHONPATH} /usr/bin/python3 setup.py egg_info --egg-base ../build/py_serial build --build-base /home/adam/Desktop/sdp-team-12/build/py_serial/build install --record /home/adam/Desktop/sdp-team-12/build/py_serial/install.log --single-version-externally-managed
[2.545s] Level 1:colcon.colcon_core.environment:checking '/home/adam/Desktop/sdp-team-12/install/py_serial' for CMake module files
[2.545s] Level 1:colcon.colcon_core.environment:checking '/home/adam/Desktop/sdp-team-12/install/py_serial' for CMake config files
[2.545s] Level 1:colcon.colcon_core.environment:checking '/home/adam/Desktop/sdp-team-12/install/py_serial/lib'
[2.545s] Level 1:colcon.colcon_core.environment:checking '/home/adam/Desktop/sdp-team-12/install/py_serial/bin'
[2.545s] Level 1:colcon.colcon_core.environment:checking '/home/adam/Desktop/sdp-team-12/install/py_serial/lib/pkgconfig/py_serial.pc'
[2.545s] Level 1:colcon.colcon_core.environment:checking '/home/adam/Desktop/sdp-team-12/install/py_serial/lib/python3.10/site-packages'
[2.546s] Level 1:colcon.colcon_core.shell:create_environment_hook('py_serial', 'pythonpath')
[2.556s] INFO:colcon.colcon_core.shell:Creating environment hook '/home/adam/Desktop/sdp-team-12/install/py_serial/share/py_serial/hook/pythonpath.ps1'
[2.556s] INFO:colcon.colcon_core.shell:Creating environment descriptor '/home/adam/Desktop/sdp-team-12/install/py_serial/share/py_serial/hook/pythonpath.dsv'
[2.556s] INFO:colcon.colcon_core.shell:Creating environment hook '/home/adam/Desktop/sdp-team-12/install/py_serial/share/py_serial/hook/pythonpath.sh'
[2.557s] Level 1:colcon.colcon_core.environment:checking '/home/adam/Desktop/sdp-team-12/install/py_serial/bin'
[2.557s] Level 1:colcon.colcon_core.environment:create_environment_scripts_only(py_serial)
[2.567s] INFO:colcon.colcon_core.shell:Creating package script '/home/adam/Desktop/sdp-team-12/install/py_serial/share/py_serial/package.ps1'
[2.568s] INFO:colcon.colcon_core.shell:Creating package descriptor '/home/adam/Desktop/sdp-team-12/install/py_serial/share/py_serial/package.dsv'
[2.568s] INFO:colcon.colcon_core.shell:Creating package script '/home/adam/Desktop/sdp-team-12/install/py_serial/share/py_serial/package.sh'
[2.568s] INFO:colcon.colcon_core.shell:Creating package script '/home/adam/Desktop/sdp-team-12/install/py_serial/share/py_serial/package.bash'
[2.569s] INFO:colcon.colcon_core.shell:Creating package script '/home/adam/Desktop/sdp-team-12/install/py_serial/share/py_serial/package.zsh'
[2.569s] Level 1:colcon.colcon_core.environment:create_file_with_runtime_dependencies(/home/adam/Desktop/sdp-team-12/install/py_serial/share/colcon-core/packages/py_serial)
[2.570s] DEBUG:colcon.colcon_core.event_handler.log_command:Invoked command in '/home/adam/Desktop/sdp-team-12/py_img_stream' returned '0': PYTHONPATH=/home/adam/Desktop/sdp-team-12/build/py_img_stream/prefix_override:/home/adam/Desktop/sdp-team-12/install/py_img_stream/lib/python3.10/site-packages:${PYTHONPATH} /usr/bin/python3 setup.py egg_info --egg-base ../build/py_img_stream build --build-base /home/adam/Desktop/sdp-team-12/build/py_img_stream/build install --record /home/adam/Desktop/sdp-team-12/build/py_img_stream/install.log --single-version-externally-managed
[2.580s] Level 1:colcon.colcon_core.environment:checking '/home/adam/Desktop/sdp-team-12/install/py_img_stream' for CMake module files
[2.580s] Level 1:colcon.colcon_core.environment:checking '/home/adam/Desktop/sdp-team-12/install/py_img_stream' for CMake config files
[2.581s] Level 1:colcon.colcon_core.environment:checking '/home/adam/Desktop/sdp-team-12/install/py_img_stream/lib'
[2.581s] Level 1:colcon.colcon_core.environment:checking '/home/adam/Desktop/sdp-team-12/install/py_img_stream/bin'
[2.581s] Level 1:colcon.colcon_core.environment:checking '/home/adam/Desktop/sdp-team-12/install/py_img_stream/lib/pkgconfig/py_img_stream.pc'
[2.581s] Level 1:colcon.colcon_core.environment:checking '/home/adam/Desktop/sdp-team-12/install/py_img_stream/lib/python3.10/site-packages'
[2.581s] Level 1:colcon.colcon_core.shell:create_environment_hook('py_img_stream', 'pythonpath')
[2.592s] INFO:colcon.colcon_core.shell:Creating environment hook '/home/adam/Desktop/sdp-team-12/install/py_img_stream/share/py_img_stream/hook/pythonpath.ps1'
[2.592s] INFO:colcon.colcon_core.shell:Creating environment descriptor '/home/adam/Desktop/sdp-team-12/install/py_img_stream/share/py_img_stream/hook/pythonpath.dsv'
[2.592s] INFO:colcon.colcon_core.shell:Creating environment hook '/home/adam/Desktop/sdp-team-12/install/py_img_stream/share/py_img_stream/hook/pythonpath.sh'
[2.593s] Level 1:colcon.colcon_core.environment:checking '/home/adam/Desktop/sdp-team-12/install/py_img_stream/bin'
[2.593s] Level 1:colcon.colcon_core.environment:create_environment_scripts_only(py_img_stream)
[2.603s] INFO:colcon.colcon_core.shell:Creating package script '/home/adam/Desktop/sdp-team-12/install/py_img_stream/share/py_img_stream/package.ps1'
[2.603s] INFO:colcon.colcon_core.shell:Creating package descriptor '/home/adam/Desktop/sdp-team-12/install/py_img_stream/share/py_img_stream/package.dsv'
[2.604s] INFO:colcon.colcon_core.shell:Creating package script '/home/adam/Desktop/sdp-team-12/install/py_img_stream/share/py_img_stream/package.sh'
[2.604s] INFO:colcon.colcon_core.shell:Creating package script '/home/adam/Desktop/sdp-team-12/install/py_img_stream/share/py_img_stream/package.bash'
[2.604s] INFO:colcon.colcon_core.shell:Creating package script '/home/adam/Desktop/sdp-team-12/install/py_img_stream/share/py_img_stream/package.zsh'
[2.604s] Level 1:colcon.colcon_core.environment:create_file_with_runtime_dependencies(/home/adam/Desktop/sdp-team-12/install/py_img_stream/share/colcon-core/packages/py_img_stream)
[2.605s] DEBUG:colcon.colcon_parallel_executor.executor.parallel:closing loop
[2.605s] DEBUG:colcon.colcon_parallel_executor.executor.parallel:loop closed
[2.605s] DEBUG:colcon.colcon_parallel_executor.executor.parallel:run_until_complete finished with '0'
[2.605s] DEBUG:colcon.colcon_core.event_reactor:joining thread
[2.619s] INFO:colcon.colcon_core.plugin_system:Skipping extension 'colcon_notification.desktop_notification.terminal_notifier': Not used on non-Darwin systems
[2.619s] INFO:colcon.colcon_core.plugin_system:Skipping extension 'colcon_notification.desktop_notification.win32': Not used on non-Windows systems
[2.619s] INFO:colcon.colcon_notification.desktop_notification:Sending desktop notification using 'notify2'
[2.627s] DEBUG:colcon.colcon_core.event_reactor:joined thread
[2.638s] INFO:colcon.colcon_core.shell:Creating prefix script '/home/adam/Desktop/sdp-team-12/install/local_setup.ps1'
[2.639s] INFO:colcon.colcon_core.shell:Creating prefix util module '/home/adam/Desktop/sdp-team-12/install/_local_setup_util_ps1.py'
[2.640s] INFO:colcon.colcon_core.shell:Creating prefix chain script '/home/adam/Desktop/sdp-team-12/install/setup.ps1'
[2.651s] INFO:colcon.colcon_core.shell:Creating prefix script '/home/adam/Desktop/sdp-team-12/install/local_setup.sh'
[2.651s] INFO:colcon.colcon_core.shell:Creating prefix util module '/home/adam/Desktop/sdp-team-12/install/_local_setup_util_sh.py'
[2.652s] INFO:colcon.colcon_core.shell:Creating prefix chain script '/home/adam/Desktop/sdp-team-12/install/setup.sh'
[2.663s] INFO:colcon.colcon_core.shell:Creating prefix script '/home/adam/Desktop/sdp-team-12/install/local_setup.bash'
[2.663s] INFO:colcon.colcon_core.shell:Creating prefix chain script '/home/adam/Desktop/sdp-team-12/install/setup.bash'
[2.674s] INFO:colcon.colcon_core.shell:Creating prefix script '/home/adam/Desktop/sdp-team-12/install/local_setup.zsh'
[2.674s] INFO:colcon.colcon_core.shell:Creating prefix chain script '/home/adam/Desktop/sdp-team-12/install/setup.zsh'
