[0.217s] Invoking command in '/home/adam/Desktop/sdp-team-12/build/basic_mobile_robot': CMAKE_PREFIX_PATH=${CMAKE_PREFIX_PATH}:/home/adam/Desktop/sdp-team-12/install/py_serial:/home/adam/Desktop/sdp-team-12/install/py_img_stream:/home/adam/Desktop/sdp-team-12/install/navigator:/opt/ros/humble /usr/bin/cmake --build /home/adam/Desktop/sdp-team-12/build/basic_mobile_robot -- -j8 -l8
[0.678s] [ 33%] [32mBuilding CXX object CMakeFiles/lidar_odometry_node.dir/src/lidar_odometry_node.cpp.o[0m
[10.555s] [ 66%] [32m[1mLinking CXX executable lidar_odometry_node[0m
[11.827s] [100%] Built target lidar_odometry_node
[11.835s] Invoked command in '/home/adam/Desktop/sdp-team-12/build/basic_mobile_robot' returned '0': CMAKE_PREFIX_PATH=${CMAKE_PREFIX_PATH}:/home/adam/Desktop/sdp-team-12/install/py_serial:/home/adam/Desktop/sdp-team-12/install/py_img_stream:/home/adam/Desktop/sdp-team-12/install/navigator:/opt/ros/humble /usr/bin/cmake --build /home/adam/Desktop/sdp-team-12/build/basic_mobile_robot -- -j8 -l8
[11.863s] Invoking command in '/home/adam/Desktop/sdp-team-12/build/basic_mobile_robot': CMAKE_PREFIX_PATH=${CMAKE_PREFIX_PATH}:/home/adam/Desktop/sdp-team-12/install/py_serial:/home/adam/Desktop/sdp-team-12/install/py_img_stream:/home/adam/Desktop/sdp-team-12/install/navigator:/opt/ros/humble /usr/bin/cmake --install /home/adam/Desktop/sdp-team-12/build/basic_mobile_robot
[11.868s] -- Install configuration: ""
[11.869s] -- Up-to-date: /home/adam/Desktop/sdp-team-12/install/basic_mobile_robot/share/basic_mobile_robot/config
[11.869s] -- Up-to-date: /home/adam/Desktop/sdp-team-12/install/basic_mobile_robot/share/basic_mobile_robot/config/ekf2.yaml
[11.869s] -- Up-to-date: /home/adam/Desktop/sdp-team-12/install/basic_mobile_robot/share/basic_mobile_robot/config/doslam.yaml
[11.869s] -- Installing: /home/adam/Desktop/sdp-team-12/install/basic_mobile_robot/share/basic_mobile_robot/config/ekf.yaml
[11.869s] -- Up-to-date: /home/adam/Desktop/sdp-team-12/install/basic_mobile_robot/share/basic_mobile_robot/launch
[11.869s] -- Up-to-date: /home/adam/Desktop/sdp-team-12/install/basic_mobile_robot/share/basic_mobile_robot/launch/gazebo_simulator.launch.py
[11.869s] -- Up-to-date: /home/adam/Desktop/sdp-team-12/install/basic_mobile_robot/share/basic_mobile_robot/launch/lidar_config.launch.py
[11.869s] -- Up-to-date: /home/adam/Desktop/sdp-team-12/install/basic_mobile_robot/share/basic_mobile_robot/launch/urdf_visualizer.launch.py
[11.869s] -- Up-to-date: /home/adam/Desktop/sdp-team-12/install/basic_mobile_robot/share/basic_mobile_robot/launch/navigation_launch.py
[11.869s] -- Up-to-date: /home/adam/Desktop/sdp-team-12/install/basic_mobile_robot/share/basic_mobile_robot/launch/nav_simulated.launch.py
[11.870s] -- Up-to-date: /home/adam/Desktop/sdp-team-12/install/basic_mobile_robot/share/basic_mobile_robot/launch/slam.launch.py
[11.870s] -- Up-to-date: /home/adam/Desktop/sdp-team-12/install/basic_mobile_robot/share/basic_mobile_robot/launch/nav_physical.launch.py
[11.870s] -- Up-to-date: /home/adam/Desktop/sdp-team-12/install/basic_mobile_robot/share/basic_mobile_robot/launch/rplidar.launch.py
[11.870s] -- Up-to-date: /home/adam/Desktop/sdp-team-12/install/basic_mobile_robot/share/basic_mobile_robot/launch/sensor_fusion_odom.launch.py
[11.870s] -- Up-to-date: /home/adam/Desktop/sdp-team-12/install/basic_mobile_robot/share/basic_mobile_robot/meshes
[11.870s] -- Up-to-date: /home/adam/Desktop/sdp-team-12/install/basic_mobile_robot/share/basic_mobile_robot/meshes/elbow.stl
[11.870s] -- Up-to-date: /home/adam/Desktop/sdp-team-12/install/basic_mobile_robot/share/basic_mobile_robot/meshes/robot_base.stl
[11.870s] -- Up-to-date: /home/adam/Desktop/sdp-team-12/install/basic_mobile_robot/share/basic_mobile_robot/meshes/arm_base.stl
[11.870s] -- Up-to-date: /home/adam/Desktop/sdp-team-12/install/basic_mobile_robot/share/basic_mobile_robot/meshes/wrist.stl
[11.870s] -- Up-to-date: /home/adam/Desktop/sdp-team-12/install/basic_mobile_robot/share/basic_mobile_robot/meshes/wheel.stl
[11.870s] -- Up-to-date: /home/adam/Desktop/sdp-team-12/install/basic_mobile_robot/share/basic_mobile_robot/meshes/bicep.stl
[11.870s] -- Up-to-date: /home/adam/Desktop/sdp-team-12/install/basic_mobile_robot/share/basic_mobile_robot/maps
[11.871s] -- Up-to-date: /home/adam/Desktop/sdp-team-12/install/basic_mobile_robot/share/basic_mobile_robot/maps/smalltown_world.yaml
[11.871s] -- Up-to-date: /home/adam/Desktop/sdp-team-12/install/basic_mobile_robot/share/basic_mobile_robot/maps/slam_map.pgm
[11.871s] -- Up-to-date: /home/adam/Desktop/sdp-team-12/install/basic_mobile_robot/share/basic_mobile_robot/maps/generated_map.yaml
[11.871s] -- Up-to-date: /home/adam/Desktop/sdp-team-12/install/basic_mobile_robot/share/basic_mobile_robot/maps/generated_map.pgm
[11.871s] -- Up-to-date: /home/adam/Desktop/sdp-team-12/install/basic_mobile_robot/share/basic_mobile_robot/maps/slam_map.yaml
[11.871s] -- Up-to-date: /home/adam/Desktop/sdp-team-12/install/basic_mobile_robot/share/basic_mobile_robot/maps/smalltown_world.pgm
[11.871s] -- Up-to-date: /home/adam/Desktop/sdp-team-12/install/basic_mobile_robot/share/basic_mobile_robot/models
[11.871s] -- Up-to-date: /home/adam/Desktop/sdp-team-12/install/basic_mobile_robot/share/basic_mobile_robot/models/robo_holly.urdf
[11.871s] -- Up-to-date: /home/adam/Desktop/sdp-team-12/install/basic_mobile_robot/share/basic_mobile_robot/models/basic_mobile_bot_v2.urdf
[11.871s] -- Up-to-date: /home/adam/Desktop/sdp-team-12/install/basic_mobile_robot/share/basic_mobile_robot/models/basic_mobile_bot_v1.urdf
[11.871s] -- Up-to-date: /home/adam/Desktop/sdp-team-12/install/basic_mobile_robot/share/basic_mobile_robot/models/basic_mobile_bot_description
[11.871s] -- Up-to-date: /home/adam/Desktop/sdp-team-12/install/basic_mobile_robot/share/basic_mobile_robot/models/basic_mobile_bot_description/meshes
[11.872s] -- Up-to-date: /home/adam/Desktop/sdp-team-12/install/basic_mobile_robot/share/basic_mobile_robot/models/basic_mobile_bot_description/meshes/elbow.stl
[11.872s] -- Up-to-date: /home/adam/Desktop/sdp-team-12/install/basic_mobile_robot/share/basic_mobile_robot/models/basic_mobile_bot_description/meshes/robot_base.stl
[11.872s] -- Up-to-date: /home/adam/Desktop/sdp-team-12/install/basic_mobile_robot/share/basic_mobile_robot/models/basic_mobile_bot_description/meshes/arm_base.stl
[11.872s] -- Up-to-date: /home/adam/Desktop/sdp-team-12/install/basic_mobile_robot/share/basic_mobile_robot/models/basic_mobile_bot_description/meshes/wrist.stl
[11.872s] -- Up-to-date: /home/adam/Desktop/sdp-team-12/install/basic_mobile_robot/share/basic_mobile_robot/models/basic_mobile_bot_description/meshes/wheel.stl
[11.872s] -- Up-to-date: /home/adam/Desktop/sdp-team-12/install/basic_mobile_robot/share/basic_mobile_robot/models/basic_mobile_bot_description/meshes/bicep.stl
[11.872s] -- Up-to-date: /home/adam/Desktop/sdp-team-12/install/basic_mobile_robot/share/basic_mobile_robot/models/basic_mobile_bot_description/holly_model.sdf
[11.872s] -- Up-to-date: /home/adam/Desktop/sdp-team-12/install/basic_mobile_robot/share/basic_mobile_robot/models/basic_mobile_bot_description/model.config
[11.872s] -- Up-to-date: /home/adam/Desktop/sdp-team-12/install/basic_mobile_robot/share/basic_mobile_robot/models/basic_mobile_bot_description/model.sdf
[11.872s] -- Up-to-date: /home/adam/Desktop/sdp-team-12/install/basic_mobile_robot/share/basic_mobile_robot/params
[11.872s] -- Up-to-date: /home/adam/Desktop/sdp-team-12/install/basic_mobile_robot/share/basic_mobile_robot/params/nav2_params.yaml
[11.873s] -- Up-to-date: /home/adam/Desktop/sdp-team-12/install/basic_mobile_robot/share/basic_mobile_robot/rviz
[11.873s] -- Up-to-date: /home/adam/Desktop/sdp-team-12/install/basic_mobile_robot/share/basic_mobile_robot/rviz/urdf_config.rviz
[11.873s] -- Up-to-date: /home/adam/Desktop/sdp-team-12/install/basic_mobile_robot/share/basic_mobile_robot/rviz/nav2_config.rviz
[11.873s] -- Up-to-date: /home/adam/Desktop/sdp-team-12/install/basic_mobile_robot/share/basic_mobile_robot/rviz/holly_nav.rviz
[11.873s] -- Up-to-date: /home/adam/Desktop/sdp-team-12/install/basic_mobile_robot/share/basic_mobile_robot/rviz/holly.rviz
[11.873s] -- Up-to-date: /home/adam/Desktop/sdp-team-12/install/basic_mobile_robot/share/basic_mobile_robot/worlds
[11.873s] -- Up-to-date: /home/adam/Desktop/sdp-team-12/install/basic_mobile_robot/share/basic_mobile_robot/worlds/basic_mobile_bot_world
[11.873s] -- Up-to-date: /home/adam/Desktop/sdp-team-12/install/basic_mobile_robot/share/basic_mobile_robot/worlds/basic_mobile_bot_world/empty.world
[11.873s] -- Up-to-date: /home/adam/Desktop/sdp-team-12/install/basic_mobile_robot/share/basic_mobile_robot/worlds/basic_mobile_bot_world/smalltown.world
[11.873s] -- Up-to-date: /home/adam/Desktop/sdp-team-12/install/basic_mobile_robot/share/basic_mobile_robot/src
[11.873s] -- Installing: /home/adam/Desktop/sdp-team-12/install/basic_mobile_robot/share/basic_mobile_robot/src/lidar_odometry_node.cpp
[11.873s] -- Up-to-date: /home/adam/Desktop/sdp-team-12/install/basic_mobile_robot/share/basic_mobile_robot/src/lidar_odometry.cpp
[11.874s] -- Installing: /home/adam/Desktop/sdp-team-12/install/basic_mobile_robot/lib/basic_mobile_robot/lidar_odometry_node
[11.877s] -- Set runtime path of "/home/adam/Desktop/sdp-team-12/install/basic_mobile_robot/lib/basic_mobile_robot/lidar_odometry_node" to ""
[11.878s] -- Up-to-date: /home/adam/Desktop/sdp-team-12/install/basic_mobile_robot/share/ament_index/resource_index/package_run_dependencies/basic_mobile_robot
[11.878s] -- Up-to-date: /home/adam/Desktop/sdp-team-12/install/basic_mobile_robot/share/ament_index/resource_index/parent_prefix_path/basic_mobile_robot
[11.878s] -- Up-to-date: /home/adam/Desktop/sdp-team-12/install/basic_mobile_robot/share/basic_mobile_robot/environment/ament_prefix_path.sh
[11.878s] -- Up-to-date: /home/adam/Desktop/sdp-team-12/install/basic_mobile_robot/share/basic_mobile_robot/environment/ament_prefix_path.dsv
[11.878s] -- Up-to-date: /home/adam/Desktop/sdp-team-12/install/basic_mobile_robot/share/basic_mobile_robot/environment/path.sh
[11.878s] -- Up-to-date: /home/adam/Desktop/sdp-team-12/install/basic_mobile_robot/share/basic_mobile_robot/environment/path.dsv
[11.878s] -- Up-to-date: /home/adam/Desktop/sdp-team-12/install/basic_mobile_robot/share/basic_mobile_robot/local_setup.bash
[11.878s] -- Up-to-date: /home/adam/Desktop/sdp-team-12/install/basic_mobile_robot/share/basic_mobile_robot/local_setup.sh
[11.878s] -- Up-to-date: /home/adam/Desktop/sdp-team-12/install/basic_mobile_robot/share/basic_mobile_robot/local_setup.zsh
[11.878s] -- Up-to-date: /home/adam/Desktop/sdp-team-12/install/basic_mobile_robot/share/basic_mobile_robot/local_setup.dsv
[11.878s] -- Installing: /home/adam/Desktop/sdp-team-12/install/basic_mobile_robot/share/basic_mobile_robot/package.dsv
[11.878s] -- Up-to-date: /home/adam/Desktop/sdp-team-12/install/basic_mobile_robot/share/ament_index/resource_index/packages/basic_mobile_robot
[11.878s] -- Up-to-date: /home/adam/Desktop/sdp-team-12/install/basic_mobile_robot/share/basic_mobile_robot/cmake/basic_mobile_robotConfig.cmake
[11.878s] -- Up-to-date: /home/adam/Desktop/sdp-team-12/install/basic_mobile_robot/share/basic_mobile_robot/cmake/basic_mobile_robotConfig-version.cmake
[11.879s] -- Up-to-date: /home/adam/Desktop/sdp-team-12/install/basic_mobile_robot/share/basic_mobile_robot/package.xml
[11.879s] Invoked command in '/home/adam/Desktop/sdp-team-12/build/basic_mobile_robot' returned '0': CMAKE_PREFIX_PATH=${CMAKE_PREFIX_PATH}:/home/adam/Desktop/sdp-team-12/install/py_serial:/home/adam/Desktop/sdp-team-12/install/py_img_stream:/home/adam/Desktop/sdp-team-12/install/navigator:/opt/ros/humble /usr/bin/cmake --install /home/adam/Desktop/sdp-team-12/build/basic_mobile_robot
