running egg_info
creating ../build/navigator/navigator.egg-info
writing ../build/navigator/navigator.egg-info/PKG-INFO
writing dependency_links to ../build/navigator/navigator.egg-info/dependency_links.txt
writing entry points to ../build/navigator/navigator.egg-info/entry_points.txt
writing requirements to ../build/navigator/navigator.egg-info/requires.txt
writing top-level names to ../build/navigator/navigator.egg-info/top_level.txt
writing manifest file '../build/navigator/navigator.egg-info/SOURCES.txt'
reading manifest file '../build/navigator/navigator.egg-info/SOURCES.txt'
writing manifest file '../build/navigator/navigator.egg-info/SOURCES.txt'
running build
running build_py
creating /home/adam/Desktop/sdp-team-12/build/navigator/build
creating /home/adam/Desktop/sdp-team-12/build/navigator/build/lib
creating /home/adam/Desktop/sdp-team-12/build/navigator/build/lib/navigator
copying navigator/__init__.py -> /home/adam/Desktop/sdp-team-12/build/navigator/build/lib/navigator
copying navigator/test_pynput.py -> /home/adam/Desktop/sdp-team-12/build/navigator/build/lib/navigator
copying navigator/coord_pub_test.py -> /home/adam/Desktop/sdp-team-12/build/navigator/build/lib/navigator
copying navigator/keyboard_teleop.py -> /home/adam/Desktop/sdp-team-12/build/navigator/build/lib/navigator
copying navigator/odom_pub.py -> /home/adam/Desktop/sdp-team-12/build/navigator/build/lib/navigator
copying navigator/cmd_vel_sub.py -> /home/adam/Desktop/sdp-team-12/build/navigator/build/lib/navigator
copying navigator/nav2pose.py -> /home/adam/Desktop/sdp-team-12/build/navigator/build/lib/navigator
running install
/usr/lib/python3/dist-packages/setuptools/command/install.py:34: SetuptoolsDeprecationWarning: setup.py install is deprecated. Use build and pip and other standards-based tools.
  warnings.warn(
running install_lib
creating /home/adam/Desktop/sdp-team-12/install/navigator/lib/python3.10/site-packages/navigator
copying /home/adam/Desktop/sdp-team-12/build/navigator/build/lib/navigator/__init__.py -> /home/adam/Desktop/sdp-team-12/install/navigator/lib/python3.10/site-packages/navigator
copying /home/adam/Desktop/sdp-team-12/build/navigator/build/lib/navigator/test_pynput.py -> /home/adam/Desktop/sdp-team-12/install/navigator/lib/python3.10/site-packages/navigator
copying /home/adam/Desktop/sdp-team-12/build/navigator/build/lib/navigator/coord_pub_test.py -> /home/adam/Desktop/sdp-team-12/install/navigator/lib/python3.10/site-packages/navigator
copying /home/adam/Desktop/sdp-team-12/build/navigator/build/lib/navigator/keyboard_teleop.py -> /home/adam/Desktop/sdp-team-12/install/navigator/lib/python3.10/site-packages/navigator
copying /home/adam/Desktop/sdp-team-12/build/navigator/build/lib/navigator/odom_pub.py -> /home/adam/Desktop/sdp-team-12/install/navigator/lib/python3.10/site-packages/navigator
copying /home/adam/Desktop/sdp-team-12/build/navigator/build/lib/navigator/cmd_vel_sub.py -> /home/adam/Desktop/sdp-team-12/install/navigator/lib/python3.10/site-packages/navigator
copying /home/adam/Desktop/sdp-team-12/build/navigator/build/lib/navigator/nav2pose.py -> /home/adam/Desktop/sdp-team-12/install/navigator/lib/python3.10/site-packages/navigator
byte-compiling /home/adam/Desktop/sdp-team-12/install/navigator/lib/python3.10/site-packages/navigator/__init__.py to __init__.cpython-310.pyc
byte-compiling /home/adam/Desktop/sdp-team-12/install/navigator/lib/python3.10/site-packages/navigator/test_pynput.py to test_pynput.cpython-310.pyc
byte-compiling /home/adam/Desktop/sdp-team-12/install/navigator/lib/python3.10/site-packages/navigator/coord_pub_test.py to coord_pub_test.cpython-310.pyc
byte-compiling /home/adam/Desktop/sdp-team-12/install/navigator/lib/python3.10/site-packages/navigator/keyboard_teleop.py to keyboard_teleop.cpython-310.pyc
byte-compiling /home/adam/Desktop/sdp-team-12/install/navigator/lib/python3.10/site-packages/navigator/odom_pub.py to odom_pub.cpython-310.pyc
byte-compiling /home/adam/Desktop/sdp-team-12/install/navigator/lib/python3.10/site-packages/navigator/cmd_vel_sub.py to cmd_vel_sub.cpython-310.pyc
byte-compiling /home/adam/Desktop/sdp-team-12/install/navigator/lib/python3.10/site-packages/navigator/nav2pose.py to nav2pose.cpython-310.pyc
running install_data
creating /home/adam/Desktop/sdp-team-12/install/navigator/share/ament_index
creating /home/adam/Desktop/sdp-team-12/install/navigator/share/ament_index/resource_index
creating /home/adam/Desktop/sdp-team-12/install/navigator/share/ament_index/resource_index/packages
copying resource/navigator -> /home/adam/Desktop/sdp-team-12/install/navigator/share/ament_index/resource_index/packages
copying package.xml -> /home/adam/Desktop/sdp-team-12/install/navigator/share/navigator
running install_egg_info
Copying ../build/navigator/navigator.egg-info to /home/adam/Desktop/sdp-team-12/install/navigator/lib/python3.10/site-packages/navigator-0.0.0-py3.10.egg-info
running install_scripts
Installing cmdvelsub script to /home/adam/Desktop/sdp-team-12/install/navigator/lib/navigator
Installing coordpub script to /home/adam/Desktop/sdp-team-12/install/navigator/lib/navigator
Installing keyboard script to /home/adam/Desktop/sdp-team-12/install/navigator/lib/navigator
Installing nav2pose script to /home/adam/Desktop/sdp-team-12/install/navigator/lib/navigator
writing list of installed files to '/home/adam/Desktop/sdp-team-12/build/navigator/install.log'
