[3.742s] Invoking command in '/mnt/e/UMass_Amherst/SDP/sdp-team-12/navigation': PYTHONPATH=/mnt/e/UMass_Amherst/SDP/sdp-team-12/build/navigation/prefix_override:/mnt/e/UMass_Amherst/SDP/sdp-team-12/install/navigation/lib/python3.10/site-packages:${PYTHONPATH} /usr/bin/python3 setup.py egg_info --egg-base ../build/navigation build --build-base /mnt/e/UMass_Amherst/SDP/sdp-team-12/build/navigation/build install --record /mnt/e/UMass_Amherst/SDP/sdp-team-12/build/navigation/install.log --single-version-externally-managed
[5.550s] running egg_info
[5.565s] writing ../build/navigation/navigation.egg-info/PKG-INFO
[5.587s] writing dependency_links to ../build/navigation/navigation.egg-info/dependency_links.txt
[5.610s] writing entry points to ../build/navigation/navigation.egg-info/entry_points.txt
[5.628s] writing requirements to ../build/navigation/navigation.egg-info/requires.txt
[5.641s] writing top-level names to ../build/navigation/navigation.egg-info/top_level.txt
[5.736s] reading manifest file '../build/navigation/navigation.egg-info/SOURCES.txt'
[5.978s] writing manifest file '../build/navigation/navigation.egg-info/SOURCES.txt'
[6.069s] running build
[6.071s] running build_py
[6.124s] running install
[6.163s] /usr/lib/python3/dist-packages/setuptools/command/install.py:34: SetuptoolsDeprecationWarning: setup.py install is deprecated. Use build and pip and other standards-based tools.
[6.167s]   warnings.warn(
[6.169s] running install_lib
[6.337s] running install_data
[6.418s] running install_egg_info
[6.448s] removing '/mnt/e/UMass_Amherst/SDP/sdp-team-12/install/navigation/lib/python3.10/site-packages/navigation-0.0.0-py3.10.egg-info' (and everything under it)
[6.827s] Copying ../build/navigation/navigation.egg-info to /mnt/e/UMass_Amherst/SDP/sdp-team-12/install/navigation/lib/python3.10/site-packages/navigation-0.0.0-py3.10.egg-info
[7.635s] running install_scripts
[7.791s] writing list of installed files to '/mnt/e/UMass_Amherst/SDP/sdp-team-12/build/navigation/install.log'
[7.829s] Invoked command in '/mnt/e/UMass_Amherst/SDP/sdp-team-12/navigation' returned '0': PYTHONPATH=/mnt/e/UMass_Amherst/SDP/sdp-team-12/build/navigation/prefix_override:/mnt/e/UMass_Amherst/SDP/sdp-team-12/install/navigation/lib/python3.10/site-packages:${PYTHONPATH} /usr/bin/python3 setup.py egg_info --egg-base ../build/navigation build --build-base /mnt/e/UMass_Amherst/SDP/sdp-team-12/build/navigation/build install --record /mnt/e/UMass_Amherst/SDP/sdp-team-12/build/navigation/install.log --single-version-externally-managed
