[0.637s] DEBUG:colcon:Command line arguments: ['/usr/bin/colcon', 'build']
[0.638s] DEBUG:colcon:Parsed command line arguments: Namespace(log_base=None, log_level=None, verb_name='build', build_base='build', install_base='install', merge_install=False, symlink_install=False, test_result_base=None, continue_on_error=False, executor='parallel', parallel_workers=8, event_handlers=None, ignore_user_meta=False, metas=['./colcon.meta'], base_paths=['.'], packages_ignore=None, packages_ignore_regex=None, paths=None, packages_up_to=None, packages_up_to_regex=None, packages_above=None, packages_above_and_dependencies=None, packages_above_depth=None, packages_select_by_dep=None, packages_skip_by_dep=None, packages_skip_up_to=None, packages_select_build_failed=False, packages_skip_build_finished=False, packages_select_test_failures=False, packages_skip_test_passed=False, packages_select=None, packages_skip=None, packages_select_regex=None, packages_skip_regex=None, packages_start=None, packages_end=None, allow_overriding=[], cmake_args=None, cmake_target=None, cmake_target_skip_unavailable=False, cmake_clean_cache=False, cmake_clean_first=False, cmake_force_configure=False, ament_cmake_args=None, catkin_cmake_args=None, catkin_skip_building_tests=False, verb_parser=<colcon_defaults.argument_parser.defaults.DefaultArgumentsDecorator object at 0x7f0d77e69d80>, verb_extension=<colcon_core.verb.build.BuildVerb object at 0x7f0d77e6a0e0>, main=<bound method BuildVerb.main of <colcon_core.verb.build.BuildVerb object at 0x7f0d77e6a0e0>>)
[0.668s] Level 1:colcon.colcon_core.package_discovery:discover_packages(colcon_meta) check parameters
[0.668s] Level 1:colcon.colcon_core.package_discovery:discover_packages(recursive) check parameters
[0.668s] Level 1:colcon.colcon_core.package_discovery:discover_packages(ignore) check parameters
[0.668s] Level 1:colcon.colcon_core.package_discovery:discover_packages(path) check parameters
[0.668s] Level 1:colcon.colcon_core.package_discovery:discover_packages(colcon_meta) discover
[0.668s] Level 1:colcon.colcon_core.package_discovery:discover_packages(recursive) discover
[0.668s] INFO:colcon.colcon_core.package_discovery:Crawling recursively for packages in '/home/adam/Desktop/sdp-team-12'
[0.668s] Level 1:colcon.colcon_core.package_identification:_identify(.) by extensions ['ignore', 'ignore_ament_install']
[0.668s] Level 1:colcon.colcon_core.package_identification:_identify(.) by extension 'ignore'
[0.668s] Level 1:colcon.colcon_core.package_identification:_identify(.) by extension 'ignore_ament_install'
[0.668s] Level 1:colcon.colcon_core.package_identification:_identify(.) by extensions ['colcon_pkg']
[0.668s] Level 1:colcon.colcon_core.package_identification:_identify(.) by extension 'colcon_pkg'
[0.668s] Level 1:colcon.colcon_core.package_identification:_identify(.) by extensions ['colcon_meta']
[0.668s] Level 1:colcon.colcon_core.package_identification:_identify(.) by extension 'colcon_meta'
[0.668s] Level 1:colcon.colcon_core.package_identification:_identify(.) by extensions ['ros']
[0.668s] Level 1:colcon.colcon_core.package_identification:_identify(.) by extension 'ros'
[0.675s] Level 1:colcon.colcon_core.package_identification:_identify(.) by extensions ['cmake', 'python']
[0.676s] Level 1:colcon.colcon_core.package_identification:_identify(.) by extension 'cmake'
[0.676s] Level 1:colcon.colcon_core.package_identification:_identify(.) by extension 'python'
[0.676s] Level 1:colcon.colcon_core.package_identification:_identify(.) by extensions ['python_setup_py']
[0.676s] Level 1:colcon.colcon_core.package_identification:_identify(.) by extension 'python_setup_py'
[0.676s] Level 1:colcon.colcon_core.package_identification:_identify(basic_mobile_robot) by extensions ['ignore', 'ignore_ament_install']
[0.676s] Level 1:colcon.colcon_core.package_identification:_identify(basic_mobile_robot) by extension 'ignore'
[0.676s] Level 1:colcon.colcon_core.package_identification:_identify(basic_mobile_robot) by extension 'ignore_ament_install'
[0.676s] Level 1:colcon.colcon_core.package_identification:_identify(basic_mobile_robot) by extensions ['colcon_pkg']
[0.676s] Level 1:colcon.colcon_core.package_identification:_identify(basic_mobile_robot) by extension 'colcon_pkg'
[0.676s] Level 1:colcon.colcon_core.package_identification:_identify(basic_mobile_robot) by extensions ['colcon_meta']
[0.676s] Level 1:colcon.colcon_core.package_identification:_identify(basic_mobile_robot) by extension 'colcon_meta'
[0.676s] Level 1:colcon.colcon_core.package_identification:_identify(basic_mobile_robot) by extensions ['ros']
[0.676s] Level 1:colcon.colcon_core.package_identification:_identify(basic_mobile_robot) by extension 'ros'
[0.678s] DEBUG:colcon.colcon_core.package_identification:Package 'basic_mobile_robot' with type 'ros.ament_cmake' and name 'basic_mobile_robot'
[0.678s] Level 1:colcon.colcon_core.package_identification:_identify(build) by extensions ['ignore', 'ignore_ament_install']
[0.678s] Level 1:colcon.colcon_core.package_identification:_identify(build) by extension 'ignore'
[0.678s] Level 1:colcon.colcon_core.package_identification:_identify(build) ignored
[0.678s] Level 1:colcon.colcon_core.package_identification:_identify(install) by extensions ['ignore', 'ignore_ament_install']
[0.678s] Level 1:colcon.colcon_core.package_identification:_identify(install) by extension 'ignore'
[0.678s] Level 1:colcon.colcon_core.package_identification:_identify(install) ignored
[0.678s] Level 1:colcon.colcon_core.package_identification:_identify(log) by extensions ['ignore', 'ignore_ament_install']
[0.678s] Level 1:colcon.colcon_core.package_identification:_identify(log) by extension 'ignore'
[0.678s] Level 1:colcon.colcon_core.package_identification:_identify(log) ignored
[0.678s] Level 1:colcon.colcon_core.package_identification:_identify(navigator) by extensions ['ignore', 'ignore_ament_install']
[0.678s] Level 1:colcon.colcon_core.package_identification:_identify(navigator) by extension 'ignore'
[0.679s] Level 1:colcon.colcon_core.package_identification:_identify(navigator) by extension 'ignore_ament_install'
[0.679s] Level 1:colcon.colcon_core.package_identification:_identify(navigator) by extensions ['colcon_pkg']
[0.679s] Level 1:colcon.colcon_core.package_identification:_identify(navigator) by extension 'colcon_pkg'
[0.679s] Level 1:colcon.colcon_core.package_identification:_identify(navigator) by extensions ['colcon_meta']
[0.679s] Level 1:colcon.colcon_core.package_identification:_identify(navigator) by extension 'colcon_meta'
[0.679s] Level 1:colcon.colcon_core.package_identification:_identify(navigator) by extensions ['ros']
[0.679s] Level 1:colcon.colcon_core.package_identification:_identify(navigator) by extension 'ros'
[0.679s] DEBUG:colcon.colcon_core.package_identification:Package 'navigator' with type 'ros.ament_python' and name 'navigator'
[0.679s] Level 1:colcon.colcon_core.package_identification:_identify(sllidar_ros2) by extensions ['ignore', 'ignore_ament_install']
[0.679s] Level 1:colcon.colcon_core.package_identification:_identify(sllidar_ros2) by extension 'ignore'
[0.679s] Level 1:colcon.colcon_core.package_identification:_identify(sllidar_ros2) by extension 'ignore_ament_install'
[0.679s] Level 1:colcon.colcon_core.package_identification:_identify(sllidar_ros2) by extensions ['colcon_pkg']
[0.679s] Level 1:colcon.colcon_core.package_identification:_identify(sllidar_ros2) by extension 'colcon_pkg'
[0.679s] Level 1:colcon.colcon_core.package_identification:_identify(sllidar_ros2) by extensions ['colcon_meta']
[0.679s] Level 1:colcon.colcon_core.package_identification:_identify(sllidar_ros2) by extension 'colcon_meta'
[0.679s] Level 1:colcon.colcon_core.package_identification:_identify(sllidar_ros2) by extensions ['ros']
[0.679s] Level 1:colcon.colcon_core.package_identification:_identify(sllidar_ros2) by extension 'ros'
[0.680s] DEBUG:colcon.colcon_core.package_identification:Package 'sllidar_ros2' with type 'ros.ament_cmake' and name 'sllidar_ros2'
[0.680s] Level 1:colcon.colcon_core.package_discovery:discover_packages(recursive) using defaults
[0.680s] Level 1:colcon.colcon_core.package_discovery:discover_packages(ignore) discover
[0.680s] Level 1:colcon.colcon_core.package_discovery:discover_packages(ignore) using defaults
[0.680s] Level 1:colcon.colcon_core.package_discovery:discover_packages(path) discover
[0.680s] Level 1:colcon.colcon_core.package_discovery:discover_packages(path) using defaults
[0.740s] Level 1:colcon.colcon_core.package_discovery:discover_packages(prefix_path) check parameters
[0.740s] Level 1:colcon.colcon_core.package_discovery:discover_packages(prefix_path) discover
[0.759s] DEBUG:colcon.colcon_installed_package_information.package_discovery:Found 3 installed packages in /home/adam/Desktop/sdp-team-12/install
[0.769s] DEBUG:colcon.colcon_installed_package_information.package_discovery:Found 388 installed packages in /opt/ros/humble
[0.770s] Level 1:colcon.colcon_core.package_discovery:discover_packages(prefix_path) using defaults
[0.845s] Level 5:colcon.colcon_core.verb:set package 'basic_mobile_robot' build argument 'cmake_args' from command line to 'None'
[0.845s] Level 5:colcon.colcon_core.verb:set package 'basic_mobile_robot' build argument 'cmake_target' from command line to 'None'
[0.845s] Level 5:colcon.colcon_core.verb:set package 'basic_mobile_robot' build argument 'cmake_target_skip_unavailable' from command line to 'False'
[0.845s] Level 5:colcon.colcon_core.verb:set package 'basic_mobile_robot' build argument 'cmake_clean_cache' from command line to 'False'
[0.845s] Level 5:colcon.colcon_core.verb:set package 'basic_mobile_robot' build argument 'cmake_clean_first' from command line to 'False'
[0.845s] Level 5:colcon.colcon_core.verb:set package 'basic_mobile_robot' build argument 'cmake_force_configure' from command line to 'False'
[0.845s] Level 5:colcon.colcon_core.verb:set package 'basic_mobile_robot' build argument 'ament_cmake_args' from command line to 'None'
[0.845s] Level 5:colcon.colcon_core.verb:set package 'basic_mobile_robot' build argument 'catkin_cmake_args' from command line to 'None'
[0.845s] Level 5:colcon.colcon_core.verb:set package 'basic_mobile_robot' build argument 'catkin_skip_building_tests' from command line to 'False'
[0.845s] DEBUG:colcon.colcon_core.verb:Building package 'basic_mobile_robot' with the following arguments: {'ament_cmake_args': None, 'build_base': '/home/adam/Desktop/sdp-team-12/build/basic_mobile_robot', 'catkin_cmake_args': None, 'catkin_skip_building_tests': False, 'cmake_args': None, 'cmake_clean_cache': False, 'cmake_clean_first': False, 'cmake_force_configure': False, 'cmake_target': None, 'cmake_target_skip_unavailable': False, 'install_base': '/home/adam/Desktop/sdp-team-12/install/basic_mobile_robot', 'merge_install': False, 'path': '/home/adam/Desktop/sdp-team-12/basic_mobile_robot', 'symlink_install': False, 'test_result_base': None}
[0.855s] Level 5:colcon.colcon_core.verb:set package 'navigator' build argument 'cmake_args' from command line to 'None'
[0.855s] Level 5:colcon.colcon_core.verb:set package 'navigator' build argument 'cmake_target' from command line to 'None'
[0.855s] Level 5:colcon.colcon_core.verb:set package 'navigator' build argument 'cmake_target_skip_unavailable' from command line to 'False'
[0.855s] Level 5:colcon.colcon_core.verb:set package 'navigator' build argument 'cmake_clean_cache' from command line to 'False'
[0.855s] Level 5:colcon.colcon_core.verb:set package 'navigator' build argument 'cmake_clean_first' from command line to 'False'
[0.855s] Level 5:colcon.colcon_core.verb:set package 'navigator' build argument 'cmake_force_configure' from command line to 'False'
[0.855s] Level 5:colcon.colcon_core.verb:set package 'navigator' build argument 'ament_cmake_args' from command line to 'None'
[0.855s] Level 5:colcon.colcon_core.verb:set package 'navigator' build argument 'catkin_cmake_args' from command line to 'None'
[0.855s] Level 5:colcon.colcon_core.verb:set package 'navigator' build argument 'catkin_skip_building_tests' from command line to 'False'
[0.855s] DEBUG:colcon.colcon_core.verb:Building package 'navigator' with the following arguments: {'ament_cmake_args': None, 'build_base': '/home/adam/Desktop/sdp-team-12/build/navigator', 'catkin_cmake_args': None, 'catkin_skip_building_tests': False, 'cmake_args': None, 'cmake_clean_cache': False, 'cmake_clean_first': False, 'cmake_force_configure': False, 'cmake_target': None, 'cmake_target_skip_unavailable': False, 'install_base': '/home/adam/Desktop/sdp-team-12/install/navigator', 'merge_install': False, 'path': '/home/adam/Desktop/sdp-team-12/navigator', 'symlink_install': False, 'test_result_base': None}
[0.864s] Level 5:colcon.colcon_core.verb:set package 'sllidar_ros2' build argument 'cmake_args' from command line to 'None'
[0.864s] Level 5:colcon.colcon_core.verb:set package 'sllidar_ros2' build argument 'cmake_target' from command line to 'None'
[0.864s] Level 5:colcon.colcon_core.verb:set package 'sllidar_ros2' build argument 'cmake_target_skip_unavailable' from command line to 'False'
[0.864s] Level 5:colcon.colcon_core.verb:set package 'sllidar_ros2' build argument 'cmake_clean_cache' from command line to 'False'
[0.864s] Level 5:colcon.colcon_core.verb:set package 'sllidar_ros2' build argument 'cmake_clean_first' from command line to 'False'
[0.864s] Level 5:colcon.colcon_core.verb:set package 'sllidar_ros2' build argument 'cmake_force_configure' from command line to 'False'
[0.864s] Level 5:colcon.colcon_core.verb:set package 'sllidar_ros2' build argument 'ament_cmake_args' from command line to 'None'
[0.864s] Level 5:colcon.colcon_core.verb:set package 'sllidar_ros2' build argument 'catkin_cmake_args' from command line to 'None'
[0.864s] Level 5:colcon.colcon_core.verb:set package 'sllidar_ros2' build argument 'catkin_skip_building_tests' from command line to 'False'
[0.864s] DEBUG:colcon.colcon_core.verb:Building package 'sllidar_ros2' with the following arguments: {'ament_cmake_args': None, 'build_base': '/home/adam/Desktop/sdp-team-12/build/sllidar_ros2', 'catkin_cmake_args': None, 'catkin_skip_building_tests': False, 'cmake_args': None, 'cmake_clean_cache': False, 'cmake_clean_first': False, 'cmake_force_configure': False, 'cmake_target': None, 'cmake_target_skip_unavailable': False, 'install_base': '/home/adam/Desktop/sdp-team-12/install/sllidar_ros2', 'merge_install': False, 'path': '/home/adam/Desktop/sdp-team-12/sllidar_ros2', 'symlink_install': False, 'test_result_base': None}
[0.873s] INFO:colcon.colcon_core.executor:Executing jobs using 'parallel' executor
[0.883s] DEBUG:colcon.colcon_parallel_executor.executor.parallel:run_until_complete
[0.883s] INFO:colcon.colcon_ros.task.ament_cmake.build:Building ROS package in '/home/adam/Desktop/sdp-team-12/basic_mobile_robot' with build type 'ament_cmake'
[0.883s] INFO:colcon.colcon_cmake.task.cmake.build:Building CMake package in '/home/adam/Desktop/sdp-team-12/basic_mobile_robot'
[0.894s] INFO:colcon.colcon_core.plugin_system:Skipping extension 'colcon_core.shell.bat': Not used on non-Windows systems
[0.894s] INFO:colcon.colcon_core.shell:Skip shell extension 'powershell' for command environment: Not usable outside of PowerShell
[0.894s] DEBUG:colcon.colcon_core.shell:Skip shell extension 'dsv' for command environment
[0.925s] INFO:colcon.colcon_ros.task.ament_python.build:Building ROS package in '/home/adam/Desktop/sdp-team-12/navigator' with build type 'ament_python'
[0.925s] Level 1:colcon.colcon_core.shell:create_environment_hook('navigator', 'ament_prefix_path')
[0.936s] INFO:colcon.colcon_core.shell:Creating environment hook '/home/adam/Desktop/sdp-team-12/install/navigator/share/navigator/hook/ament_prefix_path.ps1'
[0.936s] INFO:colcon.colcon_core.shell:Creating environment descriptor '/home/adam/Desktop/sdp-team-12/install/navigator/share/navigator/hook/ament_prefix_path.dsv'
[0.936s] INFO:colcon.colcon_core.shell:Creating environment hook '/home/adam/Desktop/sdp-team-12/install/navigator/share/navigator/hook/ament_prefix_path.sh'
[0.948s] INFO:colcon.colcon_core.shell:Skip shell extension 'powershell' for command environment: Not usable outside of PowerShell
[0.948s] DEBUG:colcon.colcon_core.shell:Skip shell extension 'dsv' for command environment
[0.978s] INFO:colcon.colcon_ros.task.ament_cmake.build:Building ROS package in '/home/adam/Desktop/sdp-team-12/sllidar_ros2' with build type 'ament_cmake'
[0.978s] INFO:colcon.colcon_cmake.task.cmake.build:Building CMake package in '/home/adam/Desktop/sdp-team-12/sllidar_ros2'
[0.988s] INFO:colcon.colcon_core.shell:Skip shell extension 'powershell' for command environment: Not usable outside of PowerShell
[0.988s] DEBUG:colcon.colcon_core.shell:Skip shell extension 'dsv' for command environment
[1.024s] DEBUG:colcon.colcon_core.event_handler.log_command:Invoking command in '/home/adam/Desktop/sdp-team-12/build/basic_mobile_robot': CMAKE_PREFIX_PATH=${CMAKE_PREFIX_PATH}:/home/adam/Desktop/sdp-team-12/install/navigator:/opt/ros/humble /usr/bin/cmake --build /home/adam/Desktop/sdp-team-12/build/basic_mobile_robot -- -j8 -l8
[1.192s] INFO:colcon.colcon_core.task.python.build:Building Python package in '/home/adam/Desktop/sdp-team-12/navigator'
[1.202s] INFO:colcon.colcon_core.shell:Skip shell extension 'powershell' for command environment: Not usable outside of PowerShell
[1.202s] DEBUG:colcon.colcon_core.shell:Skip shell extension 'dsv' for command environment
[1.238s] DEBUG:colcon.colcon_core.event_handler.log_command:Invoking command in '/home/adam/Desktop/sdp-team-12/build/sllidar_ros2': CMAKE_PREFIX_PATH=${CMAKE_PREFIX_PATH}:/home/adam/Desktop/sdp-team-12/install/navigator:/opt/ros/humble /usr/bin/cmake --build /home/adam/Desktop/sdp-team-12/build/sllidar_ros2 -- -j8 -l8
[1.239s] DEBUG:colcon.colcon_core.event_handler.log_command:Invoked command in '/home/adam/Desktop/sdp-team-12/build/basic_mobile_robot' returned '0': CMAKE_PREFIX_PATH=${CMAKE_PREFIX_PATH}:/home/adam/Desktop/sdp-team-12/install/navigator:/opt/ros/humble /usr/bin/cmake --build /home/adam/Desktop/sdp-team-12/build/basic_mobile_robot -- -j8 -l8
[1.261s] DEBUG:colcon.colcon_core.event_handler.log_command:Invoking command in '/home/adam/Desktop/sdp-team-12/build/basic_mobile_robot': CMAKE_PREFIX_PATH=${CMAKE_PREFIX_PATH}:/home/adam/Desktop/sdp-team-12/install/navigator:/opt/ros/humble /usr/bin/cmake --install /home/adam/Desktop/sdp-team-12/build/basic_mobile_robot
[1.278s] Level 1:colcon.colcon_core.environment:create_environment_scripts_only(basic_mobile_robot)
[1.279s] DEBUG:colcon.colcon_core.event_handler.log_command:Invoked command in '/home/adam/Desktop/sdp-team-12/build/basic_mobile_robot' returned '0': CMAKE_PREFIX_PATH=${CMAKE_PREFIX_PATH}:/home/adam/Desktop/sdp-team-12/install/navigator:/opt/ros/humble /usr/bin/cmake --install /home/adam/Desktop/sdp-team-12/build/basic_mobile_robot
[1.292s] Level 1:colcon.colcon_core.environment:checking '/home/adam/Desktop/sdp-team-12/install/basic_mobile_robot' for CMake module files
[1.292s] Level 1:colcon.colcon_core.environment:checking '/home/adam/Desktop/sdp-team-12/install/basic_mobile_robot' for CMake config files
[1.292s] Level 1:colcon.colcon_core.shell:create_environment_hook('basic_mobile_robot', 'cmake_prefix_path')
[1.303s] INFO:colcon.colcon_core.shell:Creating environment hook '/home/adam/Desktop/sdp-team-12/install/basic_mobile_robot/share/basic_mobile_robot/hook/cmake_prefix_path.ps1'
[1.303s] INFO:colcon.colcon_core.shell:Creating environment descriptor '/home/adam/Desktop/sdp-team-12/install/basic_mobile_robot/share/basic_mobile_robot/hook/cmake_prefix_path.dsv'
[1.304s] INFO:colcon.colcon_core.shell:Creating environment hook '/home/adam/Desktop/sdp-team-12/install/basic_mobile_robot/share/basic_mobile_robot/hook/cmake_prefix_path.sh'
[1.304s] Level 1:colcon.colcon_core.environment:checking '/home/adam/Desktop/sdp-team-12/install/basic_mobile_robot/bin'
[1.304s] Level 1:colcon.colcon_core.environment:checking '/home/adam/Desktop/sdp-team-12/install/basic_mobile_robot/lib/pkgconfig/basic_mobile_robot.pc'
[1.304s] Level 1:colcon.colcon_core.environment:checking '/home/adam/Desktop/sdp-team-12/install/basic_mobile_robot/lib/python3.10/site-packages'
[1.305s] Level 1:colcon.colcon_core.environment:checking '/home/adam/Desktop/sdp-team-12/install/basic_mobile_robot/bin'
[1.315s] INFO:colcon.colcon_core.shell:Creating package script '/home/adam/Desktop/sdp-team-12/install/basic_mobile_robot/share/basic_mobile_robot/package.ps1'
[1.316s] INFO:colcon.colcon_core.shell:Creating package descriptor '/home/adam/Desktop/sdp-team-12/install/basic_mobile_robot/share/basic_mobile_robot/package.dsv'
[1.317s] INFO:colcon.colcon_core.shell:Creating package script '/home/adam/Desktop/sdp-team-12/install/basic_mobile_robot/share/basic_mobile_robot/package.sh'
[1.317s] INFO:colcon.colcon_core.shell:Creating package script '/home/adam/Desktop/sdp-team-12/install/basic_mobile_robot/share/basic_mobile_robot/package.bash'
[1.318s] INFO:colcon.colcon_core.shell:Creating package script '/home/adam/Desktop/sdp-team-12/install/basic_mobile_robot/share/basic_mobile_robot/package.zsh'
[1.318s] Level 1:colcon.colcon_core.environment:create_file_with_runtime_dependencies(/home/adam/Desktop/sdp-team-12/install/basic_mobile_robot/share/colcon-core/packages/basic_mobile_robot)
[1.320s] DEBUG:colcon.colcon_core.event_handler.log_command:Invoked command in '/home/adam/Desktop/sdp-team-12/build/sllidar_ros2' returned '0': CMAKE_PREFIX_PATH=${CMAKE_PREFIX_PATH}:/home/adam/Desktop/sdp-team-12/install/navigator:/opt/ros/humble /usr/bin/cmake --build /home/adam/Desktop/sdp-team-12/build/sllidar_ros2 -- -j8 -l8
[1.343s] Level 1:colcon.colcon_core.environment:create_environment_scripts_only(basic_mobile_robot)
[1.353s] Level 1:colcon.colcon_core.environment:checking '/home/adam/Desktop/sdp-team-12/install/basic_mobile_robot' for CMake module files
[1.354s] Level 1:colcon.colcon_core.environment:checking '/home/adam/Desktop/sdp-team-12/install/basic_mobile_robot' for CMake config files
[1.354s] Level 1:colcon.colcon_core.shell:create_environment_hook('basic_mobile_robot', 'cmake_prefix_path')
[1.364s] INFO:colcon.colcon_core.shell:Creating environment hook '/home/adam/Desktop/sdp-team-12/install/basic_mobile_robot/share/basic_mobile_robot/hook/cmake_prefix_path.ps1'
[1.365s] INFO:colcon.colcon_core.shell:Creating environment descriptor '/home/adam/Desktop/sdp-team-12/install/basic_mobile_robot/share/basic_mobile_robot/hook/cmake_prefix_path.dsv'
[1.365s] INFO:colcon.colcon_core.shell:Creating environment hook '/home/adam/Desktop/sdp-team-12/install/basic_mobile_robot/share/basic_mobile_robot/hook/cmake_prefix_path.sh'
[1.365s] Level 1:colcon.colcon_core.environment:checking '/home/adam/Desktop/sdp-team-12/install/basic_mobile_robot/bin'
[1.365s] Level 1:colcon.colcon_core.environment:checking '/home/adam/Desktop/sdp-team-12/install/basic_mobile_robot/lib/pkgconfig/basic_mobile_robot.pc'
[1.366s] Level 1:colcon.colcon_core.environment:checking '/home/adam/Desktop/sdp-team-12/install/basic_mobile_robot/lib/python3.10/site-packages'
[1.366s] Level 1:colcon.colcon_core.environment:checking '/home/adam/Desktop/sdp-team-12/install/basic_mobile_robot/bin'
[1.375s] INFO:colcon.colcon_core.shell:Creating package script '/home/adam/Desktop/sdp-team-12/install/basic_mobile_robot/share/basic_mobile_robot/package.ps1'
[1.376s] INFO:colcon.colcon_core.shell:Creating package descriptor '/home/adam/Desktop/sdp-team-12/install/basic_mobile_robot/share/basic_mobile_robot/package.dsv'
[1.376s] INFO:colcon.colcon_core.shell:Creating package script '/home/adam/Desktop/sdp-team-12/install/basic_mobile_robot/share/basic_mobile_robot/package.sh'
[1.376s] INFO:colcon.colcon_core.shell:Creating package script '/home/adam/Desktop/sdp-team-12/install/basic_mobile_robot/share/basic_mobile_robot/package.bash'
[1.376s] INFO:colcon.colcon_core.shell:Creating package script '/home/adam/Desktop/sdp-team-12/install/basic_mobile_robot/share/basic_mobile_robot/package.zsh'
[1.377s] Level 1:colcon.colcon_core.environment:create_file_with_runtime_dependencies(/home/adam/Desktop/sdp-team-12/install/basic_mobile_robot/share/colcon-core/packages/basic_mobile_robot)
[1.378s] DEBUG:colcon.colcon_core.event_handler.log_command:Invoking command in '/home/adam/Desktop/sdp-team-12/build/sllidar_ros2': CMAKE_PREFIX_PATH=${CMAKE_PREFIX_PATH}:/home/adam/Desktop/sdp-team-12/install/navigator:/opt/ros/humble /usr/bin/cmake --install /home/adam/Desktop/sdp-team-12/build/sllidar_ros2
[1.396s] Level 1:colcon.colcon_core.environment:create_environment_scripts_only(sllidar_ros2)
[1.396s] DEBUG:colcon.colcon_core.event_handler.log_command:Invoked command in '/home/adam/Desktop/sdp-team-12/build/sllidar_ros2' returned '0': CMAKE_PREFIX_PATH=${CMAKE_PREFIX_PATH}:/home/adam/Desktop/sdp-team-12/install/navigator:/opt/ros/humble /usr/bin/cmake --install /home/adam/Desktop/sdp-team-12/build/sllidar_ros2
[1.407s] Level 1:colcon.colcon_core.environment:checking '/home/adam/Desktop/sdp-team-12/install/sllidar_ros2' for CMake module files
[1.408s] Level 1:colcon.colcon_core.environment:checking '/home/adam/Desktop/sdp-team-12/install/sllidar_ros2' for CMake config files
[1.408s] Level 1:colcon.colcon_core.shell:create_environment_hook('sllidar_ros2', 'cmake_prefix_path')
[1.418s] INFO:colcon.colcon_core.shell:Creating environment hook '/home/adam/Desktop/sdp-team-12/install/sllidar_ros2/share/sllidar_ros2/hook/cmake_prefix_path.ps1'
[1.418s] INFO:colcon.colcon_core.shell:Creating environment descriptor '/home/adam/Desktop/sdp-team-12/install/sllidar_ros2/share/sllidar_ros2/hook/cmake_prefix_path.dsv'
[1.419s] INFO:colcon.colcon_core.shell:Creating environment hook '/home/adam/Desktop/sdp-team-12/install/sllidar_ros2/share/sllidar_ros2/hook/cmake_prefix_path.sh'
[1.419s] Level 1:colcon.colcon_core.environment:checking '/home/adam/Desktop/sdp-team-12/install/sllidar_ros2/lib'
[1.419s] Level 1:colcon.colcon_core.environment:checking '/home/adam/Desktop/sdp-team-12/install/sllidar_ros2/bin'
[1.420s] Level 1:colcon.colcon_core.environment:checking '/home/adam/Desktop/sdp-team-12/install/sllidar_ros2/lib/pkgconfig/sllidar_ros2.pc'
[1.420s] Level 1:colcon.colcon_core.environment:checking '/home/adam/Desktop/sdp-team-12/install/sllidar_ros2/lib/python3.10/site-packages'
[1.420s] Level 1:colcon.colcon_core.environment:checking '/home/adam/Desktop/sdp-team-12/install/sllidar_ros2/bin'
[1.430s] INFO:colcon.colcon_core.shell:Creating package script '/home/adam/Desktop/sdp-team-12/install/sllidar_ros2/share/sllidar_ros2/package.ps1'
[1.430s] INFO:colcon.colcon_core.shell:Creating package descriptor '/home/adam/Desktop/sdp-team-12/install/sllidar_ros2/share/sllidar_ros2/package.dsv'
[1.431s] INFO:colcon.colcon_core.shell:Creating package script '/home/adam/Desktop/sdp-team-12/install/sllidar_ros2/share/sllidar_ros2/package.sh'
[1.431s] INFO:colcon.colcon_core.shell:Creating package script '/home/adam/Desktop/sdp-team-12/install/sllidar_ros2/share/sllidar_ros2/package.bash'
[1.431s] INFO:colcon.colcon_core.shell:Creating package script '/home/adam/Desktop/sdp-team-12/install/sllidar_ros2/share/sllidar_ros2/package.zsh'
[1.431s] Level 1:colcon.colcon_core.environment:create_file_with_runtime_dependencies(/home/adam/Desktop/sdp-team-12/install/sllidar_ros2/share/colcon-core/packages/sllidar_ros2)
[1.479s] Level 1:colcon.colcon_core.environment:create_environment_scripts_only(sllidar_ros2)
[1.490s] Level 1:colcon.colcon_core.environment:checking '/home/adam/Desktop/sdp-team-12/install/sllidar_ros2' for CMake module files
[1.490s] Level 1:colcon.colcon_core.environment:checking '/home/adam/Desktop/sdp-team-12/install/sllidar_ros2' for CMake config files
[1.490s] Level 1:colcon.colcon_core.shell:create_environment_hook('sllidar_ros2', 'cmake_prefix_path')
[1.500s] INFO:colcon.colcon_core.shell:Creating environment hook '/home/adam/Desktop/sdp-team-12/install/sllidar_ros2/share/sllidar_ros2/hook/cmake_prefix_path.ps1'
[1.501s] INFO:colcon.colcon_core.shell:Creating environment descriptor '/home/adam/Desktop/sdp-team-12/install/sllidar_ros2/share/sllidar_ros2/hook/cmake_prefix_path.dsv'
[1.501s] INFO:colcon.colcon_core.shell:Creating environment hook '/home/adam/Desktop/sdp-team-12/install/sllidar_ros2/share/sllidar_ros2/hook/cmake_prefix_path.sh'
[1.501s] Level 1:colcon.colcon_core.environment:checking '/home/adam/Desktop/sdp-team-12/install/sllidar_ros2/lib'
[1.502s] Level 1:colcon.colcon_core.environment:checking '/home/adam/Desktop/sdp-team-12/install/sllidar_ros2/bin'
[1.502s] Level 1:colcon.colcon_core.environment:checking '/home/adam/Desktop/sdp-team-12/install/sllidar_ros2/lib/pkgconfig/sllidar_ros2.pc'
[1.502s] Level 1:colcon.colcon_core.environment:checking '/home/adam/Desktop/sdp-team-12/install/sllidar_ros2/lib/python3.10/site-packages'
[1.502s] Level 1:colcon.colcon_core.environment:checking '/home/adam/Desktop/sdp-team-12/install/sllidar_ros2/bin'
[1.512s] INFO:colcon.colcon_core.shell:Creating package script '/home/adam/Desktop/sdp-team-12/install/sllidar_ros2/share/sllidar_ros2/package.ps1'
[1.512s] INFO:colcon.colcon_core.shell:Creating package descriptor '/home/adam/Desktop/sdp-team-12/install/sllidar_ros2/share/sllidar_ros2/package.dsv'
[1.512s] INFO:colcon.colcon_core.shell:Creating package script '/home/adam/Desktop/sdp-team-12/install/sllidar_ros2/share/sllidar_ros2/package.sh'
[1.513s] INFO:colcon.colcon_core.shell:Creating package script '/home/adam/Desktop/sdp-team-12/install/sllidar_ros2/share/sllidar_ros2/package.bash'
[1.513s] INFO:colcon.colcon_core.shell:Creating package script '/home/adam/Desktop/sdp-team-12/install/sllidar_ros2/share/sllidar_ros2/package.zsh'
[1.513s] Level 1:colcon.colcon_core.environment:create_file_with_runtime_dependencies(/home/adam/Desktop/sdp-team-12/install/sllidar_ros2/share/colcon-core/packages/sllidar_ros2)
[1.515s] DEBUG:colcon.colcon_core.event_handler.log_command:Invoking command in '/home/adam/Desktop/sdp-team-12/navigator': PYTHONPATH=/home/adam/Desktop/sdp-team-12/build/navigator/prefix_override:/home/adam/Desktop/sdp-team-12/install/navigator/lib/python3.10/site-packages:${PYTHONPATH} /usr/bin/python3 setup.py egg_info --egg-base ../build/navigator build --build-base /home/adam/Desktop/sdp-team-12/build/navigator/build install --record /home/adam/Desktop/sdp-team-12/build/navigator/install.log --single-version-externally-managed
[1.709s] DEBUG:colcon.colcon_core.event_handler.log_command:Invoked command in '/home/adam/Desktop/sdp-team-12/navigator' returned '0': PYTHONPATH=/home/adam/Desktop/sdp-team-12/build/navigator/prefix_override:/home/adam/Desktop/sdp-team-12/install/navigator/lib/python3.10/site-packages:${PYTHONPATH} /usr/bin/python3 setup.py egg_info --egg-base ../build/navigator build --build-base /home/adam/Desktop/sdp-team-12/build/navigator/build install --record /home/adam/Desktop/sdp-team-12/build/navigator/install.log --single-version-externally-managed
[1.719s] Level 1:colcon.colcon_core.environment:checking '/home/adam/Desktop/sdp-team-12/install/navigator' for CMake module files
[1.719s] Level 1:colcon.colcon_core.environment:checking '/home/adam/Desktop/sdp-team-12/install/navigator' for CMake config files
[1.720s] Level 1:colcon.colcon_core.environment:checking '/home/adam/Desktop/sdp-team-12/install/navigator/lib'
[1.720s] Level 1:colcon.colcon_core.environment:checking '/home/adam/Desktop/sdp-team-12/install/navigator/bin'
[1.720s] Level 1:colcon.colcon_core.environment:checking '/home/adam/Desktop/sdp-team-12/install/navigator/lib/pkgconfig/navigator.pc'
[1.720s] Level 1:colcon.colcon_core.environment:checking '/home/adam/Desktop/sdp-team-12/install/navigator/lib/python3.10/site-packages'
[1.720s] Level 1:colcon.colcon_core.shell:create_environment_hook('navigator', 'pythonpath')
[1.730s] INFO:colcon.colcon_core.shell:Creating environment hook '/home/adam/Desktop/sdp-team-12/install/navigator/share/navigator/hook/pythonpath.ps1'
[1.730s] INFO:colcon.colcon_core.shell:Creating environment descriptor '/home/adam/Desktop/sdp-team-12/install/navigator/share/navigator/hook/pythonpath.dsv'
[1.730s] INFO:colcon.colcon_core.shell:Creating environment hook '/home/adam/Desktop/sdp-team-12/install/navigator/share/navigator/hook/pythonpath.sh'
[1.731s] Level 1:colcon.colcon_core.environment:checking '/home/adam/Desktop/sdp-team-12/install/navigator/bin'
[1.731s] Level 1:colcon.colcon_core.environment:create_environment_scripts_only(navigator)
[1.740s] INFO:colcon.colcon_core.shell:Creating package script '/home/adam/Desktop/sdp-team-12/install/navigator/share/navigator/package.ps1'
[1.740s] INFO:colcon.colcon_core.shell:Creating package descriptor '/home/adam/Desktop/sdp-team-12/install/navigator/share/navigator/package.dsv'
[1.741s] INFO:colcon.colcon_core.shell:Creating package script '/home/adam/Desktop/sdp-team-12/install/navigator/share/navigator/package.sh'
[1.741s] INFO:colcon.colcon_core.shell:Creating package script '/home/adam/Desktop/sdp-team-12/install/navigator/share/navigator/package.bash'
[1.741s] INFO:colcon.colcon_core.shell:Creating package script '/home/adam/Desktop/sdp-team-12/install/navigator/share/navigator/package.zsh'
[1.741s] Level 1:colcon.colcon_core.environment:create_file_with_runtime_dependencies(/home/adam/Desktop/sdp-team-12/install/navigator/share/colcon-core/packages/navigator)
[1.741s] DEBUG:colcon.colcon_parallel_executor.executor.parallel:closing loop
[1.742s] DEBUG:colcon.colcon_parallel_executor.executor.parallel:loop closed
[1.742s] DEBUG:colcon.colcon_parallel_executor.executor.parallel:run_until_complete finished with '0'
[1.742s] DEBUG:colcon.colcon_core.event_reactor:joining thread
[1.757s] INFO:colcon.colcon_core.plugin_system:Skipping extension 'colcon_notification.desktop_notification.terminal_notifier': Not used on non-Darwin systems
[1.757s] INFO:colcon.colcon_core.plugin_system:Skipping extension 'colcon_notification.desktop_notification.win32': Not used on non-Windows systems
[1.757s] INFO:colcon.colcon_notification.desktop_notification:Sending desktop notification using 'notify2'
[1.765s] DEBUG:colcon.colcon_core.event_reactor:joined thread
[1.775s] INFO:colcon.colcon_core.shell:Creating prefix script '/home/adam/Desktop/sdp-team-12/install/local_setup.ps1'
[1.776s] INFO:colcon.colcon_core.shell:Creating prefix util module '/home/adam/Desktop/sdp-team-12/install/_local_setup_util_ps1.py'
[1.777s] INFO:colcon.colcon_core.shell:Creating prefix chain script '/home/adam/Desktop/sdp-team-12/install/setup.ps1'
[1.787s] INFO:colcon.colcon_core.shell:Creating prefix script '/home/adam/Desktop/sdp-team-12/install/local_setup.sh'
[1.788s] INFO:colcon.colcon_core.shell:Creating prefix util module '/home/adam/Desktop/sdp-team-12/install/_local_setup_util_sh.py'
[1.788s] INFO:colcon.colcon_core.shell:Creating prefix chain script '/home/adam/Desktop/sdp-team-12/install/setup.sh'
[1.798s] INFO:colcon.colcon_core.shell:Creating prefix script '/home/adam/Desktop/sdp-team-12/install/local_setup.bash'
[1.799s] INFO:colcon.colcon_core.shell:Creating prefix chain script '/home/adam/Desktop/sdp-team-12/install/setup.bash'
[1.809s] INFO:colcon.colcon_core.shell:Creating prefix script '/home/adam/Desktop/sdp-team-12/install/local_setup.zsh'
[1.809s] INFO:colcon.colcon_core.shell:Creating prefix chain script '/home/adam/Desktop/sdp-team-12/install/setup.zsh'
