[0.283s] Invoking command in '/home/adam/Desktop/sdp-team-12/build/sllidar_ros2': CMAKE_PREFIX_PATH=${CMAKE_PREFIX_PATH}:/home/adam/Desktop/sdp-team-12/install/navigator:/opt/ros/humble /usr/bin/cmake /home/adam/Desktop/sdp-team-12/sllidar_ros2 -DCMAKE_INSTALL_PREFIX=/home/adam/Desktop/sdp-team-12/install/sllidar_ros2
[0.291s] -- Found ament_cmake: 1.3.5 (/opt/ros/humble/share/ament_cmake/cmake)
[0.393s] -- Override CMake install command with custom implementation using symlinks instead of copying resources
[0.399s] -- Found rclcpp: 16.0.6 (/opt/ros/humble/share/rclcpp/cmake)
[0.420s] -- Found rosidl_generator_c: 3.1.5 (/opt/ros/humble/share/rosidl_generator_c/cmake)
[0.422s] -- Found rosidl_adapter: 3.1.5 (/opt/ros/humble/share/rosidl_adapter/cmake)
[0.426s] -- Found rosidl_generator_cpp: 3.1.5 (/opt/ros/humble/share/rosidl_generator_cpp/cmake)
[0.434s] -- Using all available rosidl_typesupport_c: rosidl_typesupport_fastrtps_c;rosidl_typesupport_introspection_c
[0.446s] -- Using all available rosidl_typesupport_cpp: rosidl_typesupport_fastrtps_cpp;rosidl_typesupport_introspection_cpp
[0.488s] -- Found rmw_implementation_cmake: 6.1.1 (/opt/ros/humble/share/rmw_implementation_cmake/cmake)
[0.489s] -- Found rmw_fastrtps_cpp: 6.2.4 (/opt/ros/humble/share/rmw_fastrtps_cpp/cmake)
[0.579s] -- Using RMW implementation 'rmw_fastrtps_cpp' as default
[0.695s] -- Found sensor_msgs: 4.2.3 (/opt/ros/humble/share/sensor_msgs/cmake)
[0.803s] -- Found std_srvs: 4.2.3 (/opt/ros/humble/share/std_srvs/cmake)
[0.869s] -- Configuring done
[0.880s] -- Generating done
[0.881s] -- Build files have been written to: /home/adam/Desktop/sdp-team-12/build/sllidar_ros2
[0.888s] Invoked command in '/home/adam/Desktop/sdp-team-12/build/sllidar_ros2' returned '0': CMAKE_PREFIX_PATH=${CMAKE_PREFIX_PATH}:/home/adam/Desktop/sdp-team-12/install/navigator:/opt/ros/humble /usr/bin/cmake /home/adam/Desktop/sdp-team-12/sllidar_ros2 -DCMAKE_INSTALL_PREFIX=/home/adam/Desktop/sdp-team-12/install/sllidar_ros2
[0.889s] Invoking command in '/home/adam/Desktop/sdp-team-12/build/sllidar_ros2': CMAKE_PREFIX_PATH=${CMAKE_PREFIX_PATH}:/home/adam/Desktop/sdp-team-12/install/navigator:/opt/ros/humble /usr/bin/cmake --build /home/adam/Desktop/sdp-team-12/build/sllidar_ros2 -- -j8 -l8
[0.917s] [35m[1mConsolidate compiler generated dependencies of target sllidar_client[0m
[0.921s] [35m[1mConsolidate compiler generated dependencies of target sllidar_node[0m
[0.930s] [ 10%] Built target sllidar_client
[0.945s] [100%] Built target sllidar_node
[0.953s] Invoked command in '/home/adam/Desktop/sdp-team-12/build/sllidar_ros2' returned '0': CMAKE_PREFIX_PATH=${CMAKE_PREFIX_PATH}:/home/adam/Desktop/sdp-team-12/install/navigator:/opt/ros/humble /usr/bin/cmake --build /home/adam/Desktop/sdp-team-12/build/sllidar_ros2 -- -j8 -l8
[0.994s] Invoking command in '/home/adam/Desktop/sdp-team-12/build/sllidar_ros2': CMAKE_PREFIX_PATH=${CMAKE_PREFIX_PATH}:/home/adam/Desktop/sdp-team-12/install/navigator:/opt/ros/humble /usr/bin/cmake --install /home/adam/Desktop/sdp-team-12/build/sllidar_ros2
[0.999s] -- Install configuration: ""
[0.999s] -- Execute custom install script
[0.999s] -- Up-to-date symlink: /home/adam/Desktop/sdp-team-12/install/sllidar_ros2/share/sllidar_ros2/launch/sllidar_a1_launch.py
[0.999s] -- Up-to-date symlink: /home/adam/Desktop/sdp-team-12/install/sllidar_ros2/share/sllidar_ros2/launch/sllidar_a2m12_launch .py
[1.000s] -- Up-to-date symlink: /home/adam/Desktop/sdp-team-12/install/sllidar_ros2/share/sllidar_ros2/launch/sllidar_a2m7_launch.py
[1.000s] -- Up-to-date symlink: /home/adam/Desktop/sdp-team-12/install/sllidar_ros2/share/sllidar_ros2/launch/sllidar_a2m8_launch.py
[1.000s] -- Up-to-date symlink: /home/adam/Desktop/sdp-team-12/install/sllidar_ros2/share/sllidar_ros2/launch/sllidar_a3_launch.py
[1.000s] -- Up-to-date symlink: /home/adam/Desktop/sdp-team-12/install/sllidar_ros2/share/sllidar_ros2/launch/sllidar_c1_launch.py
[1.000s] -- Up-to-date symlink: /home/adam/Desktop/sdp-team-12/install/sllidar_ros2/share/sllidar_ros2/launch/sllidar_s1_launch.py
[1.000s] -- Up-to-date symlink: /home/adam/Desktop/sdp-team-12/install/sllidar_ros2/share/sllidar_ros2/launch/sllidar_s1_tcp_launch.py
[1.000s] -- Up-to-date symlink: /home/adam/Desktop/sdp-team-12/install/sllidar_ros2/share/sllidar_ros2/launch/sllidar_s2_launch.py
[1.000s] -- Up-to-date symlink: /home/adam/Desktop/sdp-team-12/install/sllidar_ros2/share/sllidar_ros2/launch/sllidar_s2e_launch.py
[1.000s] -- Up-to-date symlink: /home/adam/Desktop/sdp-team-12/install/sllidar_ros2/share/sllidar_ros2/launch/sllidar_s3_launch.py
[1.000s] -- Up-to-date symlink: /home/adam/Desktop/sdp-team-12/install/sllidar_ros2/share/sllidar_ros2/launch/sllidar_t1_launch.py
[1.000s] -- Up-to-date symlink: /home/adam/Desktop/sdp-team-12/install/sllidar_ros2/share/sllidar_ros2/launch/view_sllidar_a1_launch.py
[1.000s] -- Up-to-date symlink: /home/adam/Desktop/sdp-team-12/install/sllidar_ros2/share/sllidar_ros2/launch/view_sllidar_a2m12_launch.py
[1.001s] -- Up-to-date symlink: /home/adam/Desktop/sdp-team-12/install/sllidar_ros2/share/sllidar_ros2/launch/view_sllidar_a2m7_launch.py
[1.001s] -- Up-to-date symlink: /home/adam/Desktop/sdp-team-12/install/sllidar_ros2/share/sllidar_ros2/launch/view_sllidar_a2m8_launch.py
[1.001s] -- Up-to-date symlink: /home/adam/Desktop/sdp-team-12/install/sllidar_ros2/share/sllidar_ros2/launch/view_sllidar_a3_launch.py
[1.001s] -- Up-to-date symlink: /home/adam/Desktop/sdp-team-12/install/sllidar_ros2/share/sllidar_ros2/launch/view_sllidar_c1_launch.py
[1.001s] -- Up-to-date symlink: /home/adam/Desktop/sdp-team-12/install/sllidar_ros2/share/sllidar_ros2/launch/view_sllidar_s1_launch.py
[1.001s] -- Up-to-date symlink: /home/adam/Desktop/sdp-team-12/install/sllidar_ros2/share/sllidar_ros2/launch/view_sllidar_s1_tcp_launch.py
[1.001s] -- Up-to-date symlink: /home/adam/Desktop/sdp-team-12/install/sllidar_ros2/share/sllidar_ros2/launch/view_sllidar_s2_launch.py
[1.001s] -- Up-to-date symlink: /home/adam/Desktop/sdp-team-12/install/sllidar_ros2/share/sllidar_ros2/launch/view_sllidar_s2e_launch.py
[1.001s] -- Up-to-date symlink: /home/adam/Desktop/sdp-team-12/install/sllidar_ros2/share/sllidar_ros2/launch/view_sllidar_s3_launch.py
[1.001s] -- Up-to-date symlink: /home/adam/Desktop/sdp-team-12/install/sllidar_ros2/share/sllidar_ros2/launch/view_sllidar_t1_launch.py
[1.001s] -- Up-to-date symlink: /home/adam/Desktop/sdp-team-12/install/sllidar_ros2/share/sllidar_ros2/rviz/sllidar_ros2.rviz
[1.001s] -- Up-to-date symlink: /home/adam/Desktop/sdp-team-12/install/sllidar_ros2/lib/sllidar_ros2/sllidar_node
[1.002s] -- Up-to-date symlink: /home/adam/Desktop/sdp-team-12/install/sllidar_ros2/lib/sllidar_ros2/sllidar_client
[1.002s] -- Up-to-date symlink: /home/adam/Desktop/sdp-team-12/install/sllidar_ros2/share/ament_index/resource_index/package_run_dependencies/sllidar_ros2
[1.002s] -- Up-to-date symlink: /home/adam/Desktop/sdp-team-12/install/sllidar_ros2/share/ament_index/resource_index/parent_prefix_path/sllidar_ros2
[1.002s] -- Up-to-date symlink: /home/adam/Desktop/sdp-team-12/install/sllidar_ros2/share/sllidar_ros2/environment/ament_prefix_path.sh
[1.002s] -- Up-to-date symlink: /home/adam/Desktop/sdp-team-12/install/sllidar_ros2/share/sllidar_ros2/environment/ament_prefix_path.dsv
[1.002s] -- Up-to-date symlink: /home/adam/Desktop/sdp-team-12/install/sllidar_ros2/share/sllidar_ros2/environment/path.sh
[1.002s] -- Up-to-date symlink: /home/adam/Desktop/sdp-team-12/install/sllidar_ros2/share/sllidar_ros2/environment/path.dsv
[1.002s] -- Up-to-date symlink: /home/adam/Desktop/sdp-team-12/install/sllidar_ros2/share/sllidar_ros2/local_setup.bash
[1.002s] -- Up-to-date symlink: /home/adam/Desktop/sdp-team-12/install/sllidar_ros2/share/sllidar_ros2/local_setup.sh
[1.002s] -- Up-to-date symlink: /home/adam/Desktop/sdp-team-12/install/sllidar_ros2/share/sllidar_ros2/local_setup.zsh
[1.002s] -- Up-to-date symlink: /home/adam/Desktop/sdp-team-12/install/sllidar_ros2/share/sllidar_ros2/local_setup.dsv
[1.002s] -- Symlinking: /home/adam/Desktop/sdp-team-12/install/sllidar_ros2/share/sllidar_ros2/package.dsv
[1.008s] -- Up-to-date symlink: /home/adam/Desktop/sdp-team-12/install/sllidar_ros2/share/ament_index/resource_index/packages/sllidar_ros2
[1.008s] -- Up-to-date symlink: /home/adam/Desktop/sdp-team-12/install/sllidar_ros2/share/sllidar_ros2/cmake/ament_cmake_export_dependencies-extras.cmake
[1.008s] -- Up-to-date symlink: /home/adam/Desktop/sdp-team-12/install/sllidar_ros2/share/sllidar_ros2/cmake/ament_cmake_export_include_directories-extras.cmake
[1.008s] -- Up-to-date symlink: /home/adam/Desktop/sdp-team-12/install/sllidar_ros2/share/sllidar_ros2/cmake/sllidar_ros2Config.cmake
[1.009s] -- Up-to-date symlink: /home/adam/Desktop/sdp-team-12/install/sllidar_ros2/share/sllidar_ros2/cmake/sllidar_ros2Config-version.cmake
[1.009s] -- Up-to-date symlink: /home/adam/Desktop/sdp-team-12/install/sllidar_ros2/share/sllidar_ros2/package.xml
[1.010s] Invoked command in '/home/adam/Desktop/sdp-team-12/build/sllidar_ros2' returned '0': CMAKE_PREFIX_PATH=${CMAKE_PREFIX_PATH}:/home/adam/Desktop/sdp-team-12/install/navigator:/opt/ros/humble /usr/bin/cmake --install /home/adam/Desktop/sdp-team-12/build/sllidar_ros2
