[0.674s] DEBUG:colcon:Command line arguments: ['/usr/bin/colcon', 'build']
[0.674s] DEBUG:colcon:Parsed command line arguments: Namespace(log_base=None, log_level=None, verb_name='build', build_base='build', install_base='install', merge_install=False, symlink_install=False, test_result_base=None, continue_on_error=False, executor='parallel', parallel_workers=8, event_handlers=None, ignore_user_meta=False, metas=['./colcon.meta'], base_paths=['.'], packages_ignore=None, packages_ignore_regex=None, paths=None, packages_up_to=None, packages_up_to_regex=None, packages_above=None, packages_above_and_dependencies=None, packages_above_depth=None, packages_select_by_dep=None, packages_skip_by_dep=None, packages_skip_up_to=None, packages_select_build_failed=False, packages_skip_build_finished=False, packages_select_test_failures=False, packages_skip_test_passed=False, packages_select=None, packages_skip=None, packages_select_regex=None, packages_skip_regex=None, packages_start=None, packages_end=None, allow_overriding=[], cmake_args=None, cmake_target=None, cmake_target_skip_unavailable=False, cmake_clean_cache=False, cmake_clean_first=False, cmake_force_configure=False, ament_cmake_args=None, catkin_cmake_args=None, catkin_skip_building_tests=False, verb_parser=<colcon_defaults.argument_parser.defaults.DefaultArgumentsDecorator object at 0x7fa448555480>, verb_extension=<colcon_core.verb.build.BuildVerb object at 0x7fa448557910>, main=<bound method BuildVerb.main of <colcon_core.verb.build.BuildVerb object at 0x7fa448557910>>)
[0.706s] Level 1:colcon.colcon_core.package_discovery:discover_packages(colcon_meta) check parameters
[0.706s] Level 1:colcon.colcon_core.package_discovery:discover_packages(recursive) check parameters
[0.706s] Level 1:colcon.colcon_core.package_discovery:discover_packages(ignore) check parameters
[0.706s] Level 1:colcon.colcon_core.package_discovery:discover_packages(path) check parameters
[0.706s] Level 1:colcon.colcon_core.package_discovery:discover_packages(colcon_meta) discover
[0.706s] Level 1:colcon.colcon_core.package_discovery:discover_packages(recursive) discover
[0.706s] INFO:colcon.colcon_core.package_discovery:Crawling recursively for packages in '/home/adam/Desktop/sdp-team-12'
[0.706s] Level 1:colcon.colcon_core.package_identification:_identify(.) by extensions ['ignore', 'ignore_ament_install']
[0.706s] Level 1:colcon.colcon_core.package_identification:_identify(.) by extension 'ignore'
[0.706s] Level 1:colcon.colcon_core.package_identification:_identify(.) by extension 'ignore_ament_install'
[0.706s] Level 1:colcon.colcon_core.package_identification:_identify(.) by extensions ['colcon_pkg']
[0.706s] Level 1:colcon.colcon_core.package_identification:_identify(.) by extension 'colcon_pkg'
[0.706s] Level 1:colcon.colcon_core.package_identification:_identify(.) by extensions ['colcon_meta']
[0.706s] Level 1:colcon.colcon_core.package_identification:_identify(.) by extension 'colcon_meta'
[0.706s] Level 1:colcon.colcon_core.package_identification:_identify(.) by extensions ['ros']
[0.706s] Level 1:colcon.colcon_core.package_identification:_identify(.) by extension 'ros'
[0.714s] Level 1:colcon.colcon_core.package_identification:_identify(.) by extensions ['cmake', 'python']
[0.714s] Level 1:colcon.colcon_core.package_identification:_identify(.) by extension 'cmake'
[0.714s] Level 1:colcon.colcon_core.package_identification:_identify(.) by extension 'python'
[0.714s] Level 1:colcon.colcon_core.package_identification:_identify(.) by extensions ['python_setup_py']
[0.714s] Level 1:colcon.colcon_core.package_identification:_identify(.) by extension 'python_setup_py'
[0.714s] Level 1:colcon.colcon_core.package_identification:_identify(basic_mobile_robot) by extensions ['ignore', 'ignore_ament_install']
[0.714s] Level 1:colcon.colcon_core.package_identification:_identify(basic_mobile_robot) by extension 'ignore'
[0.714s] Level 1:colcon.colcon_core.package_identification:_identify(basic_mobile_robot) by extension 'ignore_ament_install'
[0.714s] Level 1:colcon.colcon_core.package_identification:_identify(basic_mobile_robot) by extensions ['colcon_pkg']
[0.714s] Level 1:colcon.colcon_core.package_identification:_identify(basic_mobile_robot) by extension 'colcon_pkg'
[0.714s] Level 1:colcon.colcon_core.package_identification:_identify(basic_mobile_robot) by extensions ['colcon_meta']
[0.714s] Level 1:colcon.colcon_core.package_identification:_identify(basic_mobile_robot) by extension 'colcon_meta'
[0.714s] Level 1:colcon.colcon_core.package_identification:_identify(basic_mobile_robot) by extensions ['ros']
[0.714s] Level 1:colcon.colcon_core.package_identification:_identify(basic_mobile_robot) by extension 'ros'
[0.716s] DEBUG:colcon.colcon_core.package_identification:Package 'basic_mobile_robot' with type 'ros.ament_cmake' and name 'basic_mobile_robot'
[0.717s] Level 1:colcon.colcon_core.package_identification:_identify(build) by extensions ['ignore', 'ignore_ament_install']
[0.717s] Level 1:colcon.colcon_core.package_identification:_identify(build) by extension 'ignore'
[0.717s] Level 1:colcon.colcon_core.package_identification:_identify(build) ignored
[0.717s] Level 1:colcon.colcon_core.package_identification:_identify(calibration) by extensions ['ignore', 'ignore_ament_install']
[0.717s] Level 1:colcon.colcon_core.package_identification:_identify(calibration) by extension 'ignore'
[0.717s] Level 1:colcon.colcon_core.package_identification:_identify(calibration) by extension 'ignore_ament_install'
[0.717s] Level 1:colcon.colcon_core.package_identification:_identify(calibration) by extensions ['colcon_pkg']
[0.717s] Level 1:colcon.colcon_core.package_identification:_identify(calibration) by extension 'colcon_pkg'
[0.717s] Level 1:colcon.colcon_core.package_identification:_identify(calibration) by extensions ['colcon_meta']
[0.717s] Level 1:colcon.colcon_core.package_identification:_identify(calibration) by extension 'colcon_meta'
[0.717s] Level 1:colcon.colcon_core.package_identification:_identify(calibration) by extensions ['ros']
[0.717s] Level 1:colcon.colcon_core.package_identification:_identify(calibration) by extension 'ros'
[0.717s] Level 1:colcon.colcon_core.package_identification:_identify(calibration) by extensions ['cmake', 'python']
[0.717s] Level 1:colcon.colcon_core.package_identification:_identify(calibration) by extension 'cmake'
[0.717s] Level 1:colcon.colcon_core.package_identification:_identify(calibration) by extension 'python'
[0.717s] Level 1:colcon.colcon_core.package_identification:_identify(calibration) by extensions ['python_setup_py']
[0.717s] Level 1:colcon.colcon_core.package_identification:_identify(calibration) by extension 'python_setup_py'
[0.717s] Level 1:colcon.colcon_core.package_identification:_identify(imu) by extensions ['ignore', 'ignore_ament_install']
[0.717s] Level 1:colcon.colcon_core.package_identification:_identify(imu) by extension 'ignore'
[0.717s] Level 1:colcon.colcon_core.package_identification:_identify(imu) by extension 'ignore_ament_install'
[0.717s] Level 1:colcon.colcon_core.package_identification:_identify(imu) by extensions ['colcon_pkg']
[0.717s] Level 1:colcon.colcon_core.package_identification:_identify(imu) by extension 'colcon_pkg'
[0.717s] Level 1:colcon.colcon_core.package_identification:_identify(imu) by extensions ['colcon_meta']
[0.717s] Level 1:colcon.colcon_core.package_identification:_identify(imu) by extension 'colcon_meta'
[0.717s] Level 1:colcon.colcon_core.package_identification:_identify(imu) by extensions ['ros']
[0.717s] Level 1:colcon.colcon_core.package_identification:_identify(imu) by extension 'ros'
[0.717s] Level 1:colcon.colcon_core.package_identification:_identify(imu) by extensions ['cmake', 'python']
[0.717s] Level 1:colcon.colcon_core.package_identification:_identify(imu) by extension 'cmake'
[0.717s] Level 1:colcon.colcon_core.package_identification:_identify(imu) by extension 'python'
[0.717s] Level 1:colcon.colcon_core.package_identification:_identify(imu) by extensions ['python_setup_py']
[0.717s] Level 1:colcon.colcon_core.package_identification:_identify(imu) by extension 'python_setup_py'
[0.718s] Level 1:colcon.colcon_core.package_identification:_identify(imu/System Volume Information) by extensions ['ignore', 'ignore_ament_install']
[0.718s] Level 1:colcon.colcon_core.package_identification:_identify(imu/System Volume Information) by extension 'ignore'
[0.718s] Level 1:colcon.colcon_core.package_identification:_identify(imu/System Volume Information) by extension 'ignore_ament_install'
[0.718s] Level 1:colcon.colcon_core.package_identification:_identify(imu/System Volume Information) by extensions ['colcon_pkg']
[0.718s] Level 1:colcon.colcon_core.package_identification:_identify(imu/System Volume Information) by extension 'colcon_pkg'
[0.718s] Level 1:colcon.colcon_core.package_identification:_identify(imu/System Volume Information) by extensions ['colcon_meta']
[0.718s] Level 1:colcon.colcon_core.package_identification:_identify(imu/System Volume Information) by extension 'colcon_meta'
[0.718s] Level 1:colcon.colcon_core.package_identification:_identify(imu/System Volume Information) by extensions ['ros']
[0.718s] Level 1:colcon.colcon_core.package_identification:_identify(imu/System Volume Information) by extension 'ros'
[0.718s] Level 1:colcon.colcon_core.package_identification:_identify(imu/System Volume Information) by extensions ['cmake', 'python']
[0.718s] Level 1:colcon.colcon_core.package_identification:_identify(imu/System Volume Information) by extension 'cmake'
[0.718s] Level 1:colcon.colcon_core.package_identification:_identify(imu/System Volume Information) by extension 'python'
[0.718s] Level 1:colcon.colcon_core.package_identification:_identify(imu/System Volume Information) by extensions ['python_setup_py']
[0.718s] Level 1:colcon.colcon_core.package_identification:_identify(imu/System Volume Information) by extension 'python_setup_py'
[0.718s] Level 1:colcon.colcon_core.package_identification:_identify(imu/lib) by extensions ['ignore', 'ignore_ament_install']
[0.718s] Level 1:colcon.colcon_core.package_identification:_identify(imu/lib) by extension 'ignore'
[0.718s] Level 1:colcon.colcon_core.package_identification:_identify(imu/lib) by extension 'ignore_ament_install'
[0.718s] Level 1:colcon.colcon_core.package_identification:_identify(imu/lib) by extensions ['colcon_pkg']
[0.718s] Level 1:colcon.colcon_core.package_identification:_identify(imu/lib) by extension 'colcon_pkg'
[0.718s] Level 1:colcon.colcon_core.package_identification:_identify(imu/lib) by extensions ['colcon_meta']
[0.718s] Level 1:colcon.colcon_core.package_identification:_identify(imu/lib) by extension 'colcon_meta'
[0.718s] Level 1:colcon.colcon_core.package_identification:_identify(imu/lib) by extensions ['ros']
[0.718s] Level 1:colcon.colcon_core.package_identification:_identify(imu/lib) by extension 'ros'
[0.718s] Level 1:colcon.colcon_core.package_identification:_identify(imu/lib) by extensions ['cmake', 'python']
[0.718s] Level 1:colcon.colcon_core.package_identification:_identify(imu/lib) by extension 'cmake'
[0.718s] Level 1:colcon.colcon_core.package_identification:_identify(imu/lib) by extension 'python'
[0.718s] Level 1:colcon.colcon_core.package_identification:_identify(imu/lib) by extensions ['python_setup_py']
[0.718s] Level 1:colcon.colcon_core.package_identification:_identify(imu/lib) by extension 'python_setup_py'
[0.718s] Level 1:colcon.colcon_core.package_identification:_identify(imu/lib/adafruit_lsm6ds) by extensions ['ignore', 'ignore_ament_install']
[0.718s] Level 1:colcon.colcon_core.package_identification:_identify(imu/lib/adafruit_lsm6ds) by extension 'ignore'
[0.718s] Level 1:colcon.colcon_core.package_identification:_identify(imu/lib/adafruit_lsm6ds) by extension 'ignore_ament_install'
[0.719s] Level 1:colcon.colcon_core.package_identification:_identify(imu/lib/adafruit_lsm6ds) by extensions ['colcon_pkg']
[0.719s] Level 1:colcon.colcon_core.package_identification:_identify(imu/lib/adafruit_lsm6ds) by extension 'colcon_pkg'
[0.719s] Level 1:colcon.colcon_core.package_identification:_identify(imu/lib/adafruit_lsm6ds) by extensions ['colcon_meta']
[0.719s] Level 1:colcon.colcon_core.package_identification:_identify(imu/lib/adafruit_lsm6ds) by extension 'colcon_meta'
[0.719s] Level 1:colcon.colcon_core.package_identification:_identify(imu/lib/adafruit_lsm6ds) by extensions ['ros']
[0.719s] Level 1:colcon.colcon_core.package_identification:_identify(imu/lib/adafruit_lsm6ds) by extension 'ros'
[0.719s] Level 1:colcon.colcon_core.package_identification:_identify(imu/lib/adafruit_lsm6ds) by extensions ['cmake', 'python']
[0.719s] Level 1:colcon.colcon_core.package_identification:_identify(imu/lib/adafruit_lsm6ds) by extension 'cmake'
[0.719s] Level 1:colcon.colcon_core.package_identification:_identify(imu/lib/adafruit_lsm6ds) by extension 'python'
[0.719s] Level 1:colcon.colcon_core.package_identification:_identify(imu/lib/adafruit_lsm6ds) by extensions ['python_setup_py']
[0.719s] Level 1:colcon.colcon_core.package_identification:_identify(imu/lib/adafruit_lsm6ds) by extension 'python_setup_py'
[0.719s] Level 1:colcon.colcon_core.package_identification:_identify(imu/lib/adafruit_register) by extensions ['ignore', 'ignore_ament_install']
[0.719s] Level 1:colcon.colcon_core.package_identification:_identify(imu/lib/adafruit_register) by extension 'ignore'
[0.719s] Level 1:colcon.colcon_core.package_identification:_identify(imu/lib/adafruit_register) by extension 'ignore_ament_install'
[0.719s] Level 1:colcon.colcon_core.package_identification:_identify(imu/lib/adafruit_register) by extensions ['colcon_pkg']
[0.719s] Level 1:colcon.colcon_core.package_identification:_identify(imu/lib/adafruit_register) by extension 'colcon_pkg'
[0.719s] Level 1:colcon.colcon_core.package_identification:_identify(imu/lib/adafruit_register) by extensions ['colcon_meta']
[0.719s] Level 1:colcon.colcon_core.package_identification:_identify(imu/lib/adafruit_register) by extension 'colcon_meta'
[0.719s] Level 1:colcon.colcon_core.package_identification:_identify(imu/lib/adafruit_register) by extensions ['ros']
[0.719s] Level 1:colcon.colcon_core.package_identification:_identify(imu/lib/adafruit_register) by extension 'ros'
[0.719s] Level 1:colcon.colcon_core.package_identification:_identify(imu/lib/adafruit_register) by extensions ['cmake', 'python']
[0.719s] Level 1:colcon.colcon_core.package_identification:_identify(imu/lib/adafruit_register) by extension 'cmake'
[0.719s] Level 1:colcon.colcon_core.package_identification:_identify(imu/lib/adafruit_register) by extension 'python'
[0.719s] Level 1:colcon.colcon_core.package_identification:_identify(imu/lib/adafruit_register) by extensions ['python_setup_py']
[0.719s] Level 1:colcon.colcon_core.package_identification:_identify(imu/lib/adafruit_register) by extension 'python_setup_py'
[0.719s] Level 1:colcon.colcon_core.package_identification:_identify(install) by extensions ['ignore', 'ignore_ament_install']
[0.719s] Level 1:colcon.colcon_core.package_identification:_identify(install) by extension 'ignore'
[0.719s] Level 1:colcon.colcon_core.package_identification:_identify(install) ignored
[0.720s] Level 1:colcon.colcon_core.package_identification:_identify(log) by extensions ['ignore', 'ignore_ament_install']
[0.720s] Level 1:colcon.colcon_core.package_identification:_identify(log) by extension 'ignore'
[0.720s] Level 1:colcon.colcon_core.package_identification:_identify(log) ignored
[0.720s] Level 1:colcon.colcon_core.package_identification:_identify(navigator) by extensions ['ignore', 'ignore_ament_install']
[0.720s] Level 1:colcon.colcon_core.package_identification:_identify(navigator) by extension 'ignore'
[0.720s] Level 1:colcon.colcon_core.package_identification:_identify(navigator) by extension 'ignore_ament_install'
[0.720s] Level 1:colcon.colcon_core.package_identification:_identify(navigator) by extensions ['colcon_pkg']
[0.720s] Level 1:colcon.colcon_core.package_identification:_identify(navigator) by extension 'colcon_pkg'
[0.720s] Level 1:colcon.colcon_core.package_identification:_identify(navigator) by extensions ['colcon_meta']
[0.720s] Level 1:colcon.colcon_core.package_identification:_identify(navigator) by extension 'colcon_meta'
[0.720s] Level 1:colcon.colcon_core.package_identification:_identify(navigator) by extensions ['ros']
[0.720s] Level 1:colcon.colcon_core.package_identification:_identify(navigator) by extension 'ros'
[0.720s] DEBUG:colcon.colcon_core.package_identification:Package 'navigator' with type 'ros.ament_python' and name 'navigator'
[0.720s] Level 1:colcon.colcon_core.package_identification:_identify(py_img_stream) by extensions ['ignore', 'ignore_ament_install']
[0.720s] Level 1:colcon.colcon_core.package_identification:_identify(py_img_stream) by extension 'ignore'
[0.720s] Level 1:colcon.colcon_core.package_identification:_identify(py_img_stream) by extension 'ignore_ament_install'
[0.721s] Level 1:colcon.colcon_core.package_identification:_identify(py_img_stream) by extensions ['colcon_pkg']
[0.721s] Level 1:colcon.colcon_core.package_identification:_identify(py_img_stream) by extension 'colcon_pkg'
[0.721s] Level 1:colcon.colcon_core.package_identification:_identify(py_img_stream) by extensions ['colcon_meta']
[0.721s] Level 1:colcon.colcon_core.package_identification:_identify(py_img_stream) by extension 'colcon_meta'
[0.721s] Level 1:colcon.colcon_core.package_identification:_identify(py_img_stream) by extensions ['ros']
[0.721s] Level 1:colcon.colcon_core.package_identification:_identify(py_img_stream) by extension 'ros'
[0.721s] DEBUG:colcon.colcon_core.package_identification:Package 'py_img_stream' with type 'ros.ament_python' and name 'py_img_stream'
[0.721s] Level 1:colcon.colcon_core.package_identification:_identify(py_serial) by extensions ['ignore', 'ignore_ament_install']
[0.721s] Level 1:colcon.colcon_core.package_identification:_identify(py_serial) by extension 'ignore'
[0.721s] Level 1:colcon.colcon_core.package_identification:_identify(py_serial) by extension 'ignore_ament_install'
[0.721s] Level 1:colcon.colcon_core.package_identification:_identify(py_serial) by extensions ['colcon_pkg']
[0.721s] Level 1:colcon.colcon_core.package_identification:_identify(py_serial) by extension 'colcon_pkg'
[0.721s] Level 1:colcon.colcon_core.package_identification:_identify(py_serial) by extensions ['colcon_meta']
[0.721s] Level 1:colcon.colcon_core.package_identification:_identify(py_serial) by extension 'colcon_meta'
[0.721s] Level 1:colcon.colcon_core.package_identification:_identify(py_serial) by extensions ['ros']
[0.721s] Level 1:colcon.colcon_core.package_identification:_identify(py_serial) by extension 'ros'
[0.721s] DEBUG:colcon.colcon_core.package_identification:Package 'py_serial' with type 'ros.ament_python' and name 'py_serial'
[0.722s] Level 1:colcon.colcon_core.package_identification:_identify(rosbag2_2023_11_30-12_17_31) by extensions ['ignore', 'ignore_ament_install']
[0.722s] Level 1:colcon.colcon_core.package_identification:_identify(rosbag2_2023_11_30-12_17_31) by extension 'ignore'
[0.722s] Level 1:colcon.colcon_core.package_identification:_identify(rosbag2_2023_11_30-12_17_31) by extension 'ignore_ament_install'
[0.722s] Level 1:colcon.colcon_core.package_identification:_identify(rosbag2_2023_11_30-12_17_31) by extensions ['colcon_pkg']
[0.722s] Level 1:colcon.colcon_core.package_identification:_identify(rosbag2_2023_11_30-12_17_31) by extension 'colcon_pkg'
[0.722s] Level 1:colcon.colcon_core.package_identification:_identify(rosbag2_2023_11_30-12_17_31) by extensions ['colcon_meta']
[0.722s] Level 1:colcon.colcon_core.package_identification:_identify(rosbag2_2023_11_30-12_17_31) by extension 'colcon_meta'
[0.722s] Level 1:colcon.colcon_core.package_identification:_identify(rosbag2_2023_11_30-12_17_31) by extensions ['ros']
[0.722s] Level 1:colcon.colcon_core.package_identification:_identify(rosbag2_2023_11_30-12_17_31) by extension 'ros'
[0.722s] Level 1:colcon.colcon_core.package_identification:_identify(rosbag2_2023_11_30-12_17_31) by extensions ['cmake', 'python']
[0.722s] Level 1:colcon.colcon_core.package_identification:_identify(rosbag2_2023_11_30-12_17_31) by extension 'cmake'
[0.722s] Level 1:colcon.colcon_core.package_identification:_identify(rosbag2_2023_11_30-12_17_31) by extension 'python'
[0.722s] Level 1:colcon.colcon_core.package_identification:_identify(rosbag2_2023_11_30-12_17_31) by extensions ['python_setup_py']
[0.722s] Level 1:colcon.colcon_core.package_identification:_identify(rosbag2_2023_11_30-12_17_31) by extension 'python_setup_py'
[0.722s] Level 1:colcon.colcon_core.package_identification:_identify(rosbag2_2023_11_30-12_17_32) by extensions ['ignore', 'ignore_ament_install']
[0.722s] Level 1:colcon.colcon_core.package_identification:_identify(rosbag2_2023_11_30-12_17_32) by extension 'ignore'
[0.722s] Level 1:colcon.colcon_core.package_identification:_identify(rosbag2_2023_11_30-12_17_32) by extension 'ignore_ament_install'
[0.722s] Level 1:colcon.colcon_core.package_identification:_identify(rosbag2_2023_11_30-12_17_32) by extensions ['colcon_pkg']
[0.722s] Level 1:colcon.colcon_core.package_identification:_identify(rosbag2_2023_11_30-12_17_32) by extension 'colcon_pkg'
[0.722s] Level 1:colcon.colcon_core.package_identification:_identify(rosbag2_2023_11_30-12_17_32) by extensions ['colcon_meta']
[0.722s] Level 1:colcon.colcon_core.package_identification:_identify(rosbag2_2023_11_30-12_17_32) by extension 'colcon_meta'
[0.722s] Level 1:colcon.colcon_core.package_identification:_identify(rosbag2_2023_11_30-12_17_32) by extensions ['ros']
[0.722s] Level 1:colcon.colcon_core.package_identification:_identify(rosbag2_2023_11_30-12_17_32) by extension 'ros'
[0.722s] Level 1:colcon.colcon_core.package_identification:_identify(rosbag2_2023_11_30-12_17_32) by extensions ['cmake', 'python']
[0.722s] Level 1:colcon.colcon_core.package_identification:_identify(rosbag2_2023_11_30-12_17_32) by extension 'cmake'
[0.722s] Level 1:colcon.colcon_core.package_identification:_identify(rosbag2_2023_11_30-12_17_32) by extension 'python'
[0.722s] Level 1:colcon.colcon_core.package_identification:_identify(rosbag2_2023_11_30-12_17_32) by extensions ['python_setup_py']
[0.722s] Level 1:colcon.colcon_core.package_identification:_identify(rosbag2_2023_11_30-12_17_32) by extension 'python_setup_py'
[0.722s] Level 1:colcon.colcon_core.package_identification:_identify(rosbag2_2023_11_30-14_00_13) by extensions ['ignore', 'ignore_ament_install']
[0.722s] Level 1:colcon.colcon_core.package_identification:_identify(rosbag2_2023_11_30-14_00_13) by extension 'ignore'
[0.722s] Level 1:colcon.colcon_core.package_identification:_identify(rosbag2_2023_11_30-14_00_13) by extension 'ignore_ament_install'
[0.722s] Level 1:colcon.colcon_core.package_identification:_identify(rosbag2_2023_11_30-14_00_13) by extensions ['colcon_pkg']
[0.722s] Level 1:colcon.colcon_core.package_identification:_identify(rosbag2_2023_11_30-14_00_13) by extension 'colcon_pkg'
[0.723s] Level 1:colcon.colcon_core.package_identification:_identify(rosbag2_2023_11_30-14_00_13) by extensions ['colcon_meta']
[0.723s] Level 1:colcon.colcon_core.package_identification:_identify(rosbag2_2023_11_30-14_00_13) by extension 'colcon_meta'
[0.723s] Level 1:colcon.colcon_core.package_identification:_identify(rosbag2_2023_11_30-14_00_13) by extensions ['ros']
[0.723s] Level 1:colcon.colcon_core.package_identification:_identify(rosbag2_2023_11_30-14_00_13) by extension 'ros'
[0.723s] Level 1:colcon.colcon_core.package_identification:_identify(rosbag2_2023_11_30-14_00_13) by extensions ['cmake', 'python']
[0.723s] Level 1:colcon.colcon_core.package_identification:_identify(rosbag2_2023_11_30-14_00_13) by extension 'cmake'
[0.723s] Level 1:colcon.colcon_core.package_identification:_identify(rosbag2_2023_11_30-14_00_13) by extension 'python'
[0.723s] Level 1:colcon.colcon_core.package_identification:_identify(rosbag2_2023_11_30-14_00_13) by extensions ['python_setup_py']
[0.723s] Level 1:colcon.colcon_core.package_identification:_identify(rosbag2_2023_11_30-14_00_13) by extension 'python_setup_py'
[0.723s] Level 1:colcon.colcon_core.package_identification:_identify(rosbag2_2023_11_30-14_00_20) by extensions ['ignore', 'ignore_ament_install']
[0.723s] Level 1:colcon.colcon_core.package_identification:_identify(rosbag2_2023_11_30-14_00_20) by extension 'ignore'
[0.723s] Level 1:colcon.colcon_core.package_identification:_identify(rosbag2_2023_11_30-14_00_20) by extension 'ignore_ament_install'
[0.723s] Level 1:colcon.colcon_core.package_identification:_identify(rosbag2_2023_11_30-14_00_20) by extensions ['colcon_pkg']
[0.723s] Level 1:colcon.colcon_core.package_identification:_identify(rosbag2_2023_11_30-14_00_20) by extension 'colcon_pkg'
[0.723s] Level 1:colcon.colcon_core.package_identification:_identify(rosbag2_2023_11_30-14_00_20) by extensions ['colcon_meta']
[0.723s] Level 1:colcon.colcon_core.package_identification:_identify(rosbag2_2023_11_30-14_00_20) by extension 'colcon_meta'
[0.723s] Level 1:colcon.colcon_core.package_identification:_identify(rosbag2_2023_11_30-14_00_20) by extensions ['ros']
[0.723s] Level 1:colcon.colcon_core.package_identification:_identify(rosbag2_2023_11_30-14_00_20) by extension 'ros'
[0.723s] Level 1:colcon.colcon_core.package_identification:_identify(rosbag2_2023_11_30-14_00_20) by extensions ['cmake', 'python']
[0.723s] Level 1:colcon.colcon_core.package_identification:_identify(rosbag2_2023_11_30-14_00_20) by extension 'cmake'
[0.723s] Level 1:colcon.colcon_core.package_identification:_identify(rosbag2_2023_11_30-14_00_20) by extension 'python'
[0.723s] Level 1:colcon.colcon_core.package_identification:_identify(rosbag2_2023_11_30-14_00_20) by extensions ['python_setup_py']
[0.723s] Level 1:colcon.colcon_core.package_identification:_identify(rosbag2_2023_11_30-14_00_20) by extension 'python_setup_py'
[0.723s] Level 1:colcon.colcon_core.package_discovery:discover_packages(recursive) using defaults
[0.723s] Level 1:colcon.colcon_core.package_discovery:discover_packages(ignore) discover
[0.723s] Level 1:colcon.colcon_core.package_discovery:discover_packages(ignore) using defaults
[0.723s] Level 1:colcon.colcon_core.package_discovery:discover_packages(path) discover
[0.723s] Level 1:colcon.colcon_core.package_discovery:discover_packages(path) using defaults
[0.786s] Level 1:colcon.colcon_core.package_discovery:discover_packages(prefix_path) check parameters
[0.786s] Level 1:colcon.colcon_core.package_discovery:discover_packages(prefix_path) discover
[0.806s] DEBUG:colcon.colcon_installed_package_information.package_discovery:Found 4 installed packages in /home/adam/Desktop/sdp-team-12/install
[0.817s] DEBUG:colcon.colcon_installed_package_information.package_discovery:Found 455 installed packages in /opt/ros/humble
[0.827s] Level 1:colcon.colcon_core.package_discovery:discover_packages(prefix_path) using defaults
[0.902s] Level 5:colcon.colcon_core.verb:set package 'basic_mobile_robot' build argument 'cmake_args' from command line to 'None'
[0.902s] Level 5:colcon.colcon_core.verb:set package 'basic_mobile_robot' build argument 'cmake_target' from command line to 'None'
[0.902s] Level 5:colcon.colcon_core.verb:set package 'basic_mobile_robot' build argument 'cmake_target_skip_unavailable' from command line to 'False'
[0.902s] Level 5:colcon.colcon_core.verb:set package 'basic_mobile_robot' build argument 'cmake_clean_cache' from command line to 'False'
[0.902s] Level 5:colcon.colcon_core.verb:set package 'basic_mobile_robot' build argument 'cmake_clean_first' from command line to 'False'
[0.902s] Level 5:colcon.colcon_core.verb:set package 'basic_mobile_robot' build argument 'cmake_force_configure' from command line to 'False'
[0.902s] Level 5:colcon.colcon_core.verb:set package 'basic_mobile_robot' build argument 'ament_cmake_args' from command line to 'None'
[0.902s] Level 5:colcon.colcon_core.verb:set package 'basic_mobile_robot' build argument 'catkin_cmake_args' from command line to 'None'
[0.902s] Level 5:colcon.colcon_core.verb:set package 'basic_mobile_robot' build argument 'catkin_skip_building_tests' from command line to 'False'
[0.902s] DEBUG:colcon.colcon_core.verb:Building package 'basic_mobile_robot' with the following arguments: {'ament_cmake_args': None, 'build_base': '/home/adam/Desktop/sdp-team-12/build/basic_mobile_robot', 'catkin_cmake_args': None, 'catkin_skip_building_tests': False, 'cmake_args': None, 'cmake_clean_cache': False, 'cmake_clean_first': False, 'cmake_force_configure': False, 'cmake_target': None, 'cmake_target_skip_unavailable': False, 'install_base': '/home/adam/Desktop/sdp-team-12/install/basic_mobile_robot', 'merge_install': False, 'path': '/home/adam/Desktop/sdp-team-12/basic_mobile_robot', 'symlink_install': False, 'test_result_base': None}
[0.912s] Level 5:colcon.colcon_core.verb:set package 'navigator' build argument 'cmake_args' from command line to 'None'
[0.912s] Level 5:colcon.colcon_core.verb:set package 'navigator' build argument 'cmake_target' from command line to 'None'
[0.912s] Level 5:colcon.colcon_core.verb:set package 'navigator' build argument 'cmake_target_skip_unavailable' from command line to 'False'
[0.912s] Level 5:colcon.colcon_core.verb:set package 'navigator' build argument 'cmake_clean_cache' from command line to 'False'
[0.912s] Level 5:colcon.colcon_core.verb:set package 'navigator' build argument 'cmake_clean_first' from command line to 'False'
[0.912s] Level 5:colcon.colcon_core.verb:set package 'navigator' build argument 'cmake_force_configure' from command line to 'False'
[0.912s] Level 5:colcon.colcon_core.verb:set package 'navigator' build argument 'ament_cmake_args' from command line to 'None'
[0.912s] Level 5:colcon.colcon_core.verb:set package 'navigator' build argument 'catkin_cmake_args' from command line to 'None'
[0.912s] Level 5:colcon.colcon_core.verb:set package 'navigator' build argument 'catkin_skip_building_tests' from command line to 'False'
[0.912s] DEBUG:colcon.colcon_core.verb:Building package 'navigator' with the following arguments: {'ament_cmake_args': None, 'build_base': '/home/adam/Desktop/sdp-team-12/build/navigator', 'catkin_cmake_args': None, 'catkin_skip_building_tests': False, 'cmake_args': None, 'cmake_clean_cache': False, 'cmake_clean_first': False, 'cmake_force_configure': False, 'cmake_target': None, 'cmake_target_skip_unavailable': False, 'install_base': '/home/adam/Desktop/sdp-team-12/install/navigator', 'merge_install': False, 'path': '/home/adam/Desktop/sdp-team-12/navigator', 'symlink_install': False, 'test_result_base': None}
[0.921s] Level 5:colcon.colcon_core.verb:set package 'py_img_stream' build argument 'cmake_args' from command line to 'None'
[0.922s] Level 5:colcon.colcon_core.verb:set package 'py_img_stream' build argument 'cmake_target' from command line to 'None'
[0.922s] Level 5:colcon.colcon_core.verb:set package 'py_img_stream' build argument 'cmake_target_skip_unavailable' from command line to 'False'
[0.922s] Level 5:colcon.colcon_core.verb:set package 'py_img_stream' build argument 'cmake_clean_cache' from command line to 'False'
[0.922s] Level 5:colcon.colcon_core.verb:set package 'py_img_stream' build argument 'cmake_clean_first' from command line to 'False'
[0.922s] Level 5:colcon.colcon_core.verb:set package 'py_img_stream' build argument 'cmake_force_configure' from command line to 'False'
[0.922s] Level 5:colcon.colcon_core.verb:set package 'py_img_stream' build argument 'ament_cmake_args' from command line to 'None'
[0.922s] Level 5:colcon.colcon_core.verb:set package 'py_img_stream' build argument 'catkin_cmake_args' from command line to 'None'
[0.922s] Level 5:colcon.colcon_core.verb:set package 'py_img_stream' build argument 'catkin_skip_building_tests' from command line to 'False'
[0.922s] DEBUG:colcon.colcon_core.verb:Building package 'py_img_stream' with the following arguments: {'ament_cmake_args': None, 'build_base': '/home/adam/Desktop/sdp-team-12/build/py_img_stream', 'catkin_cmake_args': None, 'catkin_skip_building_tests': False, 'cmake_args': None, 'cmake_clean_cache': False, 'cmake_clean_first': False, 'cmake_force_configure': False, 'cmake_target': None, 'cmake_target_skip_unavailable': False, 'install_base': '/home/adam/Desktop/sdp-team-12/install/py_img_stream', 'merge_install': False, 'path': '/home/adam/Desktop/sdp-team-12/py_img_stream', 'symlink_install': False, 'test_result_base': None}
[0.931s] Level 5:colcon.colcon_core.verb:set package 'py_serial' build argument 'cmake_args' from command line to 'None'
[0.932s] Level 5:colcon.colcon_core.verb:set package 'py_serial' build argument 'cmake_target' from command line to 'None'
[0.932s] Level 5:colcon.colcon_core.verb:set package 'py_serial' build argument 'cmake_target_skip_unavailable' from command line to 'False'
[0.932s] Level 5:colcon.colcon_core.verb:set package 'py_serial' build argument 'cmake_clean_cache' from command line to 'False'
[0.932s] Level 5:colcon.colcon_core.verb:set package 'py_serial' build argument 'cmake_clean_first' from command line to 'False'
[0.932s] Level 5:colcon.colcon_core.verb:set package 'py_serial' build argument 'cmake_force_configure' from command line to 'False'
[0.932s] Level 5:colcon.colcon_core.verb:set package 'py_serial' build argument 'ament_cmake_args' from command line to 'None'
[0.932s] Level 5:colcon.colcon_core.verb:set package 'py_serial' build argument 'catkin_cmake_args' from command line to 'None'
[0.932s] Level 5:colcon.colcon_core.verb:set package 'py_serial' build argument 'catkin_skip_building_tests' from command line to 'False'
[0.932s] DEBUG:colcon.colcon_core.verb:Building package 'py_serial' with the following arguments: {'ament_cmake_args': None, 'build_base': '/home/adam/Desktop/sdp-team-12/build/py_serial', 'catkin_cmake_args': None, 'catkin_skip_building_tests': False, 'cmake_args': None, 'cmake_clean_cache': False, 'cmake_clean_first': False, 'cmake_force_configure': False, 'cmake_target': None, 'cmake_target_skip_unavailable': False, 'install_base': '/home/adam/Desktop/sdp-team-12/install/py_serial', 'merge_install': False, 'path': '/home/adam/Desktop/sdp-team-12/py_serial', 'symlink_install': False, 'test_result_base': None}
[0.941s] INFO:colcon.colcon_core.executor:Executing jobs using 'parallel' executor
[0.952s] DEBUG:colcon.colcon_parallel_executor.executor.parallel:run_until_complete
[0.952s] INFO:colcon.colcon_ros.task.ament_cmake.build:Building ROS package in '/home/adam/Desktop/sdp-team-12/basic_mobile_robot' with build type 'ament_cmake'
[0.952s] INFO:colcon.colcon_cmake.task.cmake.build:Building CMake package in '/home/adam/Desktop/sdp-team-12/basic_mobile_robot'
[0.964s] INFO:colcon.colcon_core.plugin_system:Skipping extension 'colcon_core.shell.bat': Not used on non-Windows systems
[0.964s] INFO:colcon.colcon_core.shell:Skip shell extension 'powershell' for command environment: Not usable outside of PowerShell
[0.964s] DEBUG:colcon.colcon_core.shell:Skip shell extension 'dsv' for command environment
[0.996s] INFO:colcon.colcon_ros.task.ament_python.build:Building ROS package in '/home/adam/Desktop/sdp-team-12/navigator' with build type 'ament_python'
[0.996s] Level 1:colcon.colcon_core.shell:create_environment_hook('navigator', 'ament_prefix_path')
[1.007s] INFO:colcon.colcon_core.shell:Creating environment hook '/home/adam/Desktop/sdp-team-12/install/navigator/share/navigator/hook/ament_prefix_path.ps1'
[1.007s] INFO:colcon.colcon_core.shell:Creating environment descriptor '/home/adam/Desktop/sdp-team-12/install/navigator/share/navigator/hook/ament_prefix_path.dsv'
[1.007s] INFO:colcon.colcon_core.shell:Creating environment hook '/home/adam/Desktop/sdp-team-12/install/navigator/share/navigator/hook/ament_prefix_path.sh'
[1.018s] INFO:colcon.colcon_core.shell:Skip shell extension 'powershell' for command environment: Not usable outside of PowerShell
[1.018s] DEBUG:colcon.colcon_core.shell:Skip shell extension 'dsv' for command environment
[1.050s] INFO:colcon.colcon_ros.task.ament_python.build:Building ROS package in '/home/adam/Desktop/sdp-team-12/py_img_stream' with build type 'ament_python'
[1.050s] Level 1:colcon.colcon_core.shell:create_environment_hook('py_img_stream', 'ament_prefix_path')
[1.061s] INFO:colcon.colcon_core.shell:Creating environment hook '/home/adam/Desktop/sdp-team-12/install/py_img_stream/share/py_img_stream/hook/ament_prefix_path.ps1'
[1.061s] INFO:colcon.colcon_core.shell:Creating environment descriptor '/home/adam/Desktop/sdp-team-12/install/py_img_stream/share/py_img_stream/hook/ament_prefix_path.dsv'
[1.062s] INFO:colcon.colcon_core.shell:Creating environment hook '/home/adam/Desktop/sdp-team-12/install/py_img_stream/share/py_img_stream/hook/ament_prefix_path.sh'
[1.073s] INFO:colcon.colcon_core.shell:Skip shell extension 'powershell' for command environment: Not usable outside of PowerShell
[1.073s] DEBUG:colcon.colcon_core.shell:Skip shell extension 'dsv' for command environment
[1.106s] INFO:colcon.colcon_ros.task.ament_python.build:Building ROS package in '/home/adam/Desktop/sdp-team-12/py_serial' with build type 'ament_python'
[1.106s] Level 1:colcon.colcon_core.shell:create_environment_hook('py_serial', 'ament_prefix_path')
[1.117s] INFO:colcon.colcon_core.shell:Creating environment hook '/home/adam/Desktop/sdp-team-12/install/py_serial/share/py_serial/hook/ament_prefix_path.ps1'
[1.118s] INFO:colcon.colcon_core.shell:Creating environment descriptor '/home/adam/Desktop/sdp-team-12/install/py_serial/share/py_serial/hook/ament_prefix_path.dsv'
[1.118s] INFO:colcon.colcon_core.shell:Creating environment hook '/home/adam/Desktop/sdp-team-12/install/py_serial/share/py_serial/hook/ament_prefix_path.sh'
[1.128s] INFO:colcon.colcon_core.shell:Skip shell extension 'powershell' for command environment: Not usable outside of PowerShell
[1.128s] DEBUG:colcon.colcon_core.shell:Skip shell extension 'dsv' for command environment
[1.164s] DEBUG:colcon.colcon_core.event_handler.log_command:Invoking command in '/home/adam/Desktop/sdp-team-12/build/basic_mobile_robot': CMAKE_PREFIX_PATH=${CMAKE_PREFIX_PATH}:/home/adam/Desktop/sdp-team-12/install/py_serial:/home/adam/Desktop/sdp-team-12/install/py_img_stream:/home/adam/Desktop/sdp-team-12/install/navigator:/opt/ros/humble /usr/bin/cmake --build /home/adam/Desktop/sdp-team-12/build/basic_mobile_robot -- -j8 -l8
[1.376s] INFO:colcon.colcon_core.task.python.build:Building Python package in '/home/adam/Desktop/sdp-team-12/navigator'
[1.388s] INFO:colcon.colcon_core.shell:Skip shell extension 'powershell' for command environment: Not usable outside of PowerShell
[1.388s] DEBUG:colcon.colcon_core.shell:Skip shell extension 'dsv' for command environment
[1.594s] INFO:colcon.colcon_core.task.python.build:Building Python package in '/home/adam/Desktop/sdp-team-12/py_img_stream'
[1.605s] INFO:colcon.colcon_core.shell:Skip shell extension 'powershell' for command environment: Not usable outside of PowerShell
[1.605s] DEBUG:colcon.colcon_core.shell:Skip shell extension 'dsv' for command environment
[1.814s] INFO:colcon.colcon_core.task.python.build:Building Python package in '/home/adam/Desktop/sdp-team-12/py_serial'
[1.824s] INFO:colcon.colcon_core.shell:Skip shell extension 'powershell' for command environment: Not usable outside of PowerShell
[1.824s] DEBUG:colcon.colcon_core.shell:Skip shell extension 'dsv' for command environment
[1.856s] DEBUG:colcon.colcon_core.event_handler.log_command:Invoked command in '/home/adam/Desktop/sdp-team-12/build/basic_mobile_robot' returned '0': CMAKE_PREFIX_PATH=${CMAKE_PREFIX_PATH}:/home/adam/Desktop/sdp-team-12/install/py_serial:/home/adam/Desktop/sdp-team-12/install/py_img_stream:/home/adam/Desktop/sdp-team-12/install/navigator:/opt/ros/humble /usr/bin/cmake --build /home/adam/Desktop/sdp-team-12/build/basic_mobile_robot -- -j8 -l8
[1.884s] DEBUG:colcon.colcon_core.event_handler.log_command:Invoking command in '/home/adam/Desktop/sdp-team-12/build/basic_mobile_robot': CMAKE_PREFIX_PATH=${CMAKE_PREFIX_PATH}:/home/adam/Desktop/sdp-team-12/install/py_serial:/home/adam/Desktop/sdp-team-12/install/py_img_stream:/home/adam/Desktop/sdp-team-12/install/navigator:/opt/ros/humble /usr/bin/cmake --install /home/adam/Desktop/sdp-team-12/build/basic_mobile_robot
[1.894s] Level 1:colcon.colcon_core.environment:create_environment_scripts_only(basic_mobile_robot)
[1.898s] DEBUG:colcon.colcon_core.event_handler.log_command:Invoked command in '/home/adam/Desktop/sdp-team-12/build/basic_mobile_robot' returned '0': CMAKE_PREFIX_PATH=${CMAKE_PREFIX_PATH}:/home/adam/Desktop/sdp-team-12/install/py_serial:/home/adam/Desktop/sdp-team-12/install/py_img_stream:/home/adam/Desktop/sdp-team-12/install/navigator:/opt/ros/humble /usr/bin/cmake --install /home/adam/Desktop/sdp-team-12/build/basic_mobile_robot
[1.920s] Level 1:colcon.colcon_core.environment:checking '/home/adam/Desktop/sdp-team-12/install/basic_mobile_robot' for CMake module files
[1.921s] Level 1:colcon.colcon_core.environment:checking '/home/adam/Desktop/sdp-team-12/install/basic_mobile_robot' for CMake config files
[1.921s] Level 1:colcon.colcon_core.shell:create_environment_hook('basic_mobile_robot', 'cmake_prefix_path')
[1.941s] INFO:colcon.colcon_core.shell:Creating environment hook '/home/adam/Desktop/sdp-team-12/install/basic_mobile_robot/share/basic_mobile_robot/hook/cmake_prefix_path.ps1'
[1.941s] INFO:colcon.colcon_core.shell:Creating environment descriptor '/home/adam/Desktop/sdp-team-12/install/basic_mobile_robot/share/basic_mobile_robot/hook/cmake_prefix_path.dsv'
[1.941s] INFO:colcon.colcon_core.shell:Creating environment hook '/home/adam/Desktop/sdp-team-12/install/basic_mobile_robot/share/basic_mobile_robot/hook/cmake_prefix_path.sh'
[1.942s] Level 1:colcon.colcon_core.environment:checking '/home/adam/Desktop/sdp-team-12/install/basic_mobile_robot/lib'
[1.942s] Level 1:colcon.colcon_core.environment:checking '/home/adam/Desktop/sdp-team-12/install/basic_mobile_robot/bin'
[1.942s] Level 1:colcon.colcon_core.environment:checking '/home/adam/Desktop/sdp-team-12/install/basic_mobile_robot/lib/pkgconfig/basic_mobile_robot.pc'
[1.942s] Level 1:colcon.colcon_core.environment:checking '/home/adam/Desktop/sdp-team-12/install/basic_mobile_robot/lib/python3.10/site-packages'
[1.942s] Level 1:colcon.colcon_core.environment:checking '/home/adam/Desktop/sdp-team-12/install/basic_mobile_robot/bin'
[1.954s] INFO:colcon.colcon_core.shell:Creating package script '/home/adam/Desktop/sdp-team-12/install/basic_mobile_robot/share/basic_mobile_robot/package.ps1'
[1.955s] INFO:colcon.colcon_core.shell:Creating package descriptor '/home/adam/Desktop/sdp-team-12/install/basic_mobile_robot/share/basic_mobile_robot/package.dsv'
[1.955s] INFO:colcon.colcon_core.shell:Creating package script '/home/adam/Desktop/sdp-team-12/install/basic_mobile_robot/share/basic_mobile_robot/package.sh'
[1.955s] INFO:colcon.colcon_core.shell:Creating package script '/home/adam/Desktop/sdp-team-12/install/basic_mobile_robot/share/basic_mobile_robot/package.bash'
[1.956s] INFO:colcon.colcon_core.shell:Creating package script '/home/adam/Desktop/sdp-team-12/install/basic_mobile_robot/share/basic_mobile_robot/package.zsh'
[1.956s] Level 1:colcon.colcon_core.environment:create_file_with_runtime_dependencies(/home/adam/Desktop/sdp-team-12/install/basic_mobile_robot/share/colcon-core/packages/basic_mobile_robot)
[1.995s] Level 1:colcon.colcon_core.environment:create_environment_scripts_only(basic_mobile_robot)
[2.015s] Level 1:colcon.colcon_core.environment:checking '/home/adam/Desktop/sdp-team-12/install/basic_mobile_robot' for CMake module files
[2.016s] Level 1:colcon.colcon_core.environment:checking '/home/adam/Desktop/sdp-team-12/install/basic_mobile_robot' for CMake config files
[2.016s] Level 1:colcon.colcon_core.shell:create_environment_hook('basic_mobile_robot', 'cmake_prefix_path')
[2.035s] INFO:colcon.colcon_core.shell:Creating environment hook '/home/adam/Desktop/sdp-team-12/install/basic_mobile_robot/share/basic_mobile_robot/hook/cmake_prefix_path.ps1'
[2.035s] INFO:colcon.colcon_core.shell:Creating environment descriptor '/home/adam/Desktop/sdp-team-12/install/basic_mobile_robot/share/basic_mobile_robot/hook/cmake_prefix_path.dsv'
[2.035s] INFO:colcon.colcon_core.shell:Creating environment hook '/home/adam/Desktop/sdp-team-12/install/basic_mobile_robot/share/basic_mobile_robot/hook/cmake_prefix_path.sh'
[2.036s] Level 1:colcon.colcon_core.environment:checking '/home/adam/Desktop/sdp-team-12/install/basic_mobile_robot/lib'
[2.036s] Level 1:colcon.colcon_core.environment:checking '/home/adam/Desktop/sdp-team-12/install/basic_mobile_robot/bin'
[2.036s] Level 1:colcon.colcon_core.environment:checking '/home/adam/Desktop/sdp-team-12/install/basic_mobile_robot/lib/pkgconfig/basic_mobile_robot.pc'
[2.036s] Level 1:colcon.colcon_core.environment:checking '/home/adam/Desktop/sdp-team-12/install/basic_mobile_robot/lib/python3.10/site-packages'
[2.036s] Level 1:colcon.colcon_core.environment:checking '/home/adam/Desktop/sdp-team-12/install/basic_mobile_robot/bin'
[2.047s] INFO:colcon.colcon_core.shell:Creating package script '/home/adam/Desktop/sdp-team-12/install/basic_mobile_robot/share/basic_mobile_robot/package.ps1'
[2.048s] INFO:colcon.colcon_core.shell:Creating package descriptor '/home/adam/Desktop/sdp-team-12/install/basic_mobile_robot/share/basic_mobile_robot/package.dsv'
[2.048s] INFO:colcon.colcon_core.shell:Creating package script '/home/adam/Desktop/sdp-team-12/install/basic_mobile_robot/share/basic_mobile_robot/package.sh'
[2.049s] INFO:colcon.colcon_core.shell:Creating package script '/home/adam/Desktop/sdp-team-12/install/basic_mobile_robot/share/basic_mobile_robot/package.bash'
[2.049s] INFO:colcon.colcon_core.shell:Creating package script '/home/adam/Desktop/sdp-team-12/install/basic_mobile_robot/share/basic_mobile_robot/package.zsh'
[2.049s] Level 1:colcon.colcon_core.environment:create_file_with_runtime_dependencies(/home/adam/Desktop/sdp-team-12/install/basic_mobile_robot/share/colcon-core/packages/basic_mobile_robot)
[2.137s] DEBUG:colcon.colcon_core.event_handler.log_command:Invoking command in '/home/adam/Desktop/sdp-team-12/py_img_stream': PYTHONPATH=/home/adam/Desktop/sdp-team-12/build/py_img_stream/prefix_override:/home/adam/Desktop/sdp-team-12/install/py_img_stream/lib/python3.10/site-packages:${PYTHONPATH} /usr/bin/python3 setup.py egg_info --egg-base ../build/py_img_stream build --build-base /home/adam/Desktop/sdp-team-12/build/py_img_stream/build install --record /home/adam/Desktop/sdp-team-12/build/py_img_stream/install.log --single-version-externally-managed
[2.149s] DEBUG:colcon.colcon_core.event_handler.log_command:Invoking command in '/home/adam/Desktop/sdp-team-12/py_serial': PYTHONPATH=/home/adam/Desktop/sdp-team-12/build/py_serial/prefix_override:/home/adam/Desktop/sdp-team-12/install/py_serial/lib/python3.10/site-packages:${PYTHONPATH} /usr/bin/python3 setup.py egg_info --egg-base ../build/py_serial build --build-base /home/adam/Desktop/sdp-team-12/build/py_serial/build install --record /home/adam/Desktop/sdp-team-12/build/py_serial/install.log --single-version-externally-managed
[2.189s] DEBUG:colcon.colcon_core.event_handler.log_command:Invoking command in '/home/adam/Desktop/sdp-team-12/navigator': PYTHONPATH=/home/adam/Desktop/sdp-team-12/build/navigator/prefix_override:/home/adam/Desktop/sdp-team-12/install/navigator/lib/python3.10/site-packages:${PYTHONPATH} /usr/bin/python3 setup.py egg_info --egg-base ../build/navigator build --build-base /home/adam/Desktop/sdp-team-12/build/navigator/build install --record /home/adam/Desktop/sdp-team-12/build/navigator/install.log --single-version-externally-managed
[2.374s] DEBUG:colcon.colcon_core.event_handler.log_command:Invoked command in '/home/adam/Desktop/sdp-team-12/py_img_stream' returned '0': PYTHONPATH=/home/adam/Desktop/sdp-team-12/build/py_img_stream/prefix_override:/home/adam/Desktop/sdp-team-12/install/py_img_stream/lib/python3.10/site-packages:${PYTHONPATH} /usr/bin/python3 setup.py egg_info --egg-base ../build/py_img_stream build --build-base /home/adam/Desktop/sdp-team-12/build/py_img_stream/build install --record /home/adam/Desktop/sdp-team-12/build/py_img_stream/install.log --single-version-externally-managed
[2.388s] Level 1:colcon.colcon_core.environment:checking '/home/adam/Desktop/sdp-team-12/install/py_img_stream' for CMake module files
[2.388s] Level 1:colcon.colcon_core.environment:checking '/home/adam/Desktop/sdp-team-12/install/py_img_stream' for CMake config files
[2.388s] Level 1:colcon.colcon_core.environment:checking '/home/adam/Desktop/sdp-team-12/install/py_img_stream/lib'
[2.388s] Level 1:colcon.colcon_core.environment:checking '/home/adam/Desktop/sdp-team-12/install/py_img_stream/bin'
[2.388s] Level 1:colcon.colcon_core.environment:checking '/home/adam/Desktop/sdp-team-12/install/py_img_stream/lib/pkgconfig/py_img_stream.pc'
[2.389s] Level 1:colcon.colcon_core.environment:checking '/home/adam/Desktop/sdp-team-12/install/py_img_stream/lib/python3.10/site-packages'
[2.389s] Level 1:colcon.colcon_core.shell:create_environment_hook('py_img_stream', 'pythonpath')
[2.401s] INFO:colcon.colcon_core.shell:Creating environment hook '/home/adam/Desktop/sdp-team-12/install/py_img_stream/share/py_img_stream/hook/pythonpath.ps1'
[2.402s] INFO:colcon.colcon_core.shell:Creating environment descriptor '/home/adam/Desktop/sdp-team-12/install/py_img_stream/share/py_img_stream/hook/pythonpath.dsv'
[2.402s] INFO:colcon.colcon_core.shell:Creating environment hook '/home/adam/Desktop/sdp-team-12/install/py_img_stream/share/py_img_stream/hook/pythonpath.sh'
[2.402s] Level 1:colcon.colcon_core.environment:checking '/home/adam/Desktop/sdp-team-12/install/py_img_stream/bin'
[2.402s] Level 1:colcon.colcon_core.environment:create_environment_scripts_only(py_img_stream)
[2.425s] INFO:colcon.colcon_core.shell:Creating package script '/home/adam/Desktop/sdp-team-12/install/py_img_stream/share/py_img_stream/package.ps1'
[2.426s] INFO:colcon.colcon_core.shell:Creating package descriptor '/home/adam/Desktop/sdp-team-12/install/py_img_stream/share/py_img_stream/package.dsv'
[2.426s] INFO:colcon.colcon_core.shell:Creating package script '/home/adam/Desktop/sdp-team-12/install/py_img_stream/share/py_img_stream/package.sh'
[2.426s] INFO:colcon.colcon_core.shell:Creating package script '/home/adam/Desktop/sdp-team-12/install/py_img_stream/share/py_img_stream/package.bash'
[2.426s] INFO:colcon.colcon_core.shell:Creating package script '/home/adam/Desktop/sdp-team-12/install/py_img_stream/share/py_img_stream/package.zsh'
[2.427s] Level 1:colcon.colcon_core.environment:create_file_with_runtime_dependencies(/home/adam/Desktop/sdp-team-12/install/py_img_stream/share/colcon-core/packages/py_img_stream)
[2.428s] DEBUG:colcon.colcon_core.event_handler.log_command:Invoked command in '/home/adam/Desktop/sdp-team-12/py_serial' returned '0': PYTHONPATH=/home/adam/Desktop/sdp-team-12/build/py_serial/prefix_override:/home/adam/Desktop/sdp-team-12/install/py_serial/lib/python3.10/site-packages:${PYTHONPATH} /usr/bin/python3 setup.py egg_info --egg-base ../build/py_serial build --build-base /home/adam/Desktop/sdp-team-12/build/py_serial/build install --record /home/adam/Desktop/sdp-team-12/build/py_serial/install.log --single-version-externally-managed
[2.439s] Level 1:colcon.colcon_core.environment:checking '/home/adam/Desktop/sdp-team-12/install/py_serial' for CMake module files
[2.440s] Level 1:colcon.colcon_core.environment:checking '/home/adam/Desktop/sdp-team-12/install/py_serial' for CMake config files
[2.440s] Level 1:colcon.colcon_core.environment:checking '/home/adam/Desktop/sdp-team-12/install/py_serial/lib'
[2.440s] Level 1:colcon.colcon_core.environment:checking '/home/adam/Desktop/sdp-team-12/install/py_serial/bin'
[2.441s] Level 1:colcon.colcon_core.environment:checking '/home/adam/Desktop/sdp-team-12/install/py_serial/lib/pkgconfig/py_serial.pc'
[2.441s] Level 1:colcon.colcon_core.environment:checking '/home/adam/Desktop/sdp-team-12/install/py_serial/lib/python3.10/site-packages'
[2.441s] Level 1:colcon.colcon_core.shell:create_environment_hook('py_serial', 'pythonpath')
[2.457s] INFO:colcon.colcon_core.shell:Creating environment hook '/home/adam/Desktop/sdp-team-12/install/py_serial/share/py_serial/hook/pythonpath.ps1'
[2.457s] INFO:colcon.colcon_core.shell:Creating environment descriptor '/home/adam/Desktop/sdp-team-12/install/py_serial/share/py_serial/hook/pythonpath.dsv'
[2.457s] INFO:colcon.colcon_core.shell:Creating environment hook '/home/adam/Desktop/sdp-team-12/install/py_serial/share/py_serial/hook/pythonpath.sh'
[2.458s] Level 1:colcon.colcon_core.environment:checking '/home/adam/Desktop/sdp-team-12/install/py_serial/bin'
[2.458s] Level 1:colcon.colcon_core.environment:create_environment_scripts_only(py_serial)
[2.468s] INFO:colcon.colcon_core.shell:Creating package script '/home/adam/Desktop/sdp-team-12/install/py_serial/share/py_serial/package.ps1'
[2.468s] INFO:colcon.colcon_core.shell:Creating package descriptor '/home/adam/Desktop/sdp-team-12/install/py_serial/share/py_serial/package.dsv'
[2.468s] INFO:colcon.colcon_core.shell:Creating package script '/home/adam/Desktop/sdp-team-12/install/py_serial/share/py_serial/package.sh'
[2.469s] INFO:colcon.colcon_core.shell:Creating package script '/home/adam/Desktop/sdp-team-12/install/py_serial/share/py_serial/package.bash'
[2.469s] INFO:colcon.colcon_core.shell:Creating package script '/home/adam/Desktop/sdp-team-12/install/py_serial/share/py_serial/package.zsh'
[2.469s] Level 1:colcon.colcon_core.environment:create_file_with_runtime_dependencies(/home/adam/Desktop/sdp-team-12/install/py_serial/share/colcon-core/packages/py_serial)
[2.470s] DEBUG:colcon.colcon_core.event_handler.log_command:Invoked command in '/home/adam/Desktop/sdp-team-12/navigator' returned '0': PYTHONPATH=/home/adam/Desktop/sdp-team-12/build/navigator/prefix_override:/home/adam/Desktop/sdp-team-12/install/navigator/lib/python3.10/site-packages:${PYTHONPATH} /usr/bin/python3 setup.py egg_info --egg-base ../build/navigator build --build-base /home/adam/Desktop/sdp-team-12/build/navigator/build install --record /home/adam/Desktop/sdp-team-12/build/navigator/install.log --single-version-externally-managed
[2.480s] Level 1:colcon.colcon_core.environment:checking '/home/adam/Desktop/sdp-team-12/install/navigator' for CMake module files
[2.480s] Level 1:colcon.colcon_core.environment:checking '/home/adam/Desktop/sdp-team-12/install/navigator' for CMake config files
[2.481s] Level 1:colcon.colcon_core.environment:checking '/home/adam/Desktop/sdp-team-12/install/navigator/lib'
[2.481s] Level 1:colcon.colcon_core.environment:checking '/home/adam/Desktop/sdp-team-12/install/navigator/bin'
[2.481s] Level 1:colcon.colcon_core.environment:checking '/home/adam/Desktop/sdp-team-12/install/navigator/lib/pkgconfig/navigator.pc'
[2.481s] Level 1:colcon.colcon_core.environment:checking '/home/adam/Desktop/sdp-team-12/install/navigator/lib/python3.10/site-packages'
[2.481s] Level 1:colcon.colcon_core.shell:create_environment_hook('navigator', 'pythonpath')
[2.492s] INFO:colcon.colcon_core.shell:Creating environment hook '/home/adam/Desktop/sdp-team-12/install/navigator/share/navigator/hook/pythonpath.ps1'
[2.492s] INFO:colcon.colcon_core.shell:Creating environment descriptor '/home/adam/Desktop/sdp-team-12/install/navigator/share/navigator/hook/pythonpath.dsv'
[2.492s] INFO:colcon.colcon_core.shell:Creating environment hook '/home/adam/Desktop/sdp-team-12/install/navigator/share/navigator/hook/pythonpath.sh'
[2.493s] Level 1:colcon.colcon_core.environment:checking '/home/adam/Desktop/sdp-team-12/install/navigator/bin'
[2.493s] Level 1:colcon.colcon_core.environment:create_environment_scripts_only(navigator)
[2.503s] INFO:colcon.colcon_core.shell:Creating package script '/home/adam/Desktop/sdp-team-12/install/navigator/share/navigator/package.ps1'
[2.503s] INFO:colcon.colcon_core.shell:Creating package descriptor '/home/adam/Desktop/sdp-team-12/install/navigator/share/navigator/package.dsv'
[2.503s] INFO:colcon.colcon_core.shell:Creating package script '/home/adam/Desktop/sdp-team-12/install/navigator/share/navigator/package.sh'
[2.503s] INFO:colcon.colcon_core.shell:Creating package script '/home/adam/Desktop/sdp-team-12/install/navigator/share/navigator/package.bash'
[2.504s] INFO:colcon.colcon_core.shell:Creating package script '/home/adam/Desktop/sdp-team-12/install/navigator/share/navigator/package.zsh'
[2.504s] Level 1:colcon.colcon_core.environment:create_file_with_runtime_dependencies(/home/adam/Desktop/sdp-team-12/install/navigator/share/colcon-core/packages/navigator)
[2.504s] DEBUG:colcon.colcon_parallel_executor.executor.parallel:closing loop
[2.504s] DEBUG:colcon.colcon_parallel_executor.executor.parallel:loop closed
[2.504s] DEBUG:colcon.colcon_parallel_executor.executor.parallel:run_until_complete finished with '0'
[2.504s] DEBUG:colcon.colcon_core.event_reactor:joining thread
[2.519s] INFO:colcon.colcon_core.plugin_system:Skipping extension 'colcon_notification.desktop_notification.terminal_notifier': Not used on non-Darwin systems
[2.519s] INFO:colcon.colcon_core.plugin_system:Skipping extension 'colcon_notification.desktop_notification.win32': Not used on non-Windows systems
[2.519s] INFO:colcon.colcon_notification.desktop_notification:Sending desktop notification using 'notify2'
[2.528s] DEBUG:colcon.colcon_core.event_reactor:joined thread
[2.539s] INFO:colcon.colcon_core.shell:Creating prefix script '/home/adam/Desktop/sdp-team-12/install/local_setup.ps1'
[2.539s] INFO:colcon.colcon_core.shell:Creating prefix util module '/home/adam/Desktop/sdp-team-12/install/_local_setup_util_ps1.py'
[2.540s] INFO:colcon.colcon_core.shell:Creating prefix chain script '/home/adam/Desktop/sdp-team-12/install/setup.ps1'
[2.551s] INFO:colcon.colcon_core.shell:Creating prefix script '/home/adam/Desktop/sdp-team-12/install/local_setup.sh'
[2.552s] INFO:colcon.colcon_core.shell:Creating prefix util module '/home/adam/Desktop/sdp-team-12/install/_local_setup_util_sh.py'
[2.552s] INFO:colcon.colcon_core.shell:Creating prefix chain script '/home/adam/Desktop/sdp-team-12/install/setup.sh'
[2.565s] INFO:colcon.colcon_core.shell:Creating prefix script '/home/adam/Desktop/sdp-team-12/install/local_setup.bash'
[2.565s] INFO:colcon.colcon_core.shell:Creating prefix chain script '/home/adam/Desktop/sdp-team-12/install/setup.bash'
[2.576s] INFO:colcon.colcon_core.shell:Creating prefix script '/home/adam/Desktop/sdp-team-12/install/local_setup.zsh'
[2.576s] INFO:colcon.colcon_core.shell:Creating prefix chain script '/home/adam/Desktop/sdp-team-12/install/setup.zsh'
