[3.351s] Invoking command in '/mnt/e/UMass_Amherst/SDP/sdp-team-12/navigator': PYTHONPATH=/mnt/e/UMass_Amherst/SDP/sdp-team-12/build/navigator/prefix_override:/mnt/e/UMass_Amherst/SDP/sdp-team-12/install/navigator/lib/python3.10/site-packages:${PYTHONPATH} /usr/bin/python3 setup.py egg_info --egg-base ../build/navigator build --build-base /mnt/e/UMass_Amherst/SDP/sdp-team-12/build/navigator/build install --record /mnt/e/UMass_Amherst/SDP/sdp-team-12/build/navigator/install.log --single-version-externally-managed
[5.146s] running egg_info
[5.164s] writing ../build/navigator/navigator.egg-info/PKG-INFO
[5.186s] writing dependency_links to ../build/navigator/navigator.egg-info/dependency_links.txt
[5.226s] writing entry points to ../build/navigator/navigator.egg-info/entry_points.txt
[5.252s] writing requirements to ../build/navigator/navigator.egg-info/requires.txt
[5.275s] writing top-level names to ../build/navigator/navigator.egg-info/top_level.txt
[5.366s] reading manifest file '../build/navigator/navigator.egg-info/SOURCES.txt'
[5.523s] writing manifest file '../build/navigator/navigator.egg-info/SOURCES.txt'
[5.535s] running build
[5.537s] running build_py
[5.660s] running install
[5.662s] /usr/lib/python3/dist-packages/setuptools/command/install.py:34: SetuptoolsDeprecationWarning: setup.py install is deprecated. Use build and pip and other standards-based tools.
[5.664s]   warnings.warn(
[5.665s] running install_lib
[6.018s] running install_data
[6.082s] running install_egg_info
[6.099s] removing '/mnt/e/UMass_Amherst/SDP/sdp-team-12/install/navigator/lib/python3.10/site-packages/navigator-0.0.0-py3.10.egg-info' (and everything under it)
[6.258s] Copying ../build/navigator/navigator.egg-info to /mnt/e/UMass_Amherst/SDP/sdp-team-12/install/navigator/lib/python3.10/site-packages/navigator-0.0.0-py3.10.egg-info
[6.923s] running install_scripts
[7.069s] Installing keyboard script to /mnt/e/UMass_Amherst/SDP/sdp-team-12/install/navigator/lib/navigator
[7.102s] Installing nav2pose script to /mnt/e/UMass_Amherst/SDP/sdp-team-12/install/navigator/lib/navigator
[7.135s] writing list of installed files to '/mnt/e/UMass_Amherst/SDP/sdp-team-12/build/navigator/install.log'
[7.187s] Invoked command in '/mnt/e/UMass_Amherst/SDP/sdp-team-12/navigator' returned '0': PYTHONPATH=/mnt/e/UMass_Amherst/SDP/sdp-team-12/build/navigator/prefix_override:/mnt/e/UMass_Amherst/SDP/sdp-team-12/install/navigator/lib/python3.10/site-packages:${PYTHONPATH} /usr/bin/python3 setup.py egg_info --egg-base ../build/navigator build --build-base /mnt/e/UMass_Amherst/SDP/sdp-team-12/build/navigator/build install --record /mnt/e/UMass_Amherst/SDP/sdp-team-12/build/navigator/install.log --single-version-externally-managed
