[5.277s] Invoking command in '/media/sf_SDP/sdp-team-12/navigator': PYTHONPATH=/media/sf_SDP/sdp-team-12/build/navigator/prefix_override:/media/sf_SDP/sdp-team-12/install/navigator/lib/python3.10/site-packages:${PYTHONPATH} /usr/bin/python3 setup.py egg_info --egg-base ../build/navigator build --build-base /media/sf_SDP/sdp-team-12/build/navigator/build install --record /media/sf_SDP/sdp-team-12/build/navigator/install.log --single-version-externally-managed
[7.345s] running egg_info
[7.438s] creating ../build/navigator/navigator.egg-info
[7.550s] writing ../build/navigator/navigator.egg-info/PKG-INFO
[7.984s] writing dependency_links to ../build/navigator/navigator.egg-info/dependency_links.txt
[8.041s] writing entry points to ../build/navigator/navigator.egg-info/entry_points.txt
[8.049s] writing requirements to ../build/navigator/navigator.egg-info/requires.txt
[8.055s] writing top-level names to ../build/navigator/navigator.egg-info/top_level.txt
[8.059s] writing manifest file '../build/navigator/navigator.egg-info/SOURCES.txt'
[8.217s] reading manifest file '../build/navigator/navigator.egg-info/SOURCES.txt'
[8.265s] writing manifest file '../build/navigator/navigator.egg-info/SOURCES.txt'
[8.489s] running build
[8.602s] running build_py
[8.684s] creating /media/sf_SDP/sdp-team-12/build/navigator/build
[8.737s] creating /media/sf_SDP/sdp-team-12/build/navigator/build/lib
[8.762s] creating /media/sf_SDP/sdp-team-12/build/navigator/build/lib/navigator
[8.785s] copying navigator/__init__.py -> /media/sf_SDP/sdp-team-12/build/navigator/build/lib/navigator
[8.787s] copying navigator/keyboard_teleop.py -> /media/sf_SDP/sdp-team-12/build/navigator/build/lib/navigator
[8.972s] copying navigator/nav2pose.py -> /media/sf_SDP/sdp-team-12/build/navigator/build/lib/navigator
[9.165s] running install
[9.180s] /usr/lib/python3/dist-packages/setuptools/command/install.py:34: SetuptoolsDeprecationWarning: setup.py install is deprecated. Use build and pip and other standards-based tools.
[9.185s]   warnings.warn(
[9.220s] running install_lib
[9.281s] creating /media/sf_SDP/sdp-team-12/install/navigator/lib/python3.10/site-packages/navigator
[9.368s] copying /media/sf_SDP/sdp-team-12/build/navigator/build/lib/navigator/__init__.py -> /media/sf_SDP/sdp-team-12/install/navigator/lib/python3.10/site-packages/navigator
[9.560s] copying /media/sf_SDP/sdp-team-12/build/navigator/build/lib/navigator/keyboard_teleop.py -> /media/sf_SDP/sdp-team-12/install/navigator/lib/python3.10/site-packages/navigator
[9.811s] copying /media/sf_SDP/sdp-team-12/build/navigator/build/lib/navigator/nav2pose.py -> /media/sf_SDP/sdp-team-12/install/navigator/lib/python3.10/site-packages/navigator
[10.130s] byte-compiling /media/sf_SDP/sdp-team-12/install/navigator/lib/python3.10/site-packages/navigator/__init__.py to __init__.cpython-310.pyc
[10.448s] byte-compiling /media/sf_SDP/sdp-team-12/install/navigator/lib/python3.10/site-packages/navigator/keyboard_teleop.py to keyboard_teleop.cpython-310.pyc
[10.644s] byte-compiling /media/sf_SDP/sdp-team-12/install/navigator/lib/python3.10/site-packages/navigator/nav2pose.py to nav2pose.cpython-310.pyc
[10.761s] running install_data
[10.828s] creating /media/sf_SDP/sdp-team-12/install/navigator/share/ament_index
[10.900s] creating /media/sf_SDP/sdp-team-12/install/navigator/share/ament_index/resource_index
[10.981s] creating /media/sf_SDP/sdp-team-12/install/navigator/share/ament_index/resource_index/packages
[10.992s] copying resource/navigator -> /media/sf_SDP/sdp-team-12/install/navigator/share/ament_index/resource_index/packages
[11.068s] copying package.xml -> /media/sf_SDP/sdp-team-12/install/navigator/share/navigator
[11.153s] running install_egg_info
[11.167s] Copying ../build/navigator/navigator.egg-info to /media/sf_SDP/sdp-team-12/install/navigator/lib/python3.10/site-packages/navigator-0.0.0-py3.10.egg-info
[11.944s] running install_scripts
[12.123s] Installing keyboard script to /media/sf_SDP/sdp-team-12/install/navigator/lib/navigator
[12.278s] Installing nav2pose script to /media/sf_SDP/sdp-team-12/install/navigator/lib/navigator
[12.440s] writing list of installed files to '/media/sf_SDP/sdp-team-12/build/navigator/install.log'
[12.580s] Invoked command in '/media/sf_SDP/sdp-team-12/navigator' returned '0': PYTHONPATH=/media/sf_SDP/sdp-team-12/build/navigator/prefix_override:/media/sf_SDP/sdp-team-12/install/navigator/lib/python3.10/site-packages:${PYTHONPATH} /usr/bin/python3 setup.py egg_info --egg-base ../build/navigator build --build-base /media/sf_SDP/sdp-team-12/build/navigator/build install --record /media/sf_SDP/sdp-team-12/build/navigator/install.log --single-version-externally-managed
