[0.073s] Invoking command in '/home/adam/Desktop/sdp-team-12/control_ws/build/serial': CMAKE_PREFIX_PATH=${CMAKE_PREFIX_PATH}:/opt/ros/humble /usr/bin/cmake --build /home/adam/Desktop/sdp-team-12/control_ws/build/serial -- -j8 -l8
[0.138s] [ 14%] Built target gtest
[0.146s] [ 42%] Built target serial
[0.147s] [ 57%] Built target gtest_main
[0.173s] [ 71%] Built target serial_example
[0.179s] [ 85%] Built target serial-test
[0.180s] [100%] Built target serial-test-timer
[0.265s] Invoked command in '/home/adam/Desktop/sdp-team-12/control_ws/build/serial' returned '0': CMAKE_PREFIX_PATH=${CMAKE_PREFIX_PATH}:/opt/ros/humble /usr/bin/cmake --build /home/adam/Desktop/sdp-team-12/control_ws/build/serial -- -j8 -l8
[0.601s] Invoking command in '/home/adam/Desktop/sdp-team-12/control_ws/build/serial': CMAKE_PREFIX_PATH=${CMAKE_PREFIX_PATH}:/opt/ros/humble /usr/bin/cmake --install /home/adam/Desktop/sdp-team-12/control_ws/build/serial
[0.647s] -- Install configuration: ""
[0.648s] -- Up-to-date: /home/adam/Desktop/sdp-team-12/control_ws/install/serial/lib/libserial.a
[0.648s] -- Up-to-date: /home/adam/Desktop/sdp-team-12/control_ws/install/serial/include/serial/serial.h
[0.648s] -- Up-to-date: /home/adam/Desktop/sdp-team-12/control_ws/install/serial/include/serial/v8stdint.h
[0.648s] -- Up-to-date: /home/adam/Desktop/sdp-team-12/control_ws/install/serial/share/serial/environment/library_path.sh
[0.648s] -- Up-to-date: /home/adam/Desktop/sdp-team-12/control_ws/install/serial/share/serial/environment/library_path.dsv
[0.648s] -- Up-to-date: /home/adam/Desktop/sdp-team-12/control_ws/install/serial/share/ament_index/resource_index/package_run_dependencies/serial
[0.648s] -- Up-to-date: /home/adam/Desktop/sdp-team-12/control_ws/install/serial/share/ament_index/resource_index/parent_prefix_path/serial
[0.648s] -- Up-to-date: /home/adam/Desktop/sdp-team-12/control_ws/install/serial/share/serial/environment/ament_prefix_path.sh
[0.648s] -- Up-to-date: /home/adam/Desktop/sdp-team-12/control_ws/install/serial/share/serial/environment/ament_prefix_path.dsv
[0.648s] -- Up-to-date: /home/adam/Desktop/sdp-team-12/control_ws/install/serial/share/serial/environment/path.sh
[0.648s] -- Up-to-date: /home/adam/Desktop/sdp-team-12/control_ws/install/serial/share/serial/environment/path.dsv
[0.648s] -- Up-to-date: /home/adam/Desktop/sdp-team-12/control_ws/install/serial/share/serial/local_setup.bash
[0.648s] -- Up-to-date: /home/adam/Desktop/sdp-team-12/control_ws/install/serial/share/serial/local_setup.sh
[0.648s] -- Up-to-date: /home/adam/Desktop/sdp-team-12/control_ws/install/serial/share/serial/local_setup.zsh
[0.648s] -- Up-to-date: /home/adam/Desktop/sdp-team-12/control_ws/install/serial/share/serial/local_setup.dsv
[0.648s] -- Installing: /home/adam/Desktop/sdp-team-12/control_ws/install/serial/share/serial/package.dsv
[0.648s] -- Up-to-date: /home/adam/Desktop/sdp-team-12/control_ws/install/serial/share/ament_index/resource_index/packages/serial
[0.648s] -- Up-to-date: /home/adam/Desktop/sdp-team-12/control_ws/install/serial/share/serial/cmake/ament_cmake_export_include_directories-extras.cmake
[0.648s] -- Up-to-date: /home/adam/Desktop/sdp-team-12/control_ws/install/serial/share/serial/cmake/ament_cmake_export_libraries-extras.cmake
[0.648s] -- Up-to-date: /home/adam/Desktop/sdp-team-12/control_ws/install/serial/share/serial/cmake/serialConfig.cmake
[0.649s] -- Up-to-date: /home/adam/Desktop/sdp-team-12/control_ws/install/serial/share/serial/cmake/serialConfig-version.cmake
[0.649s] -- Up-to-date: /home/adam/Desktop/sdp-team-12/control_ws/install/serial/share/serial/package.xml
[0.828s] Invoked command in '/home/adam/Desktop/sdp-team-12/control_ws/build/serial' returned '0': CMAKE_PREFIX_PATH=${CMAKE_PREFIX_PATH}:/opt/ros/humble /usr/bin/cmake --install /home/adam/Desktop/sdp-team-12/control_ws/build/serial
