[1.079s] Invoking command in '/home/adam/Desktop/sdp-team-12/py_serial': PYTHONPATH=/home/adam/Desktop/sdp-team-12/build/py_serial/prefix_override:/home/adam/Desktop/sdp-team-12/install/py_serial/lib/python3.10/site-packages:${PYTHONPATH} /usr/bin/python3 setup.py egg_info --egg-base ../build/py_serial build --build-base /home/adam/Desktop/sdp-team-12/build/py_serial/build install --record /home/adam/Desktop/sdp-team-12/build/py_serial/install.log --single-version-externally-managed
[1.261s] running egg_info
[1.262s] writing ../build/py_serial/py_serial.egg-info/PKG-INFO
[1.262s] writing dependency_links to ../build/py_serial/py_serial.egg-info/dependency_links.txt
[1.262s] writing entry points to ../build/py_serial/py_serial.egg-info/entry_points.txt
[1.262s] writing requirements to ../build/py_serial/py_serial.egg-info/requires.txt
[1.262s] writing top-level names to ../build/py_serial/py_serial.egg-info/top_level.txt
[1.264s] reading manifest file '../build/py_serial/py_serial.egg-info/SOURCES.txt'
[1.264s] writing manifest file '../build/py_serial/py_serial.egg-info/SOURCES.txt'
[1.265s] running build
[1.265s] running build_py
[1.265s] copying py_serial/serial_handler.py -> /home/adam/Desktop/sdp-team-12/build/py_serial/build/lib/py_serial
[1.266s] running install
[1.266s] /usr/lib/python3/dist-packages/setuptools/command/install.py:34: SetuptoolsDeprecationWarning: setup.py install is deprecated. Use build and pip and other standards-based tools.
[1.266s]   warnings.warn(
[1.267s] running install_lib
[1.270s] copying /home/adam/Desktop/sdp-team-12/build/py_serial/build/lib/py_serial/serial_handler.py -> /home/adam/Desktop/sdp-team-12/install/py_serial/lib/python3.10/site-packages/py_serial
[1.270s] byte-compiling /home/adam/Desktop/sdp-team-12/install/py_serial/lib/python3.10/site-packages/py_serial/serial_handler.py to serial_handler.cpython-310.pyc
[1.271s] running install_data
[1.272s] running install_egg_info
[1.274s] removing '/home/adam/Desktop/sdp-team-12/install/py_serial/lib/python3.10/site-packages/py_serial-0.0.0-py3.10.egg-info' (and everything under it)
[1.274s] Copying ../build/py_serial/py_serial.egg-info to /home/adam/Desktop/sdp-team-12/install/py_serial/lib/python3.10/site-packages/py_serial-0.0.0-py3.10.egg-info
[1.275s] running install_scripts
[1.299s] Installing serial_handler script to /home/adam/Desktop/sdp-team-12/install/py_serial/lib/py_serial
[1.299s] writing list of installed files to '/home/adam/Desktop/sdp-team-12/build/py_serial/install.log'
[1.338s] Invoked command in '/home/adam/Desktop/sdp-team-12/py_serial' returned '0': PYTHONPATH=/home/adam/Desktop/sdp-team-12/build/py_serial/prefix_override:/home/adam/Desktop/sdp-team-12/install/py_serial/lib/python3.10/site-packages:${PYTHONPATH} /usr/bin/python3 setup.py egg_info --egg-base ../build/py_serial build --build-base /home/adam/Desktop/sdp-team-12/build/py_serial/build install --record /home/adam/Desktop/sdp-team-12/build/py_serial/install.log --single-version-externally-managed
