[3.601s] Invoking command in '/mnt/e/UMass_Amherst/SDP/sdp-team-12/navigator': PYTHONPATH=/mnt/e/UMass_Amherst/SDP/sdp-team-12/build/navigator/prefix_override:/mnt/e/UMass_Amherst/SDP/sdp-team-12/install/navigator/lib/python3.10/site-packages:${PYTHONPATH} /usr/bin/python3 setup.py egg_info --egg-base ../build/navigator build --build-base /mnt/e/UMass_Amherst/SDP/sdp-team-12/build/navigator/build install --record /mnt/e/UMass_Amherst/SDP/sdp-team-12/build/navigator/install.log --single-version-externally-managed
[5.464s] running egg_info
[5.481s] writing ../build/navigator/navigator.egg-info/PKG-INFO
[5.505s] writing dependency_links to ../build/navigator/navigator.egg-info/dependency_links.txt
[5.532s] writing entry points to ../build/navigator/navigator.egg-info/entry_points.txt
[5.550s] writing requirements to ../build/navigator/navigator.egg-info/requires.txt
[5.564s] writing top-level names to ../build/navigator/navigator.egg-info/top_level.txt
[5.679s] reading manifest file '../build/navigator/navigator.egg-info/SOURCES.txt'
[5.919s] writing manifest file '../build/navigator/navigator.egg-info/SOURCES.txt'
[5.934s] running build
[5.936s] running build_py
[6.071s] running install
[6.073s] /usr/lib/python3/dist-packages/setuptools/command/install.py:34: SetuptoolsDeprecationWarning: setup.py install is deprecated. Use build and pip and other standards-based tools.
[6.075s]   warnings.warn(
[6.078s] running install_lib
[6.445s] running install_data
[6.520s] running install_egg_info
[6.550s] removing '/mnt/e/UMass_Amherst/SDP/sdp-team-12/install/navigator/lib/python3.10/site-packages/navigator-0.0.0-py3.10.egg-info' (and everything under it)
[6.813s] Copying ../build/navigator/navigator.egg-info to /mnt/e/UMass_Amherst/SDP/sdp-team-12/install/navigator/lib/python3.10/site-packages/navigator-0.0.0-py3.10.egg-info
[7.683s] running install_scripts
[7.850s] Installing keyboard script to /mnt/e/UMass_Amherst/SDP/sdp-team-12/install/navigator/lib/navigator
[7.989s] Installing nav2pose script to /mnt/e/UMass_Amherst/SDP/sdp-team-12/install/navigator/lib/navigator
[8.032s] writing list of installed files to '/mnt/e/UMass_Amherst/SDP/sdp-team-12/build/navigator/install.log'
[8.074s] Invoked command in '/mnt/e/UMass_Amherst/SDP/sdp-team-12/navigator' returned '0': PYTHONPATH=/mnt/e/UMass_Amherst/SDP/sdp-team-12/build/navigator/prefix_override:/mnt/e/UMass_Amherst/SDP/sdp-team-12/install/navigator/lib/python3.10/site-packages:${PYTHONPATH} /usr/bin/python3 setup.py egg_info --egg-base ../build/navigator build --build-base /mnt/e/UMass_Amherst/SDP/sdp-team-12/build/navigator/build install --record /mnt/e/UMass_Amherst/SDP/sdp-team-12/build/navigator/install.log --single-version-externally-managed
