/home/adam/Desktop/sdp-team-12/install/py_img_stream/lib/python3.10/site-packages/py_img_stream/image_pub.py
/home/adam/Desktop/sdp-team-12/install/py_img_stream/lib/python3.10/site-packages/py_img_stream/__init__.py
/home/adam/Desktop/sdp-team-12/install/py_img_stream/lib/python3.10/site-packages/py_img_stream/image_test_sub.py
/home/adam/Desktop/sdp-team-12/install/py_img_stream/lib/python3.10/site-packages/py_img_stream/image_pub_old.py
/home/adam/Desktop/sdp-team-12/install/py_img_stream/lib/python3.10/site-packages/py_img_stream/target_pub.py
/home/adam/Desktop/sdp-team-12/install/py_img_stream/lib/python3.10/site-packages/py_img_stream/__pycache__/image_pub.cpython-310.pyc
/home/adam/Desktop/sdp-team-12/install/py_img_stream/lib/python3.10/site-packages/py_img_stream/__pycache__/__init__.cpython-310.pyc
/home/adam/Desktop/sdp-team-12/install/py_img_stream/lib/python3.10/site-packages/py_img_stream/__pycache__/image_test_sub.cpython-310.pyc
/home/adam/Desktop/sdp-team-12/install/py_img_stream/lib/python3.10/site-packages/py_img_stream/__pycache__/image_pub_old.cpython-310.pyc
/home/adam/Desktop/sdp-team-12/install/py_img_stream/lib/python3.10/site-packages/py_img_stream/__pycache__/target_pub.cpython-310.pyc
/home/adam/Desktop/sdp-team-12/install/py_img_stream/share/ament_index/resource_index/packages/py_img_stream
/home/adam/Desktop/sdp-team-12/install/py_img_stream/share/py_img_stream/package.xml
/home/adam/Desktop/sdp-team-12/install/py_img_stream/lib/python3.10/site-packages/py_img_stream-0.0.0-py3.10.egg-info/top_level.txt
/home/adam/Desktop/sdp-team-12/install/py_img_stream/lib/python3.10/site-packages/py_img_stream-0.0.0-py3.10.egg-info/SOURCES.txt
/home/adam/Desktop/sdp-team-12/install/py_img_stream/lib/python3.10/site-packages/py_img_stream-0.0.0-py3.10.egg-info/requires.txt
/home/adam/Desktop/sdp-team-12/install/py_img_stream/lib/python3.10/site-packages/py_img_stream-0.0.0-py3.10.egg-info/PKG-INFO
/home/adam/Desktop/sdp-team-12/install/py_img_stream/lib/python3.10/site-packages/py_img_stream-0.0.0-py3.10.egg-info/zip-safe
/home/adam/Desktop/sdp-team-12/install/py_img_stream/lib/python3.10/site-packages/py_img_stream-0.0.0-py3.10.egg-info/dependency_links.txt
/home/adam/Desktop/sdp-team-12/install/py_img_stream/lib/python3.10/site-packages/py_img_stream-0.0.0-py3.10.egg-info/entry_points.txt
/home/adam/Desktop/sdp-team-12/install/py_img_stream/lib/py_img_stream/pub
/home/adam/Desktop/sdp-team-12/install/py_img_stream/lib/py_img_stream/sub
/home/adam/Desktop/sdp-team-12/install/py_img_stream/lib/py_img_stream/target_pub
