[0.110s] Invoking command in '/home/adam/Desktop/sdp-team-12/control_ws/build/ros2_control_demo_example_3': CMAKE_PREFIX_PATH=/home/adam/Desktop/sdp-team-12/control_ws/install/ros2_control_demo_description:/home/adam/Desktop/sdp-team-12/control_ws/install/serial:/home/adam/Desktop/sdp-team-12/control_ws/install/ros2_control_demos:/home/adam/Desktop/sdp-team-12/control_ws/install/ros2_control_demo_example_9:/home/adam/Desktop/sdp-team-12/control_ws/install/ros2_control_demo_example_8:/home/adam/Desktop/sdp-team-12/control_ws/install/ros2_control_demo_example_7:/home/adam/Desktop/sdp-team-12/control_ws/install/ros2_control_demo_example_6:/home/adam/Desktop/sdp-team-12/control_ws/install/ros2_control_demo_example_5:/home/adam/Desktop/sdp-team-12/control_ws/install/ros2_control_demo_example_4:/home/adam/Desktop/sdp-team-12/control_ws/install/ros2_control_demo_example_3:/home/adam/Desktop/sdp-team-12/control_ws/install/ros2_control_demo_example_2:/home/adam/Desktop/sdp-team-12/control_ws/install/ros2_control_demo_example_14:/home/adam/Desktop/sdp-team-12/control_ws/install/ros2_control_demo_example_12:/home/adam/Desktop/sdp-team-12/control_ws/install/ros2_control_demo_example_10:/home/adam/Desktop/sdp-team-12/control_ws/install/ros2_control_demo_example_1:/home/adam/Desktop/sdp-team-12/control_ws/install/diffdrive_arduino:/home/adam/Desktop/sdp-team-12/control_ws/install/my_bot:/opt/ros/humble /usr/bin/cmake /home/adam/Desktop/sdp-team-12/control_ws/src/ros2_control_demos/example_3 -DAMENT_CMAKE_SYMLINK_INSTALL=1 -DCMAKE_INSTALL_PREFIX=/home/adam/Desktop/sdp-team-12/control_ws/install/ros2_control_demo_example_3
[0.191s] -- Found ament_cmake: 1.3.6 (/opt/ros/humble/share/ament_cmake/cmake)
[0.303s] -- Override CMake install command with custom implementation using symlinks instead of copying resources
[0.311s] -- Found hardware_interface: 2.36.0 (/opt/ros/humble/share/hardware_interface/cmake)
[0.344s] -- Found rosidl_generator_c: 3.1.5 (/opt/ros/humble/share/rosidl_generator_c/cmake)
[0.348s] -- Found rosidl_adapter: 3.1.5 (/opt/ros/humble/share/rosidl_adapter/cmake)
[0.355s] -- Found rosidl_generator_cpp: 3.1.5 (/opt/ros/humble/share/rosidl_generator_cpp/cmake)
[0.371s] -- Using all available rosidl_typesupport_c: rosidl_typesupport_fastrtps_c;rosidl_typesupport_introspection_c
[0.395s] -- Using all available rosidl_typesupport_cpp: rosidl_typesupport_fastrtps_cpp;rosidl_typesupport_introspection_cpp
[1.256s] -- Found rmw_implementation_cmake: 6.1.1 (/opt/ros/humble/share/rmw_implementation_cmake/cmake)
[1.258s] -- Found rmw_fastrtps_cpp: 6.2.5 (/opt/ros/humble/share/rmw_fastrtps_cpp/cmake)
[1.300s] -- Found TinyXML2 via Config file: TinyXML2_DIR-NOTFOUND
[1.306s] -- Found TinyXML2 via Config file: TinyXML2_DIR-NOTFOUND
[1.336s] -- Found TinyXML2 via Config file: TinyXML2_DIR-NOTFOUND
[1.347s] -- Found TinyXML2 via Config file: TinyXML2_DIR-NOTFOUND
[1.362s] -- Using RMW implementation 'rmw_fastrtps_cpp' as default
[1.660s] -- Found ament_cmake_gtest: 1.3.6 (/opt/ros/humble/share/ament_cmake_gtest/cmake)
[1.734s] -- Configuring done
[1.763s] -- Generating done
[1.768s] -- Build files have been written to: /home/adam/Desktop/sdp-team-12/control_ws/build/ros2_control_demo_example_3
[1.782s] Invoked command in '/home/adam/Desktop/sdp-team-12/control_ws/build/ros2_control_demo_example_3' returned '0': CMAKE_PREFIX_PATH=/home/adam/Desktop/sdp-team-12/control_ws/install/ros2_control_demo_description:/home/adam/Desktop/sdp-team-12/control_ws/install/serial:/home/adam/Desktop/sdp-team-12/control_ws/install/ros2_control_demos:/home/adam/Desktop/sdp-team-12/control_ws/install/ros2_control_demo_example_9:/home/adam/Desktop/sdp-team-12/control_ws/install/ros2_control_demo_example_8:/home/adam/Desktop/sdp-team-12/control_ws/install/ros2_control_demo_example_7:/home/adam/Desktop/sdp-team-12/control_ws/install/ros2_control_demo_example_6:/home/adam/Desktop/sdp-team-12/control_ws/install/ros2_control_demo_example_5:/home/adam/Desktop/sdp-team-12/control_ws/install/ros2_control_demo_example_4:/home/adam/Desktop/sdp-team-12/control_ws/install/ros2_control_demo_example_3:/home/adam/Desktop/sdp-team-12/control_ws/install/ros2_control_demo_example_2:/home/adam/Desktop/sdp-team-12/control_ws/install/ros2_control_demo_example_14:/home/adam/Desktop/sdp-team-12/control_ws/install/ros2_control_demo_example_12:/home/adam/Desktop/sdp-team-12/control_ws/install/ros2_control_demo_example_10:/home/adam/Desktop/sdp-team-12/control_ws/install/ros2_control_demo_example_1:/home/adam/Desktop/sdp-team-12/control_ws/install/diffdrive_arduino:/home/adam/Desktop/sdp-team-12/control_ws/install/my_bot:/opt/ros/humble /usr/bin/cmake /home/adam/Desktop/sdp-team-12/control_ws/src/ros2_control_demos/example_3 -DAMENT_CMAKE_SYMLINK_INSTALL=1 -DCMAKE_INSTALL_PREFIX=/home/adam/Desktop/sdp-team-12/control_ws/install/ros2_control_demo_example_3
[1.783s] Invoking command in '/home/adam/Desktop/sdp-team-12/control_ws/build/ros2_control_demo_example_3': CMAKE_PREFIX_PATH=/home/adam/Desktop/sdp-team-12/control_ws/install/ros2_control_demo_description:/home/adam/Desktop/sdp-team-12/control_ws/install/serial:/home/adam/Desktop/sdp-team-12/control_ws/install/ros2_control_demos:/home/adam/Desktop/sdp-team-12/control_ws/install/ros2_control_demo_example_9:/home/adam/Desktop/sdp-team-12/control_ws/install/ros2_control_demo_example_8:/home/adam/Desktop/sdp-team-12/control_ws/install/ros2_control_demo_example_7:/home/adam/Desktop/sdp-team-12/control_ws/install/ros2_control_demo_example_6:/home/adam/Desktop/sdp-team-12/control_ws/install/ros2_control_demo_example_5:/home/adam/Desktop/sdp-team-12/control_ws/install/ros2_control_demo_example_4:/home/adam/Desktop/sdp-team-12/control_ws/install/ros2_control_demo_example_3:/home/adam/Desktop/sdp-team-12/control_ws/install/ros2_control_demo_example_2:/home/adam/Desktop/sdp-team-12/control_ws/install/ros2_control_demo_example_14:/home/adam/Desktop/sdp-team-12/control_ws/install/ros2_control_demo_example_12:/home/adam/Desktop/sdp-team-12/control_ws/install/ros2_control_demo_example_10:/home/adam/Desktop/sdp-team-12/control_ws/install/ros2_control_demo_example_1:/home/adam/Desktop/sdp-team-12/control_ws/install/diffdrive_arduino:/home/adam/Desktop/sdp-team-12/control_ws/install/my_bot:/opt/ros/humble /usr/bin/cmake --build /home/adam/Desktop/sdp-team-12/control_ws/build/ros2_control_demo_example_3 -- -j8 -l8
[1.944s] [35m[1mConsolidate compiler generated dependencies of target ros2_control_demo_example_3[0m
[1.944s] [100%] Built target ros2_control_demo_example_3
[1.947s] Invoked command in '/home/adam/Desktop/sdp-team-12/control_ws/build/ros2_control_demo_example_3' returned '0': CMAKE_PREFIX_PATH=/home/adam/Desktop/sdp-team-12/control_ws/install/ros2_control_demo_description:/home/adam/Desktop/sdp-team-12/control_ws/install/serial:/home/adam/Desktop/sdp-team-12/control_ws/install/ros2_control_demos:/home/adam/Desktop/sdp-team-12/control_ws/install/ros2_control_demo_example_9:/home/adam/Desktop/sdp-team-12/control_ws/install/ros2_control_demo_example_8:/home/adam/Desktop/sdp-team-12/control_ws/install/ros2_control_demo_example_7:/home/adam/Desktop/sdp-team-12/control_ws/install/ros2_control_demo_example_6:/home/adam/Desktop/sdp-team-12/control_ws/install/ros2_control_demo_example_5:/home/adam/Desktop/sdp-team-12/control_ws/install/ros2_control_demo_example_4:/home/adam/Desktop/sdp-team-12/control_ws/install/ros2_control_demo_example_3:/home/adam/Desktop/sdp-team-12/control_ws/install/ros2_control_demo_example_2:/home/adam/Desktop/sdp-team-12/control_ws/install/ros2_control_demo_example_14:/home/adam/Desktop/sdp-team-12/control_ws/install/ros2_control_demo_example_12:/home/adam/Desktop/sdp-team-12/control_ws/install/ros2_control_demo_example_10:/home/adam/Desktop/sdp-team-12/control_ws/install/ros2_control_demo_example_1:/home/adam/Desktop/sdp-team-12/control_ws/install/diffdrive_arduino:/home/adam/Desktop/sdp-team-12/control_ws/install/my_bot:/opt/ros/humble /usr/bin/cmake --build /home/adam/Desktop/sdp-team-12/control_ws/build/ros2_control_demo_example_3 -- -j8 -l8
[2.015s] Invoking command in '/home/adam/Desktop/sdp-team-12/control_ws/build/ros2_control_demo_example_3': CMAKE_PREFIX_PATH=/home/adam/Desktop/sdp-team-12/control_ws/install/ros2_control_demo_description:/home/adam/Desktop/sdp-team-12/control_ws/install/serial:/home/adam/Desktop/sdp-team-12/control_ws/install/ros2_control_demos:/home/adam/Desktop/sdp-team-12/control_ws/install/ros2_control_demo_example_9:/home/adam/Desktop/sdp-team-12/control_ws/install/ros2_control_demo_example_8:/home/adam/Desktop/sdp-team-12/control_ws/install/ros2_control_demo_example_7:/home/adam/Desktop/sdp-team-12/control_ws/install/ros2_control_demo_example_6:/home/adam/Desktop/sdp-team-12/control_ws/install/ros2_control_demo_example_5:/home/adam/Desktop/sdp-team-12/control_ws/install/ros2_control_demo_example_4:/home/adam/Desktop/sdp-team-12/control_ws/install/ros2_control_demo_example_3:/home/adam/Desktop/sdp-team-12/control_ws/install/ros2_control_demo_example_2:/home/adam/Desktop/sdp-team-12/control_ws/install/ros2_control_demo_example_14:/home/adam/Desktop/sdp-team-12/control_ws/install/ros2_control_demo_example_12:/home/adam/Desktop/sdp-team-12/control_ws/install/ros2_control_demo_example_10:/home/adam/Desktop/sdp-team-12/control_ws/install/ros2_control_demo_example_1:/home/adam/Desktop/sdp-team-12/control_ws/install/diffdrive_arduino:/home/adam/Desktop/sdp-team-12/control_ws/install/my_bot:/opt/ros/humble /usr/bin/cmake --install /home/adam/Desktop/sdp-team-12/control_ws/build/ros2_control_demo_example_3
[2.042s] -- Install configuration: ""
[2.043s] -- Execute custom install script
[2.043s] -- Symlinking: /home/adam/Desktop/sdp-team-12/control_ws/install/ros2_control_demo_example_3/share/ros2_control_demo_example_3//ros2_control_demo_example_3.xml
[2.050s] -- Symlinking: /home/adam/Desktop/sdp-team-12/control_ws/install/ros2_control_demo_example_3/include/ros2_control_demo_example_3/ros2_control_demo_example_3/rrbot_system_multi_interface.hpp
[2.063s] -- Symlinking: /home/adam/Desktop/sdp-team-12/control_ws/install/ros2_control_demo_example_3/include/ros2_control_demo_example_3/ros2_control_demo_example_3/visibility_control.h
[2.075s] -- Symlinking: /home/adam/Desktop/sdp-team-12/control_ws/install/ros2_control_demo_example_3/share/ros2_control_demo_example_3/launch/view_robot.launch.py
[2.088s] -- Symlinking: /home/adam/Desktop/sdp-team-12/control_ws/install/ros2_control_demo_example_3/share/ros2_control_demo_example_3/ros2_control/rrbot_system_multi_interface.ros2_control.xacro
[2.115s] -- Symlinking: /home/adam/Desktop/sdp-team-12/control_ws/install/ros2_control_demo_example_3/share/ros2_control_demo_example_3/urdf/rrbot_system_multi_interface.urdf.xacro
[2.127s] -- Symlinking: /home/adam/Desktop/sdp-team-12/control_ws/install/ros2_control_demo_example_3/share/ros2_control_demo_example_3/launch/rrbot_system_multi_interface.launch.py
[2.141s] -- Symlinking: /home/adam/Desktop/sdp-team-12/control_ws/install/ros2_control_demo_example_3/share/ros2_control_demo_example_3/launch/test_forward_position_controller.launch.py
[2.159s] -- Symlinking: /home/adam/Desktop/sdp-team-12/control_ws/install/ros2_control_demo_example_3/share/ros2_control_demo_example_3/config/rrbot_forward_position_publisher.yaml
[2.171s] -- Symlinking: /home/adam/Desktop/sdp-team-12/control_ws/install/ros2_control_demo_example_3/share/ros2_control_demo_example_3/config/rrbot_multi_interface_forward_controllers.yaml
[2.181s] -- Symlinking: /home/adam/Desktop/sdp-team-12/control_ws/install/ros2_control_demo_example_3/share/ros2_control_demo_example_3/environment/library_path.sh
[2.192s] -- Symlinking: /home/adam/Desktop/sdp-team-12/control_ws/install/ros2_control_demo_example_3/share/ros2_control_demo_example_3/environment/library_path.dsv
[2.202s] -- Symlinking: /home/adam/Desktop/sdp-team-12/control_ws/install/ros2_control_demo_example_3/share/ament_index/resource_index/package_run_dependencies/ros2_control_demo_example_3
[2.212s] -- Symlinking: /home/adam/Desktop/sdp-team-12/control_ws/install/ros2_control_demo_example_3/share/ament_index/resource_index/parent_prefix_path/ros2_control_demo_example_3
[2.225s] -- Symlinking: /home/adam/Desktop/sdp-team-12/control_ws/install/ros2_control_demo_example_3/share/ros2_control_demo_example_3/environment/ament_prefix_path.sh
[2.237s] -- Symlinking: /home/adam/Desktop/sdp-team-12/control_ws/install/ros2_control_demo_example_3/share/ros2_control_demo_example_3/environment/ament_prefix_path.dsv
[2.247s] -- Symlinking: /home/adam/Desktop/sdp-team-12/control_ws/install/ros2_control_demo_example_3/share/ros2_control_demo_example_3/environment/path.sh
[2.259s] -- Symlinking: /home/adam/Desktop/sdp-team-12/control_ws/install/ros2_control_demo_example_3/share/ros2_control_demo_example_3/environment/path.dsv
[2.272s] -- Symlinking: /home/adam/Desktop/sdp-team-12/control_ws/install/ros2_control_demo_example_3/share/ros2_control_demo_example_3/local_setup.bash
[2.284s] -- Symlinking: /home/adam/Desktop/sdp-team-12/control_ws/install/ros2_control_demo_example_3/share/ros2_control_demo_example_3/local_setup.sh
[2.296s] -- Symlinking: /home/adam/Desktop/sdp-team-12/control_ws/install/ros2_control_demo_example_3/share/ros2_control_demo_example_3/local_setup.zsh
[2.306s] -- Symlinking: /home/adam/Desktop/sdp-team-12/control_ws/install/ros2_control_demo_example_3/share/ros2_control_demo_example_3/local_setup.dsv
[2.318s] -- Symlinking: /home/adam/Desktop/sdp-team-12/control_ws/install/ros2_control_demo_example_3/share/ros2_control_demo_example_3/package.dsv
[2.326s] -- Symlinking: /home/adam/Desktop/sdp-team-12/control_ws/install/ros2_control_demo_example_3/share/ament_index/resource_index/packages/ros2_control_demo_example_3
[2.337s] -- Symlinking: /home/adam/Desktop/sdp-team-12/control_ws/install/ros2_control_demo_example_3/share/ament_index/resource_index/hardware_interface__pluginlib__plugin/ros2_control_demo_example_3
[2.348s] -- Symlinking: /home/adam/Desktop/sdp-team-12/control_ws/install/ros2_control_demo_example_3/share/ros2_control_demo_example_3/cmake/ament_cmake_export_targets-extras.cmake
[2.358s] -- Symlinking: /home/adam/Desktop/sdp-team-12/control_ws/install/ros2_control_demo_example_3/share/ros2_control_demo_example_3/cmake/ament_cmake_export_dependencies-extras.cmake
[2.379s] -- Symlinking: /home/adam/Desktop/sdp-team-12/control_ws/install/ros2_control_demo_example_3/share/ros2_control_demo_example_3/cmake/ros2_control_demo_example_3Config.cmake
[2.386s] -- Symlinking: /home/adam/Desktop/sdp-team-12/control_ws/install/ros2_control_demo_example_3/share/ros2_control_demo_example_3/cmake/ros2_control_demo_example_3Config-version.cmake
[2.390s] -- Symlinking: /home/adam/Desktop/sdp-team-12/control_ws/install/ros2_control_demo_example_3/share/ros2_control_demo_example_3/package.xml
[2.399s] -- Up-to-date: /home/adam/Desktop/sdp-team-12/control_ws/install/ros2_control_demo_example_3/lib/libros2_control_demo_example_3.so
[2.401s] -- Up-to-date: /home/adam/Desktop/sdp-team-12/control_ws/install/ros2_control_demo_example_3/share/ros2_control_demo_example_3/cmake/export_ros2_control_demo_example_3Export.cmake
[2.402s] -- Up-to-date: /home/adam/Desktop/sdp-team-12/control_ws/install/ros2_control_demo_example_3/share/ros2_control_demo_example_3/cmake/export_ros2_control_demo_example_3Export-noconfig.cmake
[2.499s] Invoked command in '/home/adam/Desktop/sdp-team-12/control_ws/build/ros2_control_demo_example_3' returned '0': CMAKE_PREFIX_PATH=/home/adam/Desktop/sdp-team-12/control_ws/install/ros2_control_demo_description:/home/adam/Desktop/sdp-team-12/control_ws/install/serial:/home/adam/Desktop/sdp-team-12/control_ws/install/ros2_control_demos:/home/adam/Desktop/sdp-team-12/control_ws/install/ros2_control_demo_example_9:/home/adam/Desktop/sdp-team-12/control_ws/install/ros2_control_demo_example_8:/home/adam/Desktop/sdp-team-12/control_ws/install/ros2_control_demo_example_7:/home/adam/Desktop/sdp-team-12/control_ws/install/ros2_control_demo_example_6:/home/adam/Desktop/sdp-team-12/control_ws/install/ros2_control_demo_example_5:/home/adam/Desktop/sdp-team-12/control_ws/install/ros2_control_demo_example_4:/home/adam/Desktop/sdp-team-12/control_ws/install/ros2_control_demo_example_3:/home/adam/Desktop/sdp-team-12/control_ws/install/ros2_control_demo_example_2:/home/adam/Desktop/sdp-team-12/control_ws/install/ros2_control_demo_example_14:/home/adam/Desktop/sdp-team-12/control_ws/install/ros2_control_demo_example_12:/home/adam/Desktop/sdp-team-12/control_ws/install/ros2_control_demo_example_10:/home/adam/Desktop/sdp-team-12/control_ws/install/ros2_control_demo_example_1:/home/adam/Desktop/sdp-team-12/control_ws/install/diffdrive_arduino:/home/adam/Desktop/sdp-team-12/control_ws/install/my_bot:/opt/ros/humble /usr/bin/cmake --install /home/adam/Desktop/sdp-team-12/control_ws/build/ros2_control_demo_example_3
