[1.089s] Invoking command in '/media/sf_SDP/sdp-team-12/build/basic_mobile_robot': CMAKE_PREFIX_PATH=/opt/ros/humble /usr/bin/cmake --build /media/sf_SDP/sdp-team-12/build/basic_mobile_robot -- -j4 -l4
[2.003s] Invoked command in '/media/sf_SDP/sdp-team-12/build/basic_mobile_robot' returned '0': CMAKE_PREFIX_PATH=/opt/ros/humble /usr/bin/cmake --build /media/sf_SDP/sdp-team-12/build/basic_mobile_robot -- -j4 -l4
[2.293s] Invoking command in '/media/sf_SDP/sdp-team-12/build/basic_mobile_robot': CMAKE_PREFIX_PATH=/opt/ros/humble /usr/bin/cmake --install /media/sf_SDP/sdp-team-12/build/basic_mobile_robot
[2.319s] -- Install configuration: ""
[2.324s] -- Up-to-date: /media/sf_SDP/sdp-team-12/install/basic_mobile_robot/share/basic_mobile_robot/config
[2.331s] -- Up-to-date: /media/sf_SDP/sdp-team-12/install/basic_mobile_robot/share/basic_mobile_robot/config/ekf.yaml
[2.335s] -- Up-to-date: /media/sf_SDP/sdp-team-12/install/basic_mobile_robot/share/basic_mobile_robot/config/ekf2.yaml
[2.338s] -- Up-to-date: /media/sf_SDP/sdp-team-12/install/basic_mobile_robot/share/basic_mobile_robot/launch
[2.344s] -- Up-to-date: /media/sf_SDP/sdp-team-12/install/basic_mobile_robot/share/basic_mobile_robot/launch/basic_mobile_bot_v1.launch.py
[2.347s] -- Up-to-date: /media/sf_SDP/sdp-team-12/install/basic_mobile_robot/share/basic_mobile_robot/launch/basic_mobile_bot_v2.launch.py
[2.350s] -- Up-to-date: /media/sf_SDP/sdp-team-12/install/basic_mobile_robot/share/basic_mobile_robot/launch/basic_mobile_bot_v3.launch.py
[2.355s] -- Up-to-date: /media/sf_SDP/sdp-team-12/install/basic_mobile_robot/share/basic_mobile_robot/launch/basic_mobile_bot_v4.launch.py
[2.358s] -- Up-to-date: /media/sf_SDP/sdp-team-12/install/basic_mobile_robot/share/basic_mobile_robot/launch/basic_mobile_bot_v5.launch.py
[2.363s] -- Up-to-date: /media/sf_SDP/sdp-team-12/install/basic_mobile_robot/share/basic_mobile_robot/meshes
[2.369s] -- Up-to-date: /media/sf_SDP/sdp-team-12/install/basic_mobile_robot/share/basic_mobile_robot/meshes/arm_base.stl
[2.380s] -- Up-to-date: /media/sf_SDP/sdp-team-12/install/basic_mobile_robot/share/basic_mobile_robot/meshes/bicep.stl
[2.382s] -- Up-to-date: /media/sf_SDP/sdp-team-12/install/basic_mobile_robot/share/basic_mobile_robot/meshes/elbow.stl
[2.385s] -- Up-to-date: /media/sf_SDP/sdp-team-12/install/basic_mobile_robot/share/basic_mobile_robot/meshes/robot_base.stl
[2.388s] -- Up-to-date: /media/sf_SDP/sdp-team-12/install/basic_mobile_robot/share/basic_mobile_robot/meshes/wheel.stl
[2.407s] -- Up-to-date: /media/sf_SDP/sdp-team-12/install/basic_mobile_robot/share/basic_mobile_robot/meshes/wrist.stl
[2.415s] -- Up-to-date: /media/sf_SDP/sdp-team-12/install/basic_mobile_robot/share/basic_mobile_robot/maps
[2.417s] -- Up-to-date: /media/sf_SDP/sdp-team-12/install/basic_mobile_robot/share/basic_mobile_robot/maps/smalltown_world.pgm
[2.420s] -- Up-to-date: /media/sf_SDP/sdp-team-12/install/basic_mobile_robot/share/basic_mobile_robot/maps/smalltown_world.yaml
[2.425s] -- Up-to-date: /media/sf_SDP/sdp-team-12/install/basic_mobile_robot/share/basic_mobile_robot/maps/generated_map.pgm
[2.429s] -- Up-to-date: /media/sf_SDP/sdp-team-12/install/basic_mobile_robot/share/basic_mobile_robot/maps/generated_map.yaml
[2.432s] -- Up-to-date: /media/sf_SDP/sdp-team-12/install/basic_mobile_robot/share/basic_mobile_robot/models
[2.438s] -- Up-to-date: /media/sf_SDP/sdp-team-12/install/basic_mobile_robot/share/basic_mobile_robot/models/basic_mobile_bot_description
[2.442s] -- Up-to-date: /media/sf_SDP/sdp-team-12/install/basic_mobile_robot/share/basic_mobile_robot/models/basic_mobile_bot_description/meshes
[2.444s] -- Up-to-date: /media/sf_SDP/sdp-team-12/install/basic_mobile_robot/share/basic_mobile_robot/models/basic_mobile_bot_description/meshes/arm_base.stl
[2.446s] -- Up-to-date: /media/sf_SDP/sdp-team-12/install/basic_mobile_robot/share/basic_mobile_robot/models/basic_mobile_bot_description/meshes/bicep.stl
[2.452s] -- Up-to-date: /media/sf_SDP/sdp-team-12/install/basic_mobile_robot/share/basic_mobile_robot/models/basic_mobile_bot_description/meshes/elbow.stl
[2.455s] -- Up-to-date: /media/sf_SDP/sdp-team-12/install/basic_mobile_robot/share/basic_mobile_robot/models/basic_mobile_bot_description/meshes/robot_base.stl
[2.460s] -- Up-to-date: /media/sf_SDP/sdp-team-12/install/basic_mobile_robot/share/basic_mobile_robot/models/basic_mobile_bot_description/meshes/wheel.stl
[2.463s] -- Up-to-date: /media/sf_SDP/sdp-team-12/install/basic_mobile_robot/share/basic_mobile_robot/models/basic_mobile_bot_description/meshes/wrist.stl
[2.465s] -- Up-to-date: /media/sf_SDP/sdp-team-12/install/basic_mobile_robot/share/basic_mobile_robot/models/basic_mobile_bot_description/model.config
[2.470s] -- Up-to-date: /media/sf_SDP/sdp-team-12/install/basic_mobile_robot/share/basic_mobile_robot/models/basic_mobile_bot_description/model.sdf
[2.476s] -- Up-to-date: /media/sf_SDP/sdp-team-12/install/basic_mobile_robot/share/basic_mobile_robot/models/basic_mobile_bot_v1.urdf
[2.480s] -- Up-to-date: /media/sf_SDP/sdp-team-12/install/basic_mobile_robot/share/basic_mobile_robot/models/basic_mobile_bot_v2.urdf
[2.483s] -- Up-to-date: /media/sf_SDP/sdp-team-12/install/basic_mobile_robot/share/basic_mobile_robot/params
[2.489s] -- Up-to-date: /media/sf_SDP/sdp-team-12/install/basic_mobile_robot/share/basic_mobile_robot/params/nav2_params.yaml
[2.494s] -- Up-to-date: /media/sf_SDP/sdp-team-12/install/basic_mobile_robot/share/basic_mobile_robot/rviz
[2.502s] -- Up-to-date: /media/sf_SDP/sdp-team-12/install/basic_mobile_robot/share/basic_mobile_robot/rviz/nav2_config.rviz
[2.505s] -- Up-to-date: /media/sf_SDP/sdp-team-12/install/basic_mobile_robot/share/basic_mobile_robot/rviz/urdf_config.rviz
[2.512s] -- Up-to-date: /media/sf_SDP/sdp-team-12/install/basic_mobile_robot/share/basic_mobile_robot/src
[2.521s] -- Up-to-date: /media/sf_SDP/sdp-team-12/install/basic_mobile_robot/share/basic_mobile_robot/worlds
[2.530s] -- Up-to-date: /media/sf_SDP/sdp-team-12/install/basic_mobile_robot/share/basic_mobile_robot/worlds/basic_mobile_bot_world
[2.535s] -- Up-to-date: /media/sf_SDP/sdp-team-12/install/basic_mobile_robot/share/basic_mobile_robot/worlds/basic_mobile_bot_world/smalltown.world
[2.546s] -- Up-to-date: /media/sf_SDP/sdp-team-12/install/basic_mobile_robot/share/ament_index/resource_index/package_run_dependencies/basic_mobile_robot
[2.553s] -- Up-to-date: /media/sf_SDP/sdp-team-12/install/basic_mobile_robot/share/ament_index/resource_index/parent_prefix_path/basic_mobile_robot
[2.556s] -- Up-to-date: /media/sf_SDP/sdp-team-12/install/basic_mobile_robot/share/basic_mobile_robot/environment/ament_prefix_path.sh
[2.561s] -- Up-to-date: /media/sf_SDP/sdp-team-12/install/basic_mobile_robot/share/basic_mobile_robot/environment/ament_prefix_path.dsv
[2.564s] -- Up-to-date: /media/sf_SDP/sdp-team-12/install/basic_mobile_robot/share/basic_mobile_robot/environment/path.sh
[2.569s] -- Up-to-date: /media/sf_SDP/sdp-team-12/install/basic_mobile_robot/share/basic_mobile_robot/environment/path.dsv
[2.572s] -- Up-to-date: /media/sf_SDP/sdp-team-12/install/basic_mobile_robot/share/basic_mobile_robot/local_setup.bash
[2.577s] -- Up-to-date: /media/sf_SDP/sdp-team-12/install/basic_mobile_robot/share/basic_mobile_robot/local_setup.sh
[2.579s] -- Up-to-date: /media/sf_SDP/sdp-team-12/install/basic_mobile_robot/share/basic_mobile_robot/local_setup.zsh
[2.583s] -- Up-to-date: /media/sf_SDP/sdp-team-12/install/basic_mobile_robot/share/basic_mobile_robot/local_setup.dsv
[2.602s] -- Installing: /media/sf_SDP/sdp-team-12/install/basic_mobile_robot/share/basic_mobile_robot/package.dsv
[2.729s] -- Up-to-date: /media/sf_SDP/sdp-team-12/install/basic_mobile_robot/share/ament_index/resource_index/packages/basic_mobile_robot
[2.737s] -- Up-to-date: /media/sf_SDP/sdp-team-12/install/basic_mobile_robot/share/basic_mobile_robot/cmake/basic_mobile_robotConfig.cmake
[2.740s] -- Up-to-date: /media/sf_SDP/sdp-team-12/install/basic_mobile_robot/share/basic_mobile_robot/cmake/basic_mobile_robotConfig-version.cmake
[2.745s] -- Up-to-date: /media/sf_SDP/sdp-team-12/install/basic_mobile_robot/share/basic_mobile_robot/package.xml
[2.802s] Invoked command in '/media/sf_SDP/sdp-team-12/build/basic_mobile_robot' returned '0': CMAKE_PREFIX_PATH=/opt/ros/humble /usr/bin/cmake --install /media/sf_SDP/sdp-team-12/build/basic_mobile_robot
