[4.165s] Invoking command in '/mnt/e/UMass_Amherst/SDP/sdp-team-12/src/marker_detection': PYTHONPATH=/mnt/e/UMass_Amherst/SDP/sdp-team-12/build/marker_detection/prefix_override:/mnt/e/UMass_Amherst/SDP/sdp-team-12/install/marker_detection/lib/python3.10/site-packages:${PYTHONPATH} /usr/bin/python3 setup.py egg_info --egg-base ../../build/marker_detection build --build-base /mnt/e/UMass_Amherst/SDP/sdp-team-12/build/marker_detection/build install --record /mnt/e/UMass_Amherst/SDP/sdp-team-12/build/marker_detection/install.log --single-version-externally-managed
[6.086s] running egg_info
[6.104s] writing ../../build/marker_detection/marker_detection.egg-info/PKG-INFO
[6.129s] writing dependency_links to ../../build/marker_detection/marker_detection.egg-info/dependency_links.txt
[6.151s] writing entry points to ../../build/marker_detection/marker_detection.egg-info/entry_points.txt
[6.169s] writing requirements to ../../build/marker_detection/marker_detection.egg-info/requires.txt
[6.182s] writing top-level names to ../../build/marker_detection/marker_detection.egg-info/top_level.txt
[6.290s] reading manifest file '../../build/marker_detection/marker_detection.egg-info/SOURCES.txt'
[6.527s] writing manifest file '../../build/marker_detection/marker_detection.egg-info/SOURCES.txt'
[6.597s] running build
[6.599s] running build_py
[6.764s] running install
[6.768s] /usr/lib/python3/dist-packages/setuptools/command/install.py:34: SetuptoolsDeprecationWarning: setup.py install is deprecated. Use build and pip and other standards-based tools.
[6.770s]   warnings.warn(
[6.773s] running install_lib
[7.278s] running install_data
[7.374s] running install_egg_info
[7.404s] removing '/mnt/e/UMass_Amherst/SDP/sdp-team-12/install/marker_detection/lib/python3.10/site-packages/marker_detection-0.0.0-py3.10.egg-info' (and everything under it)
[7.710s] Copying ../../build/marker_detection/marker_detection.egg-info to /mnt/e/UMass_Amherst/SDP/sdp-team-12/install/marker_detection/lib/python3.10/site-packages/marker_detection-0.0.0-py3.10.egg-info
[8.506s] running install_scripts
[8.662s] Installing detector script to /mnt/e/UMass_Amherst/SDP/sdp-team-12/install/marker_detection/lib/marker_detection
[8.696s] Installing tester script to /mnt/e/UMass_Amherst/SDP/sdp-team-12/install/marker_detection/lib/marker_detection
[8.733s] writing list of installed files to '/mnt/e/UMass_Amherst/SDP/sdp-team-12/build/marker_detection/install.log'
[8.775s] Invoked command in '/mnt/e/UMass_Amherst/SDP/sdp-team-12/src/marker_detection' returned '0': PYTHONPATH=/mnt/e/UMass_Amherst/SDP/sdp-team-12/build/marker_detection/prefix_override:/mnt/e/UMass_Amherst/SDP/sdp-team-12/install/marker_detection/lib/python3.10/site-packages:${PYTHONPATH} /usr/bin/python3 setup.py egg_info --egg-base ../../build/marker_detection build --build-base /mnt/e/UMass_Amherst/SDP/sdp-team-12/build/marker_detection/build install --record /mnt/e/UMass_Amherst/SDP/sdp-team-12/build/marker_detection/install.log --single-version-externally-managed
