[9.429s] Invoking command in '/mnt/e/UMass_Amherst/SDP/sdp-team-12/src/py_pubsub': PYTHONPATH=/mnt/e/UMass_Amherst/SDP/sdp-team-12/build/py_pubsub/prefix_override:/mnt/e/UMass_Amherst/SDP/sdp-team-12/install/py_pubsub/lib/python3.10/site-packages:${PYTHONPATH} /usr/bin/python3 setup.py egg_info --egg-base ../../build/py_pubsub build --build-base /mnt/e/UMass_Amherst/SDP/sdp-team-12/build/py_pubsub/build install --record /mnt/e/UMass_Amherst/SDP/sdp-team-12/build/py_pubsub/install.log --single-version-externally-managed
[11.838s] running egg_info
[11.856s] writing ../../build/py_pubsub/py_pubsub.egg-info/PKG-INFO
[11.882s] writing dependency_links to ../../build/py_pubsub/py_pubsub.egg-info/dependency_links.txt
[11.904s] writing entry points to ../../build/py_pubsub/py_pubsub.egg-info/entry_points.txt
[11.926s] writing requirements to ../../build/py_pubsub/py_pubsub.egg-info/requires.txt
[12.025s] writing top-level names to ../../build/py_pubsub/py_pubsub.egg-info/top_level.txt
[12.121s] reading manifest file '../../build/py_pubsub/py_pubsub.egg-info/SOURCES.txt'
[12.389s] writing manifest file '../../build/py_pubsub/py_pubsub.egg-info/SOURCES.txt'
[12.403s] running build
[12.405s] running build_py
[12.542s] running install
[12.544s] /usr/lib/python3/dist-packages/setuptools/command/install.py:34: SetuptoolsDeprecationWarning: setup.py install is deprecated. Use build and pip and other standards-based tools.
[12.546s]   warnings.warn(
[12.548s] running install_lib
[13.036s] running install_data
[13.117s] running install_egg_info
[13.151s] removing '/mnt/e/UMass_Amherst/SDP/sdp-team-12/install/py_pubsub/lib/python3.10/site-packages/py_pubsub-0.0.0-py3.10.egg-info' (and everything under it)
[13.511s] Copying ../../build/py_pubsub/py_pubsub.egg-info to /mnt/e/UMass_Amherst/SDP/sdp-team-12/install/py_pubsub/lib/python3.10/site-packages/py_pubsub-0.0.0-py3.10.egg-info
[14.485s] running install_scripts
[14.723s] Installing listener script to /mnt/e/UMass_Amherst/SDP/sdp-team-12/install/py_pubsub/lib/py_pubsub
[14.756s] Installing talker script to /mnt/e/UMass_Amherst/SDP/sdp-team-12/install/py_pubsub/lib/py_pubsub
[14.791s] writing list of installed files to '/mnt/e/UMass_Amherst/SDP/sdp-team-12/build/py_pubsub/install.log'
[14.846s] Invoked command in '/mnt/e/UMass_Amherst/SDP/sdp-team-12/src/py_pubsub' returned '0': PYTHONPATH=/mnt/e/UMass_Amherst/SDP/sdp-team-12/build/py_pubsub/prefix_override:/mnt/e/UMass_Amherst/SDP/sdp-team-12/install/py_pubsub/lib/python3.10/site-packages:${PYTHONPATH} /usr/bin/python3 setup.py egg_info --egg-base ../../build/py_pubsub build --build-base /mnt/e/UMass_Amherst/SDP/sdp-team-12/build/py_pubsub/build install --record /mnt/e/UMass_Amherst/SDP/sdp-team-12/build/py_pubsub/install.log --single-version-externally-managed
