[5.123s] Invoking command in '/media/sf_SDP/sdp-team-12/navigator': PYTHONPATH=/media/sf_SDP/sdp-team-12/build/navigator/prefix_override:/media/sf_SDP/sdp-team-12/install/navigator/lib/python3.10/site-packages:${PYTHONPATH} /usr/bin/python3 setup.py egg_info --egg-base ../build/navigator build --build-base /media/sf_SDP/sdp-team-12/build/navigator/build install --record /media/sf_SDP/sdp-team-12/build/navigator/install.log --single-version-externally-managed
[5.828s] running egg_info
[5.954s] writing ../build/navigator/navigator.egg-info/PKG-INFO
[5.999s] writing dependency_links to ../build/navigator/navigator.egg-info/dependency_links.txt
[6.077s] writing entry points to ../build/navigator/navigator.egg-info/entry_points.txt
[6.122s] writing requirements to ../build/navigator/navigator.egg-info/requires.txt
[6.198s] writing top-level names to ../build/navigator/navigator.egg-info/top_level.txt
[6.315s] reading manifest file '../build/navigator/navigator.egg-info/SOURCES.txt'
[6.367s] writing manifest file '../build/navigator/navigator.egg-info/SOURCES.txt'
[6.403s] running build
[6.408s] running build_py
[6.432s] running install
[6.437s] /usr/lib/python3/dist-packages/setuptools/command/install.py:34: SetuptoolsDeprecationWarning: setup.py install is deprecated. Use build and pip and other standards-based tools.
[6.441s]   warnings.warn(
[6.442s] running install_lib
[6.461s] running install_data
[6.469s] running install_egg_info
[6.476s] removing '/media/sf_SDP/sdp-team-12/install/navigator/lib/python3.10/site-packages/navigator-0.0.0-py3.10.egg-info' (and everything under it)
[6.779s] Copying ../build/navigator/navigator.egg-info to /media/sf_SDP/sdp-team-12/install/navigator/lib/python3.10/site-packages/navigator-0.0.0-py3.10.egg-info
[7.724s] running install_scripts
[7.814s] Installing keyboard script to /media/sf_SDP/sdp-team-12/install/navigator/lib/navigator
[7.892s] Installing nav2pose script to /media/sf_SDP/sdp-team-12/install/navigator/lib/navigator
[8.006s] writing list of installed files to '/media/sf_SDP/sdp-team-12/build/navigator/install.log'
[8.122s] Invoked command in '/media/sf_SDP/sdp-team-12/navigator' returned '0': PYTHONPATH=/media/sf_SDP/sdp-team-12/build/navigator/prefix_override:/media/sf_SDP/sdp-team-12/install/navigator/lib/python3.10/site-packages:${PYTHONPATH} /usr/bin/python3 setup.py egg_info --egg-base ../build/navigator build --build-base /media/sf_SDP/sdp-team-12/build/navigator/build install --record /media/sf_SDP/sdp-team-12/build/navigator/install.log --single-version-externally-managed
