[0.071s] Invoking command in '/home/adam/Desktop/sdp-team-12/control_ws/build/serial': CMAKE_PREFIX_PATH=${CMAKE_PREFIX_PATH}:/opt/ros/humble /usr/bin/cmake /home/adam/Desktop/sdp-team-12/control_ws/src/serial -DAMENT_CMAKE_SYMLINK_INSTALL=1 -DCMAKE_INSTALL_PREFIX=/home/adam/Desktop/sdp-team-12/control_ws/install/serial
[0.087s] -- Found ament_cmake: 1.3.6 (/opt/ros/humble/share/ament_cmake/cmake)
[0.247s] -- Override CMake install command with custom implementation using symlinks instead of copying resources
[0.256s] -- Found ament_cmake_gtest: 1.3.6 (/opt/ros/humble/share/ament_cmake_gtest/cmake)
[0.261s] -- Found gtest sources under '/opt/ros/humble/src/gtest_vendor': C++ tests using 'Google Test' will be built
[0.345s] -- Configuring done
[0.357s] -- Generating done
[0.359s] -- Build files have been written to: /home/adam/Desktop/sdp-team-12/control_ws/build/serial
[0.362s] Invoked command in '/home/adam/Desktop/sdp-team-12/control_ws/build/serial' returned '0': CMAKE_PREFIX_PATH=${CMAKE_PREFIX_PATH}:/opt/ros/humble /usr/bin/cmake /home/adam/Desktop/sdp-team-12/control_ws/src/serial -DAMENT_CMAKE_SYMLINK_INSTALL=1 -DCMAKE_INSTALL_PREFIX=/home/adam/Desktop/sdp-team-12/control_ws/install/serial
[0.364s] Invoking command in '/home/adam/Desktop/sdp-team-12/control_ws/build/serial': CMAKE_PREFIX_PATH=${CMAKE_PREFIX_PATH}:/opt/ros/humble /usr/bin/cmake --build /home/adam/Desktop/sdp-team-12/control_ws/build/serial -- -j8 -l8
[0.410s] [35m[1mConsolidate compiler generated dependencies of target serial[0m
[0.410s] [35m[1mConsolidate compiler generated dependencies of target gtest[0m
[0.415s] [35m[1mConsolidate compiler generated dependencies of target gtest_main[0m
[0.427s] [ 21%] Built target gtest
[0.429s] [ 42%] Built target serial
[0.434s] [ 57%] Built target gtest_main
[0.444s] [35m[1mConsolidate compiler generated dependencies of target serial_example[0m
[0.448s] [35m[1mConsolidate compiler generated dependencies of target serial-test[0m
[0.453s] [35m[1mConsolidate compiler generated dependencies of target serial-test-timer[0m
[0.467s] [ 71%] Built target serial_example
[0.469s] [ 92%] Built target serial-test
[0.470s] [100%] Built target serial-test-timer
[0.483s] Invoked command in '/home/adam/Desktop/sdp-team-12/control_ws/build/serial' returned '0': CMAKE_PREFIX_PATH=${CMAKE_PREFIX_PATH}:/opt/ros/humble /usr/bin/cmake --build /home/adam/Desktop/sdp-team-12/control_ws/build/serial -- -j8 -l8
[0.544s] Invoking command in '/home/adam/Desktop/sdp-team-12/control_ws/build/serial': CMAKE_PREFIX_PATH=${CMAKE_PREFIX_PATH}:/opt/ros/humble /usr/bin/cmake --install /home/adam/Desktop/sdp-team-12/control_ws/build/serial
[0.553s] -- Install configuration: ""
[0.553s] -- Execute custom install script
[0.553s] -- Symlinking: /home/adam/Desktop/sdp-team-12/control_ws/install/serial/lib/libserial.a
[0.564s] -- Symlinking: /home/adam/Desktop/sdp-team-12/control_ws/install/serial/include/serial/serial.h
[0.575s] -- Symlinking: /home/adam/Desktop/sdp-team-12/control_ws/install/serial/include/serial/v8stdint.h
[0.586s] -- Symlinking: /home/adam/Desktop/sdp-team-12/control_ws/install/serial/share/serial/environment/library_path.sh
[0.598s] -- Symlinking: /home/adam/Desktop/sdp-team-12/control_ws/install/serial/share/serial/environment/library_path.dsv
[0.609s] -- Symlinking: /home/adam/Desktop/sdp-team-12/control_ws/install/serial/share/ament_index/resource_index/package_run_dependencies/serial
[0.617s] -- Symlinking: /home/adam/Desktop/sdp-team-12/control_ws/install/serial/share/ament_index/resource_index/parent_prefix_path/serial
[0.628s] -- Symlinking: /home/adam/Desktop/sdp-team-12/control_ws/install/serial/share/serial/environment/ament_prefix_path.sh
[0.639s] -- Symlinking: /home/adam/Desktop/sdp-team-12/control_ws/install/serial/share/serial/environment/ament_prefix_path.dsv
[0.649s] -- Symlinking: /home/adam/Desktop/sdp-team-12/control_ws/install/serial/share/serial/environment/path.sh
[0.661s] -- Symlinking: /home/adam/Desktop/sdp-team-12/control_ws/install/serial/share/serial/environment/path.dsv
[0.669s] -- Symlinking: /home/adam/Desktop/sdp-team-12/control_ws/install/serial/share/serial/local_setup.bash
[0.679s] -- Symlinking: /home/adam/Desktop/sdp-team-12/control_ws/install/serial/share/serial/local_setup.sh
[0.691s] -- Symlinking: /home/adam/Desktop/sdp-team-12/control_ws/install/serial/share/serial/local_setup.zsh
[0.701s] -- Symlinking: /home/adam/Desktop/sdp-team-12/control_ws/install/serial/share/serial/local_setup.dsv
[0.710s] -- Symlinking: /home/adam/Desktop/sdp-team-12/control_ws/install/serial/share/serial/package.dsv
[0.721s] -- Symlinking: /home/adam/Desktop/sdp-team-12/control_ws/install/serial/share/ament_index/resource_index/packages/serial
[0.732s] -- Symlinking: /home/adam/Desktop/sdp-team-12/control_ws/install/serial/share/serial/cmake/ament_cmake_export_include_directories-extras.cmake
[0.744s] -- Symlinking: /home/adam/Desktop/sdp-team-12/control_ws/install/serial/share/serial/cmake/ament_cmake_export_libraries-extras.cmake
[0.756s] -- Symlinking: /home/adam/Desktop/sdp-team-12/control_ws/install/serial/share/serial/cmake/serialConfig.cmake
[0.764s] -- Symlinking: /home/adam/Desktop/sdp-team-12/control_ws/install/serial/share/serial/cmake/serialConfig-version.cmake
[0.772s] -- Symlinking: /home/adam/Desktop/sdp-team-12/control_ws/install/serial/share/serial/package.xml
[0.782s] Invoked command in '/home/adam/Desktop/sdp-team-12/control_ws/build/serial' returned '0': CMAKE_PREFIX_PATH=${CMAKE_PREFIX_PATH}:/opt/ros/humble /usr/bin/cmake --install /home/adam/Desktop/sdp-team-12/control_ws/build/serial
