[4.954s] Invoking command in '/mnt/e/UMass_Amherst/SDP/sdp-team-12/navigation': PYTHONPATH=/mnt/e/UMass_Amherst/SDP/sdp-team-12/build/navigation/prefix_override:/mnt/e/UMass_Amherst/SDP/sdp-team-12/install/navigation/lib/python3.10/site-packages:${PYTHONPATH} /usr/bin/python3 setup.py egg_info --egg-base ../build/navigation build --build-base /mnt/e/UMass_Amherst/SDP/sdp-team-12/build/navigation/build install --record /mnt/e/UMass_Amherst/SDP/sdp-team-12/build/navigation/install.log --single-version-externally-managed
[6.839s] running egg_info
[6.853s] writing ../build/navigation/navigation.egg-info/PKG-INFO
[6.874s] writing dependency_links to ../build/navigation/navigation.egg-info/dependency_links.txt
[6.895s] writing entry points to ../build/navigation/navigation.egg-info/entry_points.txt
[6.912s] writing requirements to ../build/navigation/navigation.egg-info/requires.txt
[6.926s] writing top-level names to ../build/navigation/navigation.egg-info/top_level.txt
[7.015s] reading manifest file '../build/navigation/navigation.egg-info/SOURCES.txt'
[7.201s] writing manifest file '../build/navigation/navigation.egg-info/SOURCES.txt'
[7.231s] running build
[7.233s] running build_py
[7.281s] running install
[7.284s] /usr/lib/python3/dist-packages/setuptools/command/install.py:34: SetuptoolsDeprecationWarning: setup.py install is deprecated. Use build and pip and other standards-based tools.
[7.286s]   warnings.warn(
[7.288s] running install_lib
[7.447s] running install_data
[7.521s] running install_egg_info
[7.549s] removing '/mnt/e/UMass_Amherst/SDP/sdp-team-12/install/navigation/lib/python3.10/site-packages/navigation-0.0.0-py3.10.egg-info' (and everything under it)
[7.830s] Copying ../build/navigation/navigation.egg-info to /mnt/e/UMass_Amherst/SDP/sdp-team-12/install/navigation/lib/python3.10/site-packages/navigation-0.0.0-py3.10.egg-info
[8.607s] running install_scripts
[8.787s] writing list of installed files to '/mnt/e/UMass_Amherst/SDP/sdp-team-12/build/navigation/install.log'
[8.932s] Invoked command in '/mnt/e/UMass_Amherst/SDP/sdp-team-12/navigation' returned '0': PYTHONPATH=/mnt/e/UMass_Amherst/SDP/sdp-team-12/build/navigation/prefix_override:/mnt/e/UMass_Amherst/SDP/sdp-team-12/install/navigation/lib/python3.10/site-packages:${PYTHONPATH} /usr/bin/python3 setup.py egg_info --egg-base ../build/navigation build --build-base /mnt/e/UMass_Amherst/SDP/sdp-team-12/build/navigation/build install --record /mnt/e/UMass_Amherst/SDP/sdp-team-12/build/navigation/install.log --single-version-externally-managed
