[2.422s] Invoking command in '/home/adam/Desktop/sdp-team-12/navigator': PYTHONPATH=/home/adam/Desktop/sdp-team-12/build/navigator/prefix_override:/home/adam/Desktop/sdp-team-12/install/navigator/lib/python3.10/site-packages:${PYTHONPATH} /usr/bin/python3 setup.py egg_info --egg-base ../build/navigator build --build-base /home/adam/Desktop/sdp-team-12/build/navigator/build install --record /home/adam/Desktop/sdp-team-12/build/navigator/install.log --single-version-externally-managed
[2.971s] running egg_info
[2.976s] writing ../build/navigator/navigator.egg-info/PKG-INFO
[2.977s] writing dependency_links to ../build/navigator/navigator.egg-info/dependency_links.txt
[2.977s] writing entry points to ../build/navigator/navigator.egg-info/entry_points.txt
[2.977s] writing requirements to ../build/navigator/navigator.egg-info/requires.txt
[2.977s] writing top-level names to ../build/navigator/navigator.egg-info/top_level.txt
[2.980s] reading manifest file '../build/navigator/navigator.egg-info/SOURCES.txt'
[2.982s] writing manifest file '../build/navigator/navigator.egg-info/SOURCES.txt'
[2.982s] running build
[2.982s] running build_py
[2.982s] copying navigator/nav2pose.py -> /home/adam/Desktop/sdp-team-12/build/navigator/build/lib/navigator
[2.985s] running install
[2.985s] running install_lib
[2.987s] copying /home/adam/Desktop/sdp-team-12/build/navigator/build/lib/navigator/nav2pose.py -> /home/adam/Desktop/sdp-team-12/install/navigator/lib/python3.10/site-packages/navigator
[2.987s] /usr/lib/python3/dist-packages/setuptools/command/install.py:34: SetuptoolsDeprecationWarning: setup.py install is deprecated. Use build and pip and other standards-based tools.
[2.988s]   warnings.warn(
[2.988s] byte-compiling /home/adam/Desktop/sdp-team-12/install/navigator/lib/python3.10/site-packages/navigator/nav2pose.py to nav2pose.cpython-310.pyc
[2.990s] running install_data
[2.992s] running install_egg_info
[2.998s] removing '/home/adam/Desktop/sdp-team-12/install/navigator/lib/python3.10/site-packages/navigator-0.0.0-py3.10.egg-info' (and everything under it)
[2.999s] Copying ../build/navigator/navigator.egg-info to /home/adam/Desktop/sdp-team-12/install/navigator/lib/python3.10/site-packages/navigator-0.0.0-py3.10.egg-info
[3.002s] running install_scripts
[3.055s] Installing cmdvelsub script to /home/adam/Desktop/sdp-team-12/install/navigator/lib/navigator
[3.055s] Installing coordpub script to /home/adam/Desktop/sdp-team-12/install/navigator/lib/navigator
[3.056s] Installing keyboard script to /home/adam/Desktop/sdp-team-12/install/navigator/lib/navigator
[3.056s] Installing nav2pose script to /home/adam/Desktop/sdp-team-12/install/navigator/lib/navigator
[3.056s] writing list of installed files to '/home/adam/Desktop/sdp-team-12/build/navigator/install.log'
[3.145s] Invoked command in '/home/adam/Desktop/sdp-team-12/navigator' returned '0': PYTHONPATH=/home/adam/Desktop/sdp-team-12/build/navigator/prefix_override:/home/adam/Desktop/sdp-team-12/install/navigator/lib/python3.10/site-packages:${PYTHONPATH} /usr/bin/python3 setup.py egg_info --egg-base ../build/navigator build --build-base /home/adam/Desktop/sdp-team-12/build/navigator/build install --record /home/adam/Desktop/sdp-team-12/build/navigator/install.log --single-version-externally-managed
