[9.451s] Invoking command in '/mnt/e/UMass_Amherst/SDP/sdp-team-12/src/marker_detection': PYTHONPATH=/mnt/e/UMass_Amherst/SDP/sdp-team-12/build/marker_detection/prefix_override:/mnt/e/UMass_Amherst/SDP/sdp-team-12/install/marker_detection/lib/python3.10/site-packages:${PYTHONPATH} /usr/bin/python3 setup.py egg_info --egg-base ../../build/marker_detection build --build-base /mnt/e/UMass_Amherst/SDP/sdp-team-12/build/marker_detection/build install --record /mnt/e/UMass_Amherst/SDP/sdp-team-12/build/marker_detection/install.log --single-version-externally-managed
[12.073s] running egg_info
[12.092s] writing ../../build/marker_detection/marker_detection.egg-info/PKG-INFO
[12.117s] writing dependency_links to ../../build/marker_detection/marker_detection.egg-info/dependency_links.txt
[12.139s] writing entry points to ../../build/marker_detection/marker_detection.egg-info/entry_points.txt
[12.156s] writing requirements to ../../build/marker_detection/marker_detection.egg-info/requires.txt
[12.170s] writing top-level names to ../../build/marker_detection/marker_detection.egg-info/top_level.txt
[12.267s] reading manifest file '../../build/marker_detection/marker_detection.egg-info/SOURCES.txt'
[12.486s] writing manifest file '../../build/marker_detection/marker_detection.egg-info/SOURCES.txt'
[12.500s] running build
[12.502s] running build_py
[12.577s] copying marker_detection/MarkerDetection.py -> /mnt/e/UMass_Amherst/SDP/sdp-team-12/build/marker_detection/build/lib/marker_detection
[12.727s] running install
[12.729s] /usr/lib/python3/dist-packages/setuptools/command/install.py:34: SetuptoolsDeprecationWarning: setup.py install is deprecated. Use build and pip and other standards-based tools.
[12.731s]   warnings.warn(
[12.733s] running install_lib
[13.009s] copying /mnt/e/UMass_Amherst/SDP/sdp-team-12/build/marker_detection/build/lib/marker_detection/MarkerDetection.py -> /mnt/e/UMass_Amherst/SDP/sdp-team-12/install/marker_detection/lib/python3.10/site-packages/marker_detection
[13.423s] byte-compiling /mnt/e/UMass_Amherst/SDP/sdp-team-12/install/marker_detection/lib/python3.10/site-packages/marker_detection/MarkerDetection.py to MarkerDetection.cpython-310.pyc
[13.569s] running install_data
[13.648s] running install_egg_info
[13.705s] removing '/mnt/e/UMass_Amherst/SDP/sdp-team-12/install/marker_detection/lib/python3.10/site-packages/marker_detection-0.0.0-py3.10.egg-info' (and everything under it)
[13.962s] Copying ../../build/marker_detection/marker_detection.egg-info to /mnt/e/UMass_Amherst/SDP/sdp-team-12/install/marker_detection/lib/python3.10/site-packages/marker_detection-0.0.0-py3.10.egg-info
[14.940s] running install_scripts
[15.173s] Installing detector script to /mnt/e/UMass_Amherst/SDP/sdp-team-12/install/marker_detection/lib/marker_detection
[15.206s] Installing tester script to /mnt/e/UMass_Amherst/SDP/sdp-team-12/install/marker_detection/lib/marker_detection
[15.245s] writing list of installed files to '/mnt/e/UMass_Amherst/SDP/sdp-team-12/build/marker_detection/install.log'
[16.111s] Invoked command in '/mnt/e/UMass_Amherst/SDP/sdp-team-12/src/marker_detection' returned '0': PYTHONPATH=/mnt/e/UMass_Amherst/SDP/sdp-team-12/build/marker_detection/prefix_override:/mnt/e/UMass_Amherst/SDP/sdp-team-12/install/marker_detection/lib/python3.10/site-packages:${PYTHONPATH} /usr/bin/python3 setup.py egg_info --egg-base ../../build/marker_detection build --build-base /mnt/e/UMass_Amherst/SDP/sdp-team-12/build/marker_detection/build install --record /mnt/e/UMass_Amherst/SDP/sdp-team-12/build/marker_detection/install.log --single-version-externally-managed
