[2.794s] DEBUG:colcon:Command line arguments: ['/usr/bin/colcon', 'build']
[2.795s] DEBUG:colcon:Parsed command line arguments: Namespace(log_base=None, log_level=None, verb_name='build', build_base='build', install_base='install', merge_install=False, symlink_install=False, test_result_base=None, continue_on_error=False, executor='parallel', parallel_workers=4, event_handlers=None, ignore_user_meta=False, metas=['./colcon.meta'], base_paths=['.'], packages_ignore=None, packages_ignore_regex=None, paths=None, packages_up_to=None, packages_up_to_regex=None, packages_above=None, packages_above_and_dependencies=None, packages_above_depth=None, packages_select_by_dep=None, packages_skip_by_dep=None, packages_skip_up_to=None, packages_select_build_failed=False, packages_skip_build_finished=False, packages_select_test_failures=False, packages_skip_test_passed=False, packages_select=None, packages_skip=None, packages_select_regex=None, packages_skip_regex=None, packages_start=None, packages_end=None, allow_overriding=[], cmake_args=None, cmake_target=None, cmake_target_skip_unavailable=False, cmake_clean_cache=False, cmake_clean_first=False, cmake_force_configure=False, ament_cmake_args=None, catkin_cmake_args=None, catkin_skip_building_tests=False, verb_parser=<colcon_defaults.argument_parser.defaults.DefaultArgumentsDecorator object at 0x7fe4f06b48e0>, verb_extension=<colcon_core.verb.build.BuildVerb object at 0x7fe4f1492a40>, main=<bound method BuildVerb.main of <colcon_core.verb.build.BuildVerb object at 0x7fe4f1492a40>>)
[2.901s] Level 1:colcon.colcon_core.package_discovery:discover_packages(colcon_meta) check parameters
[2.903s] Level 1:colcon.colcon_core.package_discovery:discover_packages(recursive) check parameters
[2.903s] Level 1:colcon.colcon_core.package_discovery:discover_packages(ignore) check parameters
[2.904s] Level 1:colcon.colcon_core.package_discovery:discover_packages(path) check parameters
[2.904s] Level 1:colcon.colcon_core.package_discovery:discover_packages(colcon_meta) discover
[2.905s] Level 1:colcon.colcon_core.package_discovery:discover_packages(recursive) discover
[2.905s] INFO:colcon.colcon_core.package_discovery:Crawling recursively for packages in '/media/sf_SDP/sdp-team-12'
[2.907s] Level 1:colcon.colcon_core.package_identification:_identify(.) by extensions ['ignore', 'ignore_ament_install']
[2.908s] Level 1:colcon.colcon_core.package_identification:_identify(.) by extension 'ignore'
[2.909s] Level 1:colcon.colcon_core.package_identification:_identify(.) by extension 'ignore_ament_install'
[2.911s] Level 1:colcon.colcon_core.package_identification:_identify(.) by extensions ['colcon_pkg']
[2.912s] Level 1:colcon.colcon_core.package_identification:_identify(.) by extension 'colcon_pkg'
[2.913s] Level 1:colcon.colcon_core.package_identification:_identify(.) by extensions ['colcon_meta']
[2.913s] Level 1:colcon.colcon_core.package_identification:_identify(.) by extension 'colcon_meta'
[2.914s] Level 1:colcon.colcon_core.package_identification:_identify(.) by extensions ['ros']
[2.914s] Level 1:colcon.colcon_core.package_identification:_identify(.) by extension 'ros'
[2.937s] Level 1:colcon.colcon_core.package_identification:_identify(.) by extensions ['cmake', 'python']
[2.938s] Level 1:colcon.colcon_core.package_identification:_identify(.) by extension 'cmake'
[2.939s] Level 1:colcon.colcon_core.package_identification:_identify(.) by extension 'python'
[2.941s] Level 1:colcon.colcon_core.package_identification:_identify(.) by extensions ['python_setup_py']
[2.942s] Level 1:colcon.colcon_core.package_identification:_identify(.) by extension 'python_setup_py'
[2.945s] Level 1:colcon.colcon_core.package_identification:_identify(basic_mobile_robot) by extensions ['ignore', 'ignore_ament_install']
[2.946s] Level 1:colcon.colcon_core.package_identification:_identify(basic_mobile_robot) by extension 'ignore'
[2.947s] Level 1:colcon.colcon_core.package_identification:_identify(basic_mobile_robot) by extension 'ignore_ament_install'
[2.949s] Level 1:colcon.colcon_core.package_identification:_identify(basic_mobile_robot) by extensions ['colcon_pkg']
[2.950s] Level 1:colcon.colcon_core.package_identification:_identify(basic_mobile_robot) by extension 'colcon_pkg'
[2.951s] Level 1:colcon.colcon_core.package_identification:_identify(basic_mobile_robot) by extensions ['colcon_meta']
[2.951s] Level 1:colcon.colcon_core.package_identification:_identify(basic_mobile_robot) by extension 'colcon_meta'
[2.952s] Level 1:colcon.colcon_core.package_identification:_identify(basic_mobile_robot) by extensions ['ros']
[2.952s] Level 1:colcon.colcon_core.package_identification:_identify(basic_mobile_robot) by extension 'ros'
[2.960s] DEBUG:colcon.colcon_core.package_identification:Package 'basic_mobile_robot' with type 'ros.ament_cmake' and name 'basic_mobile_robot'
[2.963s] Level 1:colcon.colcon_core.package_identification:_identify(build) by extensions ['ignore', 'ignore_ament_install']
[2.963s] Level 1:colcon.colcon_core.package_identification:_identify(build) by extension 'ignore'
[2.964s] Level 1:colcon.colcon_core.package_identification:_identify(build) ignored
[2.967s] Level 1:colcon.colcon_core.package_identification:_identify(install) by extensions ['ignore', 'ignore_ament_install']
[2.967s] Level 1:colcon.colcon_core.package_identification:_identify(install) by extension 'ignore'
[2.968s] Level 1:colcon.colcon_core.package_identification:_identify(install) ignored
[2.970s] Level 1:colcon.colcon_core.package_identification:_identify(log) by extensions ['ignore', 'ignore_ament_install']
[2.971s] Level 1:colcon.colcon_core.package_identification:_identify(log) by extension 'ignore'
[2.972s] Level 1:colcon.colcon_core.package_identification:_identify(log) ignored
[2.975s] Level 1:colcon.colcon_core.package_identification:_identify(navigator) by extensions ['ignore', 'ignore_ament_install']
[2.975s] Level 1:colcon.colcon_core.package_identification:_identify(navigator) by extension 'ignore'
[2.976s] Level 1:colcon.colcon_core.package_identification:_identify(navigator) by extension 'ignore_ament_install'
[2.979s] Level 1:colcon.colcon_core.package_identification:_identify(navigator) by extensions ['colcon_pkg']
[2.979s] Level 1:colcon.colcon_core.package_identification:_identify(navigator) by extension 'colcon_pkg'
[2.980s] Level 1:colcon.colcon_core.package_identification:_identify(navigator) by extensions ['colcon_meta']
[2.981s] Level 1:colcon.colcon_core.package_identification:_identify(navigator) by extension 'colcon_meta'
[2.981s] Level 1:colcon.colcon_core.package_identification:_identify(navigator) by extensions ['ros']
[2.982s] Level 1:colcon.colcon_core.package_identification:_identify(navigator) by extension 'ros'
[2.987s] DEBUG:colcon.colcon_core.package_identification:Package 'navigator' with type 'ros.ament_python' and name 'navigator'
[2.988s] Level 1:colcon.colcon_core.package_discovery:discover_packages(recursive) using defaults
[2.988s] Level 1:colcon.colcon_core.package_discovery:discover_packages(ignore) discover
[2.988s] Level 1:colcon.colcon_core.package_discovery:discover_packages(ignore) using defaults
[2.989s] Level 1:colcon.colcon_core.package_discovery:discover_packages(path) discover
[2.989s] Level 1:colcon.colcon_core.package_discovery:discover_packages(path) using defaults
[3.202s] Level 1:colcon.colcon_core.package_discovery:discover_packages(prefix_path) check parameters
[3.204s] Level 1:colcon.colcon_core.package_discovery:discover_packages(prefix_path) discover
[3.300s] DEBUG:colcon.colcon_installed_package_information.package_discovery:Found 2 installed packages in /media/sf_SDP/sdp-team-12/install
[3.349s] DEBUG:colcon.colcon_installed_package_information.package_discovery:Found 328 installed packages in /opt/ros/humble
[3.356s] Level 1:colcon.colcon_core.package_discovery:discover_packages(prefix_path) using defaults
[3.582s] Level 5:colcon.colcon_core.verb:set package 'basic_mobile_robot' build argument 'cmake_args' from command line to 'None'
[3.584s] Level 5:colcon.colcon_core.verb:set package 'basic_mobile_robot' build argument 'cmake_target' from command line to 'None'
[3.585s] Level 5:colcon.colcon_core.verb:set package 'basic_mobile_robot' build argument 'cmake_target_skip_unavailable' from command line to 'False'
[3.586s] Level 5:colcon.colcon_core.verb:set package 'basic_mobile_robot' build argument 'cmake_clean_cache' from command line to 'False'
[3.586s] Level 5:colcon.colcon_core.verb:set package 'basic_mobile_robot' build argument 'cmake_clean_first' from command line to 'False'
[3.587s] Level 5:colcon.colcon_core.verb:set package 'basic_mobile_robot' build argument 'cmake_force_configure' from command line to 'False'
[3.587s] Level 5:colcon.colcon_core.verb:set package 'basic_mobile_robot' build argument 'ament_cmake_args' from command line to 'None'
[3.587s] Level 5:colcon.colcon_core.verb:set package 'basic_mobile_robot' build argument 'catkin_cmake_args' from command line to 'None'
[3.588s] Level 5:colcon.colcon_core.verb:set package 'basic_mobile_robot' build argument 'catkin_skip_building_tests' from command line to 'False'
[3.588s] DEBUG:colcon.colcon_core.verb:Building package 'basic_mobile_robot' with the following arguments: {'ament_cmake_args': None, 'build_base': '/media/sf_SDP/sdp-team-12/build/basic_mobile_robot', 'catkin_cmake_args': None, 'catkin_skip_building_tests': False, 'cmake_args': None, 'cmake_clean_cache': False, 'cmake_clean_first': False, 'cmake_force_configure': False, 'cmake_target': None, 'cmake_target_skip_unavailable': False, 'install_base': '/media/sf_SDP/sdp-team-12/install/basic_mobile_robot', 'merge_install': False, 'path': '/media/sf_SDP/sdp-team-12/basic_mobile_robot', 'symlink_install': False, 'test_result_base': None}
[3.620s] Level 5:colcon.colcon_core.verb:set package 'navigator' build argument 'cmake_args' from command line to 'None'
[3.622s] Level 5:colcon.colcon_core.verb:set package 'navigator' build argument 'cmake_target' from command line to 'None'
[3.622s] Level 5:colcon.colcon_core.verb:set package 'navigator' build argument 'cmake_target_skip_unavailable' from command line to 'False'
[3.622s] Level 5:colcon.colcon_core.verb:set package 'navigator' build argument 'cmake_clean_cache' from command line to 'False'
[3.623s] Level 5:colcon.colcon_core.verb:set package 'navigator' build argument 'cmake_clean_first' from command line to 'False'
[3.623s] Level 5:colcon.colcon_core.verb:set package 'navigator' build argument 'cmake_force_configure' from command line to 'False'
[3.624s] Level 5:colcon.colcon_core.verb:set package 'navigator' build argument 'ament_cmake_args' from command line to 'None'
[3.625s] Level 5:colcon.colcon_core.verb:set package 'navigator' build argument 'catkin_cmake_args' from command line to 'None'
[3.626s] Level 5:colcon.colcon_core.verb:set package 'navigator' build argument 'catkin_skip_building_tests' from command line to 'False'
[3.626s] DEBUG:colcon.colcon_core.verb:Building package 'navigator' with the following arguments: {'ament_cmake_args': None, 'build_base': '/media/sf_SDP/sdp-team-12/build/navigator', 'catkin_cmake_args': None, 'catkin_skip_building_tests': False, 'cmake_args': None, 'cmake_clean_cache': False, 'cmake_clean_first': False, 'cmake_force_configure': False, 'cmake_target': None, 'cmake_target_skip_unavailable': False, 'install_base': '/media/sf_SDP/sdp-team-12/install/navigator', 'merge_install': False, 'path': '/media/sf_SDP/sdp-team-12/navigator', 'symlink_install': False, 'test_result_base': None}
[3.656s] INFO:colcon.colcon_core.executor:Executing jobs using 'parallel' executor
[3.692s] DEBUG:colcon.colcon_parallel_executor.executor.parallel:run_until_complete
[3.694s] INFO:colcon.colcon_ros.task.ament_cmake.build:Building ROS package in '/media/sf_SDP/sdp-team-12/basic_mobile_robot' with build type 'ament_cmake'
[3.707s] INFO:colcon.colcon_cmake.task.cmake.build:Building CMake package in '/media/sf_SDP/sdp-team-12/basic_mobile_robot'
[3.748s] INFO:colcon.colcon_core.plugin_system:Skipping extension 'colcon_core.shell.bat': Not used on non-Windows systems
[3.751s] INFO:colcon.colcon_core.shell:Skip shell extension 'powershell' for command environment: Not usable outside of PowerShell
[3.751s] DEBUG:colcon.colcon_core.shell:Skip shell extension 'dsv' for command environment
[3.938s] INFO:colcon.colcon_ros.task.ament_python.build:Building ROS package in '/media/sf_SDP/sdp-team-12/navigator' with build type 'ament_python'
[3.939s] Level 1:colcon.colcon_core.shell:create_environment_hook('navigator', 'ament_prefix_path')
[3.976s] INFO:colcon.colcon_core.shell:Creating environment hook '/media/sf_SDP/sdp-team-12/install/navigator/share/navigator/hook/ament_prefix_path.ps1'
[4.023s] INFO:colcon.colcon_core.shell:Creating environment descriptor '/media/sf_SDP/sdp-team-12/install/navigator/share/navigator/hook/ament_prefix_path.dsv'
[4.087s] INFO:colcon.colcon_core.shell:Creating environment hook '/media/sf_SDP/sdp-team-12/install/navigator/share/navigator/hook/ament_prefix_path.sh'
[4.191s] INFO:colcon.colcon_core.shell:Skip shell extension 'powershell' for command environment: Not usable outside of PowerShell
[4.192s] DEBUG:colcon.colcon_core.shell:Skip shell extension 'dsv' for command environment
[4.688s] DEBUG:colcon.colcon_core.event_handler.log_command:Invoking command in '/media/sf_SDP/sdp-team-12/build/basic_mobile_robot': CMAKE_PREFIX_PATH=${CMAKE_PREFIX_PATH}:/media/sf_SDP/sdp-team-12/install/navigator:/opt/ros/humble /usr/bin/cmake --build /media/sf_SDP/sdp-team-12/build/basic_mobile_robot -- -j4 -l4
[5.283s] INFO:colcon.colcon_core.task.python.build:Building Python package in '/media/sf_SDP/sdp-team-12/navigator'
[5.320s] INFO:colcon.colcon_core.shell:Skip shell extension 'powershell' for command environment: Not usable outside of PowerShell
[5.322s] DEBUG:colcon.colcon_core.shell:Skip shell extension 'dsv' for command environment
[5.591s] DEBUG:colcon.colcon_core.event_handler.log_command:Invoked command in '/media/sf_SDP/sdp-team-12/build/basic_mobile_robot' returned '0': CMAKE_PREFIX_PATH=${CMAKE_PREFIX_PATH}:/media/sf_SDP/sdp-team-12/install/navigator:/opt/ros/humble /usr/bin/cmake --build /media/sf_SDP/sdp-team-12/build/basic_mobile_robot -- -j4 -l4
[5.891s] DEBUG:colcon.colcon_core.event_handler.log_command:Invoking command in '/media/sf_SDP/sdp-team-12/build/basic_mobile_robot': CMAKE_PREFIX_PATH=${CMAKE_PREFIX_PATH}:/media/sf_SDP/sdp-team-12/install/navigator:/opt/ros/humble /usr/bin/cmake --install /media/sf_SDP/sdp-team-12/build/basic_mobile_robot
[6.505s] Level 1:colcon.colcon_core.environment:create_environment_scripts_only(basic_mobile_robot)
[6.508s] DEBUG:colcon.colcon_core.event_handler.log_command:Invoked command in '/media/sf_SDP/sdp-team-12/build/basic_mobile_robot' returned '0': CMAKE_PREFIX_PATH=${CMAKE_PREFIX_PATH}:/media/sf_SDP/sdp-team-12/install/navigator:/opt/ros/humble /usr/bin/cmake --install /media/sf_SDP/sdp-team-12/build/basic_mobile_robot
[6.553s] Level 1:colcon.colcon_core.environment:checking '/media/sf_SDP/sdp-team-12/install/basic_mobile_robot' for CMake module files
[6.595s] Level 1:colcon.colcon_core.environment:checking '/media/sf_SDP/sdp-team-12/install/basic_mobile_robot' for CMake config files
[6.637s] Level 1:colcon.colcon_core.shell:create_environment_hook('basic_mobile_robot', 'cmake_prefix_path')
[6.670s] INFO:colcon.colcon_core.shell:Creating environment hook '/media/sf_SDP/sdp-team-12/install/basic_mobile_robot/share/basic_mobile_robot/hook/cmake_prefix_path.ps1'
[6.754s] INFO:colcon.colcon_core.shell:Creating environment descriptor '/media/sf_SDP/sdp-team-12/install/basic_mobile_robot/share/basic_mobile_robot/hook/cmake_prefix_path.dsv'
[6.805s] INFO:colcon.colcon_core.shell:Creating environment hook '/media/sf_SDP/sdp-team-12/install/basic_mobile_robot/share/basic_mobile_robot/hook/cmake_prefix_path.sh'
[6.882s] Level 1:colcon.colcon_core.environment:checking '/media/sf_SDP/sdp-team-12/install/basic_mobile_robot/bin'
[6.884s] Level 1:colcon.colcon_core.environment:checking '/media/sf_SDP/sdp-team-12/install/basic_mobile_robot/lib/pkgconfig/basic_mobile_robot.pc'
[6.886s] Level 1:colcon.colcon_core.environment:checking '/media/sf_SDP/sdp-team-12/install/basic_mobile_robot/lib/python3.10/site-packages'
[6.887s] Level 1:colcon.colcon_core.environment:checking '/media/sf_SDP/sdp-team-12/install/basic_mobile_robot/bin'
[6.925s] INFO:colcon.colcon_core.shell:Creating package script '/media/sf_SDP/sdp-team-12/install/basic_mobile_robot/share/basic_mobile_robot/package.ps1'
[6.956s] INFO:colcon.colcon_core.shell:Creating package descriptor '/media/sf_SDP/sdp-team-12/install/basic_mobile_robot/share/basic_mobile_robot/package.dsv'
[7.068s] INFO:colcon.colcon_core.shell:Creating package script '/media/sf_SDP/sdp-team-12/install/basic_mobile_robot/share/basic_mobile_robot/package.sh'
[7.114s] INFO:colcon.colcon_core.shell:Creating package script '/media/sf_SDP/sdp-team-12/install/basic_mobile_robot/share/basic_mobile_robot/package.bash'
[7.161s] INFO:colcon.colcon_core.shell:Creating package script '/media/sf_SDP/sdp-team-12/install/basic_mobile_robot/share/basic_mobile_robot/package.zsh'
[7.223s] Level 1:colcon.colcon_core.environment:create_file_with_runtime_dependencies(/media/sf_SDP/sdp-team-12/install/basic_mobile_robot/share/colcon-core/packages/basic_mobile_robot)
[7.416s] Level 1:colcon.colcon_core.environment:create_environment_scripts_only(basic_mobile_robot)
[7.450s] Level 1:colcon.colcon_core.environment:checking '/media/sf_SDP/sdp-team-12/install/basic_mobile_robot' for CMake module files
[7.495s] Level 1:colcon.colcon_core.environment:checking '/media/sf_SDP/sdp-team-12/install/basic_mobile_robot' for CMake config files
[7.534s] Level 1:colcon.colcon_core.shell:create_environment_hook('basic_mobile_robot', 'cmake_prefix_path')
[7.574s] INFO:colcon.colcon_core.shell:Creating environment hook '/media/sf_SDP/sdp-team-12/install/basic_mobile_robot/share/basic_mobile_robot/hook/cmake_prefix_path.ps1'
[7.700s] INFO:colcon.colcon_core.shell:Creating environment descriptor '/media/sf_SDP/sdp-team-12/install/basic_mobile_robot/share/basic_mobile_robot/hook/cmake_prefix_path.dsv'
[7.746s] INFO:colcon.colcon_core.shell:Creating environment hook '/media/sf_SDP/sdp-team-12/install/basic_mobile_robot/share/basic_mobile_robot/hook/cmake_prefix_path.sh'
[7.799s] Level 1:colcon.colcon_core.environment:checking '/media/sf_SDP/sdp-team-12/install/basic_mobile_robot/bin'
[7.800s] Level 1:colcon.colcon_core.environment:checking '/media/sf_SDP/sdp-team-12/install/basic_mobile_robot/lib/pkgconfig/basic_mobile_robot.pc'
[7.803s] Level 1:colcon.colcon_core.environment:checking '/media/sf_SDP/sdp-team-12/install/basic_mobile_robot/lib/python3.10/site-packages'
[7.804s] Level 1:colcon.colcon_core.environment:checking '/media/sf_SDP/sdp-team-12/install/basic_mobile_robot/bin'
[7.842s] INFO:colcon.colcon_core.shell:Creating package script '/media/sf_SDP/sdp-team-12/install/basic_mobile_robot/share/basic_mobile_robot/package.ps1'
[7.880s] INFO:colcon.colcon_core.shell:Creating package descriptor '/media/sf_SDP/sdp-team-12/install/basic_mobile_robot/share/basic_mobile_robot/package.dsv'
[7.922s] INFO:colcon.colcon_core.shell:Creating package script '/media/sf_SDP/sdp-team-12/install/basic_mobile_robot/share/basic_mobile_robot/package.sh'
[7.991s] INFO:colcon.colcon_core.shell:Creating package script '/media/sf_SDP/sdp-team-12/install/basic_mobile_robot/share/basic_mobile_robot/package.bash'
[8.034s] INFO:colcon.colcon_core.shell:Creating package script '/media/sf_SDP/sdp-team-12/install/basic_mobile_robot/share/basic_mobile_robot/package.zsh'
[8.106s] Level 1:colcon.colcon_core.environment:create_file_with_runtime_dependencies(/media/sf_SDP/sdp-team-12/install/basic_mobile_robot/share/colcon-core/packages/basic_mobile_robot)
[8.497s] DEBUG:colcon.colcon_core.event_handler.log_command:Invoking command in '/media/sf_SDP/sdp-team-12/navigator': PYTHONPATH=/media/sf_SDP/sdp-team-12/build/navigator/prefix_override:/media/sf_SDP/sdp-team-12/install/navigator/lib/python3.10/site-packages:${PYTHONPATH} /usr/bin/python3 setup.py egg_info --egg-base ../build/navigator build --build-base /media/sf_SDP/sdp-team-12/build/navigator/build install --record /media/sf_SDP/sdp-team-12/build/navigator/install.log --single-version-externally-managed
[10.967s] DEBUG:colcon.colcon_core.event_handler.log_command:Invoked command in '/media/sf_SDP/sdp-team-12/navigator' returned '0': PYTHONPATH=/media/sf_SDP/sdp-team-12/build/navigator/prefix_override:/media/sf_SDP/sdp-team-12/install/navigator/lib/python3.10/site-packages:${PYTHONPATH} /usr/bin/python3 setup.py egg_info --egg-base ../build/navigator build --build-base /media/sf_SDP/sdp-team-12/build/navigator/build install --record /media/sf_SDP/sdp-team-12/build/navigator/install.log --single-version-externally-managed
[11.001s] Level 1:colcon.colcon_core.environment:checking '/media/sf_SDP/sdp-team-12/install/navigator' for CMake module files
[11.026s] Level 1:colcon.colcon_core.environment:checking '/media/sf_SDP/sdp-team-12/install/navigator' for CMake config files
[11.068s] Level 1:colcon.colcon_core.environment:checking '/media/sf_SDP/sdp-team-12/install/navigator/lib'
[11.071s] Level 1:colcon.colcon_core.environment:checking '/media/sf_SDP/sdp-team-12/install/navigator/bin'
[11.072s] Level 1:colcon.colcon_core.environment:checking '/media/sf_SDP/sdp-team-12/install/navigator/lib/pkgconfig/navigator.pc'
[11.074s] Level 1:colcon.colcon_core.environment:checking '/media/sf_SDP/sdp-team-12/install/navigator/lib/python3.10/site-packages'
[11.074s] Level 1:colcon.colcon_core.shell:create_environment_hook('navigator', 'pythonpath')
[11.104s] INFO:colcon.colcon_core.shell:Creating environment hook '/media/sf_SDP/sdp-team-12/install/navigator/share/navigator/hook/pythonpath.ps1'
[11.233s] INFO:colcon.colcon_core.shell:Creating environment descriptor '/media/sf_SDP/sdp-team-12/install/navigator/share/navigator/hook/pythonpath.dsv'
[11.278s] INFO:colcon.colcon_core.shell:Creating environment hook '/media/sf_SDP/sdp-team-12/install/navigator/share/navigator/hook/pythonpath.sh'
[11.385s] Level 1:colcon.colcon_core.environment:checking '/media/sf_SDP/sdp-team-12/install/navigator/bin'
[11.387s] Level 1:colcon.colcon_core.environment:create_environment_scripts_only(navigator)
[11.422s] INFO:colcon.colcon_core.shell:Creating package script '/media/sf_SDP/sdp-team-12/install/navigator/share/navigator/package.ps1'
[11.465s] INFO:colcon.colcon_core.shell:Creating package descriptor '/media/sf_SDP/sdp-team-12/install/navigator/share/navigator/package.dsv'
[11.513s] INFO:colcon.colcon_core.shell:Creating package script '/media/sf_SDP/sdp-team-12/install/navigator/share/navigator/package.sh'
[11.575s] INFO:colcon.colcon_core.shell:Creating package script '/media/sf_SDP/sdp-team-12/install/navigator/share/navigator/package.bash'
[11.617s] INFO:colcon.colcon_core.shell:Creating package script '/media/sf_SDP/sdp-team-12/install/navigator/share/navigator/package.zsh'
[11.688s] Level 1:colcon.colcon_core.environment:create_file_with_runtime_dependencies(/media/sf_SDP/sdp-team-12/install/navigator/share/colcon-core/packages/navigator)
[11.731s] DEBUG:colcon.colcon_parallel_executor.executor.parallel:closing loop
[11.734s] DEBUG:colcon.colcon_parallel_executor.executor.parallel:loop closed
[11.734s] DEBUG:colcon.colcon_parallel_executor.executor.parallel:run_until_complete finished with '0'
[11.735s] DEBUG:colcon.colcon_core.event_reactor:joining thread
[11.974s] INFO:colcon.colcon_core.plugin_system:Skipping extension 'colcon_notification.desktop_notification.terminal_notifier': Not used on non-Darwin systems
[11.976s] INFO:colcon.colcon_core.plugin_system:Skipping extension 'colcon_notification.desktop_notification.win32': Not used on non-Windows systems
[11.977s] INFO:colcon.colcon_notification.desktop_notification:Sending desktop notification using 'notify2'
[12.020s] DEBUG:colcon.colcon_core.event_reactor:joined thread
[12.110s] INFO:colcon.colcon_core.shell:Creating prefix script '/media/sf_SDP/sdp-team-12/install/local_setup.ps1'
[12.244s] INFO:colcon.colcon_core.shell:Creating prefix util module '/media/sf_SDP/sdp-team-12/install/_local_setup_util_ps1.py'
[12.301s] INFO:colcon.colcon_core.shell:Creating prefix chain script '/media/sf_SDP/sdp-team-12/install/setup.ps1'
[12.415s] INFO:colcon.colcon_core.shell:Creating prefix script '/media/sf_SDP/sdp-team-12/install/local_setup.sh'
[12.465s] INFO:colcon.colcon_core.shell:Creating prefix util module '/media/sf_SDP/sdp-team-12/install/_local_setup_util_sh.py'
[12.512s] INFO:colcon.colcon_core.shell:Creating prefix chain script '/media/sf_SDP/sdp-team-12/install/setup.sh'
[12.644s] INFO:colcon.colcon_core.shell:Creating prefix script '/media/sf_SDP/sdp-team-12/install/local_setup.bash'
[12.699s] INFO:colcon.colcon_core.shell:Creating prefix chain script '/media/sf_SDP/sdp-team-12/install/setup.bash'
[12.800s] INFO:colcon.colcon_core.shell:Creating prefix script '/media/sf_SDP/sdp-team-12/install/local_setup.zsh'
[12.846s] INFO:colcon.colcon_core.shell:Creating prefix chain script '/media/sf_SDP/sdp-team-12/install/setup.zsh'
