[0.663s] DEBUG:colcon:Command line arguments: ['/usr/bin/colcon', 'build']
[0.663s] DEBUG:colcon:Parsed command line arguments: Namespace(log_base=None, log_level=None, verb_name='build', build_base='build', install_base='install', merge_install=False, symlink_install=False, test_result_base=None, continue_on_error=False, executor='parallel', parallel_workers=8, event_handlers=None, ignore_user_meta=False, metas=['./colcon.meta'], base_paths=['.'], packages_ignore=None, packages_ignore_regex=None, paths=None, packages_up_to=None, packages_up_to_regex=None, packages_above=None, packages_above_and_dependencies=None, packages_above_depth=None, packages_select_by_dep=None, packages_skip_by_dep=None, packages_skip_up_to=None, packages_select_build_failed=False, packages_skip_build_finished=False, packages_select_test_failures=False, packages_skip_test_passed=False, packages_select=None, packages_skip=None, packages_select_regex=None, packages_skip_regex=None, packages_start=None, packages_end=None, allow_overriding=[], cmake_args=None, cmake_target=None, cmake_target_skip_unavailable=False, cmake_clean_cache=False, cmake_clean_first=False, cmake_force_configure=False, ament_cmake_args=None, catkin_cmake_args=None, catkin_skip_building_tests=False, verb_parser=<colcon_defaults.argument_parser.defaults.DefaultArgumentsDecorator object at 0x7ff550905960>, verb_extension=<colcon_core.verb.build.BuildVerb object at 0x7ff551cd7f40>, main=<bound method BuildVerb.main of <colcon_core.verb.build.BuildVerb object at 0x7ff551cd7f40>>)
[0.695s] Level 1:colcon.colcon_core.package_discovery:discover_packages(colcon_meta) check parameters
[0.695s] Level 1:colcon.colcon_core.package_discovery:discover_packages(recursive) check parameters
[0.695s] Level 1:colcon.colcon_core.package_discovery:discover_packages(ignore) check parameters
[0.695s] Level 1:colcon.colcon_core.package_discovery:discover_packages(path) check parameters
[0.695s] Level 1:colcon.colcon_core.package_discovery:discover_packages(colcon_meta) discover
[0.695s] Level 1:colcon.colcon_core.package_discovery:discover_packages(recursive) discover
[0.695s] INFO:colcon.colcon_core.package_discovery:Crawling recursively for packages in '/home/adam/Desktop/sdp-team-12/control_ws'
[0.695s] Level 1:colcon.colcon_core.package_identification:_identify(.) by extensions ['ignore', 'ignore_ament_install']
[0.695s] Level 1:colcon.colcon_core.package_identification:_identify(.) by extension 'ignore'
[0.695s] Level 1:colcon.colcon_core.package_identification:_identify(.) by extension 'ignore_ament_install'
[0.695s] Level 1:colcon.colcon_core.package_identification:_identify(.) by extensions ['colcon_pkg']
[0.695s] Level 1:colcon.colcon_core.package_identification:_identify(.) by extension 'colcon_pkg'
[0.695s] Level 1:colcon.colcon_core.package_identification:_identify(.) by extensions ['colcon_meta']
[0.695s] Level 1:colcon.colcon_core.package_identification:_identify(.) by extension 'colcon_meta'
[0.695s] Level 1:colcon.colcon_core.package_identification:_identify(.) by extensions ['ros']
[0.695s] Level 1:colcon.colcon_core.package_identification:_identify(.) by extension 'ros'
[0.702s] Level 1:colcon.colcon_core.package_identification:_identify(.) by extensions ['cmake', 'python']
[0.702s] Level 1:colcon.colcon_core.package_identification:_identify(.) by extension 'cmake'
[0.702s] Level 1:colcon.colcon_core.package_identification:_identify(.) by extension 'python'
[0.702s] Level 1:colcon.colcon_core.package_identification:_identify(.) by extensions ['python_setup_py']
[0.702s] Level 1:colcon.colcon_core.package_identification:_identify(.) by extension 'python_setup_py'
[0.703s] Level 1:colcon.colcon_core.package_identification:_identify(build) by extensions ['ignore', 'ignore_ament_install']
[0.703s] Level 1:colcon.colcon_core.package_identification:_identify(build) by extension 'ignore'
[0.703s] Level 1:colcon.colcon_core.package_identification:_identify(build) ignored
[0.703s] Level 1:colcon.colcon_core.package_identification:_identify(install) by extensions ['ignore', 'ignore_ament_install']
[0.703s] Level 1:colcon.colcon_core.package_identification:_identify(install) by extension 'ignore'
[0.703s] Level 1:colcon.colcon_core.package_identification:_identify(install) ignored
[0.703s] Level 1:colcon.colcon_core.package_identification:_identify(log) by extensions ['ignore', 'ignore_ament_install']
[0.703s] Level 1:colcon.colcon_core.package_identification:_identify(log) by extension 'ignore'
[0.703s] Level 1:colcon.colcon_core.package_identification:_identify(log) ignored
[0.703s] Level 1:colcon.colcon_core.package_identification:_identify(src) by extensions ['ignore', 'ignore_ament_install']
[0.703s] Level 1:colcon.colcon_core.package_identification:_identify(src) by extension 'ignore'
[0.703s] Level 1:colcon.colcon_core.package_identification:_identify(src) by extension 'ignore_ament_install'
[0.703s] Level 1:colcon.colcon_core.package_identification:_identify(src) by extensions ['colcon_pkg']
[0.703s] Level 1:colcon.colcon_core.package_identification:_identify(src) by extension 'colcon_pkg'
[0.703s] Level 1:colcon.colcon_core.package_identification:_identify(src) by extensions ['colcon_meta']
[0.703s] Level 1:colcon.colcon_core.package_identification:_identify(src) by extension 'colcon_meta'
[0.703s] Level 1:colcon.colcon_core.package_identification:_identify(src) by extensions ['ros']
[0.703s] Level 1:colcon.colcon_core.package_identification:_identify(src) by extension 'ros'
[0.703s] Level 1:colcon.colcon_core.package_identification:_identify(src) by extensions ['cmake', 'python']
[0.703s] Level 1:colcon.colcon_core.package_identification:_identify(src) by extension 'cmake'
[0.703s] Level 1:colcon.colcon_core.package_identification:_identify(src) by extension 'python'
[0.703s] Level 1:colcon.colcon_core.package_identification:_identify(src) by extensions ['python_setup_py']
[0.703s] Level 1:colcon.colcon_core.package_identification:_identify(src) by extension 'python_setup_py'
[0.704s] Level 1:colcon.colcon_core.package_identification:_identify(src/my_bot) by extensions ['ignore', 'ignore_ament_install']
[0.704s] Level 1:colcon.colcon_core.package_identification:_identify(src/my_bot) by extension 'ignore'
[0.704s] Level 1:colcon.colcon_core.package_identification:_identify(src/my_bot) by extension 'ignore_ament_install'
[0.704s] Level 1:colcon.colcon_core.package_identification:_identify(src/my_bot) by extensions ['colcon_pkg']
[0.704s] Level 1:colcon.colcon_core.package_identification:_identify(src/my_bot) by extension 'colcon_pkg'
[0.704s] Level 1:colcon.colcon_core.package_identification:_identify(src/my_bot) by extensions ['colcon_meta']
[0.704s] Level 1:colcon.colcon_core.package_identification:_identify(src/my_bot) by extension 'colcon_meta'
[0.704s] Level 1:colcon.colcon_core.package_identification:_identify(src/my_bot) by extensions ['ros']
[0.704s] Level 1:colcon.colcon_core.package_identification:_identify(src/my_bot) by extension 'ros'
[0.705s] DEBUG:colcon.colcon_core.package_identification:Package 'src/my_bot' with type 'ros.ament_cmake' and name 'my_bot'
[0.705s] Level 1:colcon.colcon_core.package_discovery:discover_packages(recursive) using defaults
[0.705s] Level 1:colcon.colcon_core.package_discovery:discover_packages(ignore) discover
[0.705s] Level 1:colcon.colcon_core.package_discovery:discover_packages(ignore) using defaults
[0.705s] Level 1:colcon.colcon_core.package_discovery:discover_packages(path) discover
[0.705s] Level 1:colcon.colcon_core.package_discovery:discover_packages(path) using defaults
[0.767s] Level 1:colcon.colcon_core.package_discovery:discover_packages(prefix_path) check parameters
[0.768s] Level 1:colcon.colcon_core.package_discovery:discover_packages(prefix_path) discover
[0.787s] DEBUG:colcon.colcon_installed_package_information.package_discovery:Found 1 installed packages in /home/adam/Desktop/sdp-team-12/control_ws/install
[0.798s] DEBUG:colcon.colcon_installed_package_information.package_discovery:Found 453 installed packages in /opt/ros/humble
[0.799s] Level 1:colcon.colcon_core.package_discovery:discover_packages(prefix_path) using defaults
[0.882s] Level 5:colcon.colcon_core.verb:set package 'my_bot' build argument 'cmake_args' from command line to 'None'
[0.883s] Level 5:colcon.colcon_core.verb:set package 'my_bot' build argument 'cmake_target' from command line to 'None'
[0.883s] Level 5:colcon.colcon_core.verb:set package 'my_bot' build argument 'cmake_target_skip_unavailable' from command line to 'False'
[0.883s] Level 5:colcon.colcon_core.verb:set package 'my_bot' build argument 'cmake_clean_cache' from command line to 'False'
[0.883s] Level 5:colcon.colcon_core.verb:set package 'my_bot' build argument 'cmake_clean_first' from command line to 'False'
[0.883s] Level 5:colcon.colcon_core.verb:set package 'my_bot' build argument 'cmake_force_configure' from command line to 'False'
[0.883s] Level 5:colcon.colcon_core.verb:set package 'my_bot' build argument 'ament_cmake_args' from command line to 'None'
[0.883s] Level 5:colcon.colcon_core.verb:set package 'my_bot' build argument 'catkin_cmake_args' from command line to 'None'
[0.883s] Level 5:colcon.colcon_core.verb:set package 'my_bot' build argument 'catkin_skip_building_tests' from command line to 'False'
[0.883s] DEBUG:colcon.colcon_core.verb:Building package 'my_bot' with the following arguments: {'ament_cmake_args': None, 'build_base': '/home/adam/Desktop/sdp-team-12/control_ws/build/my_bot', 'catkin_cmake_args': None, 'catkin_skip_building_tests': False, 'cmake_args': None, 'cmake_clean_cache': False, 'cmake_clean_first': False, 'cmake_force_configure': False, 'cmake_target': None, 'cmake_target_skip_unavailable': False, 'install_base': '/home/adam/Desktop/sdp-team-12/control_ws/install/my_bot', 'merge_install': False, 'path': '/home/adam/Desktop/sdp-team-12/control_ws/src/my_bot', 'symlink_install': False, 'test_result_base': None}
[0.892s] INFO:colcon.colcon_core.executor:Executing jobs using 'parallel' executor
[0.903s] DEBUG:colcon.colcon_parallel_executor.executor.parallel:run_until_complete
[0.903s] INFO:colcon.colcon_ros.task.ament_cmake.build:Building ROS package in '/home/adam/Desktop/sdp-team-12/control_ws/src/my_bot' with build type 'ament_cmake'
[0.903s] INFO:colcon.colcon_cmake.task.cmake.build:Building CMake package in '/home/adam/Desktop/sdp-team-12/control_ws/src/my_bot'
[0.914s] INFO:colcon.colcon_core.plugin_system:Skipping extension 'colcon_core.shell.bat': Not used on non-Windows systems
[0.914s] INFO:colcon.colcon_core.shell:Skip shell extension 'powershell' for command environment: Not usable outside of PowerShell
[0.914s] DEBUG:colcon.colcon_core.shell:Skip shell extension 'dsv' for command environment
[0.951s] DEBUG:colcon.colcon_core.event_handler.log_command:Invoking command in '/home/adam/Desktop/sdp-team-12/control_ws/build/my_bot': CMAKE_PREFIX_PATH=${CMAKE_PREFIX_PATH}:/opt/ros/humble /usr/bin/cmake --build /home/adam/Desktop/sdp-team-12/control_ws/build/my_bot -- -j8 -l8
[0.978s] DEBUG:colcon.colcon_core.event_handler.log_command:Invoked command in '/home/adam/Desktop/sdp-team-12/control_ws/build/my_bot' returned '0': CMAKE_PREFIX_PATH=${CMAKE_PREFIX_PATH}:/opt/ros/humble /usr/bin/cmake --build /home/adam/Desktop/sdp-team-12/control_ws/build/my_bot -- -j8 -l8
[1.006s] DEBUG:colcon.colcon_core.event_handler.log_command:Invoking command in '/home/adam/Desktop/sdp-team-12/control_ws/build/my_bot': CMAKE_PREFIX_PATH=${CMAKE_PREFIX_PATH}:/opt/ros/humble /usr/bin/cmake --install /home/adam/Desktop/sdp-team-12/control_ws/build/my_bot
[1.016s] Level 1:colcon.colcon_core.environment:create_environment_scripts_only(my_bot)
[1.016s] DEBUG:colcon.colcon_core.event_handler.log_command:Invoked command in '/home/adam/Desktop/sdp-team-12/control_ws/build/my_bot' returned '0': CMAKE_PREFIX_PATH=${CMAKE_PREFIX_PATH}:/opt/ros/humble /usr/bin/cmake --install /home/adam/Desktop/sdp-team-12/control_ws/build/my_bot
[1.030s] Level 1:colcon.colcon_core.environment:checking '/home/adam/Desktop/sdp-team-12/control_ws/install/my_bot' for CMake module files
[1.030s] Level 1:colcon.colcon_core.environment:checking '/home/adam/Desktop/sdp-team-12/control_ws/install/my_bot' for CMake config files
[1.030s] Level 1:colcon.colcon_core.shell:create_environment_hook('my_bot', 'cmake_prefix_path')
[1.040s] INFO:colcon.colcon_core.shell:Creating environment hook '/home/adam/Desktop/sdp-team-12/control_ws/install/my_bot/share/my_bot/hook/cmake_prefix_path.ps1'
[1.041s] INFO:colcon.colcon_core.shell:Creating environment descriptor '/home/adam/Desktop/sdp-team-12/control_ws/install/my_bot/share/my_bot/hook/cmake_prefix_path.dsv'
[1.041s] INFO:colcon.colcon_core.shell:Creating environment hook '/home/adam/Desktop/sdp-team-12/control_ws/install/my_bot/share/my_bot/hook/cmake_prefix_path.sh'
[1.042s] Level 1:colcon.colcon_core.environment:checking '/home/adam/Desktop/sdp-team-12/control_ws/install/my_bot/bin'
[1.042s] Level 1:colcon.colcon_core.environment:checking '/home/adam/Desktop/sdp-team-12/control_ws/install/my_bot/lib/pkgconfig/my_bot.pc'
[1.042s] Level 1:colcon.colcon_core.environment:checking '/home/adam/Desktop/sdp-team-12/control_ws/install/my_bot/lib/python3.10/site-packages'
[1.042s] Level 1:colcon.colcon_core.environment:checking '/home/adam/Desktop/sdp-team-12/control_ws/install/my_bot/bin'
[1.052s] INFO:colcon.colcon_core.shell:Creating package script '/home/adam/Desktop/sdp-team-12/control_ws/install/my_bot/share/my_bot/package.ps1'
[1.053s] INFO:colcon.colcon_core.shell:Creating package descriptor '/home/adam/Desktop/sdp-team-12/control_ws/install/my_bot/share/my_bot/package.dsv'
[1.053s] INFO:colcon.colcon_core.shell:Creating package script '/home/adam/Desktop/sdp-team-12/control_ws/install/my_bot/share/my_bot/package.sh'
[1.054s] INFO:colcon.colcon_core.shell:Creating package script '/home/adam/Desktop/sdp-team-12/control_ws/install/my_bot/share/my_bot/package.bash'
[1.054s] INFO:colcon.colcon_core.shell:Creating package script '/home/adam/Desktop/sdp-team-12/control_ws/install/my_bot/share/my_bot/package.zsh'
[1.054s] Level 1:colcon.colcon_core.environment:create_file_with_runtime_dependencies(/home/adam/Desktop/sdp-team-12/control_ws/install/my_bot/share/colcon-core/packages/my_bot)
[1.079s] Level 1:colcon.colcon_core.environment:create_environment_scripts_only(my_bot)
[1.089s] Level 1:colcon.colcon_core.environment:checking '/home/adam/Desktop/sdp-team-12/control_ws/install/my_bot' for CMake module files
[1.089s] Level 1:colcon.colcon_core.environment:checking '/home/adam/Desktop/sdp-team-12/control_ws/install/my_bot' for CMake config files
[1.089s] Level 1:colcon.colcon_core.shell:create_environment_hook('my_bot', 'cmake_prefix_path')
[1.099s] INFO:colcon.colcon_core.shell:Creating environment hook '/home/adam/Desktop/sdp-team-12/control_ws/install/my_bot/share/my_bot/hook/cmake_prefix_path.ps1'
[1.099s] INFO:colcon.colcon_core.shell:Creating environment descriptor '/home/adam/Desktop/sdp-team-12/control_ws/install/my_bot/share/my_bot/hook/cmake_prefix_path.dsv'
[1.100s] INFO:colcon.colcon_core.shell:Creating environment hook '/home/adam/Desktop/sdp-team-12/control_ws/install/my_bot/share/my_bot/hook/cmake_prefix_path.sh'
[1.100s] Level 1:colcon.colcon_core.environment:checking '/home/adam/Desktop/sdp-team-12/control_ws/install/my_bot/bin'
[1.100s] Level 1:colcon.colcon_core.environment:checking '/home/adam/Desktop/sdp-team-12/control_ws/install/my_bot/lib/pkgconfig/my_bot.pc'
[1.100s] Level 1:colcon.colcon_core.environment:checking '/home/adam/Desktop/sdp-team-12/control_ws/install/my_bot/lib/python3.10/site-packages'
[1.100s] Level 1:colcon.colcon_core.environment:checking '/home/adam/Desktop/sdp-team-12/control_ws/install/my_bot/bin'
[1.111s] INFO:colcon.colcon_core.shell:Creating package script '/home/adam/Desktop/sdp-team-12/control_ws/install/my_bot/share/my_bot/package.ps1'
[1.111s] INFO:colcon.colcon_core.shell:Creating package descriptor '/home/adam/Desktop/sdp-team-12/control_ws/install/my_bot/share/my_bot/package.dsv'
[1.111s] INFO:colcon.colcon_core.shell:Creating package script '/home/adam/Desktop/sdp-team-12/control_ws/install/my_bot/share/my_bot/package.sh'
[1.112s] INFO:colcon.colcon_core.shell:Creating package script '/home/adam/Desktop/sdp-team-12/control_ws/install/my_bot/share/my_bot/package.bash'
[1.112s] INFO:colcon.colcon_core.shell:Creating package script '/home/adam/Desktop/sdp-team-12/control_ws/install/my_bot/share/my_bot/package.zsh'
[1.112s] Level 1:colcon.colcon_core.environment:create_file_with_runtime_dependencies(/home/adam/Desktop/sdp-team-12/control_ws/install/my_bot/share/colcon-core/packages/my_bot)
[1.112s] DEBUG:colcon.colcon_parallel_executor.executor.parallel:closing loop
[1.112s] DEBUG:colcon.colcon_parallel_executor.executor.parallel:loop closed
[1.113s] DEBUG:colcon.colcon_parallel_executor.executor.parallel:run_until_complete finished with '0'
[1.113s] DEBUG:colcon.colcon_core.event_reactor:joining thread
[1.127s] INFO:colcon.colcon_core.plugin_system:Skipping extension 'colcon_notification.desktop_notification.terminal_notifier': Not used on non-Darwin systems
[1.127s] INFO:colcon.colcon_core.plugin_system:Skipping extension 'colcon_notification.desktop_notification.win32': Not used on non-Windows systems
[1.127s] INFO:colcon.colcon_notification.desktop_notification:Sending desktop notification using 'notify2'
[1.135s] DEBUG:colcon.colcon_core.event_reactor:joined thread
[1.148s] INFO:colcon.colcon_core.shell:Creating prefix script '/home/adam/Desktop/sdp-team-12/control_ws/install/local_setup.ps1'
[1.148s] INFO:colcon.colcon_core.shell:Creating prefix util module '/home/adam/Desktop/sdp-team-12/control_ws/install/_local_setup_util_ps1.py'
[1.149s] INFO:colcon.colcon_core.shell:Creating prefix chain script '/home/adam/Desktop/sdp-team-12/control_ws/install/setup.ps1'
[1.160s] INFO:colcon.colcon_core.shell:Creating prefix script '/home/adam/Desktop/sdp-team-12/control_ws/install/local_setup.sh'
[1.161s] INFO:colcon.colcon_core.shell:Creating prefix util module '/home/adam/Desktop/sdp-team-12/control_ws/install/_local_setup_util_sh.py'
[1.161s] INFO:colcon.colcon_core.shell:Creating prefix chain script '/home/adam/Desktop/sdp-team-12/control_ws/install/setup.sh'
[1.171s] INFO:colcon.colcon_core.shell:Creating prefix script '/home/adam/Desktop/sdp-team-12/control_ws/install/local_setup.bash'
[1.172s] INFO:colcon.colcon_core.shell:Creating prefix chain script '/home/adam/Desktop/sdp-team-12/control_ws/install/setup.bash'
[1.182s] INFO:colcon.colcon_core.shell:Creating prefix script '/home/adam/Desktop/sdp-team-12/control_ws/install/local_setup.zsh'
[1.183s] INFO:colcon.colcon_core.shell:Creating prefix chain script '/home/adam/Desktop/sdp-team-12/control_ws/install/setup.zsh'
