[0.128s] Invoking command in '/home/adam/Desktop/sdp-team-12/control_ws/build/ros2_control_demo_example_12': CMAKE_PREFIX_PATH=${CMAKE_PREFIX_PATH}:/opt/ros/humble /usr/bin/cmake /home/adam/Desktop/sdp-team-12/control_ws/src/ros2_control_demos/example_12 -DCMAKE_INSTALL_PREFIX=/home/adam/Desktop/sdp-team-12/control_ws/install/ros2_control_demo_example_12
[0.145s] -- Found ament_cmake: 1.3.6 (/opt/ros/humble/share/ament_cmake/cmake)
[0.304s] -- Override CMake install command with custom implementation using symlinks instead of copying resources
[0.309s] -- Found hardware_interface: 2.36.0 (/opt/ros/humble/share/hardware_interface/cmake)
[0.343s] -- Found rosidl_generator_c: 3.1.5 (/opt/ros/humble/share/rosidl_generator_c/cmake)
[0.346s] -- Found rosidl_adapter: 3.1.5 (/opt/ros/humble/share/rosidl_adapter/cmake)
[0.354s] -- Found rosidl_generator_cpp: 3.1.5 (/opt/ros/humble/share/rosidl_generator_cpp/cmake)
[0.381s] -- Using all available rosidl_typesupport_c: rosidl_typesupport_fastrtps_c;rosidl_typesupport_introspection_c
[0.395s] -- Using all available rosidl_typesupport_cpp: rosidl_typesupport_fastrtps_cpp;rosidl_typesupport_introspection_cpp
[0.919s] -- Found rmw_implementation_cmake: 6.1.1 (/opt/ros/humble/share/rmw_implementation_cmake/cmake)
[0.920s] -- Found rmw_fastrtps_cpp: 6.2.5 (/opt/ros/humble/share/rmw_fastrtps_cpp/cmake)
[0.946s] -- Found TinyXML2 via Config file: TinyXML2_DIR-NOTFOUND
[0.955s] -- Found TinyXML2 via Config file: TinyXML2_DIR-NOTFOUND
[0.986s] -- Found TinyXML2 via Config file: TinyXML2_DIR-NOTFOUND
[0.998s] -- Found TinyXML2 via Config file: TinyXML2_DIR-NOTFOUND
[1.015s] -- Using RMW implementation 'rmw_fastrtps_cpp' as default
[1.231s] -- Found generate_parameter_library: 0.3.6 (/opt/ros/humble/share/generate_parameter_library/cmake)
[1.232s] -- Found parameter_traits: 0.3.6 (/opt/ros/humble/share/parameter_traits/cmake)
[1.248s] -- Found controller_interface: 2.36.0 (/opt/ros/humble/share/controller_interface/cmake)
[1.366s] -- Found realtime_tools: 2.5.0 (/opt/ros/humble/share/realtime_tools/cmake)
[1.873s] -- Found ament_cmake_gtest: 1.3.6 (/opt/ros/humble/share/ament_cmake_gtest/cmake)
[1.952s] -- Configuring done
[1.985s] -- Generating done
[1.987s] -- Build files have been written to: /home/adam/Desktop/sdp-team-12/control_ws/build/ros2_control_demo_example_12
[1.999s] Invoked command in '/home/adam/Desktop/sdp-team-12/control_ws/build/ros2_control_demo_example_12' returned '0': CMAKE_PREFIX_PATH=${CMAKE_PREFIX_PATH}:/opt/ros/humble /usr/bin/cmake /home/adam/Desktop/sdp-team-12/control_ws/src/ros2_control_demos/example_12 -DCMAKE_INSTALL_PREFIX=/home/adam/Desktop/sdp-team-12/control_ws/install/ros2_control_demo_example_12
[2.000s] Invoking command in '/home/adam/Desktop/sdp-team-12/control_ws/build/ros2_control_demo_example_12': CMAKE_PREFIX_PATH=${CMAKE_PREFIX_PATH}:/opt/ros/humble /usr/bin/cmake --build /home/adam/Desktop/sdp-team-12/control_ws/build/ros2_control_demo_example_12 -- -j8 -l8
[2.052s] [35m[1mConsolidate compiler generated dependencies of target ros2_control_demo_example_12[0m
[2.078s] [ 40%] Built target ros2_control_demo_example_12
[2.085s] [ 60%] Built target passthrough_controller_parameters
[2.095s] [35m[1mConsolidate compiler generated dependencies of target passthrough_controller[0m
[2.119s] [100%] Built target passthrough_controller
[2.139s] Invoked command in '/home/adam/Desktop/sdp-team-12/control_ws/build/ros2_control_demo_example_12' returned '0': CMAKE_PREFIX_PATH=${CMAKE_PREFIX_PATH}:/opt/ros/humble /usr/bin/cmake --build /home/adam/Desktop/sdp-team-12/control_ws/build/ros2_control_demo_example_12 -- -j8 -l8
[2.323s] Invoking command in '/home/adam/Desktop/sdp-team-12/control_ws/build/ros2_control_demo_example_12': CMAKE_PREFIX_PATH=${CMAKE_PREFIX_PATH}:/opt/ros/humble /usr/bin/cmake --install /home/adam/Desktop/sdp-team-12/control_ws/build/ros2_control_demo_example_12
[2.435s] -- Install configuration: ""
[2.435s] -- Execute custom install script
[2.435s] -- Up-to-date symlink: /home/adam/Desktop/sdp-team-12/control_ws/install/ros2_control_demo_example_12/share/ros2_control_demo_example_12//ros2_control_demo_example_12.xml
[2.435s] -- Up-to-date symlink: /home/adam/Desktop/sdp-team-12/control_ws/install/ros2_control_demo_example_12/include/passthrough_controller_parameters/passthrough_controller_parameters.hpp
[2.435s] -- Up-to-date symlink: /home/adam/Desktop/sdp-team-12/control_ws/install/ros2_control_demo_example_12/share/ros2_control_demo_example_12//passthrough_controller.xml
[2.435s] -- Up-to-date symlink: /home/adam/Desktop/sdp-team-12/control_ws/install/ros2_control_demo_example_12/include/ros2_control_demo_example_12/ros2_control_demo_example_12/rrbot.hpp
[2.435s] -- Up-to-date symlink: /home/adam/Desktop/sdp-team-12/control_ws/install/ros2_control_demo_example_12/include/ros2_control_demo_example_12/ros2_control_demo_example_12/visibility_control.h
[2.435s] -- Up-to-date symlink: /home/adam/Desktop/sdp-team-12/control_ws/install/ros2_control_demo_example_12/share/ros2_control_demo_example_12/launch/view_robot.launch.py
[2.435s] -- Up-to-date symlink: /home/adam/Desktop/sdp-team-12/control_ws/install/ros2_control_demo_example_12/share/ros2_control_demo_example_12/ros2_control/rrbot.ros2_control.xacro
[2.435s] -- Up-to-date symlink: /home/adam/Desktop/sdp-team-12/control_ws/install/ros2_control_demo_example_12/share/ros2_control_demo_example_12/urdf/rrbot.urdf.xacro
[2.435s] -- Up-to-date symlink: /home/adam/Desktop/sdp-team-12/control_ws/install/ros2_control_demo_example_12/share/ros2_control_demo_example_12/gazebo/rrbot.gazebo.xacro
[2.435s] -- Up-to-date symlink: /home/adam/Desktop/sdp-team-12/control_ws/install/ros2_control_demo_example_12/share/ros2_control_demo_example_12/launch/launch_chained_controllers.launch.py
[2.435s] -- Up-to-date symlink: /home/adam/Desktop/sdp-team-12/control_ws/install/ros2_control_demo_example_12/share/ros2_control_demo_example_12/launch/rrbot.launch.py
[2.436s] -- Up-to-date symlink: /home/adam/Desktop/sdp-team-12/control_ws/install/ros2_control_demo_example_12/share/ros2_control_demo_example_12/config/rrbot_chained_controllers.yaml
[2.436s] -- Up-to-date symlink: /home/adam/Desktop/sdp-team-12/control_ws/install/ros2_control_demo_example_12/include/passthrough_controller/passthrough_controller/passthrough_controller.hpp
[2.436s] -- Up-to-date symlink: /home/adam/Desktop/sdp-team-12/control_ws/install/ros2_control_demo_example_12/include/passthrough_controller/passthrough_controller/visibility_control.h
[2.436s] -- Up-to-date symlink: /home/adam/Desktop/sdp-team-12/control_ws/install/ros2_control_demo_example_12/share/ros2_control_demo_example_12/environment/library_path.sh
[2.436s] -- Up-to-date symlink: /home/adam/Desktop/sdp-team-12/control_ws/install/ros2_control_demo_example_12/share/ros2_control_demo_example_12/environment/library_path.dsv
[2.436s] -- Up-to-date symlink: /home/adam/Desktop/sdp-team-12/control_ws/install/ros2_control_demo_example_12/share/ament_index/resource_index/package_run_dependencies/ros2_control_demo_example_12
[2.436s] -- Up-to-date symlink: /home/adam/Desktop/sdp-team-12/control_ws/install/ros2_control_demo_example_12/share/ament_index/resource_index/parent_prefix_path/ros2_control_demo_example_12
[2.436s] -- Up-to-date symlink: /home/adam/Desktop/sdp-team-12/control_ws/install/ros2_control_demo_example_12/share/ros2_control_demo_example_12/environment/ament_prefix_path.sh
[2.436s] -- Up-to-date symlink: /home/adam/Desktop/sdp-team-12/control_ws/install/ros2_control_demo_example_12/share/ros2_control_demo_example_12/environment/ament_prefix_path.dsv
[2.436s] -- Up-to-date symlink: /home/adam/Desktop/sdp-team-12/control_ws/install/ros2_control_demo_example_12/share/ros2_control_demo_example_12/environment/path.sh
[2.436s] -- Up-to-date symlink: /home/adam/Desktop/sdp-team-12/control_ws/install/ros2_control_demo_example_12/share/ros2_control_demo_example_12/environment/path.dsv
[2.436s] -- Up-to-date symlink: /home/adam/Desktop/sdp-team-12/control_ws/install/ros2_control_demo_example_12/share/ros2_control_demo_example_12/local_setup.bash
[2.436s] -- Up-to-date symlink: /home/adam/Desktop/sdp-team-12/control_ws/install/ros2_control_demo_example_12/share/ros2_control_demo_example_12/local_setup.sh
[2.436s] -- Up-to-date symlink: /home/adam/Desktop/sdp-team-12/control_ws/install/ros2_control_demo_example_12/share/ros2_control_demo_example_12/local_setup.zsh
[2.436s] -- Up-to-date symlink: /home/adam/Desktop/sdp-team-12/control_ws/install/ros2_control_demo_example_12/share/ros2_control_demo_example_12/local_setup.dsv
[2.437s] -- Symlinking: /home/adam/Desktop/sdp-team-12/control_ws/install/ros2_control_demo_example_12/share/ros2_control_demo_example_12/package.dsv
[2.437s] -- Up-to-date symlink: /home/adam/Desktop/sdp-team-12/control_ws/install/ros2_control_demo_example_12/share/ament_index/resource_index/packages/ros2_control_demo_example_12
[2.437s] -- Up-to-date symlink: /home/adam/Desktop/sdp-team-12/control_ws/install/ros2_control_demo_example_12/share/ament_index/resource_index/hardware_interface__pluginlib__plugin/ros2_control_demo_example_12
[2.437s] -- Up-to-date symlink: /home/adam/Desktop/sdp-team-12/control_ws/install/ros2_control_demo_example_12/share/ament_index/resource_index/controller_interface__pluginlib__plugin/ros2_control_demo_example_12
[2.437s] -- Up-to-date symlink: /home/adam/Desktop/sdp-team-12/control_ws/install/ros2_control_demo_example_12/share/ros2_control_demo_example_12/cmake/ament_cmake_export_targets-extras.cmake
[2.437s] -- Up-to-date symlink: /home/adam/Desktop/sdp-team-12/control_ws/install/ros2_control_demo_example_12/share/ros2_control_demo_example_12/cmake/ament_cmake_export_dependencies-extras.cmake
[2.437s] -- Up-to-date symlink: /home/adam/Desktop/sdp-team-12/control_ws/install/ros2_control_demo_example_12/share/ros2_control_demo_example_12/cmake/ros2_control_demo_example_12Config.cmake
[2.437s] -- Up-to-date symlink: /home/adam/Desktop/sdp-team-12/control_ws/install/ros2_control_demo_example_12/share/ros2_control_demo_example_12/cmake/ros2_control_demo_example_12Config-version.cmake
[2.437s] -- Up-to-date symlink: /home/adam/Desktop/sdp-team-12/control_ws/install/ros2_control_demo_example_12/share/ros2_control_demo_example_12/package.xml
[2.437s] -- Up-to-date: /home/adam/Desktop/sdp-team-12/control_ws/install/ros2_control_demo_example_12/lib/libros2_control_demo_example_12.so
[2.437s] -- Up-to-date: /home/adam/Desktop/sdp-team-12/control_ws/install/ros2_control_demo_example_12/lib/libpassthrough_controller.so
[2.437s] -- Up-to-date: /home/adam/Desktop/sdp-team-12/control_ws/install/ros2_control_demo_example_12/share/ros2_control_demo_example_12/cmake/export_passthrough_controllerExport.cmake
[2.437s] -- Up-to-date: /home/adam/Desktop/sdp-team-12/control_ws/install/ros2_control_demo_example_12/share/ros2_control_demo_example_12/cmake/export_passthrough_controllerExport-noconfig.cmake
[2.437s] -- Up-to-date: /home/adam/Desktop/sdp-team-12/control_ws/install/ros2_control_demo_example_12/share/ros2_control_demo_example_12/cmake/export_ros2_control_demo_example_12Export.cmake
[2.438s] -- Up-to-date: /home/adam/Desktop/sdp-team-12/control_ws/install/ros2_control_demo_example_12/share/ros2_control_demo_example_12/cmake/export_ros2_control_demo_example_12Export-noconfig.cmake
[2.507s] Invoked command in '/home/adam/Desktop/sdp-team-12/control_ws/build/ros2_control_demo_example_12' returned '0': CMAKE_PREFIX_PATH=${CMAKE_PREFIX_PATH}:/opt/ros/humble /usr/bin/cmake --install /home/adam/Desktop/sdp-team-12/control_ws/build/ros2_control_demo_example_12
