[0.110s] Invoking command in '/home/adam/Desktop/sdp-team-12/control_ws/build/ros2_control_demo_example_2': CMAKE_PREFIX_PATH=/home/adam/Desktop/sdp-team-12/control_ws/install/ros2_control_demo_description:/home/adam/Desktop/sdp-team-12/control_ws/install/ros2_control_demos:/home/adam/Desktop/sdp-team-12/control_ws/install/ros2_control_demo_example_9:/home/adam/Desktop/sdp-team-12/control_ws/install/ros2_control_demo_example_8:/home/adam/Desktop/sdp-team-12/control_ws/install/ros2_control_demo_example_7:/home/adam/Desktop/sdp-team-12/control_ws/install/ros2_control_demo_example_2:/home/adam/Desktop/sdp-team-12/control_ws/install/ros2_control_demo_example_6:/home/adam/Desktop/sdp-team-12/control_ws/install/ros2_control_demo_example_5:/home/adam/Desktop/sdp-team-12/control_ws/install/ros2_control_demo_example_4:/home/adam/Desktop/sdp-team-12/control_ws/install/ros2_control_demo_example_3:/home/adam/Desktop/sdp-team-12/control_ws/install/ros2_control_demo_example_14:/home/adam/Desktop/sdp-team-12/control_ws/install/ros2_control_demo_example_10:/home/adam/Desktop/sdp-team-12/control_ws/install/ros2_control_demo_example_1:/home/adam/Desktop/sdp-team-12/control_ws/install/my_bot:/opt/ros/humble /usr/bin/cmake --build /home/adam/Desktop/sdp-team-12/control_ws/build/ros2_control_demo_example_2 -- -j8 -l8
[0.150s] [35m[1mConsolidate compiler generated dependencies of target ros2_control_demo_example_2[0m
[0.166s] [ 50%] [32mBuilding CXX object CMakeFiles/ros2_control_demo_example_2.dir/hardware/diffbot_system.cpp.o[0m
[0.732s] In file included from [01m[K/home/adam/Desktop/sdp-team-12/control_ws/src/ros2_control_demos/example_2/hardware/diffbot_system.cpp:15[m[K:
[0.732s] [01m[K/home/adam/Desktop/sdp-team-12/control_ws/src/ros2_control_demos/example_2/hardware/include/ros2_control_demo_example_2/diffbot_system.hpp:81:11:[m[K [01;31m[Kerror: [m[K‘[01m[KPublisher[m[K’ in namespace ‘[01m[Krclcpp[m[K’ does not name a template type
[0.732s]    81 |   rclcpp::[01;31m[KPublisher[m[K<std_msgs::msg::Float32MultiArray> velpub;
[0.732s]       |           [01;31m[K^~~~~~~~~[m[K
[1.925s] [01m[K/home/adam/Desktop/sdp-team-12/control_ws/src/ros2_control_demos/example_2/hardware/diffbot_system.cpp:[m[K In member function ‘[01m[Kvirtual hardware_interface::CallbackReturn ros2_control_demo_example_2::DiffBotSystemHardware::on_init(const hardware_interface::HardwareInfo&)[m[K’:
[1.926s] [01m[K/home/adam/Desktop/sdp-team-12/control_ws/src/ros2_control_demos/example_2/hardware/diffbot_system.cpp:53:3:[m[K [01;31m[Kerror: [m[K‘[01m[Kvelpub[m[K’ was not declared in this scope
[1.926s]    53 |   [01;31m[Kvelpub[m[K = rclcpp::Node::create_publisher<std_msgs::msg::Float32MultiArray>("/wheel/vels", 10);
[1.926s]       |   [01;31m[K^~~~~~[m[K
[1.926s] [01m[K/home/adam/Desktop/sdp-team-12/control_ws/src/ros2_control_demos/example_2/hardware/diffbot_system.cpp:53:76:[m[K [01;31m[Kerror: [m[Kcannot call member function ‘[01m[Kstd::shared_ptr<PublisherT> rclcpp::Node::create_publisher(const string&, const rclcpp::QoS&, const rclcpp::PublisherOptionsWithAllocator<AllocatorT>&) [with MessageT = std_msgs::msg::Float32MultiArray_<std::allocator<void> >; AllocatorT = std::allocator<void>; PublisherT = rclcpp::Publisher<std_msgs::msg::Float32MultiArray_<std::allocator<void> >, std::allocator<void> >; std::string = std::__cxx11::basic_string<char>][m[K’ without object
[1.926s]    53 | [01;31m[Kcpp::Node::create_publisher<std_msgs::msg::Float32MultiArray>("/wheel/vels", 10)[m[K;
[1.926s]       | [01;31m[K~~~~~~~~~~~~~~~~~~~~~~~~~~~~~~~~~~~~~~~~~~~~~~~~~~~~~~~~~~~~~^~~~~~~~~~~~~~~~~~~[m[K
[1.926s] 
[1.943s] [01m[K/home/adam/Desktop/sdp-team-12/control_ws/src/ros2_control_demos/example_2/hardware/diffbot_system.cpp:[m[K In member function ‘[01m[Kvirtual hardware_interface::return_type ros2_control_demo_example_2::DiffBotSystemHardware::write(const rclcpp::Time&, const rclcpp::Duration&)[m[K’:
[1.943s] [01m[K/home/adam/Desktop/sdp-team-12/control_ws/src/ros2_control_demos/example_2/hardware/diffbot_system.cpp:221:3:[m[K [01;31m[Kerror: [m[K‘[01m[Kvelpub[m[K’ was not declared in this scope
[1.944s]   221 |   [01;31m[Kvelpub[m[K->publish(wheelvels);
[1.944s]       |   [01;31m[K^~~~~~[m[K
[2.403s] gmake[2]: *** [CMakeFiles/ros2_control_demo_example_2.dir/build.make:76: CMakeFiles/ros2_control_demo_example_2.dir/hardware/diffbot_system.cpp.o] Error 1
[2.403s] gmake[1]: *** [CMakeFiles/Makefile2:137: CMakeFiles/ros2_control_demo_example_2.dir/all] Error 2
[2.403s] gmake: *** [Makefile:146: all] Error 2
[2.405s] Invoked command in '/home/adam/Desktop/sdp-team-12/control_ws/build/ros2_control_demo_example_2' returned '2': CMAKE_PREFIX_PATH=/home/adam/Desktop/sdp-team-12/control_ws/install/ros2_control_demo_description:/home/adam/Desktop/sdp-team-12/control_ws/install/ros2_control_demos:/home/adam/Desktop/sdp-team-12/control_ws/install/ros2_control_demo_example_9:/home/adam/Desktop/sdp-team-12/control_ws/install/ros2_control_demo_example_8:/home/adam/Desktop/sdp-team-12/control_ws/install/ros2_control_demo_example_7:/home/adam/Desktop/sdp-team-12/control_ws/install/ros2_control_demo_example_2:/home/adam/Desktop/sdp-team-12/control_ws/install/ros2_control_demo_example_6:/home/adam/Desktop/sdp-team-12/control_ws/install/ros2_control_demo_example_5:/home/adam/Desktop/sdp-team-12/control_ws/install/ros2_control_demo_example_4:/home/adam/Desktop/sdp-team-12/control_ws/install/ros2_control_demo_example_3:/home/adam/Desktop/sdp-team-12/control_ws/install/ros2_control_demo_example_14:/home/adam/Desktop/sdp-team-12/control_ws/install/ros2_control_demo_example_10:/home/adam/Desktop/sdp-team-12/control_ws/install/ros2_control_demo_example_1:/home/adam/Desktop/sdp-team-12/control_ws/install/my_bot:/opt/ros/humble /usr/bin/cmake --build /home/adam/Desktop/sdp-team-12/control_ws/build/ros2_control_demo_example_2 -- -j8 -l8
