[4.565s] Invoking command in '/mnt/e/UMass_Amherst/SDP/sdp-team-12/src/marker_detection': PYTHONPATH=/mnt/e/UMass_Amherst/SDP/sdp-team-12/build/marker_detection/prefix_override:/mnt/e/UMass_Amherst/SDP/sdp-team-12/install/marker_detection/lib/python3.10/site-packages:${PYTHONPATH} /usr/bin/python3 setup.py egg_info --egg-base ../../build/marker_detection build --build-base /mnt/e/UMass_Amherst/SDP/sdp-team-12/build/marker_detection/build install --record /mnt/e/UMass_Amherst/SDP/sdp-team-12/build/marker_detection/install.log --single-version-externally-managed
[6.366s] running egg_info
[6.383s] writing ../../build/marker_detection/marker_detection.egg-info/PKG-INFO
[6.404s] writing dependency_links to ../../build/marker_detection/marker_detection.egg-info/dependency_links.txt
[6.424s] writing entry points to ../../build/marker_detection/marker_detection.egg-info/entry_points.txt
[6.441s] writing requirements to ../../build/marker_detection/marker_detection.egg-info/requires.txt
[6.453s] writing top-level names to ../../build/marker_detection/marker_detection.egg-info/top_level.txt
[6.528s] reading manifest file '../../build/marker_detection/marker_detection.egg-info/SOURCES.txt'
[6.693s] writing manifest file '../../build/marker_detection/marker_detection.egg-info/SOURCES.txt'
[6.742s] running build
[6.744s] running install
[6.746s] /usr/lib/python3/dist-packages/setuptools/command/install.py:34: SetuptoolsDeprecationWarning: setup.py install is deprecated. Use build and pip and other standards-based tools.
[6.748s]   warnings.warn(
[6.750s] running install_data
[6.821s] running install_egg_info
[6.853s] removing '/mnt/e/UMass_Amherst/SDP/sdp-team-12/install/marker_detection/lib/python3.10/site-packages/marker_detection-0.0.0-py3.10.egg-info' (and everything under it)
[7.062s] Copying ../../build/marker_detection/marker_detection.egg-info to /mnt/e/UMass_Amherst/SDP/sdp-team-12/install/marker_detection/lib/python3.10/site-packages/marker_detection-0.0.0-py3.10.egg-info
[7.814s] running install_scripts
[7.986s] Installing detector script to /mnt/e/UMass_Amherst/SDP/sdp-team-12/install/marker_detection/lib/marker_detection
[8.084s] Installing tester script to /mnt/e/UMass_Amherst/SDP/sdp-team-12/install/marker_detection/lib/marker_detection
[8.118s] writing list of installed files to '/mnt/e/UMass_Amherst/SDP/sdp-team-12/build/marker_detection/install.log'
[8.161s] Invoked command in '/mnt/e/UMass_Amherst/SDP/sdp-team-12/src/marker_detection' returned '0': PYTHONPATH=/mnt/e/UMass_Amherst/SDP/sdp-team-12/build/marker_detection/prefix_override:/mnt/e/UMass_Amherst/SDP/sdp-team-12/install/marker_detection/lib/python3.10/site-packages:${PYTHONPATH} /usr/bin/python3 setup.py egg_info --egg-base ../../build/marker_detection build --build-base /mnt/e/UMass_Amherst/SDP/sdp-team-12/build/marker_detection/build install --record /mnt/e/UMass_Amherst/SDP/sdp-team-12/build/marker_detection/install.log --single-version-externally-managed
