[1.811s] Invoking command in '/home/adam/Desktop/sdp-team-12/py_img_stream': PYTHONPATH=/home/adam/Desktop/sdp-team-12/build/py_img_stream/prefix_override:/home/adam/Desktop/sdp-team-12/install/py_img_stream/lib/python3.10/site-packages:${PYTHONPATH} /usr/bin/python3 setup.py egg_info --egg-base ../build/py_img_stream build --build-base /home/adam/Desktop/sdp-team-12/build/py_img_stream/build install --record /home/adam/Desktop/sdp-team-12/build/py_img_stream/install.log --single-version-externally-managed
[2.149s] running egg_info
[2.150s] writing ../build/py_img_stream/py_img_stream.egg-info/PKG-INFO
[2.150s] writing dependency_links to ../build/py_img_stream/py_img_stream.egg-info/dependency_links.txt
[2.150s] writing entry points to ../build/py_img_stream/py_img_stream.egg-info/entry_points.txt
[2.150s] writing requirements to ../build/py_img_stream/py_img_stream.egg-info/requires.txt
[2.151s] writing top-level names to ../build/py_img_stream/py_img_stream.egg-info/top_level.txt
[2.153s] reading manifest file '../build/py_img_stream/py_img_stream.egg-info/SOURCES.txt'
[2.154s] writing manifest file '../build/py_img_stream/py_img_stream.egg-info/SOURCES.txt'
[2.154s] running build
[2.154s] running build_py
[2.154s] running install
[2.155s] /usr/lib/python3/dist-packages/setuptools/command/install.py:34: SetuptoolsDeprecationWarning: setup.py install is deprecated. Use build and pip and other standards-based tools.
[2.155s]   warnings.warn(
[2.155s] running install_lib
[2.158s] running install_data
[2.158s] running install_egg_info
[2.162s] removing '/home/adam/Desktop/sdp-team-12/install/py_img_stream/lib/python3.10/site-packages/py_img_stream-0.0.0-py3.10.egg-info' (and everything under it)
[2.163s] Copying ../build/py_img_stream/py_img_stream.egg-info to /home/adam/Desktop/sdp-team-12/install/py_img_stream/lib/python3.10/site-packages/py_img_stream-0.0.0-py3.10.egg-info
[2.163s] running install_scripts
[2.194s] Installing pub script to /home/adam/Desktop/sdp-team-12/install/py_img_stream/lib/py_img_stream
[2.194s] Installing sub script to /home/adam/Desktop/sdp-team-12/install/py_img_stream/lib/py_img_stream
[2.194s] Installing target_pub script to /home/adam/Desktop/sdp-team-12/install/py_img_stream/lib/py_img_stream
[2.195s] writing list of installed files to '/home/adam/Desktop/sdp-team-12/build/py_img_stream/install.log'
[2.232s] Invoked command in '/home/adam/Desktop/sdp-team-12/py_img_stream' returned '0': PYTHONPATH=/home/adam/Desktop/sdp-team-12/build/py_img_stream/prefix_override:/home/adam/Desktop/sdp-team-12/install/py_img_stream/lib/python3.10/site-packages:${PYTHONPATH} /usr/bin/python3 setup.py egg_info --egg-base ../build/py_img_stream build --build-base /home/adam/Desktop/sdp-team-12/build/py_img_stream/build install --record /home/adam/Desktop/sdp-team-12/build/py_img_stream/install.log --single-version-externally-managed
