[0.037s] Invoking command in '/home/adam/Desktop/sdp-team-12/control_ws/build/my_bot': CMAKE_PREFIX_PATH=${CMAKE_PREFIX_PATH}:/home/adam/Desktop/sdp-team-12/install/py_serial:/home/adam/Desktop/sdp-team-12/install/py_img_stream:/home/adam/Desktop/sdp-team-12/install/navigator:/opt/ros/humble /usr/bin/cmake /home/adam/Desktop/sdp-team-12/control_ws/src/my_bot -DCMAKE_INSTALL_PREFIX=/home/adam/Desktop/sdp-team-12/control_ws/install/my_bot
[0.077s] -- The C compiler identification is GNU 11.4.0
[0.122s] -- The CXX compiler identification is GNU 11.4.0
[0.127s] -- Detecting C compiler ABI info
[0.178s] -- Detecting C compiler ABI info - done
[0.187s] -- Check for working C compiler: /usr/bin/cc - skipped
[0.187s] -- Detecting C compile features
[0.187s] -- Detecting C compile features - done
[0.189s] -- Detecting CXX compiler ABI info
[0.246s] -- Detecting CXX compiler ABI info - done
[0.252s] -- Check for working CXX compiler: /usr/bin/c++ - skipped
[0.253s] -- Detecting CXX compile features
[0.253s] -- Detecting CXX compile features - done
[0.255s] -- Found ament_cmake: 1.3.6 (/opt/ros/humble/share/ament_cmake/cmake)
[0.378s] -- Found Python3: /usr/bin/python3.10 (found version "3.10.12") found components: Interpreter 
[0.439s] -- Found ament_lint_auto: 0.12.9 (/opt/ros/humble/share/ament_lint_auto/cmake)
[0.501s] -- Added test 'copyright' to check source files copyright and LICENSE
[0.502s] -- Added test 'flake8' to check Python code syntax and style conventions
[0.503s] -- Added test 'lint_cmake' to check CMake code style
[0.503s] -- Added test 'pep257' to check Python code against some of the docstring style conventions in PEP 257
[0.504s] -- Added test 'xmllint' to check XML markup files
[0.504s] -- Configuring done
[0.506s] -- Generating done
[0.507s] -- Build files have been written to: /home/adam/Desktop/sdp-team-12/control_ws/build/my_bot
[0.510s] Invoked command in '/home/adam/Desktop/sdp-team-12/control_ws/build/my_bot' returned '0': CMAKE_PREFIX_PATH=${CMAKE_PREFIX_PATH}:/home/adam/Desktop/sdp-team-12/install/py_serial:/home/adam/Desktop/sdp-team-12/install/py_img_stream:/home/adam/Desktop/sdp-team-12/install/navigator:/opt/ros/humble /usr/bin/cmake /home/adam/Desktop/sdp-team-12/control_ws/src/my_bot -DCMAKE_INSTALL_PREFIX=/home/adam/Desktop/sdp-team-12/control_ws/install/my_bot
[0.512s] Invoking command in '/home/adam/Desktop/sdp-team-12/control_ws/build/my_bot': CMAKE_PREFIX_PATH=${CMAKE_PREFIX_PATH}:/home/adam/Desktop/sdp-team-12/install/py_serial:/home/adam/Desktop/sdp-team-12/install/py_img_stream:/home/adam/Desktop/sdp-team-12/install/navigator:/opt/ros/humble /usr/bin/cmake --build /home/adam/Desktop/sdp-team-12/control_ws/build/my_bot -- -j8 -l8
[0.538s] Invoked command in '/home/adam/Desktop/sdp-team-12/control_ws/build/my_bot' returned '0': CMAKE_PREFIX_PATH=${CMAKE_PREFIX_PATH}:/home/adam/Desktop/sdp-team-12/install/py_serial:/home/adam/Desktop/sdp-team-12/install/py_img_stream:/home/adam/Desktop/sdp-team-12/install/navigator:/opt/ros/humble /usr/bin/cmake --build /home/adam/Desktop/sdp-team-12/control_ws/build/my_bot -- -j8 -l8
[0.563s] Invoking command in '/home/adam/Desktop/sdp-team-12/control_ws/build/my_bot': CMAKE_PREFIX_PATH=${CMAKE_PREFIX_PATH}:/home/adam/Desktop/sdp-team-12/install/py_serial:/home/adam/Desktop/sdp-team-12/install/py_img_stream:/home/adam/Desktop/sdp-team-12/install/navigator:/opt/ros/humble /usr/bin/cmake --install /home/adam/Desktop/sdp-team-12/control_ws/build/my_bot
[0.570s] -- Install configuration: ""
[0.570s] -- Installing: /home/adam/Desktop/sdp-team-12/control_ws/install/my_bot/share/my_bot/config
[0.570s] -- Installing: /home/adam/Desktop/sdp-team-12/control_ws/install/my_bot/share/my_bot/config/empty.yaml
[0.570s] -- Installing: /home/adam/Desktop/sdp-team-12/control_ws/install/my_bot/share/my_bot/description
[0.570s] -- Installing: /home/adam/Desktop/sdp-team-12/control_ws/install/my_bot/share/my_bot/description/robot.urdf.xacro
[0.570s] -- Installing: /home/adam/Desktop/sdp-team-12/control_ws/install/my_bot/share/my_bot/launch
[0.570s] -- Installing: /home/adam/Desktop/sdp-team-12/control_ws/install/my_bot/share/my_bot/launch/rsp.launch.py
[0.571s] -- Installing: /home/adam/Desktop/sdp-team-12/control_ws/install/my_bot/share/my_bot/worlds
[0.571s] -- Installing: /home/adam/Desktop/sdp-team-12/control_ws/install/my_bot/share/my_bot/worlds/empty.world
[0.571s] -- Installing: /home/adam/Desktop/sdp-team-12/control_ws/install/my_bot/share/ament_index/resource_index/package_run_dependencies/my_bot
[0.571s] -- Installing: /home/adam/Desktop/sdp-team-12/control_ws/install/my_bot/share/ament_index/resource_index/parent_prefix_path/my_bot
[0.571s] -- Installing: /home/adam/Desktop/sdp-team-12/control_ws/install/my_bot/share/my_bot/environment/ament_prefix_path.sh
[0.571s] -- Installing: /home/adam/Desktop/sdp-team-12/control_ws/install/my_bot/share/my_bot/environment/ament_prefix_path.dsv
[0.571s] -- Installing: /home/adam/Desktop/sdp-team-12/control_ws/install/my_bot/share/my_bot/environment/path.sh
[0.571s] -- Installing: /home/adam/Desktop/sdp-team-12/control_ws/install/my_bot/share/my_bot/environment/path.dsv
[0.571s] -- Installing: /home/adam/Desktop/sdp-team-12/control_ws/install/my_bot/share/my_bot/local_setup.bash
[0.571s] -- Installing: /home/adam/Desktop/sdp-team-12/control_ws/install/my_bot/share/my_bot/local_setup.sh
[0.571s] -- Installing: /home/adam/Desktop/sdp-team-12/control_ws/install/my_bot/share/my_bot/local_setup.zsh
[0.571s] -- Installing: /home/adam/Desktop/sdp-team-12/control_ws/install/my_bot/share/my_bot/local_setup.dsv
[0.571s] -- Installing: /home/adam/Desktop/sdp-team-12/control_ws/install/my_bot/share/my_bot/package.dsv
[0.572s] -- Installing: /home/adam/Desktop/sdp-team-12/control_ws/install/my_bot/share/ament_index/resource_index/packages/my_bot
[0.572s] -- Installing: /home/adam/Desktop/sdp-team-12/control_ws/install/my_bot/share/my_bot/cmake/my_botConfig.cmake
[0.572s] -- Installing: /home/adam/Desktop/sdp-team-12/control_ws/install/my_bot/share/my_bot/cmake/my_botConfig-version.cmake
[0.572s] -- Installing: /home/adam/Desktop/sdp-team-12/control_ws/install/my_bot/share/my_bot/package.xml
[0.573s] Invoked command in '/home/adam/Desktop/sdp-team-12/control_ws/build/my_bot' returned '0': CMAKE_PREFIX_PATH=${CMAKE_PREFIX_PATH}:/home/adam/Desktop/sdp-team-12/install/py_serial:/home/adam/Desktop/sdp-team-12/install/py_img_stream:/home/adam/Desktop/sdp-team-12/install/navigator:/opt/ros/humble /usr/bin/cmake --install /home/adam/Desktop/sdp-team-12/control_ws/build/my_bot
