[0.822s] Invoking command in '/home/adam/Desktop/sdp-team-12/navigator': PYTHONPATH=/home/adam/Desktop/sdp-team-12/build/navigator/prefix_override:/home/adam/Desktop/sdp-team-12/install/navigator/lib/python3.10/site-packages:${PYTHONPATH} /usr/bin/python3 setup.py egg_info --egg-base ../build/navigator build --build-base /home/adam/Desktop/sdp-team-12/build/navigator/build install --record /home/adam/Desktop/sdp-team-12/build/navigator/install.log --single-version-externally-managed
[0.985s] running egg_info
[0.986s] writing ../build/navigator/navigator.egg-info/PKG-INFO
[0.986s] writing dependency_links to ../build/navigator/navigator.egg-info/dependency_links.txt
[0.986s] writing entry points to ../build/navigator/navigator.egg-info/entry_points.txt
[0.986s] writing requirements to ../build/navigator/navigator.egg-info/requires.txt
[0.986s] writing top-level names to ../build/navigator/navigator.egg-info/top_level.txt
[0.988s] reading manifest file '../build/navigator/navigator.egg-info/SOURCES.txt'
[0.989s] writing manifest file '../build/navigator/navigator.egg-info/SOURCES.txt'
[0.989s] running build
[0.989s] running build_py
[0.989s] copying navigator/coord_pub_test.py -> /home/adam/Desktop/sdp-team-12/build/navigator/build/lib/navigator
[0.991s] running install
[0.991s] /usr/lib/python3/dist-packages/setuptools/command/install.py:34: SetuptoolsDeprecationWarning: setup.py install is deprecated. Use build and pip and other standards-based tools.
[0.991s]   warnings.warn(
[0.991s] running install_lib
[0.992s] copying /home/adam/Desktop/sdp-team-12/build/navigator/build/lib/navigator/coord_pub_test.py -> /home/adam/Desktop/sdp-team-12/install/navigator/lib/python3.10/site-packages/navigator
[0.993s] byte-compiling /home/adam/Desktop/sdp-team-12/install/navigator/lib/python3.10/site-packages/navigator/coord_pub_test.py to coord_pub_test.cpython-310.pyc
[0.993s] running install_data
[0.994s] running install_egg_info
[0.995s] removing '/home/adam/Desktop/sdp-team-12/install/navigator/lib/python3.10/site-packages/navigator-0.0.0-py3.10.egg-info' (and everything under it)
[0.995s] Copying ../build/navigator/navigator.egg-info to /home/adam/Desktop/sdp-team-12/install/navigator/lib/python3.10/site-packages/navigator-0.0.0-py3.10.egg-info
[0.996s] running install_scripts
[1.015s] Installing cmdvelsub script to /home/adam/Desktop/sdp-team-12/install/navigator/lib/navigator
[1.015s] Installing coordpub script to /home/adam/Desktop/sdp-team-12/install/navigator/lib/navigator
[1.015s] Installing enc2odom script to /home/adam/Desktop/sdp-team-12/install/navigator/lib/navigator
[1.015s] Installing nav2pose script to /home/adam/Desktop/sdp-team-12/install/navigator/lib/navigator
[1.016s] Installing tfbr script to /home/adam/Desktop/sdp-team-12/install/navigator/lib/navigator
[1.016s] writing list of installed files to '/home/adam/Desktop/sdp-team-12/build/navigator/install.log'
[1.040s] Invoked command in '/home/adam/Desktop/sdp-team-12/navigator' returned '0': PYTHONPATH=/home/adam/Desktop/sdp-team-12/build/navigator/prefix_override:/home/adam/Desktop/sdp-team-12/install/navigator/lib/python3.10/site-packages:${PYTHONPATH} /usr/bin/python3 setup.py egg_info --egg-base ../build/navigator build --build-base /home/adam/Desktop/sdp-team-12/build/navigator/build install --record /home/adam/Desktop/sdp-team-12/build/navigator/install.log --single-version-externally-managed
