[0.049s] Invoking command in '/home/adam/Desktop/sdp-team-12/control_ws/build/my_bot': CMAKE_PREFIX_PATH=${CMAKE_PREFIX_PATH}:/opt/ros/humble /usr/bin/cmake --build /home/adam/Desktop/sdp-team-12/control_ws/build/my_bot -- -j8 -l8
[0.075s] Invoked command in '/home/adam/Desktop/sdp-team-12/control_ws/build/my_bot' returned '0': CMAKE_PREFIX_PATH=${CMAKE_PREFIX_PATH}:/opt/ros/humble /usr/bin/cmake --build /home/adam/Desktop/sdp-team-12/control_ws/build/my_bot -- -j8 -l8
[0.100s] Invoking command in '/home/adam/Desktop/sdp-team-12/control_ws/build/my_bot': CMAKE_PREFIX_PATH=${CMAKE_PREFIX_PATH}:/opt/ros/humble /usr/bin/cmake --install /home/adam/Desktop/sdp-team-12/control_ws/build/my_bot
[0.107s] -- Install configuration: ""
[0.107s] -- Up-to-date: /home/adam/Desktop/sdp-team-12/control_ws/install/my_bot/share/my_bot/config
[0.107s] -- Up-to-date: /home/adam/Desktop/sdp-team-12/control_ws/install/my_bot/share/my_bot/config/my_controllers.yaml
[0.107s] -- Up-to-date: /home/adam/Desktop/sdp-team-12/control_ws/install/my_bot/share/my_bot/config/empty.yaml
[0.107s] -- Up-to-date: /home/adam/Desktop/sdp-team-12/control_ws/install/my_bot/share/my_bot/config/gazebo_params.yaml
[0.107s] -- Up-to-date: /home/adam/Desktop/sdp-team-12/control_ws/install/my_bot/share/my_bot/description
[0.107s] -- Up-to-date: /home/adam/Desktop/sdp-team-12/control_ws/install/my_bot/share/my_bot/description/robot.urdf.xacro
[0.108s] -- Installing: /home/adam/Desktop/sdp-team-12/control_ws/install/my_bot/share/my_bot/description/robo_holly.xacro
[0.108s] -- Up-to-date: /home/adam/Desktop/sdp-team-12/control_ws/install/my_bot/share/my_bot/description/gazebo_control.xacro
[0.108s] -- Up-to-date: /home/adam/Desktop/sdp-team-12/control_ws/install/my_bot/share/my_bot/description/inertial_macros.xacro
[0.108s] -- Up-to-date: /home/adam/Desktop/sdp-team-12/control_ws/install/my_bot/share/my_bot/description/robot_core.xacro
[0.108s] -- Up-to-date: /home/adam/Desktop/sdp-team-12/control_ws/install/my_bot/share/my_bot/description/ros2_control.xacro
[0.108s] -- Up-to-date: /home/adam/Desktop/sdp-team-12/control_ws/install/my_bot/share/my_bot/launch
[0.108s] -- Up-to-date: /home/adam/Desktop/sdp-team-12/control_ws/install/my_bot/share/my_bot/launch/rsp.launch.py
[0.108s] -- Up-to-date: /home/adam/Desktop/sdp-team-12/control_ws/install/my_bot/share/my_bot/launch/launch_sim.launch.py
[0.108s] -- Up-to-date: /home/adam/Desktop/sdp-team-12/control_ws/install/my_bot/share/my_bot/worlds
[0.108s] -- Up-to-date: /home/adam/Desktop/sdp-team-12/control_ws/install/my_bot/share/my_bot/worlds/empty.world
[0.108s] -- Up-to-date: /home/adam/Desktop/sdp-team-12/control_ws/install/my_bot/share/my_bot/rviz
[0.108s] -- Up-to-date: /home/adam/Desktop/sdp-team-12/control_ws/install/my_bot/share/my_bot/rviz/mybot_config.rviz
[0.109s] -- Up-to-date: /home/adam/Desktop/sdp-team-12/control_ws/install/my_bot/share/ament_index/resource_index/package_run_dependencies/my_bot
[0.109s] -- Up-to-date: /home/adam/Desktop/sdp-team-12/control_ws/install/my_bot/share/ament_index/resource_index/parent_prefix_path/my_bot
[0.109s] -- Up-to-date: /home/adam/Desktop/sdp-team-12/control_ws/install/my_bot/share/my_bot/environment/ament_prefix_path.sh
[0.109s] -- Up-to-date: /home/adam/Desktop/sdp-team-12/control_ws/install/my_bot/share/my_bot/environment/ament_prefix_path.dsv
[0.109s] -- Up-to-date: /home/adam/Desktop/sdp-team-12/control_ws/install/my_bot/share/my_bot/environment/path.sh
[0.109s] -- Up-to-date: /home/adam/Desktop/sdp-team-12/control_ws/install/my_bot/share/my_bot/environment/path.dsv
[0.109s] -- Up-to-date: /home/adam/Desktop/sdp-team-12/control_ws/install/my_bot/share/my_bot/local_setup.bash
[0.109s] -- Up-to-date: /home/adam/Desktop/sdp-team-12/control_ws/install/my_bot/share/my_bot/local_setup.sh
[0.109s] -- Up-to-date: /home/adam/Desktop/sdp-team-12/control_ws/install/my_bot/share/my_bot/local_setup.zsh
[0.109s] -- Up-to-date: /home/adam/Desktop/sdp-team-12/control_ws/install/my_bot/share/my_bot/local_setup.dsv
[0.109s] -- Installing: /home/adam/Desktop/sdp-team-12/control_ws/install/my_bot/share/my_bot/package.dsv
[0.109s] -- Up-to-date: /home/adam/Desktop/sdp-team-12/control_ws/install/my_bot/share/ament_index/resource_index/packages/my_bot
[0.109s] -- Up-to-date: /home/adam/Desktop/sdp-team-12/control_ws/install/my_bot/share/my_bot/cmake/my_botConfig.cmake
[0.109s] -- Up-to-date: /home/adam/Desktop/sdp-team-12/control_ws/install/my_bot/share/my_bot/cmake/my_botConfig-version.cmake
[0.109s] -- Up-to-date: /home/adam/Desktop/sdp-team-12/control_ws/install/my_bot/share/my_bot/package.xml
[0.110s] Invoked command in '/home/adam/Desktop/sdp-team-12/control_ws/build/my_bot' returned '0': CMAKE_PREFIX_PATH=${CMAKE_PREFIX_PATH}:/opt/ros/humble /usr/bin/cmake --install /home/adam/Desktop/sdp-team-12/control_ws/build/my_bot
