[4.808s] Invoking command in '/mnt/e/UMass_Amherst/SDP/sdp-team-12/src/marker_detection': PYTHONPATH=/mnt/e/UMass_Amherst/SDP/sdp-team-12/build/marker_detection/prefix_override:/mnt/e/UMass_Amherst/SDP/sdp-team-12/install/marker_detection/lib/python3.10/site-packages:${PYTHONPATH} /usr/bin/python3 setup.py egg_info --egg-base ../../build/marker_detection build --build-base /mnt/e/UMass_Amherst/SDP/sdp-team-12/build/marker_detection/build install --record /mnt/e/UMass_Amherst/SDP/sdp-team-12/build/marker_detection/install.log --single-version-externally-managed
[6.725s] running egg_info
[6.751s] writing ../../build/marker_detection/marker_detection.egg-info/PKG-INFO
[6.775s] writing dependency_links to ../../build/marker_detection/marker_detection.egg-info/dependency_links.txt
[6.797s] writing entry points to ../../build/marker_detection/marker_detection.egg-info/entry_points.txt
[6.814s] writing requirements to ../../build/marker_detection/marker_detection.egg-info/requires.txt
[6.849s] writing top-level names to ../../build/marker_detection/marker_detection.egg-info/top_level.txt
[6.938s] reading manifest file '../../build/marker_detection/marker_detection.egg-info/SOURCES.txt'
[7.120s] writing manifest file '../../build/marker_detection/marker_detection.egg-info/SOURCES.txt'
[7.145s] running build
[7.147s] running install
[7.148s] /usr/lib/python3/dist-packages/setuptools/command/install.py:34: SetuptoolsDeprecationWarning: setup.py install is deprecated. Use build and pip and other standards-based tools.
[7.150s]   warnings.warn(
[7.152s] running install_data
[7.215s] copying package.xml -> /mnt/e/UMass_Amherst/SDP/sdp-team-12/install/marker_detection/share/marker_detection
[7.286s] running install_egg_info
[7.313s] removing '/mnt/e/UMass_Amherst/SDP/sdp-team-12/install/marker_detection/lib/python3.10/site-packages/marker_detection-0.0.0-py3.10.egg-info' (and everything under it)
[7.496s] Copying ../../build/marker_detection/marker_detection.egg-info to /mnt/e/UMass_Amherst/SDP/sdp-team-12/install/marker_detection/lib/python3.10/site-packages/marker_detection-0.0.0-py3.10.egg-info
[8.262s] running install_scripts
[8.415s] Installing detector script to /mnt/e/UMass_Amherst/SDP/sdp-team-12/install/marker_detection/lib/marker_detection
[8.448s] Installing tester script to /mnt/e/UMass_Amherst/SDP/sdp-team-12/install/marker_detection/lib/marker_detection
[8.482s] writing list of installed files to '/mnt/e/UMass_Amherst/SDP/sdp-team-12/build/marker_detection/install.log'
[8.524s] Invoked command in '/mnt/e/UMass_Amherst/SDP/sdp-team-12/src/marker_detection' returned '0': PYTHONPATH=/mnt/e/UMass_Amherst/SDP/sdp-team-12/build/marker_detection/prefix_override:/mnt/e/UMass_Amherst/SDP/sdp-team-12/install/marker_detection/lib/python3.10/site-packages:${PYTHONPATH} /usr/bin/python3 setup.py egg_info --egg-base ../../build/marker_detection build --build-base /mnt/e/UMass_Amherst/SDP/sdp-team-12/build/marker_detection/build install --record /mnt/e/UMass_Amherst/SDP/sdp-team-12/build/marker_detection/install.log --single-version-externally-managed
