[0.820s] Invoking command in '/home/adam/Desktop/sdp-team-12/navigator': PYTHONPATH=/home/adam/Desktop/sdp-team-12/build/navigator/prefix_override:/home/adam/Desktop/sdp-team-12/install/navigator/lib/python3.10/site-packages:${PYTHONPATH} /usr/bin/python3 setup.py egg_info --egg-base ../build/navigator build --build-base /home/adam/Desktop/sdp-team-12/build/navigator/build install --record /home/adam/Desktop/sdp-team-12/build/navigator/install.log --single-version-externally-managed
[0.979s] running egg_info
[0.979s] writing ../build/navigator/navigator.egg-info/PKG-INFO
[0.979s] writing dependency_links to ../build/navigator/navigator.egg-info/dependency_links.txt
[0.980s] writing entry points to ../build/navigator/navigator.egg-info/entry_points.txt
[0.980s] writing requirements to ../build/navigator/navigator.egg-info/requires.txt
[0.980s] writing top-level names to ../build/navigator/navigator.egg-info/top_level.txt
[0.981s] reading manifest file '../build/navigator/navigator.egg-info/SOURCES.txt'
[0.981s] writing manifest file '../build/navigator/navigator.egg-info/SOURCES.txt'
[0.981s] running build
[0.981s] running build_py
[0.981s] copying navigator/__init__.py -> /home/adam/Desktop/sdp-team-12/build/navigator/build/lib/navigator
[0.982s] copying navigator/test_pynput.py -> /home/adam/Desktop/sdp-team-12/build/navigator/build/lib/navigator
[0.982s] copying navigator/coord_pub_test.py -> /home/adam/Desktop/sdp-team-12/build/navigator/build/lib/navigator
[0.982s] copying navigator/keyboard_teleop.py -> /home/adam/Desktop/sdp-team-12/build/navigator/build/lib/navigator
[0.982s] running install
[0.982s] /usr/lib/python3/dist-packages/setuptools/command/install.py:34: SetuptoolsDeprecationWarning: setup.py install is deprecated. Use build and pip and other standards-based tools.
[0.982s]   warnings.warn(
[0.982s] running install_lib
[0.983s] copying /home/adam/Desktop/sdp-team-12/build/navigator/build/lib/navigator/__init__.py -> /home/adam/Desktop/sdp-team-12/install/navigator/lib/python3.10/site-packages/navigator
[0.983s] copying /home/adam/Desktop/sdp-team-12/build/navigator/build/lib/navigator/test_pynput.py -> /home/adam/Desktop/sdp-team-12/install/navigator/lib/python3.10/site-packages/navigator
[0.983s] copying /home/adam/Desktop/sdp-team-12/build/navigator/build/lib/navigator/coord_pub_test.py -> /home/adam/Desktop/sdp-team-12/install/navigator/lib/python3.10/site-packages/navigator
[0.983s] copying /home/adam/Desktop/sdp-team-12/build/navigator/build/lib/navigator/keyboard_teleop.py -> /home/adam/Desktop/sdp-team-12/install/navigator/lib/python3.10/site-packages/navigator
[0.983s] byte-compiling /home/adam/Desktop/sdp-team-12/install/navigator/lib/python3.10/site-packages/navigator/test_pynput.py to test_pynput.cpython-310.pyc
[0.984s] byte-compiling /home/adam/Desktop/sdp-team-12/install/navigator/lib/python3.10/site-packages/navigator/coord_pub_test.py to coord_pub_test.cpython-310.pyc
[0.984s] byte-compiling /home/adam/Desktop/sdp-team-12/install/navigator/lib/python3.10/site-packages/navigator/keyboard_teleop.py to keyboard_teleop.cpython-310.pyc
[0.985s] running install_data
[0.985s] copying resource/navigator -> /home/adam/Desktop/sdp-team-12/install/navigator/share/ament_index/resource_index/packages
[0.985s] copying package.xml -> /home/adam/Desktop/sdp-team-12/install/navigator/share/navigator
[0.986s] running install_egg_info
[0.988s] removing '/home/adam/Desktop/sdp-team-12/install/navigator/lib/python3.10/site-packages/navigator-0.0.0-py3.10.egg-info' (and everything under it)
[0.989s] Copying ../build/navigator/navigator.egg-info to /home/adam/Desktop/sdp-team-12/install/navigator/lib/python3.10/site-packages/navigator-0.0.0-py3.10.egg-info
[0.989s] running install_scripts
[1.004s] Installing cmdvelsub script to /home/adam/Desktop/sdp-team-12/install/navigator/lib/navigator
[1.004s] Installing coordpub script to /home/adam/Desktop/sdp-team-12/install/navigator/lib/navigator
[1.005s] Installing keyboard script to /home/adam/Desktop/sdp-team-12/install/navigator/lib/navigator
[1.005s] Installing nav2pose script to /home/adam/Desktop/sdp-team-12/install/navigator/lib/navigator
[1.005s] writing list of installed files to '/home/adam/Desktop/sdp-team-12/build/navigator/install.log'
[1.029s] Invoked command in '/home/adam/Desktop/sdp-team-12/navigator' returned '0': PYTHONPATH=/home/adam/Desktop/sdp-team-12/build/navigator/prefix_override:/home/adam/Desktop/sdp-team-12/install/navigator/lib/python3.10/site-packages:${PYTHONPATH} /usr/bin/python3 setup.py egg_info --egg-base ../build/navigator build --build-base /home/adam/Desktop/sdp-team-12/build/navigator/build install --record /home/adam/Desktop/sdp-team-12/build/navigator/install.log --single-version-externally-managed
