[1.315s] Invoking command in '/home/adam/Desktop/sdp-team-12/py_img_stream': PYTHONPATH=/home/adam/Desktop/sdp-team-12/build/py_img_stream/prefix_override:/home/adam/Desktop/sdp-team-12/install/py_img_stream/lib/python3.10/site-packages:${PYTHONPATH} /usr/bin/python3 setup.py egg_info --egg-base ../build/py_img_stream build --build-base /home/adam/Desktop/sdp-team-12/build/py_img_stream/build install --record /home/adam/Desktop/sdp-team-12/build/py_img_stream/install.log --single-version-externally-managed
[1.646s] running egg_info
[1.647s] writing ../build/py_img_stream/py_img_stream.egg-info/PKG-INFO
[1.647s] writing dependency_links to ../build/py_img_stream/py_img_stream.egg-info/dependency_links.txt
[1.647s] writing entry points to ../build/py_img_stream/py_img_stream.egg-info/entry_points.txt
[1.647s] writing requirements to ../build/py_img_stream/py_img_stream.egg-info/requires.txt
[1.647s] writing top-level names to ../build/py_img_stream/py_img_stream.egg-info/top_level.txt
[1.649s] reading manifest file '../build/py_img_stream/py_img_stream.egg-info/SOURCES.txt'
[1.651s] writing manifest file '../build/py_img_stream/py_img_stream.egg-info/SOURCES.txt'
[1.651s] running build
[1.651s] running build_py
[1.651s] copying py_img_stream/image_test_sub.py -> /home/adam/Desktop/sdp-team-12/build/py_img_stream/build/lib/py_img_stream
[1.652s] running install
[1.652s] /usr/lib/python3/dist-packages/setuptools/command/install.py:34: SetuptoolsDeprecationWarning: setup.py install is deprecated. Use build and pip and other standards-based tools.
[1.652s]   warnings.warn(
[1.652s] running install_lib
[1.653s] copying /home/adam/Desktop/sdp-team-12/build/py_img_stream/build/lib/py_img_stream/image_test_sub.py -> /home/adam/Desktop/sdp-team-12/install/py_img_stream/lib/python3.10/site-packages/py_img_stream
[1.654s] byte-compiling /home/adam/Desktop/sdp-team-12/install/py_img_stream/lib/python3.10/site-packages/py_img_stream/image_test_sub.py to image_test_sub.cpython-310.pyc
[1.655s] running install_data
[1.656s] running install_egg_info
[1.661s] removing '/home/adam/Desktop/sdp-team-12/install/py_img_stream/lib/python3.10/site-packages/py_img_stream-0.0.0-py3.10.egg-info' (and everything under it)
[1.661s] Copying ../build/py_img_stream/py_img_stream.egg-info to /home/adam/Desktop/sdp-team-12/install/py_img_stream/lib/python3.10/site-packages/py_img_stream-0.0.0-py3.10.egg-info
[1.664s] running install_scripts
[1.704s] Installing pub script to /home/adam/Desktop/sdp-team-12/install/py_img_stream/lib/py_img_stream
[1.705s] Installing sub script to /home/adam/Desktop/sdp-team-12/install/py_img_stream/lib/py_img_stream
[1.705s] Installing target_pub script to /home/adam/Desktop/sdp-team-12/install/py_img_stream/lib/py_img_stream
[1.706s] writing list of installed files to '/home/adam/Desktop/sdp-team-12/build/py_img_stream/install.log'
[1.766s] Invoked command in '/home/adam/Desktop/sdp-team-12/py_img_stream' returned '0': PYTHONPATH=/home/adam/Desktop/sdp-team-12/build/py_img_stream/prefix_override:/home/adam/Desktop/sdp-team-12/install/py_img_stream/lib/python3.10/site-packages:${PYTHONPATH} /usr/bin/python3 setup.py egg_info --egg-base ../build/py_img_stream build --build-base /home/adam/Desktop/sdp-team-12/build/py_img_stream/build install --record /home/adam/Desktop/sdp-team-12/build/py_img_stream/install.log --single-version-externally-managed
