[8.914s] Invoking command in '/mnt/e/UMass_Amherst/SDP/sdp-team-12/src/py_pubsub': PYTHONPATH=/mnt/e/UMass_Amherst/SDP/sdp-team-12/build/py_pubsub/prefix_override:/mnt/e/UMass_Amherst/SDP/sdp-team-12/install/py_pubsub/lib/python3.10/site-packages:${PYTHONPATH} /usr/bin/python3 setup.py egg_info --egg-base ../../build/py_pubsub build --build-base /mnt/e/UMass_Amherst/SDP/sdp-team-12/build/py_pubsub/build install --record /mnt/e/UMass_Amherst/SDP/sdp-team-12/build/py_pubsub/install.log --single-version-externally-managed
[11.235s] running egg_info
[11.344s] writing ../../build/py_pubsub/py_pubsub.egg-info/PKG-INFO
[11.379s] writing dependency_links to ../../build/py_pubsub/py_pubsub.egg-info/dependency_links.txt
[11.428s] writing entry points to ../../build/py_pubsub/py_pubsub.egg-info/entry_points.txt
[11.491s] writing requirements to ../../build/py_pubsub/py_pubsub.egg-info/requires.txt
[11.504s] writing top-level names to ../../build/py_pubsub/py_pubsub.egg-info/top_level.txt
[11.650s] reading manifest file '../../build/py_pubsub/py_pubsub.egg-info/SOURCES.txt'
[11.861s] writing manifest file '../../build/py_pubsub/py_pubsub.egg-info/SOURCES.txt'
[11.875s] running build
[11.878s] running build_py
[12.029s] running install
[12.031s] /usr/lib/python3/dist-packages/setuptools/command/install.py:34: SetuptoolsDeprecationWarning: setup.py install is deprecated. Use build and pip and other standards-based tools.
[12.033s]   warnings.warn(
[12.035s] running install_lib
[12.388s] running install_data
[12.460s] running install_egg_info
[12.488s] removing '/mnt/e/UMass_Amherst/SDP/sdp-team-12/install/py_pubsub/lib/python3.10/site-packages/py_pubsub-0.0.0-py3.10.egg-info' (and everything under it)
[12.720s] Copying ../../build/py_pubsub/py_pubsub.egg-info to /mnt/e/UMass_Amherst/SDP/sdp-team-12/install/py_pubsub/lib/python3.10/site-packages/py_pubsub-0.0.0-py3.10.egg-info
[13.622s] running install_scripts
[13.854s] Installing listener script to /mnt/e/UMass_Amherst/SDP/sdp-team-12/install/py_pubsub/lib/py_pubsub
[13.906s] Installing talker script to /mnt/e/UMass_Amherst/SDP/sdp-team-12/install/py_pubsub/lib/py_pubsub
[13.970s] writing list of installed files to '/mnt/e/UMass_Amherst/SDP/sdp-team-12/build/py_pubsub/install.log'
[14.024s] Invoked command in '/mnt/e/UMass_Amherst/SDP/sdp-team-12/src/py_pubsub' returned '0': PYTHONPATH=/mnt/e/UMass_Amherst/SDP/sdp-team-12/build/py_pubsub/prefix_override:/mnt/e/UMass_Amherst/SDP/sdp-team-12/install/py_pubsub/lib/python3.10/site-packages:${PYTHONPATH} /usr/bin/python3 setup.py egg_info --egg-base ../../build/py_pubsub build --build-base /mnt/e/UMass_Amherst/SDP/sdp-team-12/build/py_pubsub/build install --record /mnt/e/UMass_Amherst/SDP/sdp-team-12/build/py_pubsub/install.log --single-version-externally-managed
