[3.958s] Invoking command in '/mnt/e/UMass_Amherst/SDP/sdp-team-12/src/marker_detection': PYTHONPATH=/mnt/e/UMass_Amherst/SDP/sdp-team-12/build/marker_detection/prefix_override:/mnt/e/UMass_Amherst/SDP/sdp-team-12/install/marker_detection/lib/python3.10/site-packages:${PYTHONPATH} /usr/bin/python3 setup.py egg_info --egg-base ../../build/marker_detection build --build-base /mnt/e/UMass_Amherst/SDP/sdp-team-12/build/marker_detection/build install --record /mnt/e/UMass_Amherst/SDP/sdp-team-12/build/marker_detection/install.log --single-version-externally-managed
[5.937s] running egg_info
[5.950s] creating ../../build/marker_detection/marker_detection.egg-info
[6.100s] writing ../../build/marker_detection/marker_detection.egg-info/PKG-INFO
[6.136s] writing dependency_links to ../../build/marker_detection/marker_detection.egg-info/dependency_links.txt
[6.159s] writing entry points to ../../build/marker_detection/marker_detection.egg-info/entry_points.txt
[6.179s] writing requirements to ../../build/marker_detection/marker_detection.egg-info/requires.txt
[6.195s] writing top-level names to ../../build/marker_detection/marker_detection.egg-info/top_level.txt
[6.214s] writing manifest file '../../build/marker_detection/marker_detection.egg-info/SOURCES.txt'
[6.274s] reading manifest file '../../build/marker_detection/marker_detection.egg-info/SOURCES.txt'
[6.438s] writing manifest file '../../build/marker_detection/marker_detection.egg-info/SOURCES.txt'
[6.484s] running build
[6.487s] running install
[6.489s] /usr/lib/python3/dist-packages/setuptools/command/install.py:34: SetuptoolsDeprecationWarning: setup.py install is deprecated. Use build and pip and other standards-based tools.
[6.491s]   warnings.warn(
[6.494s] running install_data
[6.508s] creating /mnt/e/UMass_Amherst/SDP/sdp-team-12/install/marker_detection/share/ament_index
[6.530s] creating /mnt/e/UMass_Amherst/SDP/sdp-team-12/install/marker_detection/share/ament_index/resource_index
[6.608s] creating /mnt/e/UMass_Amherst/SDP/sdp-team-12/install/marker_detection/share/ament_index/resource_index/packages
[6.656s] copying resource/marker_detection -> /mnt/e/UMass_Amherst/SDP/sdp-team-12/install/marker_detection/share/ament_index/resource_index/packages
[6.791s] copying package.xml -> /mnt/e/UMass_Amherst/SDP/sdp-team-12/install/marker_detection/share/marker_detection
[6.847s] running install_egg_info
[6.894s] Copying ../../build/marker_detection/marker_detection.egg-info to /mnt/e/UMass_Amherst/SDP/sdp-team-12/install/marker_detection/lib/python3.10/site-packages/marker_detection-0.0.0-py3.10.egg-info
[7.699s] running install_scripts
[7.851s] Installing detector = marker_detection.MarkerDetection:maintester script to /mnt/e/UMass_Amherst/SDP/sdp-team-12/install/marker_detection/lib/marker_detection
[7.920s] writing list of installed files to '/mnt/e/UMass_Amherst/SDP/sdp-team-12/build/marker_detection/install.log'
[7.954s] Invoked command in '/mnt/e/UMass_Amherst/SDP/sdp-team-12/src/marker_detection' returned '0': PYTHONPATH=/mnt/e/UMass_Amherst/SDP/sdp-team-12/build/marker_detection/prefix_override:/mnt/e/UMass_Amherst/SDP/sdp-team-12/install/marker_detection/lib/python3.10/site-packages:${PYTHONPATH} /usr/bin/python3 setup.py egg_info --egg-base ../../build/marker_detection build --build-base /mnt/e/UMass_Amherst/SDP/sdp-team-12/build/marker_detection/build install --record /mnt/e/UMass_Amherst/SDP/sdp-team-12/build/marker_detection/install.log --single-version-externally-managed
