[10.030s] Invoking command in '/mnt/e/UMass_Amherst/SDP/sdp-team-12/src/marker_detection': PYTHONPATH=/mnt/e/UMass_Amherst/SDP/sdp-team-12/build/marker_detection/prefix_override:/mnt/e/UMass_Amherst/SDP/sdp-team-12/install/marker_detection/lib/python3.10/site-packages:${PYTHONPATH} /usr/bin/python3 setup.py egg_info --egg-base ../../build/marker_detection build --build-base /mnt/e/UMass_Amherst/SDP/sdp-team-12/build/marker_detection/build install --record /mnt/e/UMass_Amherst/SDP/sdp-team-12/build/marker_detection/install.log --single-version-externally-managed
[12.476s] running egg_info
[12.495s] writing ../../build/marker_detection/marker_detection.egg-info/PKG-INFO
[12.521s] writing dependency_links to ../../build/marker_detection/marker_detection.egg-info/dependency_links.txt
[12.616s] writing entry points to ../../build/marker_detection/marker_detection.egg-info/entry_points.txt
[12.634s] writing requirements to ../../build/marker_detection/marker_detection.egg-info/requires.txt
[12.675s] writing top-level names to ../../build/marker_detection/marker_detection.egg-info/top_level.txt
[12.858s] reading manifest file '../../build/marker_detection/marker_detection.egg-info/SOURCES.txt'
[13.060s] writing manifest file '../../build/marker_detection/marker_detection.egg-info/SOURCES.txt'
[13.076s] running build
[13.078s] running build_py
[13.175s] copying marker_detection/MarkerDetection.py -> /mnt/e/UMass_Amherst/SDP/sdp-team-12/build/marker_detection/build/lib/marker_detection
[13.370s] running install
[13.374s] /usr/lib/python3/dist-packages/setuptools/command/install.py:34: SetuptoolsDeprecationWarning: setup.py install is deprecated. Use build and pip and other standards-based tools.
[13.376s]   warnings.warn(
[13.379s] running install_lib
[13.668s] copying /mnt/e/UMass_Amherst/SDP/sdp-team-12/build/marker_detection/build/lib/marker_detection/MarkerDetection.py -> /mnt/e/UMass_Amherst/SDP/sdp-team-12/install/marker_detection/lib/python3.10/site-packages/marker_detection
[13.973s] byte-compiling /mnt/e/UMass_Amherst/SDP/sdp-team-12/install/marker_detection/lib/python3.10/site-packages/marker_detection/MarkerDetection.py to MarkerDetection.cpython-310.pyc
[14.135s] running install_data
[14.205s] running install_egg_info
[14.243s] removing '/mnt/e/UMass_Amherst/SDP/sdp-team-12/install/marker_detection/lib/python3.10/site-packages/marker_detection-0.0.0-py3.10.egg-info' (and everything under it)
[14.488s] Copying ../../build/marker_detection/marker_detection.egg-info to /mnt/e/UMass_Amherst/SDP/sdp-team-12/install/marker_detection/lib/python3.10/site-packages/marker_detection-0.0.0-py3.10.egg-info
[15.374s] running install_scripts
[15.595s] Installing detector script to /mnt/e/UMass_Amherst/SDP/sdp-team-12/install/marker_detection/lib/marker_detection
[15.637s] Installing tester script to /mnt/e/UMass_Amherst/SDP/sdp-team-12/install/marker_detection/lib/marker_detection
[15.681s] writing list of installed files to '/mnt/e/UMass_Amherst/SDP/sdp-team-12/build/marker_detection/install.log'
[16.388s] Invoked command in '/mnt/e/UMass_Amherst/SDP/sdp-team-12/src/marker_detection' returned '0': PYTHONPATH=/mnt/e/UMass_Amherst/SDP/sdp-team-12/build/marker_detection/prefix_override:/mnt/e/UMass_Amherst/SDP/sdp-team-12/install/marker_detection/lib/python3.10/site-packages:${PYTHONPATH} /usr/bin/python3 setup.py egg_info --egg-base ../../build/marker_detection build --build-base /mnt/e/UMass_Amherst/SDP/sdp-team-12/build/marker_detection/build install --record /mnt/e/UMass_Amherst/SDP/sdp-team-12/build/marker_detection/install.log --single-version-externally-managed
