[0.802s] Invoking command in '/home/adam/Desktop/sdp-team-12/py_img_stream': PYTHONPATH=/home/adam/Desktop/sdp-team-12/build/py_img_stream/prefix_override:/home/adam/Desktop/sdp-team-12/install/py_img_stream/lib/python3.10/site-packages:${PYTHONPATH} /usr/bin/python3 setup.py egg_info --egg-base ../build/py_img_stream build --build-base /home/adam/Desktop/sdp-team-12/build/py_img_stream/build install --record /home/adam/Desktop/sdp-team-12/build/py_img_stream/install.log --single-version-externally-managed
[0.967s] running egg_info
[0.967s] writing ../build/py_img_stream/py_img_stream.egg-info/PKG-INFO
[0.968s] writing dependency_links to ../build/py_img_stream/py_img_stream.egg-info/dependency_links.txt
[0.968s] writing entry points to ../build/py_img_stream/py_img_stream.egg-info/entry_points.txt
[0.968s] writing requirements to ../build/py_img_stream/py_img_stream.egg-info/requires.txt
[0.968s] writing top-level names to ../build/py_img_stream/py_img_stream.egg-info/top_level.txt
[0.969s] reading manifest file '../build/py_img_stream/py_img_stream.egg-info/SOURCES.txt'
[0.970s] writing manifest file '../build/py_img_stream/py_img_stream.egg-info/SOURCES.txt'
[0.970s] running build
[0.970s] running build_py
[0.971s] running install
[0.971s] /usr/lib/python3/dist-packages/setuptools/command/install.py:34: SetuptoolsDeprecationWarning: setup.py install is deprecated. Use build and pip and other standards-based tools.
[0.971s]   warnings.warn(
[0.971s] running install_lib
[0.973s] running install_data
[0.973s] running install_egg_info
[0.974s] removing '/home/adam/Desktop/sdp-team-12/install/py_img_stream/lib/python3.10/site-packages/py_img_stream-0.0.0-py3.10.egg-info' (and everything under it)
[0.975s] Copying ../build/py_img_stream/py_img_stream.egg-info to /home/adam/Desktop/sdp-team-12/install/py_img_stream/lib/python3.10/site-packages/py_img_stream-0.0.0-py3.10.egg-info
[0.975s] running install_scripts
[0.991s] Installing pub script to /home/adam/Desktop/sdp-team-12/install/py_img_stream/lib/py_img_stream
[0.992s] Installing sub script to /home/adam/Desktop/sdp-team-12/install/py_img_stream/lib/py_img_stream
[0.992s] Installing target_pub script to /home/adam/Desktop/sdp-team-12/install/py_img_stream/lib/py_img_stream
[0.992s] writing list of installed files to '/home/adam/Desktop/sdp-team-12/build/py_img_stream/install.log'
[1.028s] Invoked command in '/home/adam/Desktop/sdp-team-12/py_img_stream' returned '0': PYTHONPATH=/home/adam/Desktop/sdp-team-12/build/py_img_stream/prefix_override:/home/adam/Desktop/sdp-team-12/install/py_img_stream/lib/python3.10/site-packages:${PYTHONPATH} /usr/bin/python3 setup.py egg_info --egg-base ../build/py_img_stream build --build-base /home/adam/Desktop/sdp-team-12/build/py_img_stream/build install --record /home/adam/Desktop/sdp-team-12/build/py_img_stream/install.log --single-version-externally-managed
