[1.788s] Invoking command in '/home/adam/Desktop/sdp-team-12/py_serial': PYTHONPATH=/home/adam/Desktop/sdp-team-12/build/py_serial/prefix_override:/home/adam/Desktop/sdp-team-12/install/py_serial/lib/python3.10/site-packages:${PYTHONPATH} /usr/bin/python3 setup.py egg_info --egg-base ../build/py_serial build --build-base /home/adam/Desktop/sdp-team-12/build/py_serial/build install --record /home/adam/Desktop/sdp-team-12/build/py_serial/install.log --single-version-externally-managed
[2.167s] running egg_info
[2.170s] writing ../build/py_serial/py_serial.egg-info/PKG-INFO
[2.171s] writing dependency_links to ../build/py_serial/py_serial.egg-info/dependency_links.txt
[2.171s] writing entry points to ../build/py_serial/py_serial.egg-info/entry_points.txt
[2.171s] writing requirements to ../build/py_serial/py_serial.egg-info/requires.txt
[2.171s] writing top-level names to ../build/py_serial/py_serial.egg-info/top_level.txt
[2.174s] reading manifest file '../build/py_serial/py_serial.egg-info/SOURCES.txt'
[2.175s] writing manifest file '../build/py_serial/py_serial.egg-info/SOURCES.txt'
[2.176s] running build
[2.176s] running build_py
[2.176s] running install
[2.176s] /usr/lib/python3/dist-packages/setuptools/command/install.py:34: SetuptoolsDeprecationWarning: setup.py install is deprecated. Use build and pip and other standards-based tools.
[2.176s]   warnings.warn(
[2.176s] running install_lib
[2.179s] running install_data
[2.180s] running install_egg_info
[2.182s] removing '/home/adam/Desktop/sdp-team-12/install/py_serial/lib/python3.10/site-packages/py_serial-0.0.0-py3.10.egg-info' (and everything under it)
[2.183s] Copying ../build/py_serial/py_serial.egg-info to /home/adam/Desktop/sdp-team-12/install/py_serial/lib/python3.10/site-packages/py_serial-0.0.0-py3.10.egg-info
[2.184s] running install_scripts
[2.215s] Installing serial_handler script to /home/adam/Desktop/sdp-team-12/install/py_serial/lib/py_serial
[2.215s] writing list of installed files to '/home/adam/Desktop/sdp-team-12/build/py_serial/install.log'
[2.373s] Invoked command in '/home/adam/Desktop/sdp-team-12/py_serial' returned '0': PYTHONPATH=/home/adam/Desktop/sdp-team-12/build/py_serial/prefix_override:/home/adam/Desktop/sdp-team-12/install/py_serial/lib/python3.10/site-packages:${PYTHONPATH} /usr/bin/python3 setup.py egg_info --egg-base ../build/py_serial build --build-base /home/adam/Desktop/sdp-team-12/build/py_serial/build install --record /home/adam/Desktop/sdp-team-12/build/py_serial/install.log --single-version-externally-managed
