[0.529s] Invoking command in '/home/adam/Desktop/sdp-team-12/navigator': PYTHONPATH=/home/adam/Desktop/sdp-team-12/build/navigator/prefix_override:/home/adam/Desktop/sdp-team-12/install/navigator/lib/python3.10/site-packages:${PYTHONPATH} /usr/bin/python3 setup.py egg_info --egg-base ../build/navigator build --build-base /home/adam/Desktop/sdp-team-12/build/navigator/build install --record /home/adam/Desktop/sdp-team-12/build/navigator/install.log --single-version-externally-managed
[0.682s] running egg_info
[0.683s] writing ../build/navigator/navigator.egg-info/PKG-INFO
[0.683s] writing dependency_links to ../build/navigator/navigator.egg-info/dependency_links.txt
[0.683s] writing entry points to ../build/navigator/navigator.egg-info/entry_points.txt
[0.683s] writing requirements to ../build/navigator/navigator.egg-info/requires.txt
[0.683s] writing top-level names to ../build/navigator/navigator.egg-info/top_level.txt
[0.685s] reading manifest file '../build/navigator/navigator.egg-info/SOURCES.txt'
[0.686s] writing manifest file '../build/navigator/navigator.egg-info/SOURCES.txt'
[0.686s] running build
[0.686s] running build_py
[0.686s] copying navigator/nav2pose.py -> /home/adam/Desktop/sdp-team-12/build/navigator/build/lib/navigator
[0.686s] running install
[0.686s] /usr/lib/python3/dist-packages/setuptools/command/install.py:34: SetuptoolsDeprecationWarning: setup.py install is deprecated. Use build and pip and other standards-based tools.
[0.686s]   warnings.warn(
[0.687s] running install_lib
[0.687s] copying /home/adam/Desktop/sdp-team-12/build/navigator/build/lib/navigator/nav2pose.py -> /home/adam/Desktop/sdp-team-12/install/navigator/lib/python3.10/site-packages/navigator
[0.688s] byte-compiling /home/adam/Desktop/sdp-team-12/install/navigator/lib/python3.10/site-packages/navigator/nav2pose.py to nav2pose.cpython-310.pyc
[0.688s] running install_data
[0.689s] running install_egg_info
[0.691s] removing '/home/adam/Desktop/sdp-team-12/install/navigator/lib/python3.10/site-packages/navigator-0.0.0-py3.10.egg-info' (and everything under it)
[0.691s] Copying ../build/navigator/navigator.egg-info to /home/adam/Desktop/sdp-team-12/install/navigator/lib/python3.10/site-packages/navigator-0.0.0-py3.10.egg-info
[0.691s] running install_scripts
[0.706s] Installing cmdvelsub script to /home/adam/Desktop/sdp-team-12/install/navigator/lib/navigator
[0.706s] Installing keyboard script to /home/adam/Desktop/sdp-team-12/install/navigator/lib/navigator
[0.706s] Installing nav2pose script to /home/adam/Desktop/sdp-team-12/install/navigator/lib/navigator
[0.706s] writing list of installed files to '/home/adam/Desktop/sdp-team-12/build/navigator/install.log'
[0.725s] Invoked command in '/home/adam/Desktop/sdp-team-12/navigator' returned '0': PYTHONPATH=/home/adam/Desktop/sdp-team-12/build/navigator/prefix_override:/home/adam/Desktop/sdp-team-12/install/navigator/lib/python3.10/site-packages:${PYTHONPATH} /usr/bin/python3 setup.py egg_info --egg-base ../build/navigator build --build-base /home/adam/Desktop/sdp-team-12/build/navigator/build install --record /home/adam/Desktop/sdp-team-12/build/navigator/install.log --single-version-externally-managed
