[0.175s] Invoking command in '/home/adam/Desktop/sdp-team-12/control_ws/build/ros2_control_demo_example_3': CMAKE_PREFIX_PATH=/home/adam/Desktop/sdp-team-12/control_ws/install/ros2_control_demo_description:/home/adam/Desktop/sdp-team-12/control_ws/install/ros2_control_demos:/home/adam/Desktop/sdp-team-12/control_ws/install/ros2_control_demo_example_9:/home/adam/Desktop/sdp-team-12/control_ws/install/ros2_control_demo_example_8:/home/adam/Desktop/sdp-team-12/control_ws/install/ros2_control_demo_example_7:/home/adam/Desktop/sdp-team-12/control_ws/install/ros2_control_demo_example_6:/home/adam/Desktop/sdp-team-12/control_ws/install/ros2_control_demo_example_5:/home/adam/Desktop/sdp-team-12/control_ws/install/ros2_control_demo_example_4:/home/adam/Desktop/sdp-team-12/control_ws/install/ros2_control_demo_example_3:/home/adam/Desktop/sdp-team-12/control_ws/install/ros2_control_demo_example_2:/home/adam/Desktop/sdp-team-12/control_ws/install/ros2_control_demo_example_14:/home/adam/Desktop/sdp-team-12/control_ws/install/ros2_control_demo_example_12:/home/adam/Desktop/sdp-team-12/control_ws/install/ros2_control_demo_example_10:/home/adam/Desktop/sdp-team-12/control_ws/install/ros2_control_demo_example_1:/home/adam/Desktop/sdp-team-12/control_ws/install/my_bot:/opt/ros/humble /usr/bin/cmake /home/adam/Desktop/sdp-team-12/control_ws/src/ros2_control_demos/example_3 -DCMAKE_INSTALL_PREFIX=/home/adam/Desktop/sdp-team-12/control_ws/install/ros2_control_demo_example_3
[0.303s] -- The CXX compiler identification is GNU 11.4.0
[0.313s] -- Detecting CXX compiler ABI info
[0.444s] -- Detecting CXX compiler ABI info - done
[0.449s] -- Check for working CXX compiler: /usr/bin/c++ - skipped
[0.449s] -- Detecting CXX compile features
[0.450s] -- Detecting CXX compile features - done
[0.454s] -- Found ament_cmake: 1.3.6 (/opt/ros/humble/share/ament_cmake/cmake)
[0.705s] -- Found Python3: /usr/bin/python3.10 (found version "3.10.12") found components: Interpreter 
[0.855s] -- Found hardware_interface: 2.36.0 (/opt/ros/humble/share/hardware_interface/cmake)
[0.940s] -- Found rosidl_generator_c: 3.1.5 (/opt/ros/humble/share/rosidl_generator_c/cmake)
[0.952s] -- Found rosidl_adapter: 3.1.5 (/opt/ros/humble/share/rosidl_adapter/cmake)
[0.966s] -- Found rosidl_generator_cpp: 3.1.5 (/opt/ros/humble/share/rosidl_generator_cpp/cmake)
[0.990s] -- Using all available rosidl_typesupport_c: rosidl_typesupport_fastrtps_c;rosidl_typesupport_introspection_c
[1.022s] -- Using all available rosidl_typesupport_cpp: rosidl_typesupport_fastrtps_cpp;rosidl_typesupport_introspection_cpp
[2.070s] -- Found rmw_implementation_cmake: 6.1.1 (/opt/ros/humble/share/rmw_implementation_cmake/cmake)
[2.076s] -- Found rmw_fastrtps_cpp: 6.2.5 (/opt/ros/humble/share/rmw_fastrtps_cpp/cmake)
[2.135s] -- Found TinyXML2 via Config file: TinyXML2_DIR-NOTFOUND
[2.266s] -- Found OpenSSL: /usr/lib/x86_64-linux-gnu/libcrypto.so (found version "3.0.2")  
[2.269s] -- Found TinyXML2 via Config file: TinyXML2_DIR-NOTFOUND
[2.319s] -- Found FastRTPS: /opt/ros/humble/include  
[2.334s] -- Found TinyXML2 via Config file: TinyXML2_DIR-NOTFOUND
[2.346s] -- Found TinyXML2 via Config file: TinyXML2_DIR-NOTFOUND
[2.385s] -- Using RMW implementation 'rmw_fastrtps_cpp' as default
[2.404s] -- Looking for C++ include pthread.h
[2.584s] -- Looking for C++ include pthread.h - found
[2.584s] -- Performing Test CMAKE_HAVE_LIBC_PTHREAD
[2.788s] -- Performing Test CMAKE_HAVE_LIBC_PTHREAD - Success
[2.789s] -- Found Threads: TRUE  
[3.206s] -- Found ament_cmake_gtest: 1.3.6 (/opt/ros/humble/share/ament_cmake_gtest/cmake)
[3.331s] -- Configuring done
[3.357s] -- Generating done
[3.358s] -- Build files have been written to: /home/adam/Desktop/sdp-team-12/control_ws/build/ros2_control_demo_example_3
[3.370s] Invoked command in '/home/adam/Desktop/sdp-team-12/control_ws/build/ros2_control_demo_example_3' returned '0': CMAKE_PREFIX_PATH=/home/adam/Desktop/sdp-team-12/control_ws/install/ros2_control_demo_description:/home/adam/Desktop/sdp-team-12/control_ws/install/ros2_control_demos:/home/adam/Desktop/sdp-team-12/control_ws/install/ros2_control_demo_example_9:/home/adam/Desktop/sdp-team-12/control_ws/install/ros2_control_demo_example_8:/home/adam/Desktop/sdp-team-12/control_ws/install/ros2_control_demo_example_7:/home/adam/Desktop/sdp-team-12/control_ws/install/ros2_control_demo_example_6:/home/adam/Desktop/sdp-team-12/control_ws/install/ros2_control_demo_example_5:/home/adam/Desktop/sdp-team-12/control_ws/install/ros2_control_demo_example_4:/home/adam/Desktop/sdp-team-12/control_ws/install/ros2_control_demo_example_3:/home/adam/Desktop/sdp-team-12/control_ws/install/ros2_control_demo_example_2:/home/adam/Desktop/sdp-team-12/control_ws/install/ros2_control_demo_example_14:/home/adam/Desktop/sdp-team-12/control_ws/install/ros2_control_demo_example_12:/home/adam/Desktop/sdp-team-12/control_ws/install/ros2_control_demo_example_10:/home/adam/Desktop/sdp-team-12/control_ws/install/ros2_control_demo_example_1:/home/adam/Desktop/sdp-team-12/control_ws/install/my_bot:/opt/ros/humble /usr/bin/cmake /home/adam/Desktop/sdp-team-12/control_ws/src/ros2_control_demos/example_3 -DCMAKE_INSTALL_PREFIX=/home/adam/Desktop/sdp-team-12/control_ws/install/ros2_control_demo_example_3
[3.371s] Invoking command in '/home/adam/Desktop/sdp-team-12/control_ws/build/ros2_control_demo_example_3': CMAKE_PREFIX_PATH=/home/adam/Desktop/sdp-team-12/control_ws/install/ros2_control_demo_description:/home/adam/Desktop/sdp-team-12/control_ws/install/ros2_control_demos:/home/adam/Desktop/sdp-team-12/control_ws/install/ros2_control_demo_example_9:/home/adam/Desktop/sdp-team-12/control_ws/install/ros2_control_demo_example_8:/home/adam/Desktop/sdp-team-12/control_ws/install/ros2_control_demo_example_7:/home/adam/Desktop/sdp-team-12/control_ws/install/ros2_control_demo_example_6:/home/adam/Desktop/sdp-team-12/control_ws/install/ros2_control_demo_example_5:/home/adam/Desktop/sdp-team-12/control_ws/install/ros2_control_demo_example_4:/home/adam/Desktop/sdp-team-12/control_ws/install/ros2_control_demo_example_3:/home/adam/Desktop/sdp-team-12/control_ws/install/ros2_control_demo_example_2:/home/adam/Desktop/sdp-team-12/control_ws/install/ros2_control_demo_example_14:/home/adam/Desktop/sdp-team-12/control_ws/install/ros2_control_demo_example_12:/home/adam/Desktop/sdp-team-12/control_ws/install/ros2_control_demo_example_10:/home/adam/Desktop/sdp-team-12/control_ws/install/ros2_control_demo_example_1:/home/adam/Desktop/sdp-team-12/control_ws/install/my_bot:/opt/ros/humble /usr/bin/cmake --build /home/adam/Desktop/sdp-team-12/control_ws/build/ros2_control_demo_example_3 -- -j8 -l8
[8.546s] [ 50%] [32mBuilding CXX object CMakeFiles/ros2_control_demo_example_3.dir/hardware/rrbot_system_multi_interface.cpp.o[0m
[9.659s] [100%] [32m[1mLinking CXX shared library libros2_control_demo_example_3.so[0m
[9.912s] [100%] Built target ros2_control_demo_example_3
[9.935s] Invoked command in '/home/adam/Desktop/sdp-team-12/control_ws/build/ros2_control_demo_example_3' returned '0': CMAKE_PREFIX_PATH=/home/adam/Desktop/sdp-team-12/control_ws/install/ros2_control_demo_description:/home/adam/Desktop/sdp-team-12/control_ws/install/ros2_control_demos:/home/adam/Desktop/sdp-team-12/control_ws/install/ros2_control_demo_example_9:/home/adam/Desktop/sdp-team-12/control_ws/install/ros2_control_demo_example_8:/home/adam/Desktop/sdp-team-12/control_ws/install/ros2_control_demo_example_7:/home/adam/Desktop/sdp-team-12/control_ws/install/ros2_control_demo_example_6:/home/adam/Desktop/sdp-team-12/control_ws/install/ros2_control_demo_example_5:/home/adam/Desktop/sdp-team-12/control_ws/install/ros2_control_demo_example_4:/home/adam/Desktop/sdp-team-12/control_ws/install/ros2_control_demo_example_3:/home/adam/Desktop/sdp-team-12/control_ws/install/ros2_control_demo_example_2:/home/adam/Desktop/sdp-team-12/control_ws/install/ros2_control_demo_example_14:/home/adam/Desktop/sdp-team-12/control_ws/install/ros2_control_demo_example_12:/home/adam/Desktop/sdp-team-12/control_ws/install/ros2_control_demo_example_10:/home/adam/Desktop/sdp-team-12/control_ws/install/ros2_control_demo_example_1:/home/adam/Desktop/sdp-team-12/control_ws/install/my_bot:/opt/ros/humble /usr/bin/cmake --build /home/adam/Desktop/sdp-team-12/control_ws/build/ros2_control_demo_example_3 -- -j8 -l8
[9.983s] Invoking command in '/home/adam/Desktop/sdp-team-12/control_ws/build/ros2_control_demo_example_3': CMAKE_PREFIX_PATH=/home/adam/Desktop/sdp-team-12/control_ws/install/ros2_control_demo_description:/home/adam/Desktop/sdp-team-12/control_ws/install/ros2_control_demos:/home/adam/Desktop/sdp-team-12/control_ws/install/ros2_control_demo_example_9:/home/adam/Desktop/sdp-team-12/control_ws/install/ros2_control_demo_example_8:/home/adam/Desktop/sdp-team-12/control_ws/install/ros2_control_demo_example_7:/home/adam/Desktop/sdp-team-12/control_ws/install/ros2_control_demo_example_6:/home/adam/Desktop/sdp-team-12/control_ws/install/ros2_control_demo_example_5:/home/adam/Desktop/sdp-team-12/control_ws/install/ros2_control_demo_example_4:/home/adam/Desktop/sdp-team-12/control_ws/install/ros2_control_demo_example_3:/home/adam/Desktop/sdp-team-12/control_ws/install/ros2_control_demo_example_2:/home/adam/Desktop/sdp-team-12/control_ws/install/ros2_control_demo_example_14:/home/adam/Desktop/sdp-team-12/control_ws/install/ros2_control_demo_example_12:/home/adam/Desktop/sdp-team-12/control_ws/install/ros2_control_demo_example_10:/home/adam/Desktop/sdp-team-12/control_ws/install/ros2_control_demo_example_1:/home/adam/Desktop/sdp-team-12/control_ws/install/my_bot:/opt/ros/humble /usr/bin/cmake --install /home/adam/Desktop/sdp-team-12/control_ws/build/ros2_control_demo_example_3
[10.130s] -- Install configuration: ""
[10.130s] -- Installing: /home/adam/Desktop/sdp-team-12/control_ws/install/ros2_control_demo_example_3/share/ros2_control_demo_example_3/ros2_control_demo_example_3.xml
[10.130s] -- Up-to-date: /home/adam/Desktop/sdp-team-12/control_ws/install/ros2_control_demo_example_3/include/ros2_control_demo_example_3
[10.130s] -- Up-to-date: /home/adam/Desktop/sdp-team-12/control_ws/install/ros2_control_demo_example_3/include/ros2_control_demo_example_3/ros2_control_demo_example_3
[10.130s] -- Installing: /home/adam/Desktop/sdp-team-12/control_ws/install/ros2_control_demo_example_3/include/ros2_control_demo_example_3/ros2_control_demo_example_3/visibility_control.h
[10.130s] -- Installing: /home/adam/Desktop/sdp-team-12/control_ws/install/ros2_control_demo_example_3/include/ros2_control_demo_example_3/ros2_control_demo_example_3/rrbot_system_multi_interface.hpp
[10.130s] -- Up-to-date: /home/adam/Desktop/sdp-team-12/control_ws/install/ros2_control_demo_example_3/share/ros2_control_demo_example_3/launch
[10.131s] -- Installing: /home/adam/Desktop/sdp-team-12/control_ws/install/ros2_control_demo_example_3/share/ros2_control_demo_example_3/launch/view_robot.launch.py
[10.131s] -- Up-to-date: /home/adam/Desktop/sdp-team-12/control_ws/install/ros2_control_demo_example_3/share/ros2_control_demo_example_3/ros2_control
[10.131s] -- Installing: /home/adam/Desktop/sdp-team-12/control_ws/install/ros2_control_demo_example_3/share/ros2_control_demo_example_3/ros2_control/rrbot_system_multi_interface.ros2_control.xacro
[10.131s] -- Up-to-date: /home/adam/Desktop/sdp-team-12/control_ws/install/ros2_control_demo_example_3/share/ros2_control_demo_example_3/urdf
[10.131s] -- Installing: /home/adam/Desktop/sdp-team-12/control_ws/install/ros2_control_demo_example_3/share/ros2_control_demo_example_3/urdf/rrbot_system_multi_interface.urdf.xacro
[10.131s] -- Up-to-date: /home/adam/Desktop/sdp-team-12/control_ws/install/ros2_control_demo_example_3/share/ros2_control_demo_example_3/launch
[10.131s] -- Installing: /home/adam/Desktop/sdp-team-12/control_ws/install/ros2_control_demo_example_3/share/ros2_control_demo_example_3/launch/rrbot_system_multi_interface.launch.py
[10.131s] -- Installing: /home/adam/Desktop/sdp-team-12/control_ws/install/ros2_control_demo_example_3/share/ros2_control_demo_example_3/launch/test_forward_position_controller.launch.py
[10.131s] -- Up-to-date: /home/adam/Desktop/sdp-team-12/control_ws/install/ros2_control_demo_example_3/share/ros2_control_demo_example_3/config
[10.131s] -- Installing: /home/adam/Desktop/sdp-team-12/control_ws/install/ros2_control_demo_example_3/share/ros2_control_demo_example_3/config/rrbot_multi_interface_forward_controllers.yaml
[10.131s] -- Installing: /home/adam/Desktop/sdp-team-12/control_ws/install/ros2_control_demo_example_3/share/ros2_control_demo_example_3/config/rrbot_forward_position_publisher.yaml
[10.131s] -- Installing: /home/adam/Desktop/sdp-team-12/control_ws/install/ros2_control_demo_example_3/lib/libros2_control_demo_example_3.so
[10.131s] -- Set runtime path of "/home/adam/Desktop/sdp-team-12/control_ws/install/ros2_control_demo_example_3/lib/libros2_control_demo_example_3.so" to ""
[10.131s] -- Installing: /home/adam/Desktop/sdp-team-12/control_ws/install/ros2_control_demo_example_3/share/ros2_control_demo_example_3/environment/library_path.sh
[10.132s] -- Installing: /home/adam/Desktop/sdp-team-12/control_ws/install/ros2_control_demo_example_3/share/ros2_control_demo_example_3/environment/library_path.dsv
[10.132s] -- Installing: /home/adam/Desktop/sdp-team-12/control_ws/install/ros2_control_demo_example_3/share/ament_index/resource_index/package_run_dependencies/ros2_control_demo_example_3
[10.132s] -- Installing: /home/adam/Desktop/sdp-team-12/control_ws/install/ros2_control_demo_example_3/share/ament_index/resource_index/parent_prefix_path/ros2_control_demo_example_3
[10.132s] -- Installing: /home/adam/Desktop/sdp-team-12/control_ws/install/ros2_control_demo_example_3/share/ros2_control_demo_example_3/environment/ament_prefix_path.sh
[10.132s] -- Installing: /home/adam/Desktop/sdp-team-12/control_ws/install/ros2_control_demo_example_3/share/ros2_control_demo_example_3/environment/ament_prefix_path.dsv
[10.132s] -- Installing: /home/adam/Desktop/sdp-team-12/control_ws/install/ros2_control_demo_example_3/share/ros2_control_demo_example_3/environment/path.sh
[10.132s] -- Installing: /home/adam/Desktop/sdp-team-12/control_ws/install/ros2_control_demo_example_3/share/ros2_control_demo_example_3/environment/path.dsv
[10.132s] -- Installing: /home/adam/Desktop/sdp-team-12/control_ws/install/ros2_control_demo_example_3/share/ros2_control_demo_example_3/local_setup.bash
[10.132s] -- Installing: /home/adam/Desktop/sdp-team-12/control_ws/install/ros2_control_demo_example_3/share/ros2_control_demo_example_3/local_setup.sh
[10.132s] -- Installing: /home/adam/Desktop/sdp-team-12/control_ws/install/ros2_control_demo_example_3/share/ros2_control_demo_example_3/local_setup.zsh
[10.132s] -- Installing: /home/adam/Desktop/sdp-team-12/control_ws/install/ros2_control_demo_example_3/share/ros2_control_demo_example_3/local_setup.dsv
[10.132s] -- Installing: /home/adam/Desktop/sdp-team-12/control_ws/install/ros2_control_demo_example_3/share/ros2_control_demo_example_3/package.dsv
[10.132s] -- Installing: /home/adam/Desktop/sdp-team-12/control_ws/install/ros2_control_demo_example_3/share/ament_index/resource_index/packages/ros2_control_demo_example_3
[10.132s] -- Installing: /home/adam/Desktop/sdp-team-12/control_ws/install/ros2_control_demo_example_3/share/ament_index/resource_index/hardware_interface__pluginlib__plugin/ros2_control_demo_example_3
[10.132s] -- Installing: /home/adam/Desktop/sdp-team-12/control_ws/install/ros2_control_demo_example_3/share/ros2_control_demo_example_3/cmake/export_ros2_control_demo_example_3Export.cmake
[10.133s] -- Installing: /home/adam/Desktop/sdp-team-12/control_ws/install/ros2_control_demo_example_3/share/ros2_control_demo_example_3/cmake/export_ros2_control_demo_example_3Export-noconfig.cmake
[10.133s] -- Installing: /home/adam/Desktop/sdp-team-12/control_ws/install/ros2_control_demo_example_3/share/ros2_control_demo_example_3/cmake/ament_cmake_export_targets-extras.cmake
[10.133s] -- Installing: /home/adam/Desktop/sdp-team-12/control_ws/install/ros2_control_demo_example_3/share/ros2_control_demo_example_3/cmake/ament_cmake_export_dependencies-extras.cmake
[10.133s] -- Installing: /home/adam/Desktop/sdp-team-12/control_ws/install/ros2_control_demo_example_3/share/ros2_control_demo_example_3/cmake/ros2_control_demo_example_3Config.cmake
[10.133s] -- Installing: /home/adam/Desktop/sdp-team-12/control_ws/install/ros2_control_demo_example_3/share/ros2_control_demo_example_3/cmake/ros2_control_demo_example_3Config-version.cmake
[10.133s] -- Installing: /home/adam/Desktop/sdp-team-12/control_ws/install/ros2_control_demo_example_3/share/ros2_control_demo_example_3/package.xml
[10.232s] Invoked command in '/home/adam/Desktop/sdp-team-12/control_ws/build/ros2_control_demo_example_3' returned '0': CMAKE_PREFIX_PATH=/home/adam/Desktop/sdp-team-12/control_ws/install/ros2_control_demo_description:/home/adam/Desktop/sdp-team-12/control_ws/install/ros2_control_demos:/home/adam/Desktop/sdp-team-12/control_ws/install/ros2_control_demo_example_9:/home/adam/Desktop/sdp-team-12/control_ws/install/ros2_control_demo_example_8:/home/adam/Desktop/sdp-team-12/control_ws/install/ros2_control_demo_example_7:/home/adam/Desktop/sdp-team-12/control_ws/install/ros2_control_demo_example_6:/home/adam/Desktop/sdp-team-12/control_ws/install/ros2_control_demo_example_5:/home/adam/Desktop/sdp-team-12/control_ws/install/ros2_control_demo_example_4:/home/adam/Desktop/sdp-team-12/control_ws/install/ros2_control_demo_example_3:/home/adam/Desktop/sdp-team-12/control_ws/install/ros2_control_demo_example_2:/home/adam/Desktop/sdp-team-12/control_ws/install/ros2_control_demo_example_14:/home/adam/Desktop/sdp-team-12/control_ws/install/ros2_control_demo_example_12:/home/adam/Desktop/sdp-team-12/control_ws/install/ros2_control_demo_example_10:/home/adam/Desktop/sdp-team-12/control_ws/install/ros2_control_demo_example_1:/home/adam/Desktop/sdp-team-12/control_ws/install/my_bot:/opt/ros/humble /usr/bin/cmake --install /home/adam/Desktop/sdp-team-12/control_ws/build/ros2_control_demo_example_3
