[9.011s] Invoking command in '/mnt/e/UMass_Amherst/SDP/sdp-team-12/src/py_pubsub': PYTHONPATH=/mnt/e/UMass_Amherst/SDP/sdp-team-12/build/py_pubsub/prefix_override:/mnt/e/UMass_Amherst/SDP/sdp-team-12/install/py_pubsub/lib/python3.10/site-packages:${PYTHONPATH} /usr/bin/python3 setup.py egg_info --egg-base ../../build/py_pubsub build --build-base /mnt/e/UMass_Amherst/SDP/sdp-team-12/build/py_pubsub/build install --record /mnt/e/UMass_Amherst/SDP/sdp-team-12/build/py_pubsub/install.log --single-version-externally-managed
[11.537s] running egg_info
[11.553s] writing ../../build/py_pubsub/py_pubsub.egg-info/PKG-INFO
[11.579s] writing dependency_links to ../../build/py_pubsub/py_pubsub.egg-info/dependency_links.txt
[11.605s] writing entry points to ../../build/py_pubsub/py_pubsub.egg-info/entry_points.txt
[11.623s] writing requirements to ../../build/py_pubsub/py_pubsub.egg-info/requires.txt
[11.721s] writing top-level names to ../../build/py_pubsub/py_pubsub.egg-info/top_level.txt
[11.870s] reading manifest file '../../build/py_pubsub/py_pubsub.egg-info/SOURCES.txt'
[12.089s] writing manifest file '../../build/py_pubsub/py_pubsub.egg-info/SOURCES.txt'
[12.102s] running build
[12.104s] running build_py
[12.222s] running install
[12.224s] /usr/lib/python3/dist-packages/setuptools/command/install.py:34: SetuptoolsDeprecationWarning: setup.py install is deprecated. Use build and pip and other standards-based tools.
[12.226s]   warnings.warn(
[12.228s] running install_lib
[12.767s] running install_data
[12.834s] running install_egg_info
[12.865s] removing '/mnt/e/UMass_Amherst/SDP/sdp-team-12/install/py_pubsub/lib/python3.10/site-packages/py_pubsub-0.0.0-py3.10.egg-info' (and everything under it)
[13.069s] Copying ../../build/py_pubsub/py_pubsub.egg-info to /mnt/e/UMass_Amherst/SDP/sdp-team-12/install/py_pubsub/lib/python3.10/site-packages/py_pubsub-0.0.0-py3.10.egg-info
[14.048s] running install_scripts
[14.323s] Installing listener script to /mnt/e/UMass_Amherst/SDP/sdp-team-12/install/py_pubsub/lib/py_pubsub
[14.360s] Installing talker script to /mnt/e/UMass_Amherst/SDP/sdp-team-12/install/py_pubsub/lib/py_pubsub
[14.395s] writing list of installed files to '/mnt/e/UMass_Amherst/SDP/sdp-team-12/build/py_pubsub/install.log'
[14.449s] Invoked command in '/mnt/e/UMass_Amherst/SDP/sdp-team-12/src/py_pubsub' returned '0': PYTHONPATH=/mnt/e/UMass_Amherst/SDP/sdp-team-12/build/py_pubsub/prefix_override:/mnt/e/UMass_Amherst/SDP/sdp-team-12/install/py_pubsub/lib/python3.10/site-packages:${PYTHONPATH} /usr/bin/python3 setup.py egg_info --egg-base ../../build/py_pubsub build --build-base /mnt/e/UMass_Amherst/SDP/sdp-team-12/build/py_pubsub/build install --record /mnt/e/UMass_Amherst/SDP/sdp-team-12/build/py_pubsub/install.log --single-version-externally-managed
