[0.838s] Invoking command in '/home/adam/Desktop/sdp-team-12/navigator': PYTHONPATH=/home/adam/Desktop/sdp-team-12/build/navigator/prefix_override:/home/adam/Desktop/sdp-team-12/install/navigator/lib/python3.10/site-packages:${PYTHONPATH} /usr/bin/python3 setup.py egg_info --egg-base ../build/navigator build --build-base /home/adam/Desktop/sdp-team-12/build/navigator/build install --record /home/adam/Desktop/sdp-team-12/build/navigator/install.log --single-version-externally-managed
[1.018s] running egg_info
[1.019s] writing ../build/navigator/navigator.egg-info/PKG-INFO
[1.019s] writing dependency_links to ../build/navigator/navigator.egg-info/dependency_links.txt
[1.019s] writing entry points to ../build/navigator/navigator.egg-info/entry_points.txt
[1.019s] writing requirements to ../build/navigator/navigator.egg-info/requires.txt
[1.019s] writing top-level names to ../build/navigator/navigator.egg-info/top_level.txt
[1.021s] reading manifest file '../build/navigator/navigator.egg-info/SOURCES.txt'
[1.022s] writing manifest file '../build/navigator/navigator.egg-info/SOURCES.txt'
[1.022s] running build
[1.022s] running build_py
[1.023s] copying navigator/tf_broadcaster.py -> /home/adam/Desktop/sdp-team-12/build/navigator/build/lib/navigator
[1.023s] running install
[1.023s] /usr/lib/python3/dist-packages/setuptools/command/install.py:34: SetuptoolsDeprecationWarning: setup.py install is deprecated. Use build and pip and other standards-based tools.
[1.024s]   warnings.warn(
[1.024s] running install_lib
[1.024s] copying /home/adam/Desktop/sdp-team-12/build/navigator/build/lib/navigator/tf_broadcaster.py -> /home/adam/Desktop/sdp-team-12/install/navigator/lib/python3.10/site-packages/navigator
[1.025s] byte-compiling /home/adam/Desktop/sdp-team-12/install/navigator/lib/python3.10/site-packages/navigator/tf_broadcaster.py to tf_broadcaster.cpython-310.pyc
[1.025s] running install_data
[1.026s] running install_egg_info
[1.028s] removing '/home/adam/Desktop/sdp-team-12/install/navigator/lib/python3.10/site-packages/navigator-0.0.0-py3.10.egg-info' (and everything under it)
[1.028s] Copying ../build/navigator/navigator.egg-info to /home/adam/Desktop/sdp-team-12/install/navigator/lib/python3.10/site-packages/navigator-0.0.0-py3.10.egg-info
[1.028s] running install_scripts
[1.043s] Installing cmdvelsub script to /home/adam/Desktop/sdp-team-12/install/navigator/lib/navigator
[1.043s] Installing coordpub script to /home/adam/Desktop/sdp-team-12/install/navigator/lib/navigator
[1.043s] Installing keyboard script to /home/adam/Desktop/sdp-team-12/install/navigator/lib/navigator
[1.044s] Installing nav2pose script to /home/adam/Desktop/sdp-team-12/install/navigator/lib/navigator
[1.044s] Installing odomsub script to /home/adam/Desktop/sdp-team-12/install/navigator/lib/navigator
[1.044s] Installing tfbr script to /home/adam/Desktop/sdp-team-12/install/navigator/lib/navigator
[1.044s] writing list of installed files to '/home/adam/Desktop/sdp-team-12/build/navigator/install.log'
[1.067s] Invoked command in '/home/adam/Desktop/sdp-team-12/navigator' returned '0': PYTHONPATH=/home/adam/Desktop/sdp-team-12/build/navigator/prefix_override:/home/adam/Desktop/sdp-team-12/install/navigator/lib/python3.10/site-packages:${PYTHONPATH} /usr/bin/python3 setup.py egg_info --egg-base ../build/navigator build --build-base /home/adam/Desktop/sdp-team-12/build/navigator/build install --record /home/adam/Desktop/sdp-team-12/build/navigator/install.log --single-version-externally-managed
