-- Found ament_cmake: 1.3.6 (/opt/ros/humble/share/ament_cmake/cmake)
-- Override CMake install command with custom implementation using symlinks instead of copying resources
-- Configuring done
-- Generating done
-- Build files have been written to: /home/adam/Desktop/sdp-team-12/control_ws/build/ros2_control_demos
-- Install configuration: ""
-- Execute custom install script
-- Symlinking: /home/adam/Desktop/sdp-team-12/control_ws/install/ros2_control_demos/share/ament_index/resource_index/package_run_dependencies/ros2_control_demos
-- Symlinking: /home/adam/Desktop/sdp-team-12/control_ws/install/ros2_control_demos/share/ament_index/resource_index/parent_prefix_path/ros2_control_demos
-- Symlinking: /home/adam/Desktop/sdp-team-12/control_ws/install/ros2_control_demos/share/ros2_control_demos/environment/ament_prefix_path.sh
-- Symlinking: /home/adam/Desktop/sdp-team-12/control_ws/install/ros2_control_demos/share/ros2_control_demos/environment/ament_prefix_path.dsv
-- Symlinking: /home/adam/Desktop/sdp-team-12/control_ws/install/ros2_control_demos/share/ros2_control_demos/environment/path.sh
-- Symlinking: /home/adam/Desktop/sdp-team-12/control_ws/install/ros2_control_demos/share/ros2_control_demos/environment/path.dsv
-- Symlinking: /home/adam/Desktop/sdp-team-12/control_ws/install/ros2_control_demos/share/ros2_control_demos/local_setup.bash
-- Symlinking: /home/adam/Desktop/sdp-team-12/control_ws/install/ros2_control_demos/share/ros2_control_demos/local_setup.sh
-- Symlinking: /home/adam/Desktop/sdp-team-12/control_ws/install/ros2_control_demos/share/ros2_control_demos/local_setup.zsh
-- Symlinking: /home/adam/Desktop/sdp-team-12/control_ws/install/ros2_control_demos/share/ros2_control_demos/local_setup.dsv
-- Symlinking: /home/adam/Desktop/sdp-team-12/control_ws/install/ros2_control_demos/share/ros2_control_demos/package.dsv
-- Symlinking: /home/adam/Desktop/sdp-team-12/control_ws/install/ros2_control_demos/share/ament_index/resource_index/packages/ros2_control_demos
-- Symlinking: /home/adam/Desktop/sdp-team-12/control_ws/install/ros2_control_demos/share/ros2_control_demos/cmake/ros2_control_demosConfig.cmake
-- Symlinking: /home/adam/Desktop/sdp-team-12/control_ws/install/ros2_control_demos/share/ros2_control_demos/cmake/ros2_control_demosConfig-version.cmake
-- Symlinking: /home/adam/Desktop/sdp-team-12/control_ws/install/ros2_control_demos/share/ros2_control_demos/package.xml
