[100%] Built target diffdrive_arduino
-- Install configuration: ""
-- Up-to-date: /home/adam/Desktop/sdp-team-12/control_ws/install/diffdrive_arduino/share/diffdrive_arduino/diffdrive_arduino.xml
-- Up-to-date: /home/adam/Desktop/sdp-team-12/control_ws/install/diffdrive_arduino/include/diffdrive_arduino
-- Up-to-date: /home/adam/Desktop/sdp-team-12/control_ws/install/diffdrive_arduino/include/diffdrive_arduino/diffdrive_arduino
-- Up-to-date: /home/adam/Desktop/sdp-team-12/control_ws/install/diffdrive_arduino/include/diffdrive_arduino/diffdrive_arduino/visibility_control.h
-- Up-to-date: /home/adam/Desktop/sdp-team-12/control_ws/install/diffdrive_arduino/include/diffdrive_arduino/diffdrive_arduino/diffbot_system.hpp
-- Up-to-date: /home/adam/Desktop/sdp-team-12/control_ws/install/diffdrive_arduino/include/diffdrive_arduino/diffdrive_arduino/arduino_comms.hpp
-- Up-to-date: /home/adam/Desktop/sdp-team-12/control_ws/install/diffdrive_arduino/include/diffdrive_arduino/diffdrive_arduino/wheel.hpp
-- Up-to-date: /home/adam/Desktop/sdp-team-12/control_ws/install/diffdrive_arduino/share/diffdrive_arduino/launch
-- Up-to-date: /home/adam/Desktop/sdp-team-12/control_ws/install/diffdrive_arduino/share/diffdrive_arduino/launch/view_robot.launch.py
-- Up-to-date: /home/adam/Desktop/sdp-team-12/control_ws/install/diffdrive_arduino/share/diffdrive_arduino/ros2_control
-- Up-to-date: /home/adam/Desktop/sdp-team-12/control_ws/install/diffdrive_arduino/share/diffdrive_arduino/ros2_control/diffbot.ros2_control.xacro
-- Up-to-date: /home/adam/Desktop/sdp-team-12/control_ws/install/diffdrive_arduino/share/diffdrive_arduino/urdf
-- Up-to-date: /home/adam/Desktop/sdp-team-12/control_ws/install/diffdrive_arduino/share/diffdrive_arduino/urdf/diffbot.urdf.xacro
-- Up-to-date: /home/adam/Desktop/sdp-team-12/control_ws/install/diffdrive_arduino/share/diffdrive_arduino/urdf/diffbot.materials.xacro
-- Up-to-date: /home/adam/Desktop/sdp-team-12/control_ws/install/diffdrive_arduino/share/diffdrive_arduino/urdf/diffbot_description.urdf.xacro
-- Up-to-date: /home/adam/Desktop/sdp-team-12/control_ws/install/diffdrive_arduino/share/diffdrive_arduino/rviz
-- Up-to-date: /home/adam/Desktop/sdp-team-12/control_ws/install/diffdrive_arduino/share/diffdrive_arduino/rviz/diffbot.rviz
-- Up-to-date: /home/adam/Desktop/sdp-team-12/control_ws/install/diffdrive_arduino/share/diffdrive_arduino/rviz/diffbot_view.rviz
-- Up-to-date: /home/adam/Desktop/sdp-team-12/control_ws/install/diffdrive_arduino/share/diffdrive_arduino/launch
-- Up-to-date: /home/adam/Desktop/sdp-team-12/control_ws/install/diffdrive_arduino/share/diffdrive_arduino/launch/diffbot.launch.py
-- Up-to-date: /home/adam/Desktop/sdp-team-12/control_ws/install/diffdrive_arduino/share/diffdrive_arduino/config
-- Up-to-date: /home/adam/Desktop/sdp-team-12/control_ws/install/diffdrive_arduino/share/diffdrive_arduino/config/diffbot_controllers.yaml
-- Up-to-date: /home/adam/Desktop/sdp-team-12/control_ws/install/diffdrive_arduino/lib/libdiffdrive_arduino.so
-- Up-to-date: /home/adam/Desktop/sdp-team-12/control_ws/install/diffdrive_arduino/share/diffdrive_arduino/environment/library_path.sh
-- Up-to-date: /home/adam/Desktop/sdp-team-12/control_ws/install/diffdrive_arduino/share/diffdrive_arduino/environment/library_path.dsv
-- Up-to-date: /home/adam/Desktop/sdp-team-12/control_ws/install/diffdrive_arduino/share/ament_index/resource_index/package_run_dependencies/diffdrive_arduino
-- Up-to-date: /home/adam/Desktop/sdp-team-12/control_ws/install/diffdrive_arduino/share/ament_index/resource_index/parent_prefix_path/diffdrive_arduino
-- Up-to-date: /home/adam/Desktop/sdp-team-12/control_ws/install/diffdrive_arduino/share/diffdrive_arduino/environment/ament_prefix_path.sh
-- Up-to-date: /home/adam/Desktop/sdp-team-12/control_ws/install/diffdrive_arduino/share/diffdrive_arduino/environment/ament_prefix_path.dsv
-- Up-to-date: /home/adam/Desktop/sdp-team-12/control_ws/install/diffdrive_arduino/share/diffdrive_arduino/environment/path.sh
-- Up-to-date: /home/adam/Desktop/sdp-team-12/control_ws/install/diffdrive_arduino/share/diffdrive_arduino/environment/path.dsv
-- Up-to-date: /home/adam/Desktop/sdp-team-12/control_ws/install/diffdrive_arduino/share/diffdrive_arduino/local_setup.bash
-- Up-to-date: /home/adam/Desktop/sdp-team-12/control_ws/install/diffdrive_arduino/share/diffdrive_arduino/local_setup.sh
-- Up-to-date: /home/adam/Desktop/sdp-team-12/control_ws/install/diffdrive_arduino/share/diffdrive_arduino/local_setup.zsh
-- Up-to-date: /home/adam/Desktop/sdp-team-12/control_ws/install/diffdrive_arduino/share/diffdrive_arduino/local_setup.dsv
-- Installing: /home/adam/Desktop/sdp-team-12/control_ws/install/diffdrive_arduino/share/diffdrive_arduino/package.dsv
-- Up-to-date: /home/adam/Desktop/sdp-team-12/control_ws/install/diffdrive_arduino/share/ament_index/resource_index/packages/diffdrive_arduino
-- Up-to-date: /home/adam/Desktop/sdp-team-12/control_ws/install/diffdrive_arduino/share/ament_index/resource_index/hardware_interface__pluginlib__plugin/diffdrive_arduino
-- Up-to-date: /home/adam/Desktop/sdp-team-12/control_ws/install/diffdrive_arduino/share/diffdrive_arduino/cmake/export_diffdrive_arduinoExport.cmake
-- Up-to-date: /home/adam/Desktop/sdp-team-12/control_ws/install/diffdrive_arduino/share/diffdrive_arduino/cmake/export_diffdrive_arduinoExport-noconfig.cmake
-- Up-to-date: /home/adam/Desktop/sdp-team-12/control_ws/install/diffdrive_arduino/share/diffdrive_arduino/cmake/ament_cmake_export_targets-extras.cmake
-- Up-to-date: /home/adam/Desktop/sdp-team-12/control_ws/install/diffdrive_arduino/share/diffdrive_arduino/cmake/ament_cmake_export_dependencies-extras.cmake
-- Up-to-date: /home/adam/Desktop/sdp-team-12/control_ws/install/diffdrive_arduino/share/diffdrive_arduino/cmake/diffdrive_arduinoConfig.cmake
-- Up-to-date: /home/adam/Desktop/sdp-team-12/control_ws/install/diffdrive_arduino/share/diffdrive_arduino/cmake/diffdrive_arduinoConfig-version.cmake
-- Up-to-date: /home/adam/Desktop/sdp-team-12/control_ws/install/diffdrive_arduino/share/diffdrive_arduino/package.xml
