[0.783s] Invoking command in '/home/adam/Desktop/sdp-team-12/py_img_stream': PYTHONPATH=/home/adam/Desktop/sdp-team-12/build/py_img_stream/prefix_override:/home/adam/Desktop/sdp-team-12/install/py_img_stream/lib/python3.10/site-packages:${PYTHONPATH} /usr/bin/python3 setup.py egg_info --egg-base ../build/py_img_stream build --build-base /home/adam/Desktop/sdp-team-12/build/py_img_stream/build install --record /home/adam/Desktop/sdp-team-12/build/py_img_stream/install.log --single-version-externally-managed
[0.957s] running egg_info
[0.957s] creating ../build/py_img_stream/py_img_stream.egg-info
[0.957s] writing ../build/py_img_stream/py_img_stream.egg-info/PKG-INFO
[0.957s] writing dependency_links to ../build/py_img_stream/py_img_stream.egg-info/dependency_links.txt
[0.957s] writing entry points to ../build/py_img_stream/py_img_stream.egg-info/entry_points.txt
[0.957s] writing requirements to ../build/py_img_stream/py_img_stream.egg-info/requires.txt
[0.957s] writing top-level names to ../build/py_img_stream/py_img_stream.egg-info/top_level.txt
[0.957s] writing manifest file '../build/py_img_stream/py_img_stream.egg-info/SOURCES.txt'
[0.959s] reading manifest file '../build/py_img_stream/py_img_stream.egg-info/SOURCES.txt'
[0.959s] writing manifest file '../build/py_img_stream/py_img_stream.egg-info/SOURCES.txt'
[0.959s] running build
[0.959s] running build_py
[0.960s] creating /home/adam/Desktop/sdp-team-12/build/py_img_stream/build
[0.960s] creating /home/adam/Desktop/sdp-team-12/build/py_img_stream/build/lib
[0.960s] creating /home/adam/Desktop/sdp-team-12/build/py_img_stream/build/lib/py_img_stream
[0.960s] copying py_img_stream/image_pub.py -> /home/adam/Desktop/sdp-team-12/build/py_img_stream/build/lib/py_img_stream
[0.960s] copying py_img_stream/__init__.py -> /home/adam/Desktop/sdp-team-12/build/py_img_stream/build/lib/py_img_stream
[0.960s] copying py_img_stream/image_test_sub.py -> /home/adam/Desktop/sdp-team-12/build/py_img_stream/build/lib/py_img_stream
[0.960s] copying py_img_stream/target_pub.py -> /home/adam/Desktop/sdp-team-12/build/py_img_stream/build/lib/py_img_stream
[0.960s] running install
[0.960s] /usr/lib/python3/dist-packages/setuptools/command/install.py:34: SetuptoolsDeprecationWarning: setup.py install is deprecated. Use build and pip and other standards-based tools.
[0.960s]   warnings.warn(
[0.960s] running install_lib
[0.961s] creating /home/adam/Desktop/sdp-team-12/install/py_img_stream/lib/python3.10/site-packages/py_img_stream
[0.961s] copying /home/adam/Desktop/sdp-team-12/build/py_img_stream/build/lib/py_img_stream/image_pub.py -> /home/adam/Desktop/sdp-team-12/install/py_img_stream/lib/python3.10/site-packages/py_img_stream
[0.961s] copying /home/adam/Desktop/sdp-team-12/build/py_img_stream/build/lib/py_img_stream/__init__.py -> /home/adam/Desktop/sdp-team-12/install/py_img_stream/lib/python3.10/site-packages/py_img_stream
[0.961s] copying /home/adam/Desktop/sdp-team-12/build/py_img_stream/build/lib/py_img_stream/image_test_sub.py -> /home/adam/Desktop/sdp-team-12/install/py_img_stream/lib/python3.10/site-packages/py_img_stream
[0.961s] copying /home/adam/Desktop/sdp-team-12/build/py_img_stream/build/lib/py_img_stream/target_pub.py -> /home/adam/Desktop/sdp-team-12/install/py_img_stream/lib/python3.10/site-packages/py_img_stream
[0.961s] byte-compiling /home/adam/Desktop/sdp-team-12/install/py_img_stream/lib/python3.10/site-packages/py_img_stream/image_pub.py to image_pub.cpython-310.pyc
[0.962s] byte-compiling /home/adam/Desktop/sdp-team-12/install/py_img_stream/lib/python3.10/site-packages/py_img_stream/__init__.py to __init__.cpython-310.pyc
[0.962s] byte-compiling /home/adam/Desktop/sdp-team-12/install/py_img_stream/lib/python3.10/site-packages/py_img_stream/image_test_sub.py to image_test_sub.cpython-310.pyc
[0.963s] byte-compiling /home/adam/Desktop/sdp-team-12/install/py_img_stream/lib/python3.10/site-packages/py_img_stream/target_pub.py to target_pub.cpython-310.pyc
[0.963s] running install_data
[0.963s] creating /home/adam/Desktop/sdp-team-12/install/py_img_stream/share/ament_index
[0.963s] creating /home/adam/Desktop/sdp-team-12/install/py_img_stream/share/ament_index/resource_index
[0.963s] creating /home/adam/Desktop/sdp-team-12/install/py_img_stream/share/ament_index/resource_index/packages
[0.964s] copying resource/py_img_stream -> /home/adam/Desktop/sdp-team-12/install/py_img_stream/share/ament_index/resource_index/packages
[0.964s] copying package.xml -> /home/adam/Desktop/sdp-team-12/install/py_img_stream/share/py_img_stream
[0.964s] running install_egg_info
[0.965s] Copying ../build/py_img_stream/py_img_stream.egg-info to /home/adam/Desktop/sdp-team-12/install/py_img_stream/lib/python3.10/site-packages/py_img_stream-0.0.0-py3.10.egg-info
[0.966s] running install_scripts
[0.980s] Installing pub script to /home/adam/Desktop/sdp-team-12/install/py_img_stream/lib/py_img_stream
[0.980s] Installing sub script to /home/adam/Desktop/sdp-team-12/install/py_img_stream/lib/py_img_stream
[0.980s] Installing target_pub script to /home/adam/Desktop/sdp-team-12/install/py_img_stream/lib/py_img_stream
[0.980s] writing list of installed files to '/home/adam/Desktop/sdp-team-12/build/py_img_stream/install.log'
[1.001s] Invoked command in '/home/adam/Desktop/sdp-team-12/py_img_stream' returned '0': PYTHONPATH=/home/adam/Desktop/sdp-team-12/build/py_img_stream/prefix_override:/home/adam/Desktop/sdp-team-12/install/py_img_stream/lib/python3.10/site-packages:${PYTHONPATH} /usr/bin/python3 setup.py egg_info --egg-base ../build/py_img_stream build --build-base /home/adam/Desktop/sdp-team-12/build/py_img_stream/build install --record /home/adam/Desktop/sdp-team-12/build/py_img_stream/install.log --single-version-externally-managed
