[9.508s] Invoking command in '/mnt/e/UMass_Amherst/SDP/sdp-team-12/src/marker_detection': PYTHONPATH=/mnt/e/UMass_Amherst/SDP/sdp-team-12/build/marker_detection/prefix_override:/mnt/e/UMass_Amherst/SDP/sdp-team-12/install/marker_detection/lib/python3.10/site-packages:${PYTHONPATH} /usr/bin/python3 setup.py egg_info --egg-base ../../build/marker_detection build --build-base /mnt/e/UMass_Amherst/SDP/sdp-team-12/build/marker_detection/build install --record /mnt/e/UMass_Amherst/SDP/sdp-team-12/build/marker_detection/install.log --single-version-externally-managed
[11.870s] running egg_info
[11.889s] writing ../../build/marker_detection/marker_detection.egg-info/PKG-INFO
[11.915s] writing dependency_links to ../../build/marker_detection/marker_detection.egg-info/dependency_links.txt
[11.935s] writing entry points to ../../build/marker_detection/marker_detection.egg-info/entry_points.txt
[11.954s] writing requirements to ../../build/marker_detection/marker_detection.egg-info/requires.txt
[11.968s] writing top-level names to ../../build/marker_detection/marker_detection.egg-info/top_level.txt
[12.075s] reading manifest file '../../build/marker_detection/marker_detection.egg-info/SOURCES.txt'
[12.276s] writing manifest file '../../build/marker_detection/marker_detection.egg-info/SOURCES.txt'
[12.307s] running build
[12.309s] running build_py
[12.399s] copying marker_detection/MarkerDetection.py -> /mnt/e/UMass_Amherst/SDP/sdp-team-12/build/marker_detection/build/lib/marker_detection
[12.563s] running install
[12.566s] /usr/lib/python3/dist-packages/setuptools/command/install.py:34: SetuptoolsDeprecationWarning: setup.py install is deprecated. Use build and pip and other standards-based tools.
[12.568s]   warnings.warn(
[12.570s] running install_lib
[12.850s] copying /mnt/e/UMass_Amherst/SDP/sdp-team-12/build/marker_detection/build/lib/marker_detection/MarkerDetection.py -> /mnt/e/UMass_Amherst/SDP/sdp-team-12/install/marker_detection/lib/python3.10/site-packages/marker_detection
[13.105s] byte-compiling /mnt/e/UMass_Amherst/SDP/sdp-team-12/install/marker_detection/lib/python3.10/site-packages/marker_detection/MarkerDetection.py to MarkerDetection.cpython-310.pyc
[13.256s] running install_data
[13.326s] running install_egg_info
[13.369s] removing '/mnt/e/UMass_Amherst/SDP/sdp-team-12/install/marker_detection/lib/python3.10/site-packages/marker_detection-0.0.0-py3.10.egg-info' (and everything under it)
[13.569s] Copying ../../build/marker_detection/marker_detection.egg-info to /mnt/e/UMass_Amherst/SDP/sdp-team-12/install/marker_detection/lib/python3.10/site-packages/marker_detection-0.0.0-py3.10.egg-info
[14.437s] running install_scripts
[14.686s] Installing detector script to /mnt/e/UMass_Amherst/SDP/sdp-team-12/install/marker_detection/lib/marker_detection
[14.746s] Installing tester script to /mnt/e/UMass_Amherst/SDP/sdp-team-12/install/marker_detection/lib/marker_detection
[14.788s] writing list of installed files to '/mnt/e/UMass_Amherst/SDP/sdp-team-12/build/marker_detection/install.log'
[15.447s] Invoked command in '/mnt/e/UMass_Amherst/SDP/sdp-team-12/src/marker_detection' returned '0': PYTHONPATH=/mnt/e/UMass_Amherst/SDP/sdp-team-12/build/marker_detection/prefix_override:/mnt/e/UMass_Amherst/SDP/sdp-team-12/install/marker_detection/lib/python3.10/site-packages:${PYTHONPATH} /usr/bin/python3 setup.py egg_info --egg-base ../../build/marker_detection build --build-base /mnt/e/UMass_Amherst/SDP/sdp-team-12/build/marker_detection/build install --record /mnt/e/UMass_Amherst/SDP/sdp-team-12/build/marker_detection/install.log --single-version-externally-managed
