-- Found ament_cmake: 1.3.6 (/opt/ros/humble/share/ament_cmake/cmake)
-- Override CMake install command with custom implementation using symlinks instead of copying resources
-- Found hardware_interface: 2.36.0 (/opt/ros/humble/share/hardware_interface/cmake)
-- Found rosidl_generator_c: 3.1.5 (/opt/ros/humble/share/rosidl_generator_c/cmake)
-- Found rosidl_adapter: 3.1.5 (/opt/ros/humble/share/rosidl_adapter/cmake)
-- Found rosidl_generator_cpp: 3.1.5 (/opt/ros/humble/share/rosidl_generator_cpp/cmake)
-- Using all available rosidl_typesupport_c: rosidl_typesupport_fastrtps_c;rosidl_typesupport_introspection_c
-- Using all available rosidl_typesupport_cpp: rosidl_typesupport_fastrtps_cpp;rosidl_typesupport_introspection_cpp
-- Found rmw_implementation_cmake: 6.1.1 (/opt/ros/humble/share/rmw_implementation_cmake/cmake)
-- Found rmw_fastrtps_cpp: 6.2.5 (/opt/ros/humble/share/rmw_fastrtps_cpp/cmake)
-- Found TinyXML2 via Config file: TinyXML2_DIR-NOTFOUND
-- Found TinyXML2 via Config file: TinyXML2_DIR-NOTFOUND
-- Found TinyXML2 via Config file: TinyXML2_DIR-NOTFOUND
-- Found TinyXML2 via Config file: TinyXML2_DIR-NOTFOUND
-- Using RMW implementation 'rmw_fastrtps_cpp' as default
-- Found ament_cmake_gtest: 1.3.6 (/opt/ros/humble/share/ament_cmake_gtest/cmake)
-- Configuring done
-- Generating done
-- Build files have been written to: /home/adam/Desktop/sdp-team-12/control_ws/build/diffdrive_arduino
[35m[1mConsolidate compiler generated dependencies of target diffdrive_arduino[0m
[100%] Built target diffdrive_arduino
-- Install configuration: ""
-- Execute custom install script
-- Symlinking: /home/adam/Desktop/sdp-team-12/control_ws/install/diffdrive_arduino/share/diffdrive_arduino//diffdrive_arduino.xml
-- Symlinking: /home/adam/Desktop/sdp-team-12/control_ws/install/diffdrive_arduino/include/diffdrive_arduino/diffdrive_arduino/arduino_comms.hpp
-- Symlinking: /home/adam/Desktop/sdp-team-12/control_ws/install/diffdrive_arduino/include/diffdrive_arduino/diffdrive_arduino/diffbot_system.hpp
-- Symlinking: /home/adam/Desktop/sdp-team-12/control_ws/install/diffdrive_arduino/include/diffdrive_arduino/diffdrive_arduino/visibility_control.h
-- Symlinking: /home/adam/Desktop/sdp-team-12/control_ws/install/diffdrive_arduino/include/diffdrive_arduino/diffdrive_arduino/wheel.hpp
-- Symlinking: /home/adam/Desktop/sdp-team-12/control_ws/install/diffdrive_arduino/share/diffdrive_arduino/launch/view_robot.launch.py
-- Symlinking: /home/adam/Desktop/sdp-team-12/control_ws/install/diffdrive_arduino/share/diffdrive_arduino/ros2_control/diffbot.ros2_control.xacro
-- Symlinking: /home/adam/Desktop/sdp-team-12/control_ws/install/diffdrive_arduino/share/diffdrive_arduino/urdf/diffbot.materials.xacro
-- Symlinking: /home/adam/Desktop/sdp-team-12/control_ws/install/diffdrive_arduino/share/diffdrive_arduino/urdf/diffbot.urdf.xacro
-- Symlinking: /home/adam/Desktop/sdp-team-12/control_ws/install/diffdrive_arduino/share/diffdrive_arduino/urdf/diffbot_description.urdf.xacro
-- Symlinking: /home/adam/Desktop/sdp-team-12/control_ws/install/diffdrive_arduino/share/diffdrive_arduino/rviz/diffbot.rviz
-- Symlinking: /home/adam/Desktop/sdp-team-12/control_ws/install/diffdrive_arduino/share/diffdrive_arduino/rviz/diffbot_view.rviz
-- Symlinking: /home/adam/Desktop/sdp-team-12/control_ws/install/diffdrive_arduino/share/diffdrive_arduino/launch/diffbot.launch.py
-- Symlinking: /home/adam/Desktop/sdp-team-12/control_ws/install/diffdrive_arduino/share/diffdrive_arduino/config/diffbot_controllers.yaml
-- Symlinking: /home/adam/Desktop/sdp-team-12/control_ws/install/diffdrive_arduino/share/diffdrive_arduino/environment/library_path.sh
-- Symlinking: /home/adam/Desktop/sdp-team-12/control_ws/install/diffdrive_arduino/share/diffdrive_arduino/environment/library_path.dsv
-- Symlinking: /home/adam/Desktop/sdp-team-12/control_ws/install/diffdrive_arduino/share/ament_index/resource_index/package_run_dependencies/diffdrive_arduino
-- Symlinking: /home/adam/Desktop/sdp-team-12/control_ws/install/diffdrive_arduino/share/ament_index/resource_index/parent_prefix_path/diffdrive_arduino
-- Symlinking: /home/adam/Desktop/sdp-team-12/control_ws/install/diffdrive_arduino/share/diffdrive_arduino/environment/ament_prefix_path.sh
-- Symlinking: /home/adam/Desktop/sdp-team-12/control_ws/install/diffdrive_arduino/share/diffdrive_arduino/environment/ament_prefix_path.dsv
-- Symlinking: /home/adam/Desktop/sdp-team-12/control_ws/install/diffdrive_arduino/share/diffdrive_arduino/environment/path.sh
-- Symlinking: /home/adam/Desktop/sdp-team-12/control_ws/install/diffdrive_arduino/share/diffdrive_arduino/environment/path.dsv
-- Symlinking: /home/adam/Desktop/sdp-team-12/control_ws/install/diffdrive_arduino/share/diffdrive_arduino/local_setup.bash
-- Symlinking: /home/adam/Desktop/sdp-team-12/control_ws/install/diffdrive_arduino/share/diffdrive_arduino/local_setup.sh
-- Symlinking: /home/adam/Desktop/sdp-team-12/control_ws/install/diffdrive_arduino/share/diffdrive_arduino/local_setup.zsh
-- Symlinking: /home/adam/Desktop/sdp-team-12/control_ws/install/diffdrive_arduino/share/diffdrive_arduino/local_setup.dsv
-- Symlinking: /home/adam/Desktop/sdp-team-12/control_ws/install/diffdrive_arduino/share/diffdrive_arduino/package.dsv
-- Symlinking: /home/adam/Desktop/sdp-team-12/control_ws/install/diffdrive_arduino/share/ament_index/resource_index/packages/diffdrive_arduino
-- Symlinking: /home/adam/Desktop/sdp-team-12/control_ws/install/diffdrive_arduino/share/ament_index/resource_index/hardware_interface__pluginlib__plugin/diffdrive_arduino
-- Symlinking: /home/adam/Desktop/sdp-team-12/control_ws/install/diffdrive_arduino/share/diffdrive_arduino/cmake/ament_cmake_export_targets-extras.cmake
-- Symlinking: /home/adam/Desktop/sdp-team-12/control_ws/install/diffdrive_arduino/share/diffdrive_arduino/cmake/ament_cmake_export_dependencies-extras.cmake
-- Symlinking: /home/adam/Desktop/sdp-team-12/control_ws/install/diffdrive_arduino/share/diffdrive_arduino/cmake/diffdrive_arduinoConfig.cmake
-- Symlinking: /home/adam/Desktop/sdp-team-12/control_ws/install/diffdrive_arduino/share/diffdrive_arduino/cmake/diffdrive_arduinoConfig-version.cmake
-- Symlinking: /home/adam/Desktop/sdp-team-12/control_ws/install/diffdrive_arduino/share/diffdrive_arduino/package.xml
-- Up-to-date: /home/adam/Desktop/sdp-team-12/control_ws/install/diffdrive_arduino/lib/libdiffdrive_arduino.so
-- Up-to-date: /home/adam/Desktop/sdp-team-12/control_ws/install/diffdrive_arduino/share/diffdrive_arduino/cmake/export_diffdrive_arduinoExport.cmake
-- Up-to-date: /home/adam/Desktop/sdp-team-12/control_ws/install/diffdrive_arduino/share/diffdrive_arduino/cmake/export_diffdrive_arduinoExport-noconfig.cmake
