[5.204s] Invoking command in '/mnt/e/UMass_Amherst/SDP/sdp-team-12/navigator': PYTHONPATH=/mnt/e/UMass_Amherst/SDP/sdp-team-12/build/navigator/prefix_override:/mnt/e/UMass_Amherst/SDP/sdp-team-12/install/navigator/lib/python3.10/site-packages:${PYTHONPATH} /usr/bin/python3 setup.py egg_info --egg-base ../build/navigator build --build-base /mnt/e/UMass_Amherst/SDP/sdp-team-12/build/navigator/build install --record /mnt/e/UMass_Amherst/SDP/sdp-team-12/build/navigator/install.log --single-version-externally-managed
[7.207s] running egg_info
[7.224s] writing ../build/navigator/navigator.egg-info/PKG-INFO
[7.251s] writing dependency_links to ../build/navigator/navigator.egg-info/dependency_links.txt
[7.283s] writing entry points to ../build/navigator/navigator.egg-info/entry_points.txt
[7.348s] writing requirements to ../build/navigator/navigator.egg-info/requires.txt
[7.364s] writing top-level names to ../build/navigator/navigator.egg-info/top_level.txt
[7.470s] reading manifest file '../build/navigator/navigator.egg-info/SOURCES.txt'
[7.668s] writing manifest file '../build/navigator/navigator.egg-info/SOURCES.txt'
[7.779s] running build
[7.781s] running build_py
[7.908s] copying navigator/nav2pose.py -> /mnt/e/UMass_Amherst/SDP/sdp-team-12/build/navigator/build/lib/navigator
[8.068s] running install
[8.070s] /usr/lib/python3/dist-packages/setuptools/command/install.py:34: SetuptoolsDeprecationWarning: setup.py install is deprecated. Use build and pip and other standards-based tools.
[8.072s]   warnings.warn(
[8.074s] running install_lib
[8.312s] copying /mnt/e/UMass_Amherst/SDP/sdp-team-12/build/navigator/build/lib/navigator/nav2pose.py -> /mnt/e/UMass_Amherst/SDP/sdp-team-12/install/navigator/lib/python3.10/site-packages/navigator
[8.541s] byte-compiling /mnt/e/UMass_Amherst/SDP/sdp-team-12/install/navigator/lib/python3.10/site-packages/navigator/nav2pose.py to nav2pose.cpython-310.pyc
[8.695s] running install_data
[8.784s] running install_egg_info
[8.812s] removing '/mnt/e/UMass_Amherst/SDP/sdp-team-12/install/navigator/lib/python3.10/site-packages/navigator-0.0.0-py3.10.egg-info' (and everything under it)
[9.030s] Copying ../build/navigator/navigator.egg-info to /mnt/e/UMass_Amherst/SDP/sdp-team-12/install/navigator/lib/python3.10/site-packages/navigator-0.0.0-py3.10.egg-info
[9.580s] running install_scripts
[9.700s] Installing keyboard script to /mnt/e/UMass_Amherst/SDP/sdp-team-12/install/navigator/lib/navigator
[9.728s] Installing nav2pose script to /mnt/e/UMass_Amherst/SDP/sdp-team-12/install/navigator/lib/navigator
[9.773s] writing list of installed files to '/mnt/e/UMass_Amherst/SDP/sdp-team-12/build/navigator/install.log'
[9.820s] Invoked command in '/mnt/e/UMass_Amherst/SDP/sdp-team-12/navigator' returned '0': PYTHONPATH=/mnt/e/UMass_Amherst/SDP/sdp-team-12/build/navigator/prefix_override:/mnt/e/UMass_Amherst/SDP/sdp-team-12/install/navigator/lib/python3.10/site-packages:${PYTHONPATH} /usr/bin/python3 setup.py egg_info --egg-base ../build/navigator build --build-base /mnt/e/UMass_Amherst/SDP/sdp-team-12/build/navigator/build install --record /mnt/e/UMass_Amherst/SDP/sdp-team-12/build/navigator/install.log --single-version-externally-managed
