[1.057s] Invoking command in '/home/adam/Desktop/sdp-team-12/py_serial': PYTHONPATH=/home/adam/Desktop/sdp-team-12/build/py_serial/prefix_override:/home/adam/Desktop/sdp-team-12/install/py_serial/lib/python3.10/site-packages:${PYTHONPATH} /usr/bin/python3 setup.py egg_info --egg-base ../build/py_serial build --build-base /home/adam/Desktop/sdp-team-12/build/py_serial/build install --record /home/adam/Desktop/sdp-team-12/build/py_serial/install.log --single-version-externally-managed
[1.265s] running egg_info
[1.266s] writing ../build/py_serial/py_serial.egg-info/PKG-INFO
[1.266s] writing dependency_links to ../build/py_serial/py_serial.egg-info/dependency_links.txt
[1.266s] writing entry points to ../build/py_serial/py_serial.egg-info/entry_points.txt
[1.266s] writing requirements to ../build/py_serial/py_serial.egg-info/requires.txt
[1.266s] writing top-level names to ../build/py_serial/py_serial.egg-info/top_level.txt
[1.268s] reading manifest file '../build/py_serial/py_serial.egg-info/SOURCES.txt'
[1.269s] writing manifest file '../build/py_serial/py_serial.egg-info/SOURCES.txt'
[1.269s] running build
[1.269s] running build_py
[1.270s] running install
[1.270s] /usr/lib/python3/dist-packages/setuptools/command/install.py:34: SetuptoolsDeprecationWarning: setup.py install is deprecated. Use build and pip and other standards-based tools.
[1.270s]   warnings.warn(
[1.270s] running install_lib
[1.273s] running install_data
[1.273s] running install_egg_info
[1.275s] removing '/home/adam/Desktop/sdp-team-12/install/py_serial/lib/python3.10/site-packages/py_serial-0.0.0-py3.10.egg-info' (and everything under it)
[1.275s] Copying ../build/py_serial/py_serial.egg-info to /home/adam/Desktop/sdp-team-12/install/py_serial/lib/python3.10/site-packages/py_serial-0.0.0-py3.10.egg-info
[1.276s] running install_scripts
[1.294s] Installing serial_handler script to /home/adam/Desktop/sdp-team-12/install/py_serial/lib/py_serial
[1.294s] writing list of installed files to '/home/adam/Desktop/sdp-team-12/build/py_serial/install.log'
[1.320s] Invoked command in '/home/adam/Desktop/sdp-team-12/py_serial' returned '0': PYTHONPATH=/home/adam/Desktop/sdp-team-12/build/py_serial/prefix_override:/home/adam/Desktop/sdp-team-12/install/py_serial/lib/python3.10/site-packages:${PYTHONPATH} /usr/bin/python3 setup.py egg_info --egg-base ../build/py_serial build --build-base /home/adam/Desktop/sdp-team-12/build/py_serial/build install --record /home/adam/Desktop/sdp-team-12/build/py_serial/install.log --single-version-externally-managed
