[0.072s] Invoking command in '/home/adam/Desktop/sdp-team-12/control_ws/build/serial': CMAKE_PREFIX_PATH=${CMAKE_PREFIX_PATH}:/opt/ros/humble /usr/bin/cmake --build /home/adam/Desktop/sdp-team-12/control_ws/build/serial -- -j8 -l8
[0.138s] [ 28%] Built target serial
[0.143s] [ 42%] Built target gtest_main
[0.152s] [ 57%] Built target gtest
[0.177s] [ 71%] Built target serial_example
[0.183s] [ 85%] Built target serial-test
[0.183s] [100%] Built target serial-test-timer
[0.268s] Invoked command in '/home/adam/Desktop/sdp-team-12/control_ws/build/serial' returned '0': CMAKE_PREFIX_PATH=${CMAKE_PREFIX_PATH}:/opt/ros/humble /usr/bin/cmake --build /home/adam/Desktop/sdp-team-12/control_ws/build/serial -- -j8 -l8
[0.580s] Invoking command in '/home/adam/Desktop/sdp-team-12/control_ws/build/serial': CMAKE_PREFIX_PATH=${CMAKE_PREFIX_PATH}:/opt/ros/humble /usr/bin/cmake --install /home/adam/Desktop/sdp-team-12/control_ws/build/serial
[0.636s] -- Install configuration: ""
[0.637s] -- Execute custom install script
[0.637s] -- Up-to-date symlink: /home/adam/Desktop/sdp-team-12/control_ws/install/serial/lib/libserial.a
[0.637s] -- Up-to-date symlink: /home/adam/Desktop/sdp-team-12/control_ws/install/serial/include/serial/serial.h
[0.637s] -- Up-to-date symlink: /home/adam/Desktop/sdp-team-12/control_ws/install/serial/include/serial/v8stdint.h
[0.638s] -- Up-to-date symlink: /home/adam/Desktop/sdp-team-12/control_ws/install/serial/share/serial/environment/library_path.sh
[0.638s] -- Up-to-date symlink: /home/adam/Desktop/sdp-team-12/control_ws/install/serial/share/serial/environment/library_path.dsv
[0.638s] -- Up-to-date symlink: /home/adam/Desktop/sdp-team-12/control_ws/install/serial/share/ament_index/resource_index/package_run_dependencies/serial
[0.639s] -- Up-to-date symlink: /home/adam/Desktop/sdp-team-12/control_ws/install/serial/share/ament_index/resource_index/parent_prefix_path/serial
[0.640s] -- Up-to-date symlink: /home/adam/Desktop/sdp-team-12/control_ws/install/serial/share/serial/environment/ament_prefix_path.sh
[0.640s] -- Up-to-date symlink: /home/adam/Desktop/sdp-team-12/control_ws/install/serial/share/serial/environment/ament_prefix_path.dsv
[0.641s] -- Up-to-date symlink: /home/adam/Desktop/sdp-team-12/control_ws/install/serial/share/serial/environment/path.sh
[0.641s] -- Up-to-date symlink: /home/adam/Desktop/sdp-team-12/control_ws/install/serial/share/serial/environment/path.dsv
[0.641s] -- Up-to-date symlink: /home/adam/Desktop/sdp-team-12/control_ws/install/serial/share/serial/local_setup.bash
[0.641s] -- Up-to-date symlink: /home/adam/Desktop/sdp-team-12/control_ws/install/serial/share/serial/local_setup.sh
[0.641s] -- Up-to-date symlink: /home/adam/Desktop/sdp-team-12/control_ws/install/serial/share/serial/local_setup.zsh
[0.641s] -- Up-to-date symlink: /home/adam/Desktop/sdp-team-12/control_ws/install/serial/share/serial/local_setup.dsv
[0.641s] -- Symlinking: /home/adam/Desktop/sdp-team-12/control_ws/install/serial/share/serial/package.dsv
[0.642s] -- Up-to-date symlink: /home/adam/Desktop/sdp-team-12/control_ws/install/serial/share/ament_index/resource_index/packages/serial
[0.642s] -- Up-to-date symlink: /home/adam/Desktop/sdp-team-12/control_ws/install/serial/share/serial/cmake/ament_cmake_export_include_directories-extras.cmake
[0.642s] -- Up-to-date symlink: /home/adam/Desktop/sdp-team-12/control_ws/install/serial/share/serial/cmake/ament_cmake_export_libraries-extras.cmake
[0.642s] -- Up-to-date symlink: /home/adam/Desktop/sdp-team-12/control_ws/install/serial/share/serial/cmake/serialConfig.cmake
[0.642s] -- Up-to-date symlink: /home/adam/Desktop/sdp-team-12/control_ws/install/serial/share/serial/cmake/serialConfig-version.cmake
[0.642s] -- Up-to-date symlink: /home/adam/Desktop/sdp-team-12/control_ws/install/serial/share/serial/package.xml
[0.744s] Invoked command in '/home/adam/Desktop/sdp-team-12/control_ws/build/serial' returned '0': CMAKE_PREFIX_PATH=${CMAKE_PREFIX_PATH}:/opt/ros/humble /usr/bin/cmake --install /home/adam/Desktop/sdp-team-12/control_ws/build/serial
