[1.497s] Invoking command in '/media/sf_SDP/sdp-team-12/build/basic_mobile_robot': CMAKE_PREFIX_PATH=${CMAKE_PREFIX_PATH}:/media/sf_SDP/sdp-team-12/install/navigator:/opt/ros/humble /usr/bin/cmake --build /media/sf_SDP/sdp-team-12/build/basic_mobile_robot -- -j4 -l4
[3.196s] Invoked command in '/media/sf_SDP/sdp-team-12/build/basic_mobile_robot' returned '0': CMAKE_PREFIX_PATH=${CMAKE_PREFIX_PATH}:/media/sf_SDP/sdp-team-12/install/navigator:/opt/ros/humble /usr/bin/cmake --build /media/sf_SDP/sdp-team-12/build/basic_mobile_robot -- -j4 -l4
[3.520s] Invoking command in '/media/sf_SDP/sdp-team-12/build/basic_mobile_robot': CMAKE_PREFIX_PATH=${CMAKE_PREFIX_PATH}:/media/sf_SDP/sdp-team-12/install/navigator:/opt/ros/humble /usr/bin/cmake --install /media/sf_SDP/sdp-team-12/build/basic_mobile_robot
[3.618s] -- Install configuration: ""
[3.625s] -- Up-to-date: /media/sf_SDP/sdp-team-12/install/basic_mobile_robot/share/basic_mobile_robot/config
[3.631s] -- Up-to-date: /media/sf_SDP/sdp-team-12/install/basic_mobile_robot/share/basic_mobile_robot/config/ekf.yaml
[3.637s] -- Up-to-date: /media/sf_SDP/sdp-team-12/install/basic_mobile_robot/share/basic_mobile_robot/config/ekf2.yaml
[3.641s] -- Up-to-date: /media/sf_SDP/sdp-team-12/install/basic_mobile_robot/share/basic_mobile_robot/launch
[3.649s] -- Up-to-date: /media/sf_SDP/sdp-team-12/install/basic_mobile_robot/share/basic_mobile_robot/launch/basic_mobile_bot_v1.launch.py
[3.652s] -- Up-to-date: /media/sf_SDP/sdp-team-12/install/basic_mobile_robot/share/basic_mobile_robot/launch/basic_mobile_bot_v2.launch.py
[3.657s] -- Up-to-date: /media/sf_SDP/sdp-team-12/install/basic_mobile_robot/share/basic_mobile_robot/launch/basic_mobile_bot_v3.launch.py
[3.659s] -- Up-to-date: /media/sf_SDP/sdp-team-12/install/basic_mobile_robot/share/basic_mobile_robot/launch/basic_mobile_bot_v4.launch.py
[3.666s] -- Up-to-date: /media/sf_SDP/sdp-team-12/install/basic_mobile_robot/share/basic_mobile_robot/launch/basic_mobile_bot_v5.launch.py
[3.668s] -- Up-to-date: /media/sf_SDP/sdp-team-12/install/basic_mobile_robot/share/basic_mobile_robot/meshes
[3.678s] -- Up-to-date: /media/sf_SDP/sdp-team-12/install/basic_mobile_robot/share/basic_mobile_robot/meshes/arm_base.stl
[3.682s] -- Up-to-date: /media/sf_SDP/sdp-team-12/install/basic_mobile_robot/share/basic_mobile_robot/meshes/bicep.stl
[3.686s] -- Up-to-date: /media/sf_SDP/sdp-team-12/install/basic_mobile_robot/share/basic_mobile_robot/meshes/elbow.stl
[3.690s] -- Up-to-date: /media/sf_SDP/sdp-team-12/install/basic_mobile_robot/share/basic_mobile_robot/meshes/robot_base.stl
[3.696s] -- Up-to-date: /media/sf_SDP/sdp-team-12/install/basic_mobile_robot/share/basic_mobile_robot/meshes/wheel.stl
[3.701s] -- Up-to-date: /media/sf_SDP/sdp-team-12/install/basic_mobile_robot/share/basic_mobile_robot/meshes/wrist.stl
[3.704s] -- Up-to-date: /media/sf_SDP/sdp-team-12/install/basic_mobile_robot/share/basic_mobile_robot/maps
[3.714s] -- Up-to-date: /media/sf_SDP/sdp-team-12/install/basic_mobile_robot/share/basic_mobile_robot/maps/smalltown_world.pgm
[3.720s] -- Up-to-date: /media/sf_SDP/sdp-team-12/install/basic_mobile_robot/share/basic_mobile_robot/maps/smalltown_world.yaml
[3.727s] -- Up-to-date: /media/sf_SDP/sdp-team-12/install/basic_mobile_robot/share/basic_mobile_robot/maps/generated_map.pgm
[3.731s] -- Up-to-date: /media/sf_SDP/sdp-team-12/install/basic_mobile_robot/share/basic_mobile_robot/maps/generated_map.yaml
[3.741s] -- Up-to-date: /media/sf_SDP/sdp-team-12/install/basic_mobile_robot/share/basic_mobile_robot/models
[3.749s] -- Up-to-date: /media/sf_SDP/sdp-team-12/install/basic_mobile_robot/share/basic_mobile_robot/models/basic_mobile_bot_description
[3.757s] -- Up-to-date: /media/sf_SDP/sdp-team-12/install/basic_mobile_robot/share/basic_mobile_robot/models/basic_mobile_bot_description/meshes
[3.765s] -- Up-to-date: /media/sf_SDP/sdp-team-12/install/basic_mobile_robot/share/basic_mobile_robot/models/basic_mobile_bot_description/meshes/arm_base.stl
[3.777s] -- Up-to-date: /media/sf_SDP/sdp-team-12/install/basic_mobile_robot/share/basic_mobile_robot/models/basic_mobile_bot_description/meshes/bicep.stl
[3.780s] -- Up-to-date: /media/sf_SDP/sdp-team-12/install/basic_mobile_robot/share/basic_mobile_robot/models/basic_mobile_bot_description/meshes/elbow.stl
[3.785s] -- Up-to-date: /media/sf_SDP/sdp-team-12/install/basic_mobile_robot/share/basic_mobile_robot/models/basic_mobile_bot_description/meshes/robot_base.stl
[3.792s] -- Up-to-date: /media/sf_SDP/sdp-team-12/install/basic_mobile_robot/share/basic_mobile_robot/models/basic_mobile_bot_description/meshes/wheel.stl
[3.799s] -- Up-to-date: /media/sf_SDP/sdp-team-12/install/basic_mobile_robot/share/basic_mobile_robot/models/basic_mobile_bot_description/meshes/wrist.stl
[3.806s] -- Up-to-date: /media/sf_SDP/sdp-team-12/install/basic_mobile_robot/share/basic_mobile_robot/models/basic_mobile_bot_description/model.config
[3.812s] -- Up-to-date: /media/sf_SDP/sdp-team-12/install/basic_mobile_robot/share/basic_mobile_robot/models/basic_mobile_bot_description/model.sdf
[3.818s] -- Up-to-date: /media/sf_SDP/sdp-team-12/install/basic_mobile_robot/share/basic_mobile_robot/models/basic_mobile_bot_v1.urdf
[3.822s] -- Up-to-date: /media/sf_SDP/sdp-team-12/install/basic_mobile_robot/share/basic_mobile_robot/models/basic_mobile_bot_v2.urdf
[3.829s] -- Up-to-date: /media/sf_SDP/sdp-team-12/install/basic_mobile_robot/share/basic_mobile_robot/params
[3.837s] -- Up-to-date: /media/sf_SDP/sdp-team-12/install/basic_mobile_robot/share/basic_mobile_robot/params/nav2_params.yaml
[3.842s] -- Up-to-date: /media/sf_SDP/sdp-team-12/install/basic_mobile_robot/share/basic_mobile_robot/rviz
[3.850s] -- Up-to-date: /media/sf_SDP/sdp-team-12/install/basic_mobile_robot/share/basic_mobile_robot/rviz/nav2_config.rviz
[3.855s] -- Up-to-date: /media/sf_SDP/sdp-team-12/install/basic_mobile_robot/share/basic_mobile_robot/rviz/urdf_config.rviz
[3.862s] -- Up-to-date: /media/sf_SDP/sdp-team-12/install/basic_mobile_robot/share/basic_mobile_robot/src
[3.870s] -- Up-to-date: /media/sf_SDP/sdp-team-12/install/basic_mobile_robot/share/basic_mobile_robot/worlds
[3.878s] -- Up-to-date: /media/sf_SDP/sdp-team-12/install/basic_mobile_robot/share/basic_mobile_robot/worlds/basic_mobile_bot_world
[3.885s] -- Up-to-date: /media/sf_SDP/sdp-team-12/install/basic_mobile_robot/share/basic_mobile_robot/worlds/basic_mobile_bot_world/smalltown.world
[3.895s] -- Up-to-date: /media/sf_SDP/sdp-team-12/install/basic_mobile_robot/share/ament_index/resource_index/package_run_dependencies/basic_mobile_robot
[3.901s] -- Up-to-date: /media/sf_SDP/sdp-team-12/install/basic_mobile_robot/share/ament_index/resource_index/parent_prefix_path/basic_mobile_robot
[3.905s] -- Up-to-date: /media/sf_SDP/sdp-team-12/install/basic_mobile_robot/share/basic_mobile_robot/environment/ament_prefix_path.sh
[3.912s] -- Up-to-date: /media/sf_SDP/sdp-team-12/install/basic_mobile_robot/share/basic_mobile_robot/environment/ament_prefix_path.dsv
[3.916s] -- Up-to-date: /media/sf_SDP/sdp-team-12/install/basic_mobile_robot/share/basic_mobile_robot/environment/path.sh
[3.920s] -- Up-to-date: /media/sf_SDP/sdp-team-12/install/basic_mobile_robot/share/basic_mobile_robot/environment/path.dsv
[3.929s] -- Up-to-date: /media/sf_SDP/sdp-team-12/install/basic_mobile_robot/share/basic_mobile_robot/local_setup.bash
[3.941s] -- Up-to-date: /media/sf_SDP/sdp-team-12/install/basic_mobile_robot/share/basic_mobile_robot/local_setup.sh
[3.949s] -- Up-to-date: /media/sf_SDP/sdp-team-12/install/basic_mobile_robot/share/basic_mobile_robot/local_setup.zsh
[3.954s] -- Up-to-date: /media/sf_SDP/sdp-team-12/install/basic_mobile_robot/share/basic_mobile_robot/local_setup.dsv
[3.991s] -- Installing: /media/sf_SDP/sdp-team-12/install/basic_mobile_robot/share/basic_mobile_robot/package.dsv
[4.165s] -- Up-to-date: /media/sf_SDP/sdp-team-12/install/basic_mobile_robot/share/ament_index/resource_index/packages/basic_mobile_robot
[4.173s] -- Up-to-date: /media/sf_SDP/sdp-team-12/install/basic_mobile_robot/share/basic_mobile_robot/cmake/basic_mobile_robotConfig.cmake
[4.179s] -- Up-to-date: /media/sf_SDP/sdp-team-12/install/basic_mobile_robot/share/basic_mobile_robot/cmake/basic_mobile_robotConfig-version.cmake
[4.188s] -- Up-to-date: /media/sf_SDP/sdp-team-12/install/basic_mobile_robot/share/basic_mobile_robot/package.xml
[4.253s] Invoked command in '/media/sf_SDP/sdp-team-12/build/basic_mobile_robot' returned '0': CMAKE_PREFIX_PATH=${CMAKE_PREFIX_PATH}:/media/sf_SDP/sdp-team-12/install/navigator:/opt/ros/humble /usr/bin/cmake --install /media/sf_SDP/sdp-team-12/build/basic_mobile_robot
