[0.707s] Invoking command in '/home/sdp12/sdp-team-12/build/basic_mobile_robot': CMAKE_PREFIX_PATH=${CMAKE_PREFIX_PATH}:/opt/ros/humble /usr/bin/cmake /home/sdp12/sdp-team-12/basic_mobile_robot -DCMAKE_INSTALL_PREFIX=/home/sdp12/sdp-team-12/install/basic_mobile_robot
[1.388s] -- The C compiler identification is GNU 11.4.0
[1.866s] -- The CXX compiler identification is GNU 11.4.0
[1.985s] -- Detecting C compiler ABI info
[4.341s] -- Detecting C compiler ABI info - done
[4.455s] -- Check for working C compiler: /usr/bin/cc - skipped
[4.458s] -- Detecting C compile features
[4.466s] -- Detecting C compile features - done
[4.538s] -- Detecting CXX compiler ABI info
[6.176s] -- Detecting CXX compiler ABI info - done
[6.288s] -- Check for working CXX compiler: /usr/bin/c++ - skipped
[6.291s] -- Detecting CXX compile features
[6.295s] -- Detecting CXX compile features - done
[6.466s] -- Found ament_cmake: 1.3.5 (/opt/ros/humble/share/ament_cmake/cmake)
[6.898s] -- Found Python3: /usr/bin/python3.10 (found version "3.10.12") found components: Interpreter 
[7.721s] -- Found ament_lint_auto: 0.12.8 (/opt/ros/humble/share/ament_lint_auto/cmake)
[9.216s] -- Added test 'flake8' to check Python code syntax and style conventions
[9.345s] -- Added test 'lint_cmake' to check CMake code style
[9.379s] -- Added test 'pep257' to check Python code against some of the docstring style conventions in PEP 257
[9.719s] -- Added test 'xmllint' to check XML markup files
[10.109s] -- Configuring done
[11.727s] -- Generating done
[11.899s] -- Build files have been written to: /home/sdp12/sdp-team-12/build/basic_mobile_robot
[11.913s] Invoked command in '/home/sdp12/sdp-team-12/build/basic_mobile_robot' returned '0': CMAKE_PREFIX_PATH=${CMAKE_PREFIX_PATH}:/opt/ros/humble /usr/bin/cmake /home/sdp12/sdp-team-12/basic_mobile_robot -DCMAKE_INSTALL_PREFIX=/home/sdp12/sdp-team-12/install/basic_mobile_robot
[11.927s] Invoking command in '/home/sdp12/sdp-team-12/build/basic_mobile_robot': CMAKE_PREFIX_PATH=${CMAKE_PREFIX_PATH}:/opt/ros/humble /usr/bin/cmake --build /home/sdp12/sdp-team-12/build/basic_mobile_robot -- -j4 -l4
[12.080s] Invoked command in '/home/sdp12/sdp-team-12/build/basic_mobile_robot' returned '0': CMAKE_PREFIX_PATH=${CMAKE_PREFIX_PATH}:/opt/ros/humble /usr/bin/cmake --build /home/sdp12/sdp-team-12/build/basic_mobile_robot -- -j4 -l4
[12.238s] Invoking command in '/home/sdp12/sdp-team-12/build/basic_mobile_robot': CMAKE_PREFIX_PATH=${CMAKE_PREFIX_PATH}:/opt/ros/humble /usr/bin/cmake --install /home/sdp12/sdp-team-12/build/basic_mobile_robot
[12.266s] -- Install configuration: ""
[12.332s] -- Installing: /home/sdp12/sdp-team-12/install/basic_mobile_robot/share/basic_mobile_robot/config
[12.443s] -- Installing: /home/sdp12/sdp-team-12/install/basic_mobile_robot/share/basic_mobile_robot/config/ekf.yaml
[12.511s] -- Installing: /home/sdp12/sdp-team-12/install/basic_mobile_robot/share/basic_mobile_robot/launch
[12.529s] -- Installing: /home/sdp12/sdp-team-12/install/basic_mobile_robot/share/basic_mobile_robot/launch/basic_mobile_bot_v1.launch.py
[12.584s] -- Installing: /home/sdp12/sdp-team-12/install/basic_mobile_robot/share/basic_mobile_robot/launch/basic_mobile_bot_v2.launch.py
[12.638s] -- Installing: /home/sdp12/sdp-team-12/install/basic_mobile_robot/share/basic_mobile_robot/launch/basic_mobile_bot_v3.launch.py
[12.681s] -- Installing: /home/sdp12/sdp-team-12/install/basic_mobile_robot/share/basic_mobile_robot/launch/basic_mobile_bot_v4.launch.py
[12.730s] -- Installing: /home/sdp12/sdp-team-12/install/basic_mobile_robot/share/basic_mobile_robot/launch/basic_mobile_bot_v5.launch.py
[12.837s] -- Installing: /home/sdp12/sdp-team-12/install/basic_mobile_robot/share/basic_mobile_robot/maps
[12.859s] -- Installing: /home/sdp12/sdp-team-12/install/basic_mobile_robot/share/basic_mobile_robot/maps/smalltown_world.pgm
[14.244s] -- Installing: /home/sdp12/sdp-team-12/install/basic_mobile_robot/share/basic_mobile_robot/maps/smalltown_world.yaml
[14.393s] -- Installing: /home/sdp12/sdp-team-12/install/basic_mobile_robot/share/basic_mobile_robot/models
[14.485s] -- Installing: /home/sdp12/sdp-team-12/install/basic_mobile_robot/share/basic_mobile_robot/models/basic_mobile_bot_v1.urdf
[14.752s] -- Installing: /home/sdp12/sdp-team-12/install/basic_mobile_robot/share/basic_mobile_robot/models/basic_mobile_bot_description
[14.800s] -- Installing: /home/sdp12/sdp-team-12/install/basic_mobile_robot/share/basic_mobile_robot/models/basic_mobile_bot_description/model.config
[14.905s] -- Installing: /home/sdp12/sdp-team-12/install/basic_mobile_robot/share/basic_mobile_robot/models/basic_mobile_bot_description/meshes
[14.934s] -- Installing: /home/sdp12/sdp-team-12/install/basic_mobile_robot/share/basic_mobile_robot/models/basic_mobile_bot_description/meshes/arm_base.stl
[15.302s] -- Installing: /home/sdp12/sdp-team-12/install/basic_mobile_robot/share/basic_mobile_robot/models/basic_mobile_bot_description/meshes/bicep.stl
[15.720s] -- Installing: /home/sdp12/sdp-team-12/install/basic_mobile_robot/share/basic_mobile_robot/models/basic_mobile_bot_description/meshes/elbow.stl
[15.878s] -- Installing: /home/sdp12/sdp-team-12/install/basic_mobile_robot/share/basic_mobile_robot/models/basic_mobile_bot_description/meshes/robot_base.stl
[16.053s] -- Installing: /home/sdp12/sdp-team-12/install/basic_mobile_robot/share/basic_mobile_robot/models/basic_mobile_bot_description/meshes/wheel.stl
[16.183s] -- Installing: /home/sdp12/sdp-team-12/install/basic_mobile_robot/share/basic_mobile_robot/models/basic_mobile_bot_description/meshes/wrist.stl
[16.372s] -- Installing: /home/sdp12/sdp-team-12/install/basic_mobile_robot/share/basic_mobile_robot/models/basic_mobile_bot_description/model.sdf
[16.460s] -- Installing: /home/sdp12/sdp-team-12/install/basic_mobile_robot/share/basic_mobile_robot/models/basic_mobile_bot_v2.urdf
[16.553s] -- Installing: /home/sdp12/sdp-team-12/install/basic_mobile_robot/share/basic_mobile_robot/params
[16.562s] -- Installing: /home/sdp12/sdp-team-12/install/basic_mobile_robot/share/basic_mobile_robot/params/nav2_params.yaml
[16.670s] -- Installing: /home/sdp12/sdp-team-12/install/basic_mobile_robot/share/basic_mobile_robot/rviz
[16.713s] -- Installing: /home/sdp12/sdp-team-12/install/basic_mobile_robot/share/basic_mobile_robot/rviz/urdf_config.rviz
[16.743s] -- Installing: /home/sdp12/sdp-team-12/install/basic_mobile_robot/share/basic_mobile_robot/rviz/nav2_config.rviz
[16.839s] -- Installing: /home/sdp12/sdp-team-12/install/basic_mobile_robot/share/basic_mobile_robot/src
[16.877s] -- Installing: /home/sdp12/sdp-team-12/install/basic_mobile_robot/share/basic_mobile_robot/worlds
[16.955s] -- Installing: /home/sdp12/sdp-team-12/install/basic_mobile_robot/share/basic_mobile_robot/worlds/basic_mobile_bot_world
[17.234s] -- Installing: /home/sdp12/sdp-team-12/install/basic_mobile_robot/share/basic_mobile_robot/worlds/basic_mobile_bot_world/smalltown.world
[17.737s] -- Installing: /home/sdp12/sdp-team-12/install/basic_mobile_robot/share/ament_index/resource_index/package_run_dependencies/basic_mobile_robot
[17.827s] -- Installing: /home/sdp12/sdp-team-12/install/basic_mobile_robot/share/ament_index/resource_index/parent_prefix_path/basic_mobile_robot
[17.971s] -- Installing: /home/sdp12/sdp-team-12/install/basic_mobile_robot/share/basic_mobile_robot/environment/ament_prefix_path.sh
[18.007s] -- Installing: /home/sdp12/sdp-team-12/install/basic_mobile_robot/share/basic_mobile_robot/environment/ament_prefix_path.dsv
[18.151s] -- Installing: /home/sdp12/sdp-team-12/install/basic_mobile_robot/share/basic_mobile_robot/environment/path.sh
[18.228s] -- Installing: /home/sdp12/sdp-team-12/install/basic_mobile_robot/share/basic_mobile_robot/environment/path.dsv
[18.284s] -- Installing: /home/sdp12/sdp-team-12/install/basic_mobile_robot/share/basic_mobile_robot/local_setup.bash
[18.315s] -- Installing: /home/sdp12/sdp-team-12/install/basic_mobile_robot/share/basic_mobile_robot/local_setup.sh
[18.360s] -- Installing: /home/sdp12/sdp-team-12/install/basic_mobile_robot/share/basic_mobile_robot/local_setup.zsh
[18.439s] -- Installing: /home/sdp12/sdp-team-12/install/basic_mobile_robot/share/basic_mobile_robot/local_setup.dsv
[18.568s] -- Installing: /home/sdp12/sdp-team-12/install/basic_mobile_robot/share/basic_mobile_robot/package.dsv
[18.705s] -- Installing: /home/sdp12/sdp-team-12/install/basic_mobile_robot/share/ament_index/resource_index/packages/basic_mobile_robot
[18.796s] -- Installing: /home/sdp12/sdp-team-12/install/basic_mobile_robot/share/basic_mobile_robot/cmake/basic_mobile_robotConfig.cmake
[18.834s] -- Installing: /home/sdp12/sdp-team-12/install/basic_mobile_robot/share/basic_mobile_robot/cmake/basic_mobile_robotConfig-version.cmake
[18.910s] -- Installing: /home/sdp12/sdp-team-12/install/basic_mobile_robot/share/basic_mobile_robot/package.xml
[18.989s] Invoked command in '/home/sdp12/sdp-team-12/build/basic_mobile_robot' returned '0': CMAKE_PREFIX_PATH=${CMAKE_PREFIX_PATH}:/opt/ros/humble /usr/bin/cmake --install /home/sdp12/sdp-team-12/build/basic_mobile_robot
