[0.836s] Invoking command in '/home/adam/Desktop/sdp-team-12/navigator': PYTHONPATH=/home/adam/Desktop/sdp-team-12/build/navigator/prefix_override:/home/adam/Desktop/sdp-team-12/install/navigator/lib/python3.10/site-packages:${PYTHONPATH} /usr/bin/python3 setup.py egg_info --egg-base ../build/navigator build --build-base /home/adam/Desktop/sdp-team-12/build/navigator/build install --record /home/adam/Desktop/sdp-team-12/build/navigator/install.log --single-version-externally-managed
[0.997s] running egg_info
[0.997s] writing ../build/navigator/navigator.egg-info/PKG-INFO
[0.997s] writing dependency_links to ../build/navigator/navigator.egg-info/dependency_links.txt
[0.998s] writing entry points to ../build/navigator/navigator.egg-info/entry_points.txt
[0.998s] writing requirements to ../build/navigator/navigator.egg-info/requires.txt
[0.998s] writing top-level names to ../build/navigator/navigator.egg-info/top_level.txt
[0.999s] reading manifest file '../build/navigator/navigator.egg-info/SOURCES.txt'
[1.000s] writing manifest file '../build/navigator/navigator.egg-info/SOURCES.txt'
[1.000s] running build
[1.000s] running build_py
[1.001s] running install
[1.001s] /usr/lib/python3/dist-packages/setuptools/command/install.py:34: SetuptoolsDeprecationWarning: setup.py install is deprecated. Use build and pip and other standards-based tools.
[1.001s]   warnings.warn(
[1.002s] running install_lib
[1.003s] running install_data
[1.003s] running install_egg_info
[1.004s] removing '/home/adam/Desktop/sdp-team-12/install/navigator/lib/python3.10/site-packages/navigator-0.0.0-py3.10.egg-info' (and everything under it)
[1.005s] Copying ../build/navigator/navigator.egg-info to /home/adam/Desktop/sdp-team-12/install/navigator/lib/python3.10/site-packages/navigator-0.0.0-py3.10.egg-info
[1.005s] running install_scripts
[1.020s] Installing cmdvelsub script to /home/adam/Desktop/sdp-team-12/install/navigator/lib/navigator
[1.020s] Installing coordpub script to /home/adam/Desktop/sdp-team-12/install/navigator/lib/navigator
[1.020s] Installing keyboard script to /home/adam/Desktop/sdp-team-12/install/navigator/lib/navigator
[1.020s] Installing nav2pose script to /home/adam/Desktop/sdp-team-12/install/navigator/lib/navigator
[1.020s] Installing odomsub script to /home/adam/Desktop/sdp-team-12/install/navigator/lib/navigator
[1.020s] Installing tfbr script to /home/adam/Desktop/sdp-team-12/install/navigator/lib/navigator
[1.021s] writing list of installed files to '/home/adam/Desktop/sdp-team-12/build/navigator/install.log'
[1.044s] Invoked command in '/home/adam/Desktop/sdp-team-12/navigator' returned '0': PYTHONPATH=/home/adam/Desktop/sdp-team-12/build/navigator/prefix_override:/home/adam/Desktop/sdp-team-12/install/navigator/lib/python3.10/site-packages:${PYTHONPATH} /usr/bin/python3 setup.py egg_info --egg-base ../build/navigator build --build-base /home/adam/Desktop/sdp-team-12/build/navigator/build install --record /home/adam/Desktop/sdp-team-12/build/navigator/install.log --single-version-externally-managed
