[0.224s] Invoking command in '/home/adam/Desktop/sdp-team-12/control_ws/build/diffdrive_arduino': CMAKE_PREFIX_PATH=${CMAKE_PREFIX_PATH}:/opt/ros/humble /usr/bin/cmake /home/adam/Desktop/sdp-team-12/control_ws/src/diffdrive_arduino -DCMAKE_INSTALL_PREFIX=/home/adam/Desktop/sdp-team-12/control_ws/install/diffdrive_arduino
[0.235s] -- Found ament_cmake: 1.3.6 (/opt/ros/humble/share/ament_cmake/cmake)
[0.378s] -- Override CMake install command with custom implementation using symlinks instead of copying resources
[0.387s] -- Found hardware_interface: 2.36.0 (/opt/ros/humble/share/hardware_interface/cmake)
[0.418s] -- Found rosidl_generator_c: 3.1.5 (/opt/ros/humble/share/rosidl_generator_c/cmake)
[0.422s] -- Found rosidl_adapter: 3.1.5 (/opt/ros/humble/share/rosidl_adapter/cmake)
[0.429s] -- Found rosidl_generator_cpp: 3.1.5 (/opt/ros/humble/share/rosidl_generator_cpp/cmake)
[0.446s] -- Using all available rosidl_typesupport_c: rosidl_typesupport_fastrtps_c;rosidl_typesupport_introspection_c
[0.468s] -- Using all available rosidl_typesupport_cpp: rosidl_typesupport_fastrtps_cpp;rosidl_typesupport_introspection_cpp
[1.122s] -- Found rmw_implementation_cmake: 6.1.1 (/opt/ros/humble/share/rmw_implementation_cmake/cmake)
[1.125s] -- Found rmw_fastrtps_cpp: 6.2.5 (/opt/ros/humble/share/rmw_fastrtps_cpp/cmake)
[1.166s] -- Found TinyXML2 via Config file: TinyXML2_DIR-NOTFOUND
[1.198s] -- Found TinyXML2 via Config file: TinyXML2_DIR-NOTFOUND
[1.238s] -- Found TinyXML2 via Config file: TinyXML2_DIR-NOTFOUND
[1.249s] -- Found TinyXML2 via Config file: TinyXML2_DIR-NOTFOUND
[1.264s] -- Using RMW implementation 'rmw_fastrtps_cpp' as default
[1.556s] -- Found ament_cmake_gtest: 1.3.6 (/opt/ros/humble/share/ament_cmake_gtest/cmake)
[1.646s] -- Configuring done
[1.673s] -- Generating done
[1.685s] -- Build files have been written to: /home/adam/Desktop/sdp-team-12/control_ws/build/diffdrive_arduino
[1.696s] Invoked command in '/home/adam/Desktop/sdp-team-12/control_ws/build/diffdrive_arduino' returned '0': CMAKE_PREFIX_PATH=${CMAKE_PREFIX_PATH}:/opt/ros/humble /usr/bin/cmake /home/adam/Desktop/sdp-team-12/control_ws/src/diffdrive_arduino -DCMAKE_INSTALL_PREFIX=/home/adam/Desktop/sdp-team-12/control_ws/install/diffdrive_arduino
[1.699s] Invoking command in '/home/adam/Desktop/sdp-team-12/control_ws/build/diffdrive_arduino': CMAKE_PREFIX_PATH=${CMAKE_PREFIX_PATH}:/opt/ros/humble /usr/bin/cmake --build /home/adam/Desktop/sdp-team-12/control_ws/build/diffdrive_arduino -- -j8 -l8
[2.101s] [35m[1mConsolidate compiler generated dependencies of target diffdrive_arduino[0m
[2.101s] [100%] Built target diffdrive_arduino
[2.105s] Invoked command in '/home/adam/Desktop/sdp-team-12/control_ws/build/diffdrive_arduino' returned '0': CMAKE_PREFIX_PATH=${CMAKE_PREFIX_PATH}:/opt/ros/humble /usr/bin/cmake --build /home/adam/Desktop/sdp-team-12/control_ws/build/diffdrive_arduino -- -j8 -l8
[2.150s] Invoking command in '/home/adam/Desktop/sdp-team-12/control_ws/build/diffdrive_arduino': CMAKE_PREFIX_PATH=${CMAKE_PREFIX_PATH}:/opt/ros/humble /usr/bin/cmake --install /home/adam/Desktop/sdp-team-12/control_ws/build/diffdrive_arduino
[2.242s] -- Install configuration: ""
[2.242s] -- Execute custom install script
[2.242s] -- Up-to-date symlink: /home/adam/Desktop/sdp-team-12/control_ws/install/diffdrive_arduino/share/diffdrive_arduino//diffdrive_arduino.xml
[2.244s] -- Up-to-date symlink: /home/adam/Desktop/sdp-team-12/control_ws/install/diffdrive_arduino/include/diffdrive_arduino/diffdrive_arduino/arduino_comms.hpp
[2.244s] -- Up-to-date symlink: /home/adam/Desktop/sdp-team-12/control_ws/install/diffdrive_arduino/include/diffdrive_arduino/diffdrive_arduino/diffbot_system.hpp
[2.244s] -- Up-to-date symlink: /home/adam/Desktop/sdp-team-12/control_ws/install/diffdrive_arduino/include/diffdrive_arduino/diffdrive_arduino/visibility_control.h
[2.244s] -- Up-to-date symlink: /home/adam/Desktop/sdp-team-12/control_ws/install/diffdrive_arduino/include/diffdrive_arduino/diffdrive_arduino/wheel.hpp
[2.244s] -- Up-to-date symlink: /home/adam/Desktop/sdp-team-12/control_ws/install/diffdrive_arduino/share/diffdrive_arduino/launch/view_robot.launch.py
[2.244s] -- Up-to-date symlink: /home/adam/Desktop/sdp-team-12/control_ws/install/diffdrive_arduino/share/diffdrive_arduino/ros2_control/diffbot.ros2_control.xacro
[2.244s] -- Up-to-date symlink: /home/adam/Desktop/sdp-team-12/control_ws/install/diffdrive_arduino/share/diffdrive_arduino/urdf/diffbot.materials.xacro
[2.245s] -- Up-to-date symlink: /home/adam/Desktop/sdp-team-12/control_ws/install/diffdrive_arduino/share/diffdrive_arduino/urdf/diffbot.urdf.xacro
[2.245s] -- Up-to-date symlink: /home/adam/Desktop/sdp-team-12/control_ws/install/diffdrive_arduino/share/diffdrive_arduino/urdf/diffbot_description.urdf.xacro
[2.245s] -- Up-to-date symlink: /home/adam/Desktop/sdp-team-12/control_ws/install/diffdrive_arduino/share/diffdrive_arduino/rviz/diffbot.rviz
[2.245s] -- Up-to-date symlink: /home/adam/Desktop/sdp-team-12/control_ws/install/diffdrive_arduino/share/diffdrive_arduino/rviz/diffbot_view.rviz
[2.245s] -- Up-to-date symlink: /home/adam/Desktop/sdp-team-12/control_ws/install/diffdrive_arduino/share/diffdrive_arduino/launch/diffbot.launch.py
[2.245s] -- Up-to-date symlink: /home/adam/Desktop/sdp-team-12/control_ws/install/diffdrive_arduino/share/diffdrive_arduino/config/diffbot_controllers.yaml
[2.245s] -- Up-to-date symlink: /home/adam/Desktop/sdp-team-12/control_ws/install/diffdrive_arduino/share/diffdrive_arduino/environment/library_path.sh
[2.245s] -- Up-to-date symlink: /home/adam/Desktop/sdp-team-12/control_ws/install/diffdrive_arduino/share/diffdrive_arduino/environment/library_path.dsv
[2.245s] -- Up-to-date symlink: /home/adam/Desktop/sdp-team-12/control_ws/install/diffdrive_arduino/share/ament_index/resource_index/package_run_dependencies/diffdrive_arduino
[2.245s] -- Up-to-date symlink: /home/adam/Desktop/sdp-team-12/control_ws/install/diffdrive_arduino/share/ament_index/resource_index/parent_prefix_path/diffdrive_arduino
[2.245s] -- Up-to-date symlink: /home/adam/Desktop/sdp-team-12/control_ws/install/diffdrive_arduino/share/diffdrive_arduino/environment/ament_prefix_path.sh
[2.245s] -- Up-to-date symlink: /home/adam/Desktop/sdp-team-12/control_ws/install/diffdrive_arduino/share/diffdrive_arduino/environment/ament_prefix_path.dsv
[2.245s] -- Up-to-date symlink: /home/adam/Desktop/sdp-team-12/control_ws/install/diffdrive_arduino/share/diffdrive_arduino/environment/path.sh
[2.246s] -- Up-to-date symlink: /home/adam/Desktop/sdp-team-12/control_ws/install/diffdrive_arduino/share/diffdrive_arduino/environment/path.dsv
[2.246s] -- Up-to-date symlink: /home/adam/Desktop/sdp-team-12/control_ws/install/diffdrive_arduino/share/diffdrive_arduino/local_setup.bash
[2.246s] -- Up-to-date symlink: /home/adam/Desktop/sdp-team-12/control_ws/install/diffdrive_arduino/share/diffdrive_arduino/local_setup.sh
[2.246s] -- Up-to-date symlink: /home/adam/Desktop/sdp-team-12/control_ws/install/diffdrive_arduino/share/diffdrive_arduino/local_setup.zsh
[2.246s] -- Up-to-date symlink: /home/adam/Desktop/sdp-team-12/control_ws/install/diffdrive_arduino/share/diffdrive_arduino/local_setup.dsv
[2.246s] -- Symlinking: /home/adam/Desktop/sdp-team-12/control_ws/install/diffdrive_arduino/share/diffdrive_arduino/package.dsv
[2.246s] -- Up-to-date symlink: /home/adam/Desktop/sdp-team-12/control_ws/install/diffdrive_arduino/share/ament_index/resource_index/packages/diffdrive_arduino
[2.246s] -- Up-to-date symlink: /home/adam/Desktop/sdp-team-12/control_ws/install/diffdrive_arduino/share/ament_index/resource_index/hardware_interface__pluginlib__plugin/diffdrive_arduino
[2.246s] -- Up-to-date symlink: /home/adam/Desktop/sdp-team-12/control_ws/install/diffdrive_arduino/share/diffdrive_arduino/cmake/ament_cmake_export_targets-extras.cmake
[2.246s] -- Up-to-date symlink: /home/adam/Desktop/sdp-team-12/control_ws/install/diffdrive_arduino/share/diffdrive_arduino/cmake/ament_cmake_export_dependencies-extras.cmake
[2.246s] -- Up-to-date symlink: /home/adam/Desktop/sdp-team-12/control_ws/install/diffdrive_arduino/share/diffdrive_arduino/cmake/diffdrive_arduinoConfig.cmake
[2.246s] -- Up-to-date symlink: /home/adam/Desktop/sdp-team-12/control_ws/install/diffdrive_arduino/share/diffdrive_arduino/cmake/diffdrive_arduinoConfig-version.cmake
[2.246s] -- Up-to-date symlink: /home/adam/Desktop/sdp-team-12/control_ws/install/diffdrive_arduino/share/diffdrive_arduino/package.xml
[2.246s] -- Up-to-date: /home/adam/Desktop/sdp-team-12/control_ws/install/diffdrive_arduino/lib/libdiffdrive_arduino.so
[2.247s] -- Up-to-date: /home/adam/Desktop/sdp-team-12/control_ws/install/diffdrive_arduino/share/diffdrive_arduino/cmake/export_diffdrive_arduinoExport.cmake
[2.247s] -- Up-to-date: /home/adam/Desktop/sdp-team-12/control_ws/install/diffdrive_arduino/share/diffdrive_arduino/cmake/export_diffdrive_arduinoExport-noconfig.cmake
[2.254s] Invoked command in '/home/adam/Desktop/sdp-team-12/control_ws/build/diffdrive_arduino' returned '0': CMAKE_PREFIX_PATH=${CMAKE_PREFIX_PATH}:/opt/ros/humble /usr/bin/cmake --install /home/adam/Desktop/sdp-team-12/control_ws/build/diffdrive_arduino
