[0.218s] Invoking command in '/home/adam/Desktop/sdp-team-12/control_ws/build/ros2_control_demo_example_6': CMAKE_PREFIX_PATH=/home/adam/Desktop/sdp-team-12/control_ws/install/ros2_control_demo_description:/home/adam/Desktop/sdp-team-12/control_ws/install/serial:/home/adam/Desktop/sdp-team-12/control_ws/install/ros2_control_demos:/home/adam/Desktop/sdp-team-12/control_ws/install/ros2_control_demo_example_9:/home/adam/Desktop/sdp-team-12/control_ws/install/ros2_control_demo_example_8:/home/adam/Desktop/sdp-team-12/control_ws/install/ros2_control_demo_example_7:/home/adam/Desktop/sdp-team-12/control_ws/install/ros2_control_demo_example_6:/home/adam/Desktop/sdp-team-12/control_ws/install/ros2_control_demo_example_5:/home/adam/Desktop/sdp-team-12/control_ws/install/ros2_control_demo_example_4:/home/adam/Desktop/sdp-team-12/control_ws/install/ros2_control_demo_example_3:/home/adam/Desktop/sdp-team-12/control_ws/install/ros2_control_demo_example_2:/home/adam/Desktop/sdp-team-12/control_ws/install/ros2_control_demo_example_14:/home/adam/Desktop/sdp-team-12/control_ws/install/ros2_control_demo_example_12:/home/adam/Desktop/sdp-team-12/control_ws/install/ros2_control_demo_example_10:/home/adam/Desktop/sdp-team-12/control_ws/install/ros2_control_demo_example_1:/home/adam/Desktop/sdp-team-12/control_ws/install/diffdrive_arduino:/home/adam/Desktop/sdp-team-12/control_ws/install/my_bot:/opt/ros/humble /usr/bin/cmake /home/adam/Desktop/sdp-team-12/control_ws/src/ros2_control_demos/example_6 -DCMAKE_INSTALL_PREFIX=/home/adam/Desktop/sdp-team-12/control_ws/install/ros2_control_demo_example_6
[0.230s] -- Found ament_cmake: 1.3.6 (/opt/ros/humble/share/ament_cmake/cmake)
[0.378s] -- Override CMake install command with custom implementation using symlinks instead of copying resources
[0.383s] -- Found hardware_interface: 2.36.0 (/opt/ros/humble/share/hardware_interface/cmake)
[0.405s] -- Found rosidl_generator_c: 3.1.5 (/opt/ros/humble/share/rosidl_generator_c/cmake)
[0.406s] -- Found rosidl_adapter: 3.1.5 (/opt/ros/humble/share/rosidl_adapter/cmake)
[0.411s] -- Found rosidl_generator_cpp: 3.1.5 (/opt/ros/humble/share/rosidl_generator_cpp/cmake)
[0.420s] -- Using all available rosidl_typesupport_c: rosidl_typesupport_fastrtps_c;rosidl_typesupport_introspection_c
[0.432s] -- Using all available rosidl_typesupport_cpp: rosidl_typesupport_fastrtps_cpp;rosidl_typesupport_introspection_cpp
[0.921s] -- Found rmw_implementation_cmake: 6.1.1 (/opt/ros/humble/share/rmw_implementation_cmake/cmake)
[0.921s] -- Found rmw_fastrtps_cpp: 6.2.5 (/opt/ros/humble/share/rmw_fastrtps_cpp/cmake)
[0.946s] -- Found TinyXML2 via Config file: TinyXML2_DIR-NOTFOUND
[0.953s] -- Found TinyXML2 via Config file: TinyXML2_DIR-NOTFOUND
[0.971s] -- Found TinyXML2 via Config file: TinyXML2_DIR-NOTFOUND
[0.978s] -- Found TinyXML2 via Config file: TinyXML2_DIR-NOTFOUND
[0.988s] -- Using RMW implementation 'rmw_fastrtps_cpp' as default
[1.162s] -- Found ament_cmake_gtest: 1.3.6 (/opt/ros/humble/share/ament_cmake_gtest/cmake)
[1.232s] -- Configuring done
[1.258s] -- Generating done
[1.260s] -- Build files have been written to: /home/adam/Desktop/sdp-team-12/control_ws/build/ros2_control_demo_example_6
[1.271s] Invoked command in '/home/adam/Desktop/sdp-team-12/control_ws/build/ros2_control_demo_example_6' returned '0': CMAKE_PREFIX_PATH=/home/adam/Desktop/sdp-team-12/control_ws/install/ros2_control_demo_description:/home/adam/Desktop/sdp-team-12/control_ws/install/serial:/home/adam/Desktop/sdp-team-12/control_ws/install/ros2_control_demos:/home/adam/Desktop/sdp-team-12/control_ws/install/ros2_control_demo_example_9:/home/adam/Desktop/sdp-team-12/control_ws/install/ros2_control_demo_example_8:/home/adam/Desktop/sdp-team-12/control_ws/install/ros2_control_demo_example_7:/home/adam/Desktop/sdp-team-12/control_ws/install/ros2_control_demo_example_6:/home/adam/Desktop/sdp-team-12/control_ws/install/ros2_control_demo_example_5:/home/adam/Desktop/sdp-team-12/control_ws/install/ros2_control_demo_example_4:/home/adam/Desktop/sdp-team-12/control_ws/install/ros2_control_demo_example_3:/home/adam/Desktop/sdp-team-12/control_ws/install/ros2_control_demo_example_2:/home/adam/Desktop/sdp-team-12/control_ws/install/ros2_control_demo_example_14:/home/adam/Desktop/sdp-team-12/control_ws/install/ros2_control_demo_example_12:/home/adam/Desktop/sdp-team-12/control_ws/install/ros2_control_demo_example_10:/home/adam/Desktop/sdp-team-12/control_ws/install/ros2_control_demo_example_1:/home/adam/Desktop/sdp-team-12/control_ws/install/diffdrive_arduino:/home/adam/Desktop/sdp-team-12/control_ws/install/my_bot:/opt/ros/humble /usr/bin/cmake /home/adam/Desktop/sdp-team-12/control_ws/src/ros2_control_demos/example_6 -DCMAKE_INSTALL_PREFIX=/home/adam/Desktop/sdp-team-12/control_ws/install/ros2_control_demo_example_6
[1.272s] Invoking command in '/home/adam/Desktop/sdp-team-12/control_ws/build/ros2_control_demo_example_6': CMAKE_PREFIX_PATH=/home/adam/Desktop/sdp-team-12/control_ws/install/ros2_control_demo_description:/home/adam/Desktop/sdp-team-12/control_ws/install/serial:/home/adam/Desktop/sdp-team-12/control_ws/install/ros2_control_demos:/home/adam/Desktop/sdp-team-12/control_ws/install/ros2_control_demo_example_9:/home/adam/Desktop/sdp-team-12/control_ws/install/ros2_control_demo_example_8:/home/adam/Desktop/sdp-team-12/control_ws/install/ros2_control_demo_example_7:/home/adam/Desktop/sdp-team-12/control_ws/install/ros2_control_demo_example_6:/home/adam/Desktop/sdp-team-12/control_ws/install/ros2_control_demo_example_5:/home/adam/Desktop/sdp-team-12/control_ws/install/ros2_control_demo_example_4:/home/adam/Desktop/sdp-team-12/control_ws/install/ros2_control_demo_example_3:/home/adam/Desktop/sdp-team-12/control_ws/install/ros2_control_demo_example_2:/home/adam/Desktop/sdp-team-12/control_ws/install/ros2_control_demo_example_14:/home/adam/Desktop/sdp-team-12/control_ws/install/ros2_control_demo_example_12:/home/adam/Desktop/sdp-team-12/control_ws/install/ros2_control_demo_example_10:/home/adam/Desktop/sdp-team-12/control_ws/install/ros2_control_demo_example_1:/home/adam/Desktop/sdp-team-12/control_ws/install/diffdrive_arduino:/home/adam/Desktop/sdp-team-12/control_ws/install/my_bot:/opt/ros/humble /usr/bin/cmake --build /home/adam/Desktop/sdp-team-12/control_ws/build/ros2_control_demo_example_6 -- -j8 -l8
[1.322s] [35m[1mConsolidate compiler generated dependencies of target ros2_control_demo_example_6[0m
[1.342s] [100%] Built target ros2_control_demo_example_6
[1.355s] Invoked command in '/home/adam/Desktop/sdp-team-12/control_ws/build/ros2_control_demo_example_6' returned '0': CMAKE_PREFIX_PATH=/home/adam/Desktop/sdp-team-12/control_ws/install/ros2_control_demo_description:/home/adam/Desktop/sdp-team-12/control_ws/install/serial:/home/adam/Desktop/sdp-team-12/control_ws/install/ros2_control_demos:/home/adam/Desktop/sdp-team-12/control_ws/install/ros2_control_demo_example_9:/home/adam/Desktop/sdp-team-12/control_ws/install/ros2_control_demo_example_8:/home/adam/Desktop/sdp-team-12/control_ws/install/ros2_control_demo_example_7:/home/adam/Desktop/sdp-team-12/control_ws/install/ros2_control_demo_example_6:/home/adam/Desktop/sdp-team-12/control_ws/install/ros2_control_demo_example_5:/home/adam/Desktop/sdp-team-12/control_ws/install/ros2_control_demo_example_4:/home/adam/Desktop/sdp-team-12/control_ws/install/ros2_control_demo_example_3:/home/adam/Desktop/sdp-team-12/control_ws/install/ros2_control_demo_example_2:/home/adam/Desktop/sdp-team-12/control_ws/install/ros2_control_demo_example_14:/home/adam/Desktop/sdp-team-12/control_ws/install/ros2_control_demo_example_12:/home/adam/Desktop/sdp-team-12/control_ws/install/ros2_control_demo_example_10:/home/adam/Desktop/sdp-team-12/control_ws/install/ros2_control_demo_example_1:/home/adam/Desktop/sdp-team-12/control_ws/install/diffdrive_arduino:/home/adam/Desktop/sdp-team-12/control_ws/install/my_bot:/opt/ros/humble /usr/bin/cmake --build /home/adam/Desktop/sdp-team-12/control_ws/build/ros2_control_demo_example_6 -- -j8 -l8
[1.431s] Invoking command in '/home/adam/Desktop/sdp-team-12/control_ws/build/ros2_control_demo_example_6': CMAKE_PREFIX_PATH=/home/adam/Desktop/sdp-team-12/control_ws/install/ros2_control_demo_description:/home/adam/Desktop/sdp-team-12/control_ws/install/serial:/home/adam/Desktop/sdp-team-12/control_ws/install/ros2_control_demos:/home/adam/Desktop/sdp-team-12/control_ws/install/ros2_control_demo_example_9:/home/adam/Desktop/sdp-team-12/control_ws/install/ros2_control_demo_example_8:/home/adam/Desktop/sdp-team-12/control_ws/install/ros2_control_demo_example_7:/home/adam/Desktop/sdp-team-12/control_ws/install/ros2_control_demo_example_6:/home/adam/Desktop/sdp-team-12/control_ws/install/ros2_control_demo_example_5:/home/adam/Desktop/sdp-team-12/control_ws/install/ros2_control_demo_example_4:/home/adam/Desktop/sdp-team-12/control_ws/install/ros2_control_demo_example_3:/home/adam/Desktop/sdp-team-12/control_ws/install/ros2_control_demo_example_2:/home/adam/Desktop/sdp-team-12/control_ws/install/ros2_control_demo_example_14:/home/adam/Desktop/sdp-team-12/control_ws/install/ros2_control_demo_example_12:/home/adam/Desktop/sdp-team-12/control_ws/install/ros2_control_demo_example_10:/home/adam/Desktop/sdp-team-12/control_ws/install/ros2_control_demo_example_1:/home/adam/Desktop/sdp-team-12/control_ws/install/diffdrive_arduino:/home/adam/Desktop/sdp-team-12/control_ws/install/my_bot:/opt/ros/humble /usr/bin/cmake --install /home/adam/Desktop/sdp-team-12/control_ws/build/ros2_control_demo_example_6
[1.440s] -- Install configuration: ""
[1.440s] -- Execute custom install script
[1.441s] -- Up-to-date symlink: /home/adam/Desktop/sdp-team-12/control_ws/install/ros2_control_demo_example_6/share/ros2_control_demo_example_6//ros2_control_demo_example_6.xml
[1.441s] -- Up-to-date symlink: /home/adam/Desktop/sdp-team-12/control_ws/install/ros2_control_demo_example_6/include/ros2_control_demo_example_6/ros2_control_demo_example_6/rrbot_actuator.hpp
[1.441s] -- Up-to-date symlink: /home/adam/Desktop/sdp-team-12/control_ws/install/ros2_control_demo_example_6/include/ros2_control_demo_example_6/ros2_control_demo_example_6/visibility_control.h
[1.441s] -- Up-to-date symlink: /home/adam/Desktop/sdp-team-12/control_ws/install/ros2_control_demo_example_6/share/ros2_control_demo_example_6/launch/view_robot.launch.py
[1.442s] -- Up-to-date symlink: /home/adam/Desktop/sdp-team-12/control_ws/install/ros2_control_demo_example_6/share/ros2_control_demo_example_6/ros2_control/rrbot_modular_actuators.ros2_control.xacro
[1.442s] -- Up-to-date symlink: /home/adam/Desktop/sdp-team-12/control_ws/install/ros2_control_demo_example_6/share/ros2_control_demo_example_6/urdf/rrbot_modular_actuators.urdf.xacro
[1.442s] -- Up-to-date symlink: /home/adam/Desktop/sdp-team-12/control_ws/install/ros2_control_demo_example_6/share/ros2_control_demo_example_6/launch/rrbot_modular_actuators.launch.py
[1.442s] -- Up-to-date symlink: /home/adam/Desktop/sdp-team-12/control_ws/install/ros2_control_demo_example_6/share/ros2_control_demo_example_6/launch/test_forward_position_controller.launch.py
[1.442s] -- Up-to-date symlink: /home/adam/Desktop/sdp-team-12/control_ws/install/ros2_control_demo_example_6/share/ros2_control_demo_example_6/config/rrbot_forward_position_publisher.yaml
[1.443s] -- Up-to-date symlink: /home/adam/Desktop/sdp-team-12/control_ws/install/ros2_control_demo_example_6/share/ros2_control_demo_example_6/config/rrbot_modular_actuators.yaml
[1.443s] -- Up-to-date symlink: /home/adam/Desktop/sdp-team-12/control_ws/install/ros2_control_demo_example_6/share/ros2_control_demo_example_6/environment/library_path.sh
[1.443s] -- Up-to-date symlink: /home/adam/Desktop/sdp-team-12/control_ws/install/ros2_control_demo_example_6/share/ros2_control_demo_example_6/environment/library_path.dsv
[1.443s] -- Up-to-date symlink: /home/adam/Desktop/sdp-team-12/control_ws/install/ros2_control_demo_example_6/share/ament_index/resource_index/package_run_dependencies/ros2_control_demo_example_6
[1.443s] -- Up-to-date symlink: /home/adam/Desktop/sdp-team-12/control_ws/install/ros2_control_demo_example_6/share/ament_index/resource_index/parent_prefix_path/ros2_control_demo_example_6
[1.443s] -- Up-to-date symlink: /home/adam/Desktop/sdp-team-12/control_ws/install/ros2_control_demo_example_6/share/ros2_control_demo_example_6/environment/ament_prefix_path.sh
[1.444s] -- Up-to-date symlink: /home/adam/Desktop/sdp-team-12/control_ws/install/ros2_control_demo_example_6/share/ros2_control_demo_example_6/environment/ament_prefix_path.dsv
[1.444s] -- Up-to-date symlink: /home/adam/Desktop/sdp-team-12/control_ws/install/ros2_control_demo_example_6/share/ros2_control_demo_example_6/environment/path.sh
[1.444s] -- Up-to-date symlink: /home/adam/Desktop/sdp-team-12/control_ws/install/ros2_control_demo_example_6/share/ros2_control_demo_example_6/environment/path.dsv
[1.444s] -- Up-to-date symlink: /home/adam/Desktop/sdp-team-12/control_ws/install/ros2_control_demo_example_6/share/ros2_control_demo_example_6/local_setup.bash
[1.444s] -- Up-to-date symlink: /home/adam/Desktop/sdp-team-12/control_ws/install/ros2_control_demo_example_6/share/ros2_control_demo_example_6/local_setup.sh
[1.444s] -- Up-to-date symlink: /home/adam/Desktop/sdp-team-12/control_ws/install/ros2_control_demo_example_6/share/ros2_control_demo_example_6/local_setup.zsh
[1.444s] -- Up-to-date symlink: /home/adam/Desktop/sdp-team-12/control_ws/install/ros2_control_demo_example_6/share/ros2_control_demo_example_6/local_setup.dsv
[1.445s] -- Symlinking: /home/adam/Desktop/sdp-team-12/control_ws/install/ros2_control_demo_example_6/share/ros2_control_demo_example_6/package.dsv
[1.456s] -- Up-to-date symlink: /home/adam/Desktop/sdp-team-12/control_ws/install/ros2_control_demo_example_6/share/ament_index/resource_index/packages/ros2_control_demo_example_6
[1.456s] -- Up-to-date symlink: /home/adam/Desktop/sdp-team-12/control_ws/install/ros2_control_demo_example_6/share/ament_index/resource_index/hardware_interface__pluginlib__plugin/ros2_control_demo_example_6
[1.456s] -- Up-to-date symlink: /home/adam/Desktop/sdp-team-12/control_ws/install/ros2_control_demo_example_6/share/ros2_control_demo_example_6/cmake/ament_cmake_export_targets-extras.cmake
[1.458s] -- Up-to-date symlink: /home/adam/Desktop/sdp-team-12/control_ws/install/ros2_control_demo_example_6/share/ros2_control_demo_example_6/cmake/ament_cmake_export_dependencies-extras.cmake
[1.458s] -- Up-to-date symlink: /home/adam/Desktop/sdp-team-12/control_ws/install/ros2_control_demo_example_6/share/ros2_control_demo_example_6/cmake/ros2_control_demo_example_6Config.cmake
[1.458s] -- Up-to-date symlink: /home/adam/Desktop/sdp-team-12/control_ws/install/ros2_control_demo_example_6/share/ros2_control_demo_example_6/cmake/ros2_control_demo_example_6Config-version.cmake
[1.459s] -- Up-to-date symlink: /home/adam/Desktop/sdp-team-12/control_ws/install/ros2_control_demo_example_6/share/ros2_control_demo_example_6/package.xml
[1.459s] -- Up-to-date: /home/adam/Desktop/sdp-team-12/control_ws/install/ros2_control_demo_example_6/lib/libros2_control_demo_example_6.so
[1.459s] -- Up-to-date: /home/adam/Desktop/sdp-team-12/control_ws/install/ros2_control_demo_example_6/share/ros2_control_demo_example_6/cmake/export_ros2_control_demo_example_6Export.cmake
[1.460s] -- Up-to-date: /home/adam/Desktop/sdp-team-12/control_ws/install/ros2_control_demo_example_6/share/ros2_control_demo_example_6/cmake/export_ros2_control_demo_example_6Export-noconfig.cmake
[1.535s] Invoked command in '/home/adam/Desktop/sdp-team-12/control_ws/build/ros2_control_demo_example_6' returned '0': CMAKE_PREFIX_PATH=/home/adam/Desktop/sdp-team-12/control_ws/install/ros2_control_demo_description:/home/adam/Desktop/sdp-team-12/control_ws/install/serial:/home/adam/Desktop/sdp-team-12/control_ws/install/ros2_control_demos:/home/adam/Desktop/sdp-team-12/control_ws/install/ros2_control_demo_example_9:/home/adam/Desktop/sdp-team-12/control_ws/install/ros2_control_demo_example_8:/home/adam/Desktop/sdp-team-12/control_ws/install/ros2_control_demo_example_7:/home/adam/Desktop/sdp-team-12/control_ws/install/ros2_control_demo_example_6:/home/adam/Desktop/sdp-team-12/control_ws/install/ros2_control_demo_example_5:/home/adam/Desktop/sdp-team-12/control_ws/install/ros2_control_demo_example_4:/home/adam/Desktop/sdp-team-12/control_ws/install/ros2_control_demo_example_3:/home/adam/Desktop/sdp-team-12/control_ws/install/ros2_control_demo_example_2:/home/adam/Desktop/sdp-team-12/control_ws/install/ros2_control_demo_example_14:/home/adam/Desktop/sdp-team-12/control_ws/install/ros2_control_demo_example_12:/home/adam/Desktop/sdp-team-12/control_ws/install/ros2_control_demo_example_10:/home/adam/Desktop/sdp-team-12/control_ws/install/ros2_control_demo_example_1:/home/adam/Desktop/sdp-team-12/control_ws/install/diffdrive_arduino:/home/adam/Desktop/sdp-team-12/control_ws/install/my_bot:/opt/ros/humble /usr/bin/cmake --install /home/adam/Desktop/sdp-team-12/control_ws/build/ros2_control_demo_example_6
