[0.772s] DEBUG:colcon:Command line arguments: ['/usr/bin/colcon', 'build']
[0.772s] DEBUG:colcon:Parsed command line arguments: Namespace(log_base=None, log_level=None, verb_name='build', build_base='build', install_base='install', merge_install=False, symlink_install=False, test_result_base=None, continue_on_error=False, executor='parallel', parallel_workers=8, event_handlers=None, ignore_user_meta=False, metas=['./colcon.meta'], base_paths=['.'], packages_ignore=None, packages_ignore_regex=None, paths=None, packages_up_to=None, packages_up_to_regex=None, packages_above=None, packages_above_and_dependencies=None, packages_above_depth=None, packages_select_by_dep=None, packages_skip_by_dep=None, packages_skip_up_to=None, packages_select_build_failed=False, packages_skip_build_finished=False, packages_select_test_failures=False, packages_skip_test_passed=False, packages_select=None, packages_skip=None, packages_select_regex=None, packages_skip_regex=None, packages_start=None, packages_end=None, allow_overriding=[], cmake_args=None, cmake_target=None, cmake_target_skip_unavailable=False, cmake_clean_cache=False, cmake_clean_first=False, cmake_force_configure=False, ament_cmake_args=None, catkin_cmake_args=None, catkin_skip_building_tests=False, verb_parser=<colcon_defaults.argument_parser.defaults.DefaultArgumentsDecorator object at 0x7f3a6721bc10>, verb_extension=<colcon_core.verb.build.BuildVerb object at 0x7f3a68597f40>, main=<bound method BuildVerb.main of <colcon_core.verb.build.BuildVerb object at 0x7f3a68597f40>>)
[0.806s] Level 1:colcon.colcon_core.package_discovery:discover_packages(colcon_meta) check parameters
[0.806s] Level 1:colcon.colcon_core.package_discovery:discover_packages(recursive) check parameters
[0.806s] Level 1:colcon.colcon_core.package_discovery:discover_packages(ignore) check parameters
[0.806s] Level 1:colcon.colcon_core.package_discovery:discover_packages(path) check parameters
[0.806s] Level 1:colcon.colcon_core.package_discovery:discover_packages(colcon_meta) discover
[0.806s] Level 1:colcon.colcon_core.package_discovery:discover_packages(recursive) discover
[0.806s] INFO:colcon.colcon_core.package_discovery:Crawling recursively for packages in '/home/adam/Desktop/sdp-team-12/control_ws'
[0.807s] Level 1:colcon.colcon_core.package_identification:_identify(.) by extensions ['ignore', 'ignore_ament_install']
[0.807s] Level 1:colcon.colcon_core.package_identification:_identify(.) by extension 'ignore'
[0.807s] Level 1:colcon.colcon_core.package_identification:_identify(.) by extension 'ignore_ament_install'
[0.807s] Level 1:colcon.colcon_core.package_identification:_identify(.) by extensions ['colcon_pkg']
[0.807s] Level 1:colcon.colcon_core.package_identification:_identify(.) by extension 'colcon_pkg'
[0.807s] Level 1:colcon.colcon_core.package_identification:_identify(.) by extensions ['colcon_meta']
[0.807s] Level 1:colcon.colcon_core.package_identification:_identify(.) by extension 'colcon_meta'
[0.807s] Level 1:colcon.colcon_core.package_identification:_identify(.) by extensions ['ros']
[0.807s] Level 1:colcon.colcon_core.package_identification:_identify(.) by extension 'ros'
[0.815s] Level 1:colcon.colcon_core.package_identification:_identify(.) by extensions ['cmake', 'python']
[0.815s] Level 1:colcon.colcon_core.package_identification:_identify(.) by extension 'cmake'
[0.815s] Level 1:colcon.colcon_core.package_identification:_identify(.) by extension 'python'
[0.815s] Level 1:colcon.colcon_core.package_identification:_identify(.) by extensions ['python_setup_py']
[0.815s] Level 1:colcon.colcon_core.package_identification:_identify(.) by extension 'python_setup_py'
[0.815s] Level 1:colcon.colcon_core.package_identification:_identify(build) by extensions ['ignore', 'ignore_ament_install']
[0.815s] Level 1:colcon.colcon_core.package_identification:_identify(build) by extension 'ignore'
[0.815s] Level 1:colcon.colcon_core.package_identification:_identify(build) ignored
[0.815s] Level 1:colcon.colcon_core.package_identification:_identify(install) by extensions ['ignore', 'ignore_ament_install']
[0.815s] Level 1:colcon.colcon_core.package_identification:_identify(install) by extension 'ignore'
[0.815s] Level 1:colcon.colcon_core.package_identification:_identify(install) ignored
[0.815s] Level 1:colcon.colcon_core.package_identification:_identify(log) by extensions ['ignore', 'ignore_ament_install']
[0.815s] Level 1:colcon.colcon_core.package_identification:_identify(log) by extension 'ignore'
[0.815s] Level 1:colcon.colcon_core.package_identification:_identify(log) ignored
[0.815s] Level 1:colcon.colcon_core.package_identification:_identify(src) by extensions ['ignore', 'ignore_ament_install']
[0.815s] Level 1:colcon.colcon_core.package_identification:_identify(src) by extension 'ignore'
[0.816s] Level 1:colcon.colcon_core.package_identification:_identify(src) by extension 'ignore_ament_install'
[0.816s] Level 1:colcon.colcon_core.package_identification:_identify(src) by extensions ['colcon_pkg']
[0.816s] Level 1:colcon.colcon_core.package_identification:_identify(src) by extension 'colcon_pkg'
[0.816s] Level 1:colcon.colcon_core.package_identification:_identify(src) by extensions ['colcon_meta']
[0.816s] Level 1:colcon.colcon_core.package_identification:_identify(src) by extension 'colcon_meta'
[0.816s] Level 1:colcon.colcon_core.package_identification:_identify(src) by extensions ['ros']
[0.816s] Level 1:colcon.colcon_core.package_identification:_identify(src) by extension 'ros'
[0.816s] Level 1:colcon.colcon_core.package_identification:_identify(src) by extensions ['cmake', 'python']
[0.816s] Level 1:colcon.colcon_core.package_identification:_identify(src) by extension 'cmake'
[0.816s] Level 1:colcon.colcon_core.package_identification:_identify(src) by extension 'python'
[0.816s] Level 1:colcon.colcon_core.package_identification:_identify(src) by extensions ['python_setup_py']
[0.816s] Level 1:colcon.colcon_core.package_identification:_identify(src) by extension 'python_setup_py'
[0.816s] Level 1:colcon.colcon_core.package_identification:_identify(src/my_bot) by extensions ['ignore', 'ignore_ament_install']
[0.816s] Level 1:colcon.colcon_core.package_identification:_identify(src/my_bot) by extension 'ignore'
[0.816s] Level 1:colcon.colcon_core.package_identification:_identify(src/my_bot) by extension 'ignore_ament_install'
[0.816s] Level 1:colcon.colcon_core.package_identification:_identify(src/my_bot) by extensions ['colcon_pkg']
[0.816s] Level 1:colcon.colcon_core.package_identification:_identify(src/my_bot) by extension 'colcon_pkg'
[0.816s] Level 1:colcon.colcon_core.package_identification:_identify(src/my_bot) by extensions ['colcon_meta']
[0.816s] Level 1:colcon.colcon_core.package_identification:_identify(src/my_bot) by extension 'colcon_meta'
[0.816s] Level 1:colcon.colcon_core.package_identification:_identify(src/my_bot) by extensions ['ros']
[0.816s] Level 1:colcon.colcon_core.package_identification:_identify(src/my_bot) by extension 'ros'
[0.818s] DEBUG:colcon.colcon_core.package_identification:Package 'src/my_bot' with type 'ros.ament_cmake' and name 'my_bot'
[0.818s] Level 1:colcon.colcon_core.package_identification:_identify(src/ros2_control_demos) by extensions ['ignore', 'ignore_ament_install']
[0.818s] Level 1:colcon.colcon_core.package_identification:_identify(src/ros2_control_demos) by extension 'ignore'
[0.818s] Level 1:colcon.colcon_core.package_identification:_identify(src/ros2_control_demos) by extension 'ignore_ament_install'
[0.818s] Level 1:colcon.colcon_core.package_identification:_identify(src/ros2_control_demos) by extensions ['colcon_pkg']
[0.818s] Level 1:colcon.colcon_core.package_identification:_identify(src/ros2_control_demos) by extension 'colcon_pkg'
[0.818s] Level 1:colcon.colcon_core.package_identification:_identify(src/ros2_control_demos) by extensions ['colcon_meta']
[0.818s] Level 1:colcon.colcon_core.package_identification:_identify(src/ros2_control_demos) by extension 'colcon_meta'
[0.818s] Level 1:colcon.colcon_core.package_identification:_identify(src/ros2_control_demos) by extensions ['ros']
[0.818s] Level 1:colcon.colcon_core.package_identification:_identify(src/ros2_control_demos) by extension 'ros'
[0.818s] Level 1:colcon.colcon_core.package_identification:_identify(src/ros2_control_demos) by extensions ['cmake', 'python']
[0.818s] Level 1:colcon.colcon_core.package_identification:_identify(src/ros2_control_demos) by extension 'cmake'
[0.818s] Level 1:colcon.colcon_core.package_identification:_identify(src/ros2_control_demos) by extension 'python'
[0.818s] Level 1:colcon.colcon_core.package_identification:_identify(src/ros2_control_demos) by extensions ['python_setup_py']
[0.818s] Level 1:colcon.colcon_core.package_identification:_identify(src/ros2_control_demos) by extension 'python_setup_py'
[0.818s] Level 1:colcon.colcon_core.package_identification:_identify(src/ros2_control_demos/example_2) by extensions ['ignore', 'ignore_ament_install']
[0.818s] Level 1:colcon.colcon_core.package_identification:_identify(src/ros2_control_demos/example_2) by extension 'ignore'
[0.818s] Level 1:colcon.colcon_core.package_identification:_identify(src/ros2_control_demos/example_2) by extension 'ignore_ament_install'
[0.819s] Level 1:colcon.colcon_core.package_identification:_identify(src/ros2_control_demos/example_2) by extensions ['colcon_pkg']
[0.819s] Level 1:colcon.colcon_core.package_identification:_identify(src/ros2_control_demos/example_2) by extension 'colcon_pkg'
[0.819s] Level 1:colcon.colcon_core.package_identification:_identify(src/ros2_control_demos/example_2) by extensions ['colcon_meta']
[0.819s] Level 1:colcon.colcon_core.package_identification:_identify(src/ros2_control_demos/example_2) by extension 'colcon_meta'
[0.819s] Level 1:colcon.colcon_core.package_identification:_identify(src/ros2_control_demos/example_2) by extensions ['ros']
[0.819s] Level 1:colcon.colcon_core.package_identification:_identify(src/ros2_control_demos/example_2) by extension 'ros'
[0.819s] DEBUG:colcon.colcon_core.package_identification:Package 'src/ros2_control_demos/example_2' with type 'ros.ament_cmake' and name 'ros2_control_demo_example_2'
[0.819s] Level 1:colcon.colcon_core.package_identification:_identify(src/ros2_control_demos/ros2_control_demo_description) by extensions ['ignore', 'ignore_ament_install']
[0.820s] Level 1:colcon.colcon_core.package_identification:_identify(src/ros2_control_demos/ros2_control_demo_description) by extension 'ignore'
[0.820s] Level 1:colcon.colcon_core.package_identification:_identify(src/ros2_control_demos/ros2_control_demo_description) by extension 'ignore_ament_install'
[0.820s] Level 1:colcon.colcon_core.package_identification:_identify(src/ros2_control_demos/ros2_control_demo_description) by extensions ['colcon_pkg']
[0.820s] Level 1:colcon.colcon_core.package_identification:_identify(src/ros2_control_demos/ros2_control_demo_description) by extension 'colcon_pkg'
[0.820s] Level 1:colcon.colcon_core.package_identification:_identify(src/ros2_control_demos/ros2_control_demo_description) by extensions ['colcon_meta']
[0.820s] Level 1:colcon.colcon_core.package_identification:_identify(src/ros2_control_demos/ros2_control_demo_description) by extension 'colcon_meta'
[0.820s] Level 1:colcon.colcon_core.package_identification:_identify(src/ros2_control_demos/ros2_control_demo_description) by extensions ['ros']
[0.820s] Level 1:colcon.colcon_core.package_identification:_identify(src/ros2_control_demos/ros2_control_demo_description) by extension 'ros'
[0.820s] DEBUG:colcon.colcon_core.package_identification:Package 'src/ros2_control_demos/ros2_control_demo_description' with type 'ros.ament_cmake' and name 'ros2_control_demo_description'
[0.820s] Level 1:colcon.colcon_core.package_identification:_identify(src/ros2_control_demos/ros2_control_demos) by extensions ['ignore', 'ignore_ament_install']
[0.820s] Level 1:colcon.colcon_core.package_identification:_identify(src/ros2_control_demos/ros2_control_demos) by extension 'ignore'
[0.820s] Level 1:colcon.colcon_core.package_identification:_identify(src/ros2_control_demos/ros2_control_demos) by extension 'ignore_ament_install'
[0.820s] Level 1:colcon.colcon_core.package_identification:_identify(src/ros2_control_demos/ros2_control_demos) by extensions ['colcon_pkg']
[0.820s] Level 1:colcon.colcon_core.package_identification:_identify(src/ros2_control_demos/ros2_control_demos) by extension 'colcon_pkg'
[0.820s] Level 1:colcon.colcon_core.package_identification:_identify(src/ros2_control_demos/ros2_control_demos) by extensions ['colcon_meta']
[0.820s] Level 1:colcon.colcon_core.package_identification:_identify(src/ros2_control_demos/ros2_control_demos) by extension 'colcon_meta'
[0.820s] Level 1:colcon.colcon_core.package_identification:_identify(src/ros2_control_demos/ros2_control_demos) by extensions ['ros']
[0.820s] Level 1:colcon.colcon_core.package_identification:_identify(src/ros2_control_demos/ros2_control_demos) by extension 'ros'
[0.821s] DEBUG:colcon.colcon_core.package_identification:Package 'src/ros2_control_demos/ros2_control_demos' with type 'ros.ament_cmake' and name 'ros2_control_demos'
[0.821s] Level 1:colcon.colcon_core.package_discovery:discover_packages(recursive) using defaults
[0.821s] Level 1:colcon.colcon_core.package_discovery:discover_packages(ignore) discover
[0.821s] Level 1:colcon.colcon_core.package_discovery:discover_packages(ignore) using defaults
[0.821s] Level 1:colcon.colcon_core.package_discovery:discover_packages(path) discover
[0.821s] Level 1:colcon.colcon_core.package_discovery:discover_packages(path) using defaults
[0.887s] Level 1:colcon.colcon_core.package_discovery:discover_packages(prefix_path) check parameters
[0.887s] Level 1:colcon.colcon_core.package_discovery:discover_packages(prefix_path) discover
[0.898s] WARNING:colcon.colcon_ros.prefix_path.ament:The path '/home/adam/Desktop/sdp-team-12/control_ws/install/ros2_control_demo_example_9' in the environment variable AMENT_PREFIX_PATH doesn't exist
[0.898s] WARNING:colcon.colcon_ros.prefix_path.ament:The path '/home/adam/Desktop/sdp-team-12/control_ws/install/ros2_control_demo_example_8' in the environment variable AMENT_PREFIX_PATH doesn't exist
[0.898s] WARNING:colcon.colcon_ros.prefix_path.ament:The path '/home/adam/Desktop/sdp-team-12/control_ws/install/ros2_control_demo_example_7' in the environment variable AMENT_PREFIX_PATH doesn't exist
[0.898s] WARNING:colcon.colcon_ros.prefix_path.ament:The path '/home/adam/Desktop/sdp-team-12/control_ws/install/ros2_control_demo_example_6' in the environment variable AMENT_PREFIX_PATH doesn't exist
[0.898s] WARNING:colcon.colcon_ros.prefix_path.ament:The path '/home/adam/Desktop/sdp-team-12/control_ws/install/ros2_control_demo_example_5' in the environment variable AMENT_PREFIX_PATH doesn't exist
[0.898s] WARNING:colcon.colcon_ros.prefix_path.ament:The path '/home/adam/Desktop/sdp-team-12/control_ws/install/ros2_control_demo_example_4' in the environment variable AMENT_PREFIX_PATH doesn't exist
[0.898s] WARNING:colcon.colcon_ros.prefix_path.ament:The path '/home/adam/Desktop/sdp-team-12/control_ws/install/ros2_control_demo_example_3' in the environment variable AMENT_PREFIX_PATH doesn't exist
[0.898s] WARNING:colcon.colcon_ros.prefix_path.ament:The path '/home/adam/Desktop/sdp-team-12/control_ws/install/ros2_control_demo_example_14' in the environment variable AMENT_PREFIX_PATH doesn't exist
[0.898s] WARNING:colcon.colcon_ros.prefix_path.ament:The path '/home/adam/Desktop/sdp-team-12/control_ws/install/ros2_control_demo_example_10' in the environment variable AMENT_PREFIX_PATH doesn't exist
[0.898s] WARNING:colcon.colcon_ros.prefix_path.ament:The path '/home/adam/Desktop/sdp-team-12/control_ws/install/ros2_control_demo_example_1' in the environment variable AMENT_PREFIX_PATH doesn't exist
[0.898s] WARNING:colcon.colcon_ros.prefix_path.catkin:The path '/home/adam/Desktop/sdp-team-12/control_ws/install/ros2_control_demo_example_9' in the environment variable CMAKE_PREFIX_PATH doesn't exist
[0.898s] WARNING:colcon.colcon_ros.prefix_path.catkin:The path '/home/adam/Desktop/sdp-team-12/control_ws/install/ros2_control_demo_example_8' in the environment variable CMAKE_PREFIX_PATH doesn't exist
[0.898s] WARNING:colcon.colcon_ros.prefix_path.catkin:The path '/home/adam/Desktop/sdp-team-12/control_ws/install/ros2_control_demo_example_7' in the environment variable CMAKE_PREFIX_PATH doesn't exist
[0.898s] WARNING:colcon.colcon_ros.prefix_path.catkin:The path '/home/adam/Desktop/sdp-team-12/control_ws/install/ros2_control_demo_example_6' in the environment variable CMAKE_PREFIX_PATH doesn't exist
[0.898s] WARNING:colcon.colcon_ros.prefix_path.catkin:The path '/home/adam/Desktop/sdp-team-12/control_ws/install/ros2_control_demo_example_5' in the environment variable CMAKE_PREFIX_PATH doesn't exist
[0.898s] WARNING:colcon.colcon_ros.prefix_path.catkin:The path '/home/adam/Desktop/sdp-team-12/control_ws/install/ros2_control_demo_example_4' in the environment variable CMAKE_PREFIX_PATH doesn't exist
[0.898s] WARNING:colcon.colcon_ros.prefix_path.catkin:The path '/home/adam/Desktop/sdp-team-12/control_ws/install/ros2_control_demo_example_3' in the environment variable CMAKE_PREFIX_PATH doesn't exist
[0.898s] WARNING:colcon.colcon_ros.prefix_path.catkin:The path '/home/adam/Desktop/sdp-team-12/control_ws/install/ros2_control_demo_example_14' in the environment variable CMAKE_PREFIX_PATH doesn't exist
[0.899s] WARNING:colcon.colcon_ros.prefix_path.catkin:The path '/home/adam/Desktop/sdp-team-12/control_ws/install/ros2_control_demo_example_10' in the environment variable CMAKE_PREFIX_PATH doesn't exist
[0.899s] WARNING:colcon.colcon_ros.prefix_path.catkin:The path '/home/adam/Desktop/sdp-team-12/control_ws/install/ros2_control_demo_example_1' in the environment variable CMAKE_PREFIX_PATH doesn't exist
[0.910s] DEBUG:colcon.colcon_installed_package_information.package_discovery:Found 4 installed packages in /home/adam/Desktop/sdp-team-12/control_ws/install
[0.922s] DEBUG:colcon.colcon_installed_package_information.package_discovery:Found 454 installed packages in /opt/ros/humble
[0.937s] Level 1:colcon.colcon_core.package_discovery:discover_packages(prefix_path) using defaults
[1.015s] Level 5:colcon.colcon_core.verb:set package 'my_bot' build argument 'cmake_args' from command line to 'None'
[1.015s] Level 5:colcon.colcon_core.verb:set package 'my_bot' build argument 'cmake_target' from command line to 'None'
[1.015s] Level 5:colcon.colcon_core.verb:set package 'my_bot' build argument 'cmake_target_skip_unavailable' from command line to 'False'
[1.015s] Level 5:colcon.colcon_core.verb:set package 'my_bot' build argument 'cmake_clean_cache' from command line to 'False'
[1.015s] Level 5:colcon.colcon_core.verb:set package 'my_bot' build argument 'cmake_clean_first' from command line to 'False'
[1.015s] Level 5:colcon.colcon_core.verb:set package 'my_bot' build argument 'cmake_force_configure' from command line to 'False'
[1.015s] Level 5:colcon.colcon_core.verb:set package 'my_bot' build argument 'ament_cmake_args' from command line to 'None'
[1.015s] Level 5:colcon.colcon_core.verb:set package 'my_bot' build argument 'catkin_cmake_args' from command line to 'None'
[1.015s] Level 5:colcon.colcon_core.verb:set package 'my_bot' build argument 'catkin_skip_building_tests' from command line to 'False'
[1.015s] DEBUG:colcon.colcon_core.verb:Building package 'my_bot' with the following arguments: {'ament_cmake_args': None, 'build_base': '/home/adam/Desktop/sdp-team-12/control_ws/build/my_bot', 'catkin_cmake_args': None, 'catkin_skip_building_tests': False, 'cmake_args': None, 'cmake_clean_cache': False, 'cmake_clean_first': False, 'cmake_force_configure': False, 'cmake_target': None, 'cmake_target_skip_unavailable': False, 'install_base': '/home/adam/Desktop/sdp-team-12/control_ws/install/my_bot', 'merge_install': False, 'path': '/home/adam/Desktop/sdp-team-12/control_ws/src/my_bot', 'symlink_install': False, 'test_result_base': None}
[1.026s] Level 5:colcon.colcon_core.verb:set package 'ros2_control_demo_description' build argument 'cmake_args' from command line to 'None'
[1.026s] Level 5:colcon.colcon_core.verb:set package 'ros2_control_demo_description' build argument 'cmake_target' from command line to 'None'
[1.026s] Level 5:colcon.colcon_core.verb:set package 'ros2_control_demo_description' build argument 'cmake_target_skip_unavailable' from command line to 'False'
[1.026s] Level 5:colcon.colcon_core.verb:set package 'ros2_control_demo_description' build argument 'cmake_clean_cache' from command line to 'False'
[1.026s] Level 5:colcon.colcon_core.verb:set package 'ros2_control_demo_description' build argument 'cmake_clean_first' from command line to 'False'
[1.026s] Level 5:colcon.colcon_core.verb:set package 'ros2_control_demo_description' build argument 'cmake_force_configure' from command line to 'False'
[1.026s] Level 5:colcon.colcon_core.verb:set package 'ros2_control_demo_description' build argument 'ament_cmake_args' from command line to 'None'
[1.026s] Level 5:colcon.colcon_core.verb:set package 'ros2_control_demo_description' build argument 'catkin_cmake_args' from command line to 'None'
[1.026s] Level 5:colcon.colcon_core.verb:set package 'ros2_control_demo_description' build argument 'catkin_skip_building_tests' from command line to 'False'
[1.026s] DEBUG:colcon.colcon_core.verb:Building package 'ros2_control_demo_description' with the following arguments: {'ament_cmake_args': None, 'build_base': '/home/adam/Desktop/sdp-team-12/control_ws/build/ros2_control_demo_description', 'catkin_cmake_args': None, 'catkin_skip_building_tests': False, 'cmake_args': None, 'cmake_clean_cache': False, 'cmake_clean_first': False, 'cmake_force_configure': False, 'cmake_target': None, 'cmake_target_skip_unavailable': False, 'install_base': '/home/adam/Desktop/sdp-team-12/control_ws/install/ros2_control_demo_description', 'merge_install': False, 'path': '/home/adam/Desktop/sdp-team-12/control_ws/src/ros2_control_demos/ros2_control_demo_description', 'symlink_install': False, 'test_result_base': None}
[1.037s] Level 5:colcon.colcon_core.verb:set package 'ros2_control_demo_example_2' build argument 'cmake_args' from command line to 'None'
[1.037s] Level 5:colcon.colcon_core.verb:set package 'ros2_control_demo_example_2' build argument 'cmake_target' from command line to 'None'
[1.037s] Level 5:colcon.colcon_core.verb:set package 'ros2_control_demo_example_2' build argument 'cmake_target_skip_unavailable' from command line to 'False'
[1.037s] Level 5:colcon.colcon_core.verb:set package 'ros2_control_demo_example_2' build argument 'cmake_clean_cache' from command line to 'False'
[1.037s] Level 5:colcon.colcon_core.verb:set package 'ros2_control_demo_example_2' build argument 'cmake_clean_first' from command line to 'False'
[1.037s] Level 5:colcon.colcon_core.verb:set package 'ros2_control_demo_example_2' build argument 'cmake_force_configure' from command line to 'False'
[1.037s] Level 5:colcon.colcon_core.verb:set package 'ros2_control_demo_example_2' build argument 'ament_cmake_args' from command line to 'None'
[1.037s] Level 5:colcon.colcon_core.verb:set package 'ros2_control_demo_example_2' build argument 'catkin_cmake_args' from command line to 'None'
[1.037s] Level 5:colcon.colcon_core.verb:set package 'ros2_control_demo_example_2' build argument 'catkin_skip_building_tests' from command line to 'False'
[1.037s] DEBUG:colcon.colcon_core.verb:Building package 'ros2_control_demo_example_2' with the following arguments: {'ament_cmake_args': None, 'build_base': '/home/adam/Desktop/sdp-team-12/control_ws/build/ros2_control_demo_example_2', 'catkin_cmake_args': None, 'catkin_skip_building_tests': False, 'cmake_args': None, 'cmake_clean_cache': False, 'cmake_clean_first': False, 'cmake_force_configure': False, 'cmake_target': None, 'cmake_target_skip_unavailable': False, 'install_base': '/home/adam/Desktop/sdp-team-12/control_ws/install/ros2_control_demo_example_2', 'merge_install': False, 'path': '/home/adam/Desktop/sdp-team-12/control_ws/src/ros2_control_demos/example_2', 'symlink_install': False, 'test_result_base': None}
[1.048s] Level 5:colcon.colcon_core.verb:set package 'ros2_control_demos' build argument 'cmake_args' from command line to 'None'
[1.048s] Level 5:colcon.colcon_core.verb:set package 'ros2_control_demos' build argument 'cmake_target' from command line to 'None'
[1.048s] Level 5:colcon.colcon_core.verb:set package 'ros2_control_demos' build argument 'cmake_target_skip_unavailable' from command line to 'False'
[1.048s] Level 5:colcon.colcon_core.verb:set package 'ros2_control_demos' build argument 'cmake_clean_cache' from command line to 'False'
[1.048s] Level 5:colcon.colcon_core.verb:set package 'ros2_control_demos' build argument 'cmake_clean_first' from command line to 'False'
[1.048s] Level 5:colcon.colcon_core.verb:set package 'ros2_control_demos' build argument 'cmake_force_configure' from command line to 'False'
[1.048s] Level 5:colcon.colcon_core.verb:set package 'ros2_control_demos' build argument 'ament_cmake_args' from command line to 'None'
[1.048s] Level 5:colcon.colcon_core.verb:set package 'ros2_control_demos' build argument 'catkin_cmake_args' from command line to 'None'
[1.048s] Level 5:colcon.colcon_core.verb:set package 'ros2_control_demos' build argument 'catkin_skip_building_tests' from command line to 'False'
[1.048s] DEBUG:colcon.colcon_core.verb:Building package 'ros2_control_demos' with the following arguments: {'ament_cmake_args': None, 'build_base': '/home/adam/Desktop/sdp-team-12/control_ws/build/ros2_control_demos', 'catkin_cmake_args': None, 'catkin_skip_building_tests': False, 'cmake_args': None, 'cmake_clean_cache': False, 'cmake_clean_first': False, 'cmake_force_configure': False, 'cmake_target': None, 'cmake_target_skip_unavailable': False, 'install_base': '/home/adam/Desktop/sdp-team-12/control_ws/install/ros2_control_demos', 'merge_install': False, 'path': '/home/adam/Desktop/sdp-team-12/control_ws/src/ros2_control_demos/ros2_control_demos', 'symlink_install': False, 'test_result_base': None}
[1.058s] INFO:colcon.colcon_core.executor:Executing jobs using 'parallel' executor
[1.070s] DEBUG:colcon.colcon_parallel_executor.executor.parallel:run_until_complete
[1.070s] INFO:colcon.colcon_ros.task.ament_cmake.build:Building ROS package in '/home/adam/Desktop/sdp-team-12/control_ws/src/ros2_control_demos/ros2_control_demo_description' with build type 'ament_cmake'
[1.070s] INFO:colcon.colcon_cmake.task.cmake.build:Building CMake package in '/home/adam/Desktop/sdp-team-12/control_ws/src/ros2_control_demos/ros2_control_demo_description'
[1.082s] INFO:colcon.colcon_core.plugin_system:Skipping extension 'colcon_core.shell.bat': Not used on non-Windows systems
[1.083s] INFO:colcon.colcon_core.shell:Skip shell extension 'powershell' for command environment: Not usable outside of PowerShell
[1.083s] DEBUG:colcon.colcon_core.shell:Skip shell extension 'dsv' for command environment
[1.120s] INFO:colcon.colcon_ros.task.ament_cmake.build:Building ROS package in '/home/adam/Desktop/sdp-team-12/control_ws/src/my_bot' with build type 'ament_cmake'
[1.120s] INFO:colcon.colcon_cmake.task.cmake.build:Building CMake package in '/home/adam/Desktop/sdp-team-12/control_ws/src/my_bot'
[1.132s] INFO:colcon.colcon_core.shell:Skip shell extension 'powershell' for command environment: Not usable outside of PowerShell
[1.132s] DEBUG:colcon.colcon_core.shell:Skip shell extension 'dsv' for command environment
[1.171s] DEBUG:colcon.colcon_core.event_handler.log_command:Invoking command in '/home/adam/Desktop/sdp-team-12/control_ws/build/ros2_control_demo_description': CMAKE_PREFIX_PATH=${CMAKE_PREFIX_PATH}:/opt/ros/humble /usr/bin/cmake --build /home/adam/Desktop/sdp-team-12/control_ws/build/ros2_control_demo_description -- -j8 -l8
[1.176s] DEBUG:colcon.colcon_core.event_handler.log_command:Invoking command in '/home/adam/Desktop/sdp-team-12/control_ws/build/my_bot': CMAKE_PREFIX_PATH=${CMAKE_PREFIX_PATH}:/opt/ros/humble /usr/bin/cmake --build /home/adam/Desktop/sdp-team-12/control_ws/build/my_bot -- -j8 -l8
[1.206s] DEBUG:colcon.colcon_core.event_handler.log_command:Invoked command in '/home/adam/Desktop/sdp-team-12/control_ws/build/ros2_control_demo_description' returned '0': CMAKE_PREFIX_PATH=${CMAKE_PREFIX_PATH}:/opt/ros/humble /usr/bin/cmake --build /home/adam/Desktop/sdp-team-12/control_ws/build/ros2_control_demo_description -- -j8 -l8
[1.209s] DEBUG:colcon.colcon_core.event_handler.log_command:Invoked command in '/home/adam/Desktop/sdp-team-12/control_ws/build/my_bot' returned '0': CMAKE_PREFIX_PATH=${CMAKE_PREFIX_PATH}:/opt/ros/humble /usr/bin/cmake --build /home/adam/Desktop/sdp-team-12/control_ws/build/my_bot -- -j8 -l8
[1.235s] DEBUG:colcon.colcon_core.event_handler.log_command:Invoking command in '/home/adam/Desktop/sdp-team-12/control_ws/build/ros2_control_demo_description': CMAKE_PREFIX_PATH=${CMAKE_PREFIX_PATH}:/opt/ros/humble /usr/bin/cmake --install /home/adam/Desktop/sdp-team-12/control_ws/build/ros2_control_demo_description
[1.237s] DEBUG:colcon.colcon_core.event_handler.log_command:Invoking command in '/home/adam/Desktop/sdp-team-12/control_ws/build/my_bot': CMAKE_PREFIX_PATH=${CMAKE_PREFIX_PATH}:/opt/ros/humble /usr/bin/cmake --install /home/adam/Desktop/sdp-team-12/control_ws/build/my_bot
[1.246s] Level 1:colcon.colcon_core.environment:create_environment_scripts_only(ros2_control_demo_description)
[1.247s] DEBUG:colcon.colcon_core.event_handler.log_command:Invoked command in '/home/adam/Desktop/sdp-team-12/control_ws/build/ros2_control_demo_description' returned '0': CMAKE_PREFIX_PATH=${CMAKE_PREFIX_PATH}:/opt/ros/humble /usr/bin/cmake --install /home/adam/Desktop/sdp-team-12/control_ws/build/ros2_control_demo_description
[1.267s] Level 1:colcon.colcon_core.environment:checking '/home/adam/Desktop/sdp-team-12/control_ws/install/ros2_control_demo_description' for CMake module files
[1.268s] Level 1:colcon.colcon_core.environment:checking '/home/adam/Desktop/sdp-team-12/control_ws/install/ros2_control_demo_description' for CMake config files
[1.268s] Level 1:colcon.colcon_core.shell:create_environment_hook('ros2_control_demo_description', 'cmake_prefix_path')
[1.287s] INFO:colcon.colcon_core.shell:Creating environment hook '/home/adam/Desktop/sdp-team-12/control_ws/install/ros2_control_demo_description/share/ros2_control_demo_description/hook/cmake_prefix_path.ps1'
[1.288s] INFO:colcon.colcon_core.shell:Creating environment descriptor '/home/adam/Desktop/sdp-team-12/control_ws/install/ros2_control_demo_description/share/ros2_control_demo_description/hook/cmake_prefix_path.dsv'
[1.289s] INFO:colcon.colcon_core.shell:Creating environment hook '/home/adam/Desktop/sdp-team-12/control_ws/install/ros2_control_demo_description/share/ros2_control_demo_description/hook/cmake_prefix_path.sh'
[1.289s] Level 1:colcon.colcon_core.environment:checking '/home/adam/Desktop/sdp-team-12/control_ws/install/ros2_control_demo_description/bin'
[1.289s] Level 1:colcon.colcon_core.environment:checking '/home/adam/Desktop/sdp-team-12/control_ws/install/ros2_control_demo_description/lib/pkgconfig/ros2_control_demo_description.pc'
[1.290s] Level 1:colcon.colcon_core.environment:checking '/home/adam/Desktop/sdp-team-12/control_ws/install/ros2_control_demo_description/lib/python3.10/site-packages'
[1.290s] Level 1:colcon.colcon_core.environment:checking '/home/adam/Desktop/sdp-team-12/control_ws/install/ros2_control_demo_description/bin'
[1.302s] INFO:colcon.colcon_core.shell:Creating package script '/home/adam/Desktop/sdp-team-12/control_ws/install/ros2_control_demo_description/share/ros2_control_demo_description/package.ps1'
[1.303s] INFO:colcon.colcon_core.shell:Creating package descriptor '/home/adam/Desktop/sdp-team-12/control_ws/install/ros2_control_demo_description/share/ros2_control_demo_description/package.dsv'
[1.303s] INFO:colcon.colcon_core.shell:Creating package script '/home/adam/Desktop/sdp-team-12/control_ws/install/ros2_control_demo_description/share/ros2_control_demo_description/package.sh'
[1.304s] INFO:colcon.colcon_core.shell:Creating package script '/home/adam/Desktop/sdp-team-12/control_ws/install/ros2_control_demo_description/share/ros2_control_demo_description/package.bash'
[1.304s] INFO:colcon.colcon_core.shell:Creating package script '/home/adam/Desktop/sdp-team-12/control_ws/install/ros2_control_demo_description/share/ros2_control_demo_description/package.zsh'
[1.305s] Level 1:colcon.colcon_core.environment:create_file_with_runtime_dependencies(/home/adam/Desktop/sdp-team-12/control_ws/install/ros2_control_demo_description/share/colcon-core/packages/ros2_control_demo_description)
[1.306s] Level 1:colcon.colcon_core.environment:create_environment_scripts_only(my_bot)
[1.306s] DEBUG:colcon.colcon_core.event_handler.log_command:Invoked command in '/home/adam/Desktop/sdp-team-12/control_ws/build/my_bot' returned '0': CMAKE_PREFIX_PATH=${CMAKE_PREFIX_PATH}:/opt/ros/humble /usr/bin/cmake --install /home/adam/Desktop/sdp-team-12/control_ws/build/my_bot
[1.319s] Level 1:colcon.colcon_core.environment:checking '/home/adam/Desktop/sdp-team-12/control_ws/install/my_bot' for CMake module files
[1.319s] Level 1:colcon.colcon_core.environment:checking '/home/adam/Desktop/sdp-team-12/control_ws/install/my_bot' for CMake config files
[1.319s] Level 1:colcon.colcon_core.shell:create_environment_hook('my_bot', 'cmake_prefix_path')
[1.331s] INFO:colcon.colcon_core.shell:Creating environment hook '/home/adam/Desktop/sdp-team-12/control_ws/install/my_bot/share/my_bot/hook/cmake_prefix_path.ps1'
[1.331s] INFO:colcon.colcon_core.shell:Creating environment descriptor '/home/adam/Desktop/sdp-team-12/control_ws/install/my_bot/share/my_bot/hook/cmake_prefix_path.dsv'
[1.331s] INFO:colcon.colcon_core.shell:Creating environment hook '/home/adam/Desktop/sdp-team-12/control_ws/install/my_bot/share/my_bot/hook/cmake_prefix_path.sh'
[1.332s] Level 1:colcon.colcon_core.environment:checking '/home/adam/Desktop/sdp-team-12/control_ws/install/my_bot/bin'
[1.332s] Level 1:colcon.colcon_core.environment:checking '/home/adam/Desktop/sdp-team-12/control_ws/install/my_bot/lib/pkgconfig/my_bot.pc'
[1.332s] Level 1:colcon.colcon_core.environment:checking '/home/adam/Desktop/sdp-team-12/control_ws/install/my_bot/lib/python3.10/site-packages'
[1.332s] Level 1:colcon.colcon_core.environment:checking '/home/adam/Desktop/sdp-team-12/control_ws/install/my_bot/bin'
[1.343s] INFO:colcon.colcon_core.shell:Creating package script '/home/adam/Desktop/sdp-team-12/control_ws/install/my_bot/share/my_bot/package.ps1'
[1.344s] INFO:colcon.colcon_core.shell:Creating package descriptor '/home/adam/Desktop/sdp-team-12/control_ws/install/my_bot/share/my_bot/package.dsv'
[1.344s] INFO:colcon.colcon_core.shell:Creating package script '/home/adam/Desktop/sdp-team-12/control_ws/install/my_bot/share/my_bot/package.sh'
[1.344s] INFO:colcon.colcon_core.shell:Creating package script '/home/adam/Desktop/sdp-team-12/control_ws/install/my_bot/share/my_bot/package.bash'
[1.345s] INFO:colcon.colcon_core.shell:Creating package script '/home/adam/Desktop/sdp-team-12/control_ws/install/my_bot/share/my_bot/package.zsh'
[1.345s] Level 1:colcon.colcon_core.environment:create_file_with_runtime_dependencies(/home/adam/Desktop/sdp-team-12/control_ws/install/my_bot/share/colcon-core/packages/my_bot)
[1.358s] Level 1:colcon.colcon_core.environment:create_environment_scripts_only(ros2_control_demo_description)
[1.370s] Level 1:colcon.colcon_core.environment:checking '/home/adam/Desktop/sdp-team-12/control_ws/install/ros2_control_demo_description' for CMake module files
[1.371s] Level 1:colcon.colcon_core.environment:checking '/home/adam/Desktop/sdp-team-12/control_ws/install/ros2_control_demo_description' for CMake config files
[1.371s] Level 1:colcon.colcon_core.shell:create_environment_hook('ros2_control_demo_description', 'cmake_prefix_path')
[1.385s] INFO:colcon.colcon_core.shell:Creating environment hook '/home/adam/Desktop/sdp-team-12/control_ws/install/ros2_control_demo_description/share/ros2_control_demo_description/hook/cmake_prefix_path.ps1'
[1.385s] INFO:colcon.colcon_core.shell:Creating environment descriptor '/home/adam/Desktop/sdp-team-12/control_ws/install/ros2_control_demo_description/share/ros2_control_demo_description/hook/cmake_prefix_path.dsv'
[1.386s] INFO:colcon.colcon_core.shell:Creating environment hook '/home/adam/Desktop/sdp-team-12/control_ws/install/ros2_control_demo_description/share/ros2_control_demo_description/hook/cmake_prefix_path.sh'
[1.386s] Level 1:colcon.colcon_core.environment:checking '/home/adam/Desktop/sdp-team-12/control_ws/install/ros2_control_demo_description/bin'
[1.386s] Level 1:colcon.colcon_core.environment:checking '/home/adam/Desktop/sdp-team-12/control_ws/install/ros2_control_demo_description/lib/pkgconfig/ros2_control_demo_description.pc'
[1.386s] Level 1:colcon.colcon_core.environment:checking '/home/adam/Desktop/sdp-team-12/control_ws/install/ros2_control_demo_description/lib/python3.10/site-packages'
[1.386s] Level 1:colcon.colcon_core.environment:checking '/home/adam/Desktop/sdp-team-12/control_ws/install/ros2_control_demo_description/bin'
[1.398s] INFO:colcon.colcon_core.shell:Creating package script '/home/adam/Desktop/sdp-team-12/control_ws/install/ros2_control_demo_description/share/ros2_control_demo_description/package.ps1'
[1.398s] INFO:colcon.colcon_core.shell:Creating package descriptor '/home/adam/Desktop/sdp-team-12/control_ws/install/ros2_control_demo_description/share/ros2_control_demo_description/package.dsv'
[1.399s] INFO:colcon.colcon_core.shell:Creating package script '/home/adam/Desktop/sdp-team-12/control_ws/install/ros2_control_demo_description/share/ros2_control_demo_description/package.sh'
[1.399s] INFO:colcon.colcon_core.shell:Creating package script '/home/adam/Desktop/sdp-team-12/control_ws/install/ros2_control_demo_description/share/ros2_control_demo_description/package.bash'
[1.399s] INFO:colcon.colcon_core.shell:Creating package script '/home/adam/Desktop/sdp-team-12/control_ws/install/ros2_control_demo_description/share/ros2_control_demo_description/package.zsh'
[1.399s] Level 1:colcon.colcon_core.environment:create_file_with_runtime_dependencies(/home/adam/Desktop/sdp-team-12/control_ws/install/ros2_control_demo_description/share/colcon-core/packages/ros2_control_demo_description)
[1.400s] INFO:colcon.colcon_ros.task.ament_cmake.build:Building ROS package in '/home/adam/Desktop/sdp-team-12/control_ws/src/ros2_control_demos/example_2' with build type 'ament_cmake'
[1.400s] INFO:colcon.colcon_cmake.task.cmake.build:Building CMake package in '/home/adam/Desktop/sdp-team-12/control_ws/src/ros2_control_demos/example_2'
[1.412s] INFO:colcon.colcon_core.shell:Skip shell extension 'powershell' for command environment: Not usable outside of PowerShell
[1.412s] DEBUG:colcon.colcon_core.shell:Skip shell extension 'dsv' for command environment
[1.457s] Level 1:colcon.colcon_core.environment:create_environment_scripts_only(my_bot)
[1.472s] Level 1:colcon.colcon_core.environment:checking '/home/adam/Desktop/sdp-team-12/control_ws/install/my_bot' for CMake module files
[1.473s] Level 1:colcon.colcon_core.environment:checking '/home/adam/Desktop/sdp-team-12/control_ws/install/my_bot' for CMake config files
[1.473s] Level 1:colcon.colcon_core.shell:create_environment_hook('my_bot', 'cmake_prefix_path')
[1.489s] INFO:colcon.colcon_core.shell:Creating environment hook '/home/adam/Desktop/sdp-team-12/control_ws/install/my_bot/share/my_bot/hook/cmake_prefix_path.ps1'
[1.490s] INFO:colcon.colcon_core.shell:Creating environment descriptor '/home/adam/Desktop/sdp-team-12/control_ws/install/my_bot/share/my_bot/hook/cmake_prefix_path.dsv'
[1.490s] INFO:colcon.colcon_core.shell:Creating environment hook '/home/adam/Desktop/sdp-team-12/control_ws/install/my_bot/share/my_bot/hook/cmake_prefix_path.sh'
[1.491s] Level 1:colcon.colcon_core.environment:checking '/home/adam/Desktop/sdp-team-12/control_ws/install/my_bot/bin'
[1.491s] Level 1:colcon.colcon_core.environment:checking '/home/adam/Desktop/sdp-team-12/control_ws/install/my_bot/lib/pkgconfig/my_bot.pc'
[1.491s] Level 1:colcon.colcon_core.environment:checking '/home/adam/Desktop/sdp-team-12/control_ws/install/my_bot/lib/python3.10/site-packages'
[1.491s] Level 1:colcon.colcon_core.environment:checking '/home/adam/Desktop/sdp-team-12/control_ws/install/my_bot/bin'
[1.503s] INFO:colcon.colcon_core.shell:Creating package script '/home/adam/Desktop/sdp-team-12/control_ws/install/my_bot/share/my_bot/package.ps1'
[1.503s] INFO:colcon.colcon_core.shell:Creating package descriptor '/home/adam/Desktop/sdp-team-12/control_ws/install/my_bot/share/my_bot/package.dsv'
[1.504s] INFO:colcon.colcon_core.shell:Creating package script '/home/adam/Desktop/sdp-team-12/control_ws/install/my_bot/share/my_bot/package.sh'
[1.504s] INFO:colcon.colcon_core.shell:Creating package script '/home/adam/Desktop/sdp-team-12/control_ws/install/my_bot/share/my_bot/package.bash'
[1.504s] INFO:colcon.colcon_core.shell:Creating package script '/home/adam/Desktop/sdp-team-12/control_ws/install/my_bot/share/my_bot/package.zsh'
[1.504s] Level 1:colcon.colcon_core.environment:create_file_with_runtime_dependencies(/home/adam/Desktop/sdp-team-12/control_ws/install/my_bot/share/colcon-core/packages/my_bot)
[1.507s] DEBUG:colcon.colcon_core.event_handler.log_command:Invoking command in '/home/adam/Desktop/sdp-team-12/control_ws/build/ros2_control_demo_example_2': CMAKE_PREFIX_PATH=/home/adam/Desktop/sdp-team-12/control_ws/install/ros2_control_demo_description:/home/adam/Desktop/sdp-team-12/control_ws/install/ros2_control_demos:/home/adam/Desktop/sdp-team-12/control_ws/install/ros2_control_demo_example_9:/home/adam/Desktop/sdp-team-12/control_ws/install/ros2_control_demo_example_8:/home/adam/Desktop/sdp-team-12/control_ws/install/ros2_control_demo_example_7:/home/adam/Desktop/sdp-team-12/control_ws/install/ros2_control_demo_example_2:/home/adam/Desktop/sdp-team-12/control_ws/install/ros2_control_demo_example_6:/home/adam/Desktop/sdp-team-12/control_ws/install/ros2_control_demo_example_5:/home/adam/Desktop/sdp-team-12/control_ws/install/ros2_control_demo_example_4:/home/adam/Desktop/sdp-team-12/control_ws/install/ros2_control_demo_example_3:/home/adam/Desktop/sdp-team-12/control_ws/install/ros2_control_demo_example_14:/home/adam/Desktop/sdp-team-12/control_ws/install/ros2_control_demo_example_10:/home/adam/Desktop/sdp-team-12/control_ws/install/ros2_control_demo_example_1:/home/adam/Desktop/sdp-team-12/control_ws/install/my_bot:/opt/ros/humble /usr/bin/cmake --build /home/adam/Desktop/sdp-team-12/control_ws/build/ros2_control_demo_example_2 -- -j8 -l8
[3.773s] DEBUG:colcon.colcon_core.event_handler.log_command:Invoked command in '/home/adam/Desktop/sdp-team-12/control_ws/build/ros2_control_demo_example_2' returned '2': CMAKE_PREFIX_PATH=/home/adam/Desktop/sdp-team-12/control_ws/install/ros2_control_demo_description:/home/adam/Desktop/sdp-team-12/control_ws/install/ros2_control_demos:/home/adam/Desktop/sdp-team-12/control_ws/install/ros2_control_demo_example_9:/home/adam/Desktop/sdp-team-12/control_ws/install/ros2_control_demo_example_8:/home/adam/Desktop/sdp-team-12/control_ws/install/ros2_control_demo_example_7:/home/adam/Desktop/sdp-team-12/control_ws/install/ros2_control_demo_example_2:/home/adam/Desktop/sdp-team-12/control_ws/install/ros2_control_demo_example_6:/home/adam/Desktop/sdp-team-12/control_ws/install/ros2_control_demo_example_5:/home/adam/Desktop/sdp-team-12/control_ws/install/ros2_control_demo_example_4:/home/adam/Desktop/sdp-team-12/control_ws/install/ros2_control_demo_example_3:/home/adam/Desktop/sdp-team-12/control_ws/install/ros2_control_demo_example_14:/home/adam/Desktop/sdp-team-12/control_ws/install/ros2_control_demo_example_10:/home/adam/Desktop/sdp-team-12/control_ws/install/ros2_control_demo_example_1:/home/adam/Desktop/sdp-team-12/control_ws/install/my_bot:/opt/ros/humble /usr/bin/cmake --build /home/adam/Desktop/sdp-team-12/control_ws/build/ros2_control_demo_example_2 -- -j8 -l8
[3.808s] Level 1:colcon.colcon_core.environment:create_environment_scripts_only(ros2_control_demo_example_2)
[3.819s] Level 1:colcon.colcon_core.environment:checking '/home/adam/Desktop/sdp-team-12/control_ws/install/ros2_control_demo_example_2' for CMake module files
[3.819s] Level 1:colcon.colcon_core.environment:checking '/home/adam/Desktop/sdp-team-12/control_ws/install/ros2_control_demo_example_2' for CMake config files
[3.819s] Level 1:colcon.colcon_core.shell:create_environment_hook('ros2_control_demo_example_2', 'cmake_prefix_path')
[3.831s] INFO:colcon.colcon_core.shell:Creating environment hook '/home/adam/Desktop/sdp-team-12/control_ws/install/ros2_control_demo_example_2/share/ros2_control_demo_example_2/hook/cmake_prefix_path.ps1'
[3.831s] INFO:colcon.colcon_core.shell:Creating environment descriptor '/home/adam/Desktop/sdp-team-12/control_ws/install/ros2_control_demo_example_2/share/ros2_control_demo_example_2/hook/cmake_prefix_path.dsv'
[3.831s] INFO:colcon.colcon_core.shell:Creating environment hook '/home/adam/Desktop/sdp-team-12/control_ws/install/ros2_control_demo_example_2/share/ros2_control_demo_example_2/hook/cmake_prefix_path.sh'
[3.832s] Level 1:colcon.colcon_core.environment:checking '/home/adam/Desktop/sdp-team-12/control_ws/install/ros2_control_demo_example_2/lib'
[3.832s] Level 1:colcon.colcon_core.shell:create_environment_hook('ros2_control_demo_example_2', 'ld_library_path_lib')
[3.843s] INFO:colcon.colcon_core.shell:Creating environment hook '/home/adam/Desktop/sdp-team-12/control_ws/install/ros2_control_demo_example_2/share/ros2_control_demo_example_2/hook/ld_library_path_lib.ps1'
[3.843s] INFO:colcon.colcon_core.shell:Creating environment descriptor '/home/adam/Desktop/sdp-team-12/control_ws/install/ros2_control_demo_example_2/share/ros2_control_demo_example_2/hook/ld_library_path_lib.dsv'
[3.843s] INFO:colcon.colcon_core.shell:Creating environment hook '/home/adam/Desktop/sdp-team-12/control_ws/install/ros2_control_demo_example_2/share/ros2_control_demo_example_2/hook/ld_library_path_lib.sh'
[3.844s] Level 1:colcon.colcon_core.environment:checking '/home/adam/Desktop/sdp-team-12/control_ws/install/ros2_control_demo_example_2/bin'
[3.844s] Level 1:colcon.colcon_core.environment:checking '/home/adam/Desktop/sdp-team-12/control_ws/install/ros2_control_demo_example_2/lib/pkgconfig/ros2_control_demo_example_2.pc'
[3.844s] Level 1:colcon.colcon_core.environment:checking '/home/adam/Desktop/sdp-team-12/control_ws/install/ros2_control_demo_example_2/lib/python3.10/site-packages'
[3.844s] Level 1:colcon.colcon_core.environment:checking '/home/adam/Desktop/sdp-team-12/control_ws/install/ros2_control_demo_example_2/bin'
[3.855s] INFO:colcon.colcon_core.shell:Creating package script '/home/adam/Desktop/sdp-team-12/control_ws/install/ros2_control_demo_example_2/share/ros2_control_demo_example_2/package.ps1'
[3.856s] INFO:colcon.colcon_core.shell:Creating package descriptor '/home/adam/Desktop/sdp-team-12/control_ws/install/ros2_control_demo_example_2/share/ros2_control_demo_example_2/package.dsv'
[3.856s] INFO:colcon.colcon_core.shell:Creating package script '/home/adam/Desktop/sdp-team-12/control_ws/install/ros2_control_demo_example_2/share/ros2_control_demo_example_2/package.sh'
[3.857s] INFO:colcon.colcon_core.shell:Creating package script '/home/adam/Desktop/sdp-team-12/control_ws/install/ros2_control_demo_example_2/share/ros2_control_demo_example_2/package.bash'
[3.857s] INFO:colcon.colcon_core.shell:Creating package script '/home/adam/Desktop/sdp-team-12/control_ws/install/ros2_control_demo_example_2/share/ros2_control_demo_example_2/package.zsh'
[3.857s] Level 1:colcon.colcon_core.environment:create_file_with_runtime_dependencies(/home/adam/Desktop/sdp-team-12/control_ws/install/ros2_control_demo_example_2/share/colcon-core/packages/ros2_control_demo_example_2)
[3.868s] DEBUG:colcon.colcon_parallel_executor.executor.parallel:closing loop
[3.868s] DEBUG:colcon.colcon_parallel_executor.executor.parallel:loop closed
[3.868s] DEBUG:colcon.colcon_parallel_executor.executor.parallel:run_until_complete finished with '2'
[3.868s] DEBUG:colcon.colcon_core.event_reactor:joining thread
[3.883s] INFO:colcon.colcon_core.plugin_system:Skipping extension 'colcon_notification.desktop_notification.terminal_notifier': Not used on non-Darwin systems
[3.883s] INFO:colcon.colcon_core.plugin_system:Skipping extension 'colcon_notification.desktop_notification.win32': Not used on non-Windows systems
[3.883s] INFO:colcon.colcon_notification.desktop_notification:Sending desktop notification using 'notify2'
[3.892s] DEBUG:colcon.colcon_core.event_reactor:joined thread
[3.903s] INFO:colcon.colcon_core.shell:Creating prefix script '/home/adam/Desktop/sdp-team-12/control_ws/install/local_setup.ps1'
[3.904s] INFO:colcon.colcon_core.shell:Creating prefix util module '/home/adam/Desktop/sdp-team-12/control_ws/install/_local_setup_util_ps1.py'
[3.905s] INFO:colcon.colcon_core.shell:Creating prefix chain script '/home/adam/Desktop/sdp-team-12/control_ws/install/setup.ps1'
[3.916s] INFO:colcon.colcon_core.shell:Creating prefix script '/home/adam/Desktop/sdp-team-12/control_ws/install/local_setup.sh'
[3.916s] INFO:colcon.colcon_core.shell:Creating prefix util module '/home/adam/Desktop/sdp-team-12/control_ws/install/_local_setup_util_sh.py'
[3.917s] INFO:colcon.colcon_core.shell:Creating prefix chain script '/home/adam/Desktop/sdp-team-12/control_ws/install/setup.sh'
[3.927s] INFO:colcon.colcon_core.shell:Creating prefix script '/home/adam/Desktop/sdp-team-12/control_ws/install/local_setup.bash'
[3.928s] INFO:colcon.colcon_core.shell:Creating prefix chain script '/home/adam/Desktop/sdp-team-12/control_ws/install/setup.bash'
[3.939s] INFO:colcon.colcon_core.shell:Creating prefix script '/home/adam/Desktop/sdp-team-12/control_ws/install/local_setup.zsh'
[3.939s] INFO:colcon.colcon_core.shell:Creating prefix chain script '/home/adam/Desktop/sdp-team-12/control_ws/install/setup.zsh'
