[0.747s] Invoking command in '/home/adam/Desktop/sdp-team-12/py_img_stream': PYTHONPATH=/home/adam/Desktop/sdp-team-12/build/py_img_stream/prefix_override:/home/adam/Desktop/sdp-team-12/install/py_img_stream/lib/python3.10/site-packages:${PYTHONPATH} /usr/bin/python3 setup.py egg_info --egg-base ../build/py_img_stream build --build-base /home/adam/Desktop/sdp-team-12/build/py_img_stream/build install --record /home/adam/Desktop/sdp-team-12/build/py_img_stream/install.log --single-version-externally-managed
[0.905s] running egg_info
[0.905s] writing ../build/py_img_stream/py_img_stream.egg-info/PKG-INFO
[0.906s] writing dependency_links to ../build/py_img_stream/py_img_stream.egg-info/dependency_links.txt
[0.906s] writing entry points to ../build/py_img_stream/py_img_stream.egg-info/entry_points.txt
[0.906s] writing requirements to ../build/py_img_stream/py_img_stream.egg-info/requires.txt
[0.906s] writing top-level names to ../build/py_img_stream/py_img_stream.egg-info/top_level.txt
[0.907s] reading manifest file '../build/py_img_stream/py_img_stream.egg-info/SOURCES.txt'
[0.908s] writing manifest file '../build/py_img_stream/py_img_stream.egg-info/SOURCES.txt'
[0.908s] running build
[0.908s] running build_py
[0.908s] copying py_img_stream/image_pub.py -> /home/adam/Desktop/sdp-team-12/build/py_img_stream/build/lib/py_img_stream
[0.908s] running install
[0.908s] /usr/lib/python3/dist-packages/setuptools/command/install.py:34: SetuptoolsDeprecationWarning: setup.py install is deprecated. Use build and pip and other standards-based tools.
[0.908s]   warnings.warn(
[0.909s] running install_lib
[0.909s] copying /home/adam/Desktop/sdp-team-12/build/py_img_stream/build/lib/py_img_stream/image_pub.py -> /home/adam/Desktop/sdp-team-12/install/py_img_stream/lib/python3.10/site-packages/py_img_stream
[0.910s] byte-compiling /home/adam/Desktop/sdp-team-12/install/py_img_stream/lib/python3.10/site-packages/py_img_stream/image_pub.py to image_pub.cpython-310.pyc
[0.911s] running install_data
[0.912s] running install_egg_info
[0.913s] removing '/home/adam/Desktop/sdp-team-12/install/py_img_stream/lib/python3.10/site-packages/py_img_stream-0.0.0-py3.10.egg-info' (and everything under it)
[0.913s] Copying ../build/py_img_stream/py_img_stream.egg-info to /home/adam/Desktop/sdp-team-12/install/py_img_stream/lib/python3.10/site-packages/py_img_stream-0.0.0-py3.10.egg-info
[0.914s] running install_scripts
[0.928s] Installing pub script to /home/adam/Desktop/sdp-team-12/install/py_img_stream/lib/py_img_stream
[0.928s] Installing sub script to /home/adam/Desktop/sdp-team-12/install/py_img_stream/lib/py_img_stream
[0.929s] Installing target_pub script to /home/adam/Desktop/sdp-team-12/install/py_img_stream/lib/py_img_stream
[0.929s] writing list of installed files to '/home/adam/Desktop/sdp-team-12/build/py_img_stream/install.log'
[0.957s] Invoked command in '/home/adam/Desktop/sdp-team-12/py_img_stream' returned '0': PYTHONPATH=/home/adam/Desktop/sdp-team-12/build/py_img_stream/prefix_override:/home/adam/Desktop/sdp-team-12/install/py_img_stream/lib/python3.10/site-packages:${PYTHONPATH} /usr/bin/python3 setup.py egg_info --egg-base ../build/py_img_stream build --build-base /home/adam/Desktop/sdp-team-12/build/py_img_stream/build install --record /home/adam/Desktop/sdp-team-12/build/py_img_stream/install.log --single-version-externally-managed
