[1.496s] Invoking command in '/home/adam/Desktop/sdp-team-12/py_serial': PYTHONPATH=/home/adam/Desktop/sdp-team-12/build/py_serial/prefix_override:/home/adam/Desktop/sdp-team-12/install/py_serial/lib/python3.10/site-packages:${PYTHONPATH} /usr/bin/python3 setup.py egg_info --egg-base ../build/py_serial build --build-base /home/adam/Desktop/sdp-team-12/build/py_serial/build install --record /home/adam/Desktop/sdp-team-12/build/py_serial/install.log --single-version-externally-managed
[1.796s] running egg_info
[1.797s] writing ../build/py_serial/py_serial.egg-info/PKG-INFO
[1.797s] writing dependency_links to ../build/py_serial/py_serial.egg-info/dependency_links.txt
[1.797s] writing entry points to ../build/py_serial/py_serial.egg-info/entry_points.txt
[1.798s] writing requirements to ../build/py_serial/py_serial.egg-info/requires.txt
[1.798s] writing top-level names to ../build/py_serial/py_serial.egg-info/top_level.txt
[1.800s] reading manifest file '../build/py_serial/py_serial.egg-info/SOURCES.txt'
[1.801s] writing manifest file '../build/py_serial/py_serial.egg-info/SOURCES.txt'
[1.801s] running build
[1.802s] running build_py
[1.802s] copying py_serial/serial_handler.py -> /home/adam/Desktop/sdp-team-12/build/py_serial/build/lib/py_serial
[1.802s] running install
[1.802s] /usr/lib/python3/dist-packages/setuptools/command/install.py:34: SetuptoolsDeprecationWarning: setup.py install is deprecated. Use build and pip and other standards-based tools.
[1.802s]   warnings.warn(
[1.803s] running install_lib
[1.805s] copying /home/adam/Desktop/sdp-team-12/build/py_serial/build/lib/py_serial/serial_handler.py -> /home/adam/Desktop/sdp-team-12/install/py_serial/lib/python3.10/site-packages/py_serial
[1.806s] byte-compiling /home/adam/Desktop/sdp-team-12/install/py_serial/lib/python3.10/site-packages/py_serial/serial_handler.py to serial_handler.cpython-310.pyc
[1.807s] running install_data
[1.808s] running install_egg_info
[1.810s] removing '/home/adam/Desktop/sdp-team-12/install/py_serial/lib/python3.10/site-packages/py_serial-0.0.0-py3.10.egg-info' (and everything under it)
[1.810s] Copying ../build/py_serial/py_serial.egg-info to /home/adam/Desktop/sdp-team-12/install/py_serial/lib/python3.10/site-packages/py_serial-0.0.0-py3.10.egg-info
[1.811s] running install_scripts
[1.835s] Installing serial_handler script to /home/adam/Desktop/sdp-team-12/install/py_serial/lib/py_serial
[1.836s] writing list of installed files to '/home/adam/Desktop/sdp-team-12/build/py_serial/install.log'
[1.946s] Invoked command in '/home/adam/Desktop/sdp-team-12/py_serial' returned '0': PYTHONPATH=/home/adam/Desktop/sdp-team-12/build/py_serial/prefix_override:/home/adam/Desktop/sdp-team-12/install/py_serial/lib/python3.10/site-packages:${PYTHONPATH} /usr/bin/python3 setup.py egg_info --egg-base ../build/py_serial build --build-base /home/adam/Desktop/sdp-team-12/build/py_serial/build install --record /home/adam/Desktop/sdp-team-12/build/py_serial/install.log --single-version-externally-managed
