[5.083s] Invoking command in '/mnt/e/UMass_Amherst/SDP/sdp-team-12/src/marker_detection': PYTHONPATH=/mnt/e/UMass_Amherst/SDP/sdp-team-12/build/marker_detection/prefix_override:/mnt/e/UMass_Amherst/SDP/sdp-team-12/install/marker_detection/lib/python3.10/site-packages:${PYTHONPATH} /usr/bin/python3 setup.py egg_info --egg-base ../../build/marker_detection build --build-base /mnt/e/UMass_Amherst/SDP/sdp-team-12/build/marker_detection/build install --record /mnt/e/UMass_Amherst/SDP/sdp-team-12/build/marker_detection/install.log --single-version-externally-managed
[6.998s] running egg_info
[7.017s] writing ../../build/marker_detection/marker_detection.egg-info/PKG-INFO
[7.040s] writing dependency_links to ../../build/marker_detection/marker_detection.egg-info/dependency_links.txt
[7.063s] writing entry points to ../../build/marker_detection/marker_detection.egg-info/entry_points.txt
[7.081s] writing requirements to ../../build/marker_detection/marker_detection.egg-info/requires.txt
[7.094s] writing top-level names to ../../build/marker_detection/marker_detection.egg-info/top_level.txt
[7.174s] reading manifest file '../../build/marker_detection/marker_detection.egg-info/SOURCES.txt'
[7.358s] writing manifest file '../../build/marker_detection/marker_detection.egg-info/SOURCES.txt'
[7.376s] running build
[7.378s] running install
[7.380s] /usr/lib/python3/dist-packages/setuptools/command/install.py:34: SetuptoolsDeprecationWarning: setup.py install is deprecated. Use build and pip and other standards-based tools.
[7.382s]   warnings.warn(
[7.385s] running install_data
[7.461s] running install_egg_info
[7.495s] removing '/mnt/e/UMass_Amherst/SDP/sdp-team-12/install/marker_detection/lib/python3.10/site-packages/marker_detection-0.0.0-py3.10.egg-info' (and everything under it)
[7.769s] Copying ../../build/marker_detection/marker_detection.egg-info to /mnt/e/UMass_Amherst/SDP/sdp-team-12/install/marker_detection/lib/python3.10/site-packages/marker_detection-0.0.0-py3.10.egg-info
[8.621s] running install_scripts
[8.821s] Installing detector = marker_detection.MarkerDetection:maintester script to /mnt/e/UMass_Amherst/SDP/sdp-team-12/install/marker_detection/lib/marker_detection
[8.890s] writing list of installed files to '/mnt/e/UMass_Amherst/SDP/sdp-team-12/build/marker_detection/install.log'
[8.931s] Invoked command in '/mnt/e/UMass_Amherst/SDP/sdp-team-12/src/marker_detection' returned '0': PYTHONPATH=/mnt/e/UMass_Amherst/SDP/sdp-team-12/build/marker_detection/prefix_override:/mnt/e/UMass_Amherst/SDP/sdp-team-12/install/marker_detection/lib/python3.10/site-packages:${PYTHONPATH} /usr/bin/python3 setup.py egg_info --egg-base ../../build/marker_detection build --build-base /mnt/e/UMass_Amherst/SDP/sdp-team-12/build/marker_detection/build install --record /mnt/e/UMass_Amherst/SDP/sdp-team-12/build/marker_detection/install.log --single-version-externally-managed
