[2.287s] DEBUG:colcon:Command line arguments: ['/usr/bin/colcon', 'build']
[2.289s] DEBUG:colcon:Parsed command line arguments: Namespace(log_base=None, log_level=None, verb_name='build', build_base='build', install_base='install', merge_install=False, symlink_install=False, test_result_base=None, continue_on_error=False, executor='parallel', parallel_workers=4, event_handlers=None, ignore_user_meta=False, metas=['./colcon.meta'], base_paths=['.'], packages_ignore=None, packages_ignore_regex=None, paths=None, packages_up_to=None, packages_up_to_regex=None, packages_above=None, packages_above_and_dependencies=None, packages_above_depth=None, packages_select_by_dep=None, packages_skip_by_dep=None, packages_skip_up_to=None, packages_select_build_failed=False, packages_skip_build_finished=False, packages_select_test_failures=False, packages_skip_test_passed=False, packages_select=None, packages_skip=None, packages_select_regex=None, packages_skip_regex=None, packages_start=None, packages_end=None, allow_overriding=[], cmake_args=None, cmake_target=None, cmake_target_skip_unavailable=False, cmake_clean_cache=False, cmake_clean_first=False, cmake_force_configure=False, ament_cmake_args=None, catkin_cmake_args=None, catkin_skip_building_tests=False, verb_parser=<colcon_defaults.argument_parser.defaults.DefaultArgumentsDecorator object at 0x7fe90b527ee0>, verb_extension=<colcon_core.verb.build.BuildVerb object at 0x7fe90c3629e0>, main=<bound method BuildVerb.main of <colcon_core.verb.build.BuildVerb object at 0x7fe90c3629e0>>)
[2.732s] Level 1:colcon.colcon_core.package_discovery:discover_packages(colcon_meta) check parameters
[2.734s] Level 1:colcon.colcon_core.package_discovery:discover_packages(recursive) check parameters
[2.735s] Level 1:colcon.colcon_core.package_discovery:discover_packages(ignore) check parameters
[2.736s] Level 1:colcon.colcon_core.package_discovery:discover_packages(path) check parameters
[2.737s] Level 1:colcon.colcon_core.package_discovery:discover_packages(colcon_meta) discover
[2.737s] Level 1:colcon.colcon_core.package_discovery:discover_packages(recursive) discover
[2.738s] INFO:colcon.colcon_core.package_discovery:Crawling recursively for packages in '/media/sf_SDP/sdp-team-12'
[2.749s] Level 1:colcon.colcon_core.package_identification:_identify(.) by extensions ['ignore', 'ignore_ament_install']
[2.750s] Level 1:colcon.colcon_core.package_identification:_identify(.) by extension 'ignore'
[2.751s] Level 1:colcon.colcon_core.package_identification:_identify(.) by extension 'ignore_ament_install'
[2.753s] Level 1:colcon.colcon_core.package_identification:_identify(.) by extensions ['colcon_pkg']
[2.754s] Level 1:colcon.colcon_core.package_identification:_identify(.) by extension 'colcon_pkg'
[2.755s] Level 1:colcon.colcon_core.package_identification:_identify(.) by extensions ['colcon_meta']
[2.756s] Level 1:colcon.colcon_core.package_identification:_identify(.) by extension 'colcon_meta'
[2.757s] Level 1:colcon.colcon_core.package_identification:_identify(.) by extensions ['ros']
[2.758s] Level 1:colcon.colcon_core.package_identification:_identify(.) by extension 'ros'
[2.784s] Level 1:colcon.colcon_core.package_identification:_identify(.) by extensions ['cmake', 'python']
[2.785s] Level 1:colcon.colcon_core.package_identification:_identify(.) by extension 'cmake'
[2.786s] Level 1:colcon.colcon_core.package_identification:_identify(.) by extension 'python'
[2.788s] Level 1:colcon.colcon_core.package_identification:_identify(.) by extensions ['python_setup_py']
[2.789s] Level 1:colcon.colcon_core.package_identification:_identify(.) by extension 'python_setup_py'
[2.795s] Level 1:colcon.colcon_core.package_identification:_identify(basic_mobile_robot) by extensions ['ignore', 'ignore_ament_install']
[2.796s] Level 1:colcon.colcon_core.package_identification:_identify(basic_mobile_robot) by extension 'ignore'
[2.797s] Level 1:colcon.colcon_core.package_identification:_identify(basic_mobile_robot) by extension 'ignore_ament_install'
[2.800s] Level 1:colcon.colcon_core.package_identification:_identify(basic_mobile_robot) by extensions ['colcon_pkg']
[2.801s] Level 1:colcon.colcon_core.package_identification:_identify(basic_mobile_robot) by extension 'colcon_pkg'
[2.803s] Level 1:colcon.colcon_core.package_identification:_identify(basic_mobile_robot) by extensions ['colcon_meta']
[2.804s] Level 1:colcon.colcon_core.package_identification:_identify(basic_mobile_robot) by extension 'colcon_meta'
[2.804s] Level 1:colcon.colcon_core.package_identification:_identify(basic_mobile_robot) by extensions ['ros']
[2.805s] Level 1:colcon.colcon_core.package_identification:_identify(basic_mobile_robot) by extension 'ros'
[2.952s] DEBUG:colcon.colcon_core.package_identification:Package 'basic_mobile_robot' with type 'ros.ament_cmake' and name 'basic_mobile_robot'
[2.956s] Level 1:colcon.colcon_core.package_identification:_identify(build) by extensions ['ignore', 'ignore_ament_install']
[2.957s] Level 1:colcon.colcon_core.package_identification:_identify(build) by extension 'ignore'
[2.958s] Level 1:colcon.colcon_core.package_identification:_identify(build) ignored
[2.963s] Level 1:colcon.colcon_core.package_identification:_identify(install) by extensions ['ignore', 'ignore_ament_install']
[2.963s] Level 1:colcon.colcon_core.package_identification:_identify(install) by extension 'ignore'
[2.965s] Level 1:colcon.colcon_core.package_identification:_identify(install) ignored
[2.968s] Level 1:colcon.colcon_core.package_identification:_identify(log) by extensions ['ignore', 'ignore_ament_install']
[2.969s] Level 1:colcon.colcon_core.package_identification:_identify(log) by extension 'ignore'
[2.971s] Level 1:colcon.colcon_core.package_identification:_identify(log) ignored
[2.974s] Level 1:colcon.colcon_core.package_identification:_identify(navigator) by extensions ['ignore', 'ignore_ament_install']
[2.975s] Level 1:colcon.colcon_core.package_identification:_identify(navigator) by extension 'ignore'
[2.977s] Level 1:colcon.colcon_core.package_identification:_identify(navigator) by extension 'ignore_ament_install'
[2.980s] Level 1:colcon.colcon_core.package_identification:_identify(navigator) by extensions ['colcon_pkg']
[2.980s] Level 1:colcon.colcon_core.package_identification:_identify(navigator) by extension 'colcon_pkg'
[2.982s] Level 1:colcon.colcon_core.package_identification:_identify(navigator) by extensions ['colcon_meta']
[2.982s] Level 1:colcon.colcon_core.package_identification:_identify(navigator) by extension 'colcon_meta'
[2.983s] Level 1:colcon.colcon_core.package_identification:_identify(navigator) by extensions ['ros']
[2.984s] Level 1:colcon.colcon_core.package_identification:_identify(navigator) by extension 'ros'
[3.039s] DEBUG:colcon.colcon_core.package_identification:Package 'navigator' with type 'ros.ament_python' and name 'navigator'
[3.039s] Level 1:colcon.colcon_core.package_discovery:discover_packages(recursive) using defaults
[3.040s] Level 1:colcon.colcon_core.package_discovery:discover_packages(ignore) discover
[3.041s] Level 1:colcon.colcon_core.package_discovery:discover_packages(ignore) using defaults
[3.042s] Level 1:colcon.colcon_core.package_discovery:discover_packages(path) discover
[3.043s] Level 1:colcon.colcon_core.package_discovery:discover_packages(path) using defaults
[3.274s] Level 1:colcon.colcon_core.package_discovery:discover_packages(prefix_path) check parameters
[3.275s] Level 1:colcon.colcon_core.package_discovery:discover_packages(prefix_path) discover
[3.318s] WARNING:colcon.colcon_ros.prefix_path.ament:The path '/media/sf_SDP/sdp-team-12/install/navigator' in the environment variable AMENT_PREFIX_PATH doesn't exist
[3.324s] WARNING:colcon.colcon_ros.prefix_path.ament:The path '/media/sf_SDP/sdp-team-12/install/basic_mobile_robot' in the environment variable AMENT_PREFIX_PATH doesn't exist
[3.326s] WARNING:colcon.colcon_ros.prefix_path.catkin:The path '/media/sf_SDP/sdp-team-12/install/basic_mobile_robot' in the environment variable CMAKE_PREFIX_PATH doesn't exist
[3.397s] DEBUG:colcon.colcon_installed_package_information.package_discovery:Found 0 installed packages in /media/sf_SDP/sdp-team-12/install
[3.467s] DEBUG:colcon.colcon_installed_package_information.package_discovery:Found 328 installed packages in /opt/ros/humble
[3.476s] Level 1:colcon.colcon_core.package_discovery:discover_packages(prefix_path) using defaults
[3.932s] Level 5:colcon.colcon_core.verb:set package 'basic_mobile_robot' build argument 'cmake_args' from command line to 'None'
[3.933s] Level 5:colcon.colcon_core.verb:set package 'basic_mobile_robot' build argument 'cmake_target' from command line to 'None'
[3.934s] Level 5:colcon.colcon_core.verb:set package 'basic_mobile_robot' build argument 'cmake_target_skip_unavailable' from command line to 'False'
[3.935s] Level 5:colcon.colcon_core.verb:set package 'basic_mobile_robot' build argument 'cmake_clean_cache' from command line to 'False'
[3.937s] Level 5:colcon.colcon_core.verb:set package 'basic_mobile_robot' build argument 'cmake_clean_first' from command line to 'False'
[3.938s] Level 5:colcon.colcon_core.verb:set package 'basic_mobile_robot' build argument 'cmake_force_configure' from command line to 'False'
[3.938s] Level 5:colcon.colcon_core.verb:set package 'basic_mobile_robot' build argument 'ament_cmake_args' from command line to 'None'
[3.939s] Level 5:colcon.colcon_core.verb:set package 'basic_mobile_robot' build argument 'catkin_cmake_args' from command line to 'None'
[3.940s] Level 5:colcon.colcon_core.verb:set package 'basic_mobile_robot' build argument 'catkin_skip_building_tests' from command line to 'False'
[3.941s] DEBUG:colcon.colcon_core.verb:Building package 'basic_mobile_robot' with the following arguments: {'ament_cmake_args': None, 'build_base': '/media/sf_SDP/sdp-team-12/build/basic_mobile_robot', 'catkin_cmake_args': None, 'catkin_skip_building_tests': False, 'cmake_args': None, 'cmake_clean_cache': False, 'cmake_clean_first': False, 'cmake_force_configure': False, 'cmake_target': None, 'cmake_target_skip_unavailable': False, 'install_base': '/media/sf_SDP/sdp-team-12/install/basic_mobile_robot', 'merge_install': False, 'path': '/media/sf_SDP/sdp-team-12/basic_mobile_robot', 'symlink_install': False, 'test_result_base': None}
[4.015s] Level 5:colcon.colcon_core.verb:set package 'navigator' build argument 'cmake_args' from command line to 'None'
[4.016s] Level 5:colcon.colcon_core.verb:set package 'navigator' build argument 'cmake_target' from command line to 'None'
[4.018s] Level 5:colcon.colcon_core.verb:set package 'navigator' build argument 'cmake_target_skip_unavailable' from command line to 'False'
[4.019s] Level 5:colcon.colcon_core.verb:set package 'navigator' build argument 'cmake_clean_cache' from command line to 'False'
[4.020s] Level 5:colcon.colcon_core.verb:set package 'navigator' build argument 'cmake_clean_first' from command line to 'False'
[4.021s] Level 5:colcon.colcon_core.verb:set package 'navigator' build argument 'cmake_force_configure' from command line to 'False'
[4.023s] Level 5:colcon.colcon_core.verb:set package 'navigator' build argument 'ament_cmake_args' from command line to 'None'
[4.024s] Level 5:colcon.colcon_core.verb:set package 'navigator' build argument 'catkin_cmake_args' from command line to 'None'
[4.025s] Level 5:colcon.colcon_core.verb:set package 'navigator' build argument 'catkin_skip_building_tests' from command line to 'False'
[4.026s] DEBUG:colcon.colcon_core.verb:Building package 'navigator' with the following arguments: {'ament_cmake_args': None, 'build_base': '/media/sf_SDP/sdp-team-12/build/navigator', 'catkin_cmake_args': None, 'catkin_skip_building_tests': False, 'cmake_args': None, 'cmake_clean_cache': False, 'cmake_clean_first': False, 'cmake_force_configure': False, 'cmake_target': None, 'cmake_target_skip_unavailable': False, 'install_base': '/media/sf_SDP/sdp-team-12/install/navigator', 'merge_install': False, 'path': '/media/sf_SDP/sdp-team-12/navigator', 'symlink_install': False, 'test_result_base': None}
[4.106s] INFO:colcon.colcon_core.executor:Executing jobs using 'parallel' executor
[4.176s] DEBUG:colcon.colcon_parallel_executor.executor.parallel:run_until_complete
[4.189s] INFO:colcon.colcon_ros.task.ament_cmake.build:Building ROS package in '/media/sf_SDP/sdp-team-12/basic_mobile_robot' with build type 'ament_cmake'
[4.191s] INFO:colcon.colcon_cmake.task.cmake.build:Building CMake package in '/media/sf_SDP/sdp-team-12/basic_mobile_robot'
[4.283s] INFO:colcon.colcon_core.plugin_system:Skipping extension 'colcon_core.shell.bat': Not used on non-Windows systems
[4.284s] INFO:colcon.colcon_core.shell:Skip shell extension 'powershell' for command environment: Not usable outside of PowerShell
[4.285s] DEBUG:colcon.colcon_core.shell:Skip shell extension 'dsv' for command environment
[4.601s] INFO:colcon.colcon_ros.task.ament_python.build:Building ROS package in '/media/sf_SDP/sdp-team-12/navigator' with build type 'ament_python'
[4.603s] Level 1:colcon.colcon_core.shell:create_environment_hook('navigator', 'ament_prefix_path')
[4.664s] INFO:colcon.colcon_core.shell:Creating environment hook '/media/sf_SDP/sdp-team-12/install/navigator/share/navigator/hook/ament_prefix_path.ps1'
[5.165s] INFO:colcon.colcon_core.shell:Creating environment descriptor '/media/sf_SDP/sdp-team-12/install/navigator/share/navigator/hook/ament_prefix_path.dsv'
[5.224s] INFO:colcon.colcon_core.shell:Creating environment hook '/media/sf_SDP/sdp-team-12/install/navigator/share/navigator/hook/ament_prefix_path.sh'
[5.367s] INFO:colcon.colcon_core.shell:Skip shell extension 'powershell' for command environment: Not usable outside of PowerShell
[5.368s] DEBUG:colcon.colcon_core.shell:Skip shell extension 'dsv' for command environment
[6.065s] DEBUG:colcon.colcon_core.event_handler.log_command:Invoking command in '/media/sf_SDP/sdp-team-12/build/basic_mobile_robot': CMAKE_PREFIX_PATH=${CMAKE_PREFIX_PATH}:/media/sf_SDP/sdp-team-12/install/navigator:/opt/ros/humble /usr/bin/cmake /media/sf_SDP/sdp-team-12/basic_mobile_robot -DCMAKE_INSTALL_PREFIX=/media/sf_SDP/sdp-team-12/install/basic_mobile_robot
[7.285s] INFO:colcon.colcon_core.task.python.build:Building Python package in '/media/sf_SDP/sdp-team-12/navigator'
[7.330s] INFO:colcon.colcon_core.shell:Skip shell extension 'powershell' for command environment: Not usable outside of PowerShell
[7.370s] DEBUG:colcon.colcon_core.shell:Skip shell extension 'dsv' for command environment
[9.880s] DEBUG:colcon.colcon_core.event_handler.log_command:Invoking command in '/media/sf_SDP/sdp-team-12/navigator': PYTHONPATH=/media/sf_SDP/sdp-team-12/build/navigator/prefix_override:/media/sf_SDP/sdp-team-12/install/navigator/lib/python3.10/site-packages:${PYTHONPATH} /usr/bin/python3 setup.py egg_info --egg-base ../build/navigator build --build-base /media/sf_SDP/sdp-team-12/build/navigator/build install --record /media/sf_SDP/sdp-team-12/build/navigator/install.log --single-version-externally-managed
[17.186s] DEBUG:colcon.colcon_core.event_handler.log_command:Invoked command in '/media/sf_SDP/sdp-team-12/navigator' returned '0': PYTHONPATH=/media/sf_SDP/sdp-team-12/build/navigator/prefix_override:/media/sf_SDP/sdp-team-12/install/navigator/lib/python3.10/site-packages:${PYTHONPATH} /usr/bin/python3 setup.py egg_info --egg-base ../build/navigator build --build-base /media/sf_SDP/sdp-team-12/build/navigator/build install --record /media/sf_SDP/sdp-team-12/build/navigator/install.log --single-version-externally-managed
[17.290s] Level 1:colcon.colcon_core.environment:checking '/media/sf_SDP/sdp-team-12/install/navigator' for CMake module files
[17.487s] Level 1:colcon.colcon_core.environment:checking '/media/sf_SDP/sdp-team-12/install/navigator' for CMake config files
[17.774s] Level 1:colcon.colcon_core.environment:checking '/media/sf_SDP/sdp-team-12/install/navigator/lib'
[17.814s] Level 1:colcon.colcon_core.environment:checking '/media/sf_SDP/sdp-team-12/install/navigator/bin'
[17.816s] Level 1:colcon.colcon_core.environment:checking '/media/sf_SDP/sdp-team-12/install/navigator/lib/pkgconfig/navigator.pc'
[17.835s] Level 1:colcon.colcon_core.environment:checking '/media/sf_SDP/sdp-team-12/install/navigator/lib/python3.10/site-packages'
[17.860s] Level 1:colcon.colcon_core.shell:create_environment_hook('navigator', 'pythonpath')
[17.947s] INFO:colcon.colcon_core.shell:Creating environment hook '/media/sf_SDP/sdp-team-12/install/navigator/share/navigator/hook/pythonpath.ps1'
[18.008s] INFO:colcon.colcon_core.shell:Creating environment descriptor '/media/sf_SDP/sdp-team-12/install/navigator/share/navigator/hook/pythonpath.dsv'
[18.070s] INFO:colcon.colcon_core.shell:Creating environment hook '/media/sf_SDP/sdp-team-12/install/navigator/share/navigator/hook/pythonpath.sh'
[18.138s] Level 1:colcon.colcon_core.environment:checking '/media/sf_SDP/sdp-team-12/install/navigator/bin'
[18.140s] Level 1:colcon.colcon_core.environment:create_environment_scripts_only(navigator)
[18.214s] INFO:colcon.colcon_core.shell:Creating package script '/media/sf_SDP/sdp-team-12/install/navigator/share/navigator/package.ps1'
[18.275s] INFO:colcon.colcon_core.shell:Creating package descriptor '/media/sf_SDP/sdp-team-12/install/navigator/share/navigator/package.dsv'
[18.319s] INFO:colcon.colcon_core.shell:Creating package script '/media/sf_SDP/sdp-team-12/install/navigator/share/navigator/package.sh'
[18.370s] INFO:colcon.colcon_core.shell:Creating package script '/media/sf_SDP/sdp-team-12/install/navigator/share/navigator/package.bash'
[18.448s] INFO:colcon.colcon_core.shell:Creating package script '/media/sf_SDP/sdp-team-12/install/navigator/share/navigator/package.zsh'
[18.504s] Level 1:colcon.colcon_core.environment:create_file_with_runtime_dependencies(/media/sf_SDP/sdp-team-12/install/navigator/share/colcon-core/packages/navigator)
[28.331s] DEBUG:colcon.colcon_core.event_handler.log_command:Invoked command in '/media/sf_SDP/sdp-team-12/build/basic_mobile_robot' returned '0': CMAKE_PREFIX_PATH=${CMAKE_PREFIX_PATH}:/media/sf_SDP/sdp-team-12/install/navigator:/opt/ros/humble /usr/bin/cmake /media/sf_SDP/sdp-team-12/basic_mobile_robot -DCMAKE_INSTALL_PREFIX=/media/sf_SDP/sdp-team-12/install/basic_mobile_robot
[28.344s] DEBUG:colcon.colcon_core.event_handler.log_command:Invoking command in '/media/sf_SDP/sdp-team-12/build/basic_mobile_robot': CMAKE_PREFIX_PATH=${CMAKE_PREFIX_PATH}:/media/sf_SDP/sdp-team-12/install/navigator:/opt/ros/humble /usr/bin/cmake --build /media/sf_SDP/sdp-team-12/build/basic_mobile_robot -- -j4 -l4
[28.512s] DEBUG:colcon.colcon_core.event_handler.log_command:Invoked command in '/media/sf_SDP/sdp-team-12/build/basic_mobile_robot' returned '0': CMAKE_PREFIX_PATH=${CMAKE_PREFIX_PATH}:/media/sf_SDP/sdp-team-12/install/navigator:/opt/ros/humble /usr/bin/cmake --build /media/sf_SDP/sdp-team-12/build/basic_mobile_robot -- -j4 -l4
[28.651s] DEBUG:colcon.colcon_core.event_handler.log_command:Invoking command in '/media/sf_SDP/sdp-team-12/build/basic_mobile_robot': CMAKE_PREFIX_PATH=${CMAKE_PREFIX_PATH}:/media/sf_SDP/sdp-team-12/install/navigator:/opt/ros/humble /usr/bin/cmake --install /media/sf_SDP/sdp-team-12/build/basic_mobile_robot
[41.188s] Level 1:colcon.colcon_core.environment:create_environment_scripts_only(basic_mobile_robot)
[41.191s] DEBUG:colcon.colcon_core.event_handler.log_command:Invoked command in '/media/sf_SDP/sdp-team-12/build/basic_mobile_robot' returned '0': CMAKE_PREFIX_PATH=${CMAKE_PREFIX_PATH}:/media/sf_SDP/sdp-team-12/install/navigator:/opt/ros/humble /usr/bin/cmake --install /media/sf_SDP/sdp-team-12/build/basic_mobile_robot
[41.228s] Level 1:colcon.colcon_core.environment:checking '/media/sf_SDP/sdp-team-12/install/basic_mobile_robot' for CMake module files
[41.268s] Level 1:colcon.colcon_core.environment:checking '/media/sf_SDP/sdp-team-12/install/basic_mobile_robot' for CMake config files
[41.312s] Level 1:colcon.colcon_core.shell:create_environment_hook('basic_mobile_robot', 'cmake_prefix_path')
[41.345s] INFO:colcon.colcon_core.shell:Creating environment hook '/media/sf_SDP/sdp-team-12/install/basic_mobile_robot/share/basic_mobile_robot/hook/cmake_prefix_path.ps1'
[41.495s] INFO:colcon.colcon_core.shell:Creating environment descriptor '/media/sf_SDP/sdp-team-12/install/basic_mobile_robot/share/basic_mobile_robot/hook/cmake_prefix_path.dsv'
[41.550s] INFO:colcon.colcon_core.shell:Creating environment hook '/media/sf_SDP/sdp-team-12/install/basic_mobile_robot/share/basic_mobile_robot/hook/cmake_prefix_path.sh'
[41.647s] Level 1:colcon.colcon_core.environment:checking '/media/sf_SDP/sdp-team-12/install/basic_mobile_robot/bin'
[41.649s] Level 1:colcon.colcon_core.environment:checking '/media/sf_SDP/sdp-team-12/install/basic_mobile_robot/lib/pkgconfig/basic_mobile_robot.pc'
[41.650s] Level 1:colcon.colcon_core.environment:checking '/media/sf_SDP/sdp-team-12/install/basic_mobile_robot/lib/python3.10/site-packages'
[41.651s] Level 1:colcon.colcon_core.environment:checking '/media/sf_SDP/sdp-team-12/install/basic_mobile_robot/bin'
[41.708s] INFO:colcon.colcon_core.shell:Creating package script '/media/sf_SDP/sdp-team-12/install/basic_mobile_robot/share/basic_mobile_robot/package.ps1'
[41.762s] INFO:colcon.colcon_core.shell:Creating package descriptor '/media/sf_SDP/sdp-team-12/install/basic_mobile_robot/share/basic_mobile_robot/package.dsv'
[41.839s] INFO:colcon.colcon_core.shell:Creating package script '/media/sf_SDP/sdp-team-12/install/basic_mobile_robot/share/basic_mobile_robot/package.sh'
[41.918s] INFO:colcon.colcon_core.shell:Creating package script '/media/sf_SDP/sdp-team-12/install/basic_mobile_robot/share/basic_mobile_robot/package.bash'
[42.008s] INFO:colcon.colcon_core.shell:Creating package script '/media/sf_SDP/sdp-team-12/install/basic_mobile_robot/share/basic_mobile_robot/package.zsh'
[42.055s] Level 1:colcon.colcon_core.environment:create_file_with_runtime_dependencies(/media/sf_SDP/sdp-team-12/install/basic_mobile_robot/share/colcon-core/packages/basic_mobile_robot)
[42.372s] Level 1:colcon.colcon_core.environment:create_environment_scripts_only(basic_mobile_robot)
[42.424s] Level 1:colcon.colcon_core.environment:checking '/media/sf_SDP/sdp-team-12/install/basic_mobile_robot' for CMake module files
[42.465s] Level 1:colcon.colcon_core.environment:checking '/media/sf_SDP/sdp-team-12/install/basic_mobile_robot' for CMake config files
[42.500s] Level 1:colcon.colcon_core.shell:create_environment_hook('basic_mobile_robot', 'cmake_prefix_path')
[42.535s] INFO:colcon.colcon_core.shell:Creating environment hook '/media/sf_SDP/sdp-team-12/install/basic_mobile_robot/share/basic_mobile_robot/hook/cmake_prefix_path.ps1'
[42.565s] INFO:colcon.colcon_core.shell:Creating environment descriptor '/media/sf_SDP/sdp-team-12/install/basic_mobile_robot/share/basic_mobile_robot/hook/cmake_prefix_path.dsv'
[42.603s] INFO:colcon.colcon_core.shell:Creating environment hook '/media/sf_SDP/sdp-team-12/install/basic_mobile_robot/share/basic_mobile_robot/hook/cmake_prefix_path.sh'
[42.655s] Level 1:colcon.colcon_core.environment:checking '/media/sf_SDP/sdp-team-12/install/basic_mobile_robot/bin'
[42.656s] Level 1:colcon.colcon_core.environment:checking '/media/sf_SDP/sdp-team-12/install/basic_mobile_robot/lib/pkgconfig/basic_mobile_robot.pc'
[42.658s] Level 1:colcon.colcon_core.environment:checking '/media/sf_SDP/sdp-team-12/install/basic_mobile_robot/lib/python3.10/site-packages'
[42.659s] Level 1:colcon.colcon_core.environment:checking '/media/sf_SDP/sdp-team-12/install/basic_mobile_robot/bin'
[42.711s] INFO:colcon.colcon_core.shell:Creating package script '/media/sf_SDP/sdp-team-12/install/basic_mobile_robot/share/basic_mobile_robot/package.ps1'
[42.797s] INFO:colcon.colcon_core.shell:Creating package descriptor '/media/sf_SDP/sdp-team-12/install/basic_mobile_robot/share/basic_mobile_robot/package.dsv'
[42.819s] INFO:colcon.colcon_core.shell:Creating package script '/media/sf_SDP/sdp-team-12/install/basic_mobile_robot/share/basic_mobile_robot/package.sh'
[42.856s] INFO:colcon.colcon_core.shell:Creating package script '/media/sf_SDP/sdp-team-12/install/basic_mobile_robot/share/basic_mobile_robot/package.bash'
[42.891s] INFO:colcon.colcon_core.shell:Creating package script '/media/sf_SDP/sdp-team-12/install/basic_mobile_robot/share/basic_mobile_robot/package.zsh'
[43.018s] Level 1:colcon.colcon_core.environment:create_file_with_runtime_dependencies(/media/sf_SDP/sdp-team-12/install/basic_mobile_robot/share/colcon-core/packages/basic_mobile_robot)
[43.100s] DEBUG:colcon.colcon_parallel_executor.executor.parallel:closing loop
[43.101s] DEBUG:colcon.colcon_parallel_executor.executor.parallel:loop closed
[43.102s] DEBUG:colcon.colcon_parallel_executor.executor.parallel:run_until_complete finished with '0'
[43.103s] DEBUG:colcon.colcon_core.event_reactor:joining thread
[43.348s] INFO:colcon.colcon_core.plugin_system:Skipping extension 'colcon_notification.desktop_notification.terminal_notifier': Not used on non-Darwin systems
[43.350s] INFO:colcon.colcon_core.plugin_system:Skipping extension 'colcon_notification.desktop_notification.win32': Not used on non-Windows systems
[43.351s] INFO:colcon.colcon_notification.desktop_notification:Sending desktop notification using 'notify2'
[43.405s] DEBUG:colcon.colcon_core.event_reactor:joined thread
[43.500s] INFO:colcon.colcon_core.shell:Creating prefix script '/media/sf_SDP/sdp-team-12/install/local_setup.ps1'
[43.631s] INFO:colcon.colcon_core.shell:Creating prefix util module '/media/sf_SDP/sdp-team-12/install/_local_setup_util_ps1.py'
[43.711s] INFO:colcon.colcon_core.shell:Creating prefix chain script '/media/sf_SDP/sdp-team-12/install/setup.ps1'
[43.811s] INFO:colcon.colcon_core.shell:Creating prefix script '/media/sf_SDP/sdp-team-12/install/local_setup.sh'
[43.864s] INFO:colcon.colcon_core.shell:Creating prefix util module '/media/sf_SDP/sdp-team-12/install/_local_setup_util_sh.py'
[43.926s] INFO:colcon.colcon_core.shell:Creating prefix chain script '/media/sf_SDP/sdp-team-12/install/setup.sh'
[44.056s] INFO:colcon.colcon_core.shell:Creating prefix script '/media/sf_SDP/sdp-team-12/install/local_setup.bash'
[44.090s] INFO:colcon.colcon_core.shell:Creating prefix chain script '/media/sf_SDP/sdp-team-12/install/setup.bash'
[44.202s] INFO:colcon.colcon_core.shell:Creating prefix script '/media/sf_SDP/sdp-team-12/install/local_setup.zsh'
[44.253s] INFO:colcon.colcon_core.shell:Creating prefix chain script '/media/sf_SDP/sdp-team-12/install/setup.zsh'
