[1.321s] Invoking command in '/home/adam/Desktop/sdp-team-12/py_serial': PYTHONPATH=/home/adam/Desktop/sdp-team-12/build/py_serial/prefix_override:/home/adam/Desktop/sdp-team-12/install/py_serial/lib/python3.10/site-packages:${PYTHONPATH} /usr/bin/python3 setup.py egg_info --egg-base ../build/py_serial build --build-base /home/adam/Desktop/sdp-team-12/build/py_serial/build install --record /home/adam/Desktop/sdp-team-12/build/py_serial/install.log --single-version-externally-managed
[1.540s] running egg_info
[1.541s] writing ../build/py_serial/py_serial.egg-info/PKG-INFO
[1.541s] writing dependency_links to ../build/py_serial/py_serial.egg-info/dependency_links.txt
[1.541s] writing entry points to ../build/py_serial/py_serial.egg-info/entry_points.txt
[1.542s] writing requirements to ../build/py_serial/py_serial.egg-info/requires.txt
[1.542s] writing top-level names to ../build/py_serial/py_serial.egg-info/top_level.txt
[1.544s] reading manifest file '../build/py_serial/py_serial.egg-info/SOURCES.txt'
[1.545s] writing manifest file '../build/py_serial/py_serial.egg-info/SOURCES.txt'
[1.545s] running build
[1.545s] running build_py
[1.546s] copying py_serial/serial_handler.py -> /home/adam/Desktop/sdp-team-12/build/py_serial/build/lib/py_serial
[1.546s] running install
[1.546s] /usr/lib/python3/dist-packages/setuptools/command/install.py:34: SetuptoolsDeprecationWarning: setup.py install is deprecated. Use build and pip and other standards-based tools.
[1.546s]   warnings.warn(
[1.546s] running install_lib
[1.549s] copying /home/adam/Desktop/sdp-team-12/build/py_serial/build/lib/py_serial/serial_handler.py -> /home/adam/Desktop/sdp-team-12/install/py_serial/lib/python3.10/site-packages/py_serial
[1.550s] byte-compiling /home/adam/Desktop/sdp-team-12/install/py_serial/lib/python3.10/site-packages/py_serial/serial_handler.py to serial_handler.cpython-310.pyc
[1.550s] running install_data
[1.551s] running install_egg_info
[1.553s] removing '/home/adam/Desktop/sdp-team-12/install/py_serial/lib/python3.10/site-packages/py_serial-0.0.0-py3.10.egg-info' (and everything under it)
[1.553s] Copying ../build/py_serial/py_serial.egg-info to /home/adam/Desktop/sdp-team-12/install/py_serial/lib/python3.10/site-packages/py_serial-0.0.0-py3.10.egg-info
[1.553s] running install_scripts
[1.579s] Installing serial_handler script to /home/adam/Desktop/sdp-team-12/install/py_serial/lib/py_serial
[1.579s] writing list of installed files to '/home/adam/Desktop/sdp-team-12/build/py_serial/install.log'
[1.677s] Invoked command in '/home/adam/Desktop/sdp-team-12/py_serial' returned '0': PYTHONPATH=/home/adam/Desktop/sdp-team-12/build/py_serial/prefix_override:/home/adam/Desktop/sdp-team-12/install/py_serial/lib/python3.10/site-packages:${PYTHONPATH} /usr/bin/python3 setup.py egg_info --egg-base ../build/py_serial build --build-base /home/adam/Desktop/sdp-team-12/build/py_serial/build install --record /home/adam/Desktop/sdp-team-12/build/py_serial/install.log --single-version-externally-managed
