[1.014s] Invoking command in '/media/sf_SDP/sdp-team-12/build/basic_mobile_robot': CMAKE_PREFIX_PATH=${CMAKE_PREFIX_PATH}:/media/sf_SDP/sdp-team-12/install/navigator:/opt/ros/humble /usr/bin/cmake --build /media/sf_SDP/sdp-team-12/build/basic_mobile_robot -- -j4 -l4
[1.969s] Invoked command in '/media/sf_SDP/sdp-team-12/build/basic_mobile_robot' returned '0': CMAKE_PREFIX_PATH=${CMAKE_PREFIX_PATH}:/media/sf_SDP/sdp-team-12/install/navigator:/opt/ros/humble /usr/bin/cmake --build /media/sf_SDP/sdp-team-12/build/basic_mobile_robot -- -j4 -l4
[2.245s] Invoking command in '/media/sf_SDP/sdp-team-12/build/basic_mobile_robot': CMAKE_PREFIX_PATH=${CMAKE_PREFIX_PATH}:/media/sf_SDP/sdp-team-12/install/navigator:/opt/ros/humble /usr/bin/cmake --install /media/sf_SDP/sdp-team-12/build/basic_mobile_robot
[2.271s] -- Install configuration: ""
[2.280s] -- Up-to-date: /media/sf_SDP/sdp-team-12/install/basic_mobile_robot/share/basic_mobile_robot/config
[2.284s] -- Up-to-date: /media/sf_SDP/sdp-team-12/install/basic_mobile_robot/share/basic_mobile_robot/config/ekf.yaml
[2.289s] -- Up-to-date: /media/sf_SDP/sdp-team-12/install/basic_mobile_robot/share/basic_mobile_robot/config/ekf2.yaml
[2.292s] -- Up-to-date: /media/sf_SDP/sdp-team-12/install/basic_mobile_robot/share/basic_mobile_robot/launch
[2.299s] -- Up-to-date: /media/sf_SDP/sdp-team-12/install/basic_mobile_robot/share/basic_mobile_robot/launch/basic_mobile_bot_v1.launch.py
[2.303s] -- Up-to-date: /media/sf_SDP/sdp-team-12/install/basic_mobile_robot/share/basic_mobile_robot/launch/basic_mobile_bot_v2.launch.py
[2.309s] -- Up-to-date: /media/sf_SDP/sdp-team-12/install/basic_mobile_robot/share/basic_mobile_robot/launch/basic_mobile_bot_v3.launch.py
[2.312s] -- Up-to-date: /media/sf_SDP/sdp-team-12/install/basic_mobile_robot/share/basic_mobile_robot/launch/basic_mobile_bot_v4.launch.py
[2.316s] -- Up-to-date: /media/sf_SDP/sdp-team-12/install/basic_mobile_robot/share/basic_mobile_robot/launch/basic_mobile_bot_v5.launch.py
[2.322s] -- Up-to-date: /media/sf_SDP/sdp-team-12/install/basic_mobile_robot/share/basic_mobile_robot/meshes
[2.330s] -- Up-to-date: /media/sf_SDP/sdp-team-12/install/basic_mobile_robot/share/basic_mobile_robot/meshes/arm_base.stl
[2.331s] -- Up-to-date: /media/sf_SDP/sdp-team-12/install/basic_mobile_robot/share/basic_mobile_robot/meshes/bicep.stl
[2.337s] -- Up-to-date: /media/sf_SDP/sdp-team-12/install/basic_mobile_robot/share/basic_mobile_robot/meshes/elbow.stl
[2.340s] -- Up-to-date: /media/sf_SDP/sdp-team-12/install/basic_mobile_robot/share/basic_mobile_robot/meshes/robot_base.stl
[2.345s] -- Up-to-date: /media/sf_SDP/sdp-team-12/install/basic_mobile_robot/share/basic_mobile_robot/meshes/wheel.stl
[2.350s] -- Up-to-date: /media/sf_SDP/sdp-team-12/install/basic_mobile_robot/share/basic_mobile_robot/meshes/wrist.stl
[2.352s] -- Up-to-date: /media/sf_SDP/sdp-team-12/install/basic_mobile_robot/share/basic_mobile_robot/maps
[2.360s] -- Up-to-date: /media/sf_SDP/sdp-team-12/install/basic_mobile_robot/share/basic_mobile_robot/maps/smalltown_world.pgm
[2.367s] -- Up-to-date: /media/sf_SDP/sdp-team-12/install/basic_mobile_robot/share/basic_mobile_robot/maps/smalltown_world.yaml
[2.371s] -- Up-to-date: /media/sf_SDP/sdp-team-12/install/basic_mobile_robot/share/basic_mobile_robot/maps/generated_map.pgm
[2.374s] -- Up-to-date: /media/sf_SDP/sdp-team-12/install/basic_mobile_robot/share/basic_mobile_robot/maps/generated_map.yaml
[2.381s] -- Up-to-date: /media/sf_SDP/sdp-team-12/install/basic_mobile_robot/share/basic_mobile_robot/models
[2.386s] -- Up-to-date: /media/sf_SDP/sdp-team-12/install/basic_mobile_robot/share/basic_mobile_robot/models/basic_mobile_bot_description
[2.396s] -- Up-to-date: /media/sf_SDP/sdp-team-12/install/basic_mobile_robot/share/basic_mobile_robot/models/basic_mobile_bot_description/meshes
[2.404s] -- Up-to-date: /media/sf_SDP/sdp-team-12/install/basic_mobile_robot/share/basic_mobile_robot/models/basic_mobile_bot_description/meshes/arm_base.stl
[2.406s] -- Up-to-date: /media/sf_SDP/sdp-team-12/install/basic_mobile_robot/share/basic_mobile_robot/models/basic_mobile_bot_description/meshes/bicep.stl
[2.410s] -- Up-to-date: /media/sf_SDP/sdp-team-12/install/basic_mobile_robot/share/basic_mobile_robot/models/basic_mobile_bot_description/meshes/elbow.stl
[2.424s] -- Up-to-date: /media/sf_SDP/sdp-team-12/install/basic_mobile_robot/share/basic_mobile_robot/models/basic_mobile_bot_description/meshes/robot_base.stl
[2.429s] -- Up-to-date: /media/sf_SDP/sdp-team-12/install/basic_mobile_robot/share/basic_mobile_robot/models/basic_mobile_bot_description/meshes/wheel.stl
[2.431s] -- Up-to-date: /media/sf_SDP/sdp-team-12/install/basic_mobile_robot/share/basic_mobile_robot/models/basic_mobile_bot_description/meshes/wrist.stl
[2.438s] -- Up-to-date: /media/sf_SDP/sdp-team-12/install/basic_mobile_robot/share/basic_mobile_robot/models/basic_mobile_bot_description/model.config
[2.442s] -- Up-to-date: /media/sf_SDP/sdp-team-12/install/basic_mobile_robot/share/basic_mobile_robot/models/basic_mobile_bot_description/model.sdf
[2.448s] -- Up-to-date: /media/sf_SDP/sdp-team-12/install/basic_mobile_robot/share/basic_mobile_robot/models/basic_mobile_bot_v1.urdf
[2.451s] -- Up-to-date: /media/sf_SDP/sdp-team-12/install/basic_mobile_robot/share/basic_mobile_robot/models/basic_mobile_bot_v2.urdf
[2.456s] -- Up-to-date: /media/sf_SDP/sdp-team-12/install/basic_mobile_robot/share/basic_mobile_robot/params
[2.459s] -- Up-to-date: /media/sf_SDP/sdp-team-12/install/basic_mobile_robot/share/basic_mobile_robot/params/nav2_params.yaml
[2.462s] -- Up-to-date: /media/sf_SDP/sdp-team-12/install/basic_mobile_robot/share/basic_mobile_robot/rviz
[2.470s] -- Up-to-date: /media/sf_SDP/sdp-team-12/install/basic_mobile_robot/share/basic_mobile_robot/rviz/nav2_config.rviz
[2.473s] -- Up-to-date: /media/sf_SDP/sdp-team-12/install/basic_mobile_robot/share/basic_mobile_robot/rviz/urdf_config.rviz
[2.479s] -- Up-to-date: /media/sf_SDP/sdp-team-12/install/basic_mobile_robot/share/basic_mobile_robot/src
[2.487s] -- Up-to-date: /media/sf_SDP/sdp-team-12/install/basic_mobile_robot/share/basic_mobile_robot/worlds
[2.492s] -- Up-to-date: /media/sf_SDP/sdp-team-12/install/basic_mobile_robot/share/basic_mobile_robot/worlds/basic_mobile_bot_world
[2.501s] -- Up-to-date: /media/sf_SDP/sdp-team-12/install/basic_mobile_robot/share/basic_mobile_robot/worlds/basic_mobile_bot_world/smalltown.world
[2.514s] -- Up-to-date: /media/sf_SDP/sdp-team-12/install/basic_mobile_robot/share/ament_index/resource_index/package_run_dependencies/basic_mobile_robot
[2.521s] -- Up-to-date: /media/sf_SDP/sdp-team-12/install/basic_mobile_robot/share/ament_index/resource_index/parent_prefix_path/basic_mobile_robot
[2.526s] -- Up-to-date: /media/sf_SDP/sdp-team-12/install/basic_mobile_robot/share/basic_mobile_robot/environment/ament_prefix_path.sh
[2.545s] -- Up-to-date: /media/sf_SDP/sdp-team-12/install/basic_mobile_robot/share/basic_mobile_robot/environment/ament_prefix_path.dsv
[2.548s] -- Up-to-date: /media/sf_SDP/sdp-team-12/install/basic_mobile_robot/share/basic_mobile_robot/environment/path.sh
[2.551s] -- Up-to-date: /media/sf_SDP/sdp-team-12/install/basic_mobile_robot/share/basic_mobile_robot/environment/path.dsv
[2.556s] -- Up-to-date: /media/sf_SDP/sdp-team-12/install/basic_mobile_robot/share/basic_mobile_robot/local_setup.bash
[2.690s] -- Up-to-date: /media/sf_SDP/sdp-team-12/install/basic_mobile_robot/share/basic_mobile_robot/local_setup.sh
[2.743s] -- Up-to-date: /media/sf_SDP/sdp-team-12/install/basic_mobile_robot/share/basic_mobile_robot/local_setup.zsh
[2.761s] -- Up-to-date: /media/sf_SDP/sdp-team-12/install/basic_mobile_robot/share/basic_mobile_robot/local_setup.dsv
[2.763s] -- Installing: /media/sf_SDP/sdp-team-12/install/basic_mobile_robot/share/basic_mobile_robot/package.dsv
[2.826s] -- Up-to-date: /media/sf_SDP/sdp-team-12/install/basic_mobile_robot/share/ament_index/resource_index/packages/basic_mobile_robot
[2.833s] -- Up-to-date: /media/sf_SDP/sdp-team-12/install/basic_mobile_robot/share/basic_mobile_robot/cmake/basic_mobile_robotConfig.cmake
[2.836s] -- Up-to-date: /media/sf_SDP/sdp-team-12/install/basic_mobile_robot/share/basic_mobile_robot/cmake/basic_mobile_robotConfig-version.cmake
[2.841s] -- Up-to-date: /media/sf_SDP/sdp-team-12/install/basic_mobile_robot/share/basic_mobile_robot/package.xml
[2.882s] Invoked command in '/media/sf_SDP/sdp-team-12/build/basic_mobile_robot' returned '0': CMAKE_PREFIX_PATH=${CMAKE_PREFIX_PATH}:/media/sf_SDP/sdp-team-12/install/navigator:/opt/ros/humble /usr/bin/cmake --install /media/sf_SDP/sdp-team-12/build/basic_mobile_robot
