[0.336s] Invoking command in '/mnt/e/UMass_Amherst/SDP/sdp-team-12/build/basic_mobile_robot': CMAKE_PREFIX_PATH=${CMAKE_PREFIX_PATH}:/opt/ros/humble /usr/bin/cmake --build /mnt/e/UMass_Amherst/SDP/sdp-team-12/build/basic_mobile_robot -- -j12 -l12
[0.983s] -- Found ament_cmake: 1.3.5 (/opt/ros/humble/share/ament_cmake/cmake)
[1.406s] -- Found ament_lint_auto: 0.12.8 (/opt/ros/humble/share/ament_lint_auto/cmake)
[4.952s] -- Added test 'flake8' to check Python code syntax and style conventions
[5.629s] -- Added test 'lint_cmake' to check CMake code style
[5.938s] -- Added test 'pep257' to check Python code against some of the docstring style conventions in PEP 257
[8.558s] -- Added test 'xmllint' to check XML markup files
[8.833s] -- Configuring done
[9.662s] -- Generating done
[9.841s] -- Build files have been written to: /mnt/e/UMass_Amherst/SDP/sdp-team-12/build/basic_mobile_robot
[10.101s] gmake[1]: Warning: File 'CMakeFiles/Makefile2' has modification time 0.41 s in the future
[10.103s] gmake[1]: warning:  Clock skew detected.  Your build may be incomplete.
[10.314s] Invoked command in '/mnt/e/UMass_Amherst/SDP/sdp-team-12/build/basic_mobile_robot' returned '0': CMAKE_PREFIX_PATH=${CMAKE_PREFIX_PATH}:/opt/ros/humble /usr/bin/cmake --build /mnt/e/UMass_Amherst/SDP/sdp-team-12/build/basic_mobile_robot -- -j12 -l12
[10.820s] Invoking command in '/mnt/e/UMass_Amherst/SDP/sdp-team-12/build/basic_mobile_robot': CMAKE_PREFIX_PATH=${CMAKE_PREFIX_PATH}:/opt/ros/humble /usr/bin/cmake --install /mnt/e/UMass_Amherst/SDP/sdp-team-12/build/basic_mobile_robot
[11.006s] -- Install configuration: ""
[11.026s] -- Up-to-date: /mnt/e/UMass_Amherst/SDP/sdp-team-12/install/basic_mobile_robot/share/basic_mobile_robot/config
[11.081s] -- Installing: /mnt/e/UMass_Amherst/SDP/sdp-team-12/install/basic_mobile_robot/share/basic_mobile_robot/config/ekf.yaml
[11.324s] -- Up-to-date: /mnt/e/UMass_Amherst/SDP/sdp-team-12/install/basic_mobile_robot/share/basic_mobile_robot/launch
[11.382s] -- Up-to-date: /mnt/e/UMass_Amherst/SDP/sdp-team-12/install/basic_mobile_robot/share/basic_mobile_robot/launch/basic_mobile_bot_v1.launch.py
[11.425s] -- Up-to-date: /mnt/e/UMass_Amherst/SDP/sdp-team-12/install/basic_mobile_robot/share/basic_mobile_robot/launch/basic_mobile_bot_v2.launch.py
[11.467s] -- Installing: /mnt/e/UMass_Amherst/SDP/sdp-team-12/install/basic_mobile_robot/share/basic_mobile_robot/launch/basic_mobile_bot_v3.launch.py
[11.707s] -- Up-to-date: /mnt/e/UMass_Amherst/SDP/sdp-team-12/install/basic_mobile_robot/share/basic_mobile_robot/maps
[11.750s] -- Up-to-date: /mnt/e/UMass_Amherst/SDP/sdp-team-12/install/basic_mobile_robot/share/basic_mobile_robot/models
[11.815s] -- Up-to-date: /mnt/e/UMass_Amherst/SDP/sdp-team-12/install/basic_mobile_robot/share/basic_mobile_robot/models/basic_mobile_bot_v1.urdf
[11.853s] -- Up-to-date: /mnt/e/UMass_Amherst/SDP/sdp-team-12/install/basic_mobile_robot/share/basic_mobile_robot/models/basic_mobile_bot_description
[11.927s] -- Up-to-date: /mnt/e/UMass_Amherst/SDP/sdp-team-12/install/basic_mobile_robot/share/basic_mobile_robot/models/basic_mobile_bot_description/model.config
[11.983s] -- Up-to-date: /mnt/e/UMass_Amherst/SDP/sdp-team-12/install/basic_mobile_robot/share/basic_mobile_robot/models/basic_mobile_bot_description/model.sdf
[12.028s] -- Up-to-date: /mnt/e/UMass_Amherst/SDP/sdp-team-12/install/basic_mobile_robot/share/basic_mobile_robot/models/basic_mobile_bot_description/meshes
[12.118s] -- Up-to-date: /mnt/e/UMass_Amherst/SDP/sdp-team-12/install/basic_mobile_robot/share/basic_mobile_robot/models/basic_mobile_bot_description/meshes/arm_base.stl
[12.184s] -- Up-to-date: /mnt/e/UMass_Amherst/SDP/sdp-team-12/install/basic_mobile_robot/share/basic_mobile_robot/models/basic_mobile_bot_description/meshes/bicep.stl
[12.247s] -- Up-to-date: /mnt/e/UMass_Amherst/SDP/sdp-team-12/install/basic_mobile_robot/share/basic_mobile_robot/models/basic_mobile_bot_description/meshes/elbow.stl
[12.324s] -- Up-to-date: /mnt/e/UMass_Amherst/SDP/sdp-team-12/install/basic_mobile_robot/share/basic_mobile_robot/models/basic_mobile_bot_description/meshes/robot_base.stl
[12.406s] -- Up-to-date: /mnt/e/UMass_Amherst/SDP/sdp-team-12/install/basic_mobile_robot/share/basic_mobile_robot/models/basic_mobile_bot_description/meshes/wheel.stl
[12.486s] -- Up-to-date: /mnt/e/UMass_Amherst/SDP/sdp-team-12/install/basic_mobile_robot/share/basic_mobile_robot/models/basic_mobile_bot_description/meshes/wrist.stl
[12.529s] -- Up-to-date: /mnt/e/UMass_Amherst/SDP/sdp-team-12/install/basic_mobile_robot/share/basic_mobile_robot/params
[12.581s] -- Up-to-date: /mnt/e/UMass_Amherst/SDP/sdp-team-12/install/basic_mobile_robot/share/basic_mobile_robot/rviz
[12.641s] -- Up-to-date: /mnt/e/UMass_Amherst/SDP/sdp-team-12/install/basic_mobile_robot/share/basic_mobile_robot/rviz/urdf_config.rviz
[12.675s] -- Up-to-date: /mnt/e/UMass_Amherst/SDP/sdp-team-12/install/basic_mobile_robot/share/basic_mobile_robot/src
[12.723s] -- Up-to-date: /mnt/e/UMass_Amherst/SDP/sdp-team-12/install/basic_mobile_robot/share/basic_mobile_robot/worlds
[12.784s] -- Up-to-date: /mnt/e/UMass_Amherst/SDP/sdp-team-12/install/basic_mobile_robot/share/basic_mobile_robot/worlds/basic_mobile_bot_world
[12.872s] -- Up-to-date: /mnt/e/UMass_Amherst/SDP/sdp-team-12/install/basic_mobile_robot/share/basic_mobile_robot/worlds/basic_mobile_bot_world/smalltown.world
[12.969s] -- Installing: /mnt/e/UMass_Amherst/SDP/sdp-team-12/install/basic_mobile_robot/share/ament_index/resource_index/package_run_dependencies/basic_mobile_robot
[13.300s] -- Up-to-date: /mnt/e/UMass_Amherst/SDP/sdp-team-12/install/basic_mobile_robot/share/ament_index/resource_index/parent_prefix_path/basic_mobile_robot
[13.355s] -- Up-to-date: /mnt/e/UMass_Amherst/SDP/sdp-team-12/install/basic_mobile_robot/share/basic_mobile_robot/environment/ament_prefix_path.sh
[13.419s] -- Installing: /mnt/e/UMass_Amherst/SDP/sdp-team-12/install/basic_mobile_robot/share/basic_mobile_robot/environment/ament_prefix_path.dsv
[13.669s] -- Up-to-date: /mnt/e/UMass_Amherst/SDP/sdp-team-12/install/basic_mobile_robot/share/basic_mobile_robot/environment/path.sh
[13.731s] -- Installing: /mnt/e/UMass_Amherst/SDP/sdp-team-12/install/basic_mobile_robot/share/basic_mobile_robot/environment/path.dsv
[13.936s] -- Up-to-date: /mnt/e/UMass_Amherst/SDP/sdp-team-12/install/basic_mobile_robot/share/basic_mobile_robot/local_setup.bash
[13.991s] -- Up-to-date: /mnt/e/UMass_Amherst/SDP/sdp-team-12/install/basic_mobile_robot/share/basic_mobile_robot/local_setup.sh
[14.041s] -- Up-to-date: /mnt/e/UMass_Amherst/SDP/sdp-team-12/install/basic_mobile_robot/share/basic_mobile_robot/local_setup.zsh
[14.096s] -- Installing: /mnt/e/UMass_Amherst/SDP/sdp-team-12/install/basic_mobile_robot/share/basic_mobile_robot/local_setup.dsv
[14.318s] -- Installing: /mnt/e/UMass_Amherst/SDP/sdp-team-12/install/basic_mobile_robot/share/basic_mobile_robot/package.dsv
[14.535s] -- Up-to-date: /mnt/e/UMass_Amherst/SDP/sdp-team-12/install/basic_mobile_robot/share/ament_index/resource_index/packages/basic_mobile_robot
[14.599s] -- Up-to-date: /mnt/e/UMass_Amherst/SDP/sdp-team-12/install/basic_mobile_robot/share/basic_mobile_robot/cmake/basic_mobile_robotConfig.cmake
[14.649s] -- Up-to-date: /mnt/e/UMass_Amherst/SDP/sdp-team-12/install/basic_mobile_robot/share/basic_mobile_robot/cmake/basic_mobile_robotConfig-version.cmake
[14.711s] -- Installing: /mnt/e/UMass_Amherst/SDP/sdp-team-12/install/basic_mobile_robot/share/basic_mobile_robot/package.xml
[14.962s] Invoked command in '/mnt/e/UMass_Amherst/SDP/sdp-team-12/build/basic_mobile_robot' returned '0': CMAKE_PREFIX_PATH=${CMAKE_PREFIX_PATH}:/opt/ros/humble /usr/bin/cmake --install /mnt/e/UMass_Amherst/SDP/sdp-team-12/build/basic_mobile_robot
