[1.636s] Invoking command in '/home/adam/Desktop/sdp-team-12/navigator': PYTHONPATH=/home/adam/Desktop/sdp-team-12/build/navigator/prefix_override:/home/adam/Desktop/sdp-team-12/install/navigator/lib/python3.10/site-packages:${PYTHONPATH} /usr/bin/python3 setup.py egg_info --egg-base ../build/navigator build --build-base /home/adam/Desktop/sdp-team-12/build/navigator/build install --record /home/adam/Desktop/sdp-team-12/build/navigator/install.log --single-version-externally-managed
[1.990s] running egg_info
[1.993s] writing ../build/navigator/navigator.egg-info/PKG-INFO
[1.993s] writing dependency_links to ../build/navigator/navigator.egg-info/dependency_links.txt
[1.993s] writing entry points to ../build/navigator/navigator.egg-info/entry_points.txt
[1.993s] writing requirements to ../build/navigator/navigator.egg-info/requires.txt
[1.993s] writing top-level names to ../build/navigator/navigator.egg-info/top_level.txt
[1.995s] reading manifest file '../build/navigator/navigator.egg-info/SOURCES.txt'
[1.996s] writing manifest file '../build/navigator/navigator.egg-info/SOURCES.txt'
[1.996s] running build
[1.996s] running build_py
[1.997s] running install
[1.997s] /usr/lib/python3/dist-packages/setuptools/command/install.py:34: SetuptoolsDeprecationWarning: setup.py install is deprecated. Use build and pip and other standards-based tools.
[1.997s]   warnings.warn(
[1.998s] running install_lib
[2.000s] running install_data
[2.001s] running install_egg_info
[2.005s] removing '/home/adam/Desktop/sdp-team-12/install/navigator/lib/python3.10/site-packages/navigator-0.0.0-py3.10.egg-info' (and everything under it)
[2.005s] Copying ../build/navigator/navigator.egg-info to /home/adam/Desktop/sdp-team-12/install/navigator/lib/python3.10/site-packages/navigator-0.0.0-py3.10.egg-info
[2.006s] running install_scripts
[2.030s] Installing cmdvelsub script to /home/adam/Desktop/sdp-team-12/install/navigator/lib/navigator
[2.031s] Installing coordpub script to /home/adam/Desktop/sdp-team-12/install/navigator/lib/navigator
[2.031s] Installing keyboard script to /home/adam/Desktop/sdp-team-12/install/navigator/lib/navigator
[2.031s] Installing nav2pose script to /home/adam/Desktop/sdp-team-12/install/navigator/lib/navigator
[2.031s] writing list of installed files to '/home/adam/Desktop/sdp-team-12/build/navigator/install.log'
[2.132s] Invoked command in '/home/adam/Desktop/sdp-team-12/navigator' returned '0': PYTHONPATH=/home/adam/Desktop/sdp-team-12/build/navigator/prefix_override:/home/adam/Desktop/sdp-team-12/install/navigator/lib/python3.10/site-packages:${PYTHONPATH} /usr/bin/python3 setup.py egg_info --egg-base ../build/navigator build --build-base /home/adam/Desktop/sdp-team-12/build/navigator/build install --record /home/adam/Desktop/sdp-team-12/build/navigator/install.log --single-version-externally-managed
