[0.138s] Invoking command in '/home/adam/Desktop/sdp-team-12/build/basic_mobile_robot': CMAKE_PREFIX_PATH=${CMAKE_PREFIX_PATH}:/home/adam/Desktop/sdp-team-12/install/navigator:/opt/ros/humble /usr/bin/cmake /home/adam/Desktop/sdp-team-12/basic_mobile_robot -DCMAKE_INSTALL_PREFIX=/home/adam/Desktop/sdp-team-12/install/basic_mobile_robot
[0.374s] -- Found ament_cmake: 1.3.5 (/opt/ros/humble/share/ament_cmake/cmake)
[0.374s] -- Override CMake install command with custom implementation using symlinks instead of copying resources
[0.374s] -- Found rclpy: 3.3.10 (/opt/ros/humble/share/rclpy/cmake)
[0.375s] -- Found geometry_msgs: 4.2.3 (/opt/ros/humble/share/geometry_msgs/cmake)
[0.375s] -- Found rosidl_generator_c: 3.1.5 (/opt/ros/humble/share/rosidl_generator_c/cmake)
[0.375s] -- Found rosidl_adapter: 3.1.5 (/opt/ros/humble/share/rosidl_adapter/cmake)
[0.375s] -- Found rosidl_generator_cpp: 3.1.5 (/opt/ros/humble/share/rosidl_generator_cpp/cmake)
[0.375s] -- Using all available rosidl_typesupport_c: rosidl_typesupport_fastrtps_c;rosidl_typesupport_introspection_c
[0.375s] -- Using all available rosidl_typesupport_cpp: rosidl_typesupport_fastrtps_cpp;rosidl_typesupport_introspection_cpp
[0.388s] -- Found nav2_msgs: 1.1.12 (/opt/ros/humble/share/nav2_msgs/cmake)
[0.624s] -- Found sensor_msgs: 4.2.3 (/opt/ros/humble/share/sensor_msgs/cmake)
[0.686s] -- Found ament_lint_auto: 0.12.8 (/opt/ros/humble/share/ament_lint_auto/cmake)
[0.742s] -- Added test 'flake8' to check Python code syntax and style conventions
[0.742s] -- Added test 'lint_cmake' to check CMake code style
[0.743s] -- Added test 'pep257' to check Python code against some of the docstring style conventions in PEP 257
[0.744s] -- Added test 'xmllint' to check XML markup files
[0.745s] -- Configuring done
[0.749s] -- Generating done
[0.750s] -- Build files have been written to: /home/adam/Desktop/sdp-team-12/build/basic_mobile_robot
[0.756s] Invoked command in '/home/adam/Desktop/sdp-team-12/build/basic_mobile_robot' returned '0': CMAKE_PREFIX_PATH=${CMAKE_PREFIX_PATH}:/home/adam/Desktop/sdp-team-12/install/navigator:/opt/ros/humble /usr/bin/cmake /home/adam/Desktop/sdp-team-12/basic_mobile_robot -DCMAKE_INSTALL_PREFIX=/home/adam/Desktop/sdp-team-12/install/basic_mobile_robot
[0.757s] Invoking command in '/home/adam/Desktop/sdp-team-12/build/basic_mobile_robot': CMAKE_PREFIX_PATH=${CMAKE_PREFIX_PATH}:/home/adam/Desktop/sdp-team-12/install/navigator:/opt/ros/humble /usr/bin/cmake --build /home/adam/Desktop/sdp-team-12/build/basic_mobile_robot -- -j8 -l8
[0.785s] Invoked command in '/home/adam/Desktop/sdp-team-12/build/basic_mobile_robot' returned '0': CMAKE_PREFIX_PATH=${CMAKE_PREFIX_PATH}:/home/adam/Desktop/sdp-team-12/install/navigator:/opt/ros/humble /usr/bin/cmake --build /home/adam/Desktop/sdp-team-12/build/basic_mobile_robot -- -j8 -l8
[0.806s] Invoking command in '/home/adam/Desktop/sdp-team-12/build/basic_mobile_robot': CMAKE_PREFIX_PATH=${CMAKE_PREFIX_PATH}:/home/adam/Desktop/sdp-team-12/install/navigator:/opt/ros/humble /usr/bin/cmake --install /home/adam/Desktop/sdp-team-12/build/basic_mobile_robot
[0.812s] -- Install configuration: ""
[0.812s] -- Execute custom install script
[0.812s] -- Up-to-date symlink: /home/adam/Desktop/sdp-team-12/install/basic_mobile_robot/share/basic_mobile_robot/config/ekf.yaml
[0.812s] -- Up-to-date symlink: /home/adam/Desktop/sdp-team-12/install/basic_mobile_robot/share/basic_mobile_robot/config/ekf2.yaml
[0.812s] -- Up-to-date symlink: /home/adam/Desktop/sdp-team-12/install/basic_mobile_robot/share/basic_mobile_robot/launch/gazebo_simulator.launch.py
[0.812s] -- Up-to-date symlink: /home/adam/Desktop/sdp-team-12/install/basic_mobile_robot/share/basic_mobile_robot/launch/lidar_config.launch.py
[0.813s] -- Up-to-date symlink: /home/adam/Desktop/sdp-team-12/install/basic_mobile_robot/share/basic_mobile_robot/launch/nav_physical.launch.py
[0.813s] -- Up-to-date symlink: /home/adam/Desktop/sdp-team-12/install/basic_mobile_robot/share/basic_mobile_robot/launch/nav_simulated.launch.py
[0.813s] -- Up-to-date symlink: /home/adam/Desktop/sdp-team-12/install/basic_mobile_robot/share/basic_mobile_robot/launch/sensor_fusion_odom.launch.py
[0.813s] -- Up-to-date symlink: /home/adam/Desktop/sdp-team-12/install/basic_mobile_robot/share/basic_mobile_robot/launch/urdf_visualizer.launch.py
[0.813s] -- Up-to-date symlink: /home/adam/Desktop/sdp-team-12/install/basic_mobile_robot/share/basic_mobile_robot/meshes/arm_base.stl
[0.813s] -- Up-to-date symlink: /home/adam/Desktop/sdp-team-12/install/basic_mobile_robot/share/basic_mobile_robot/meshes/bicep.stl
[0.813s] -- Up-to-date symlink: /home/adam/Desktop/sdp-team-12/install/basic_mobile_robot/share/basic_mobile_robot/meshes/elbow.stl
[0.813s] -- Up-to-date symlink: /home/adam/Desktop/sdp-team-12/install/basic_mobile_robot/share/basic_mobile_robot/meshes/robot_base.stl
[0.813s] -- Up-to-date symlink: /home/adam/Desktop/sdp-team-12/install/basic_mobile_robot/share/basic_mobile_robot/meshes/wheel.stl
[0.813s] -- Up-to-date symlink: /home/adam/Desktop/sdp-team-12/install/basic_mobile_robot/share/basic_mobile_robot/meshes/wrist.stl
[0.813s] -- Up-to-date symlink: /home/adam/Desktop/sdp-team-12/install/basic_mobile_robot/share/basic_mobile_robot/maps/generated_map.pgm
[0.813s] -- Up-to-date symlink: /home/adam/Desktop/sdp-team-12/install/basic_mobile_robot/share/basic_mobile_robot/maps/generated_map.yaml
[0.814s] -- Up-to-date symlink: /home/adam/Desktop/sdp-team-12/install/basic_mobile_robot/share/basic_mobile_robot/maps/smalltown_world.pgm
[0.814s] -- Up-to-date symlink: /home/adam/Desktop/sdp-team-12/install/basic_mobile_robot/share/basic_mobile_robot/maps/smalltown_world.yaml
[0.814s] -- Up-to-date symlink: /home/adam/Desktop/sdp-team-12/install/basic_mobile_robot/share/basic_mobile_robot/models/basic_mobile_bot_description/meshes/arm_base.stl
[0.814s] -- Up-to-date symlink: /home/adam/Desktop/sdp-team-12/install/basic_mobile_robot/share/basic_mobile_robot/models/basic_mobile_bot_description/meshes/bicep.stl
[0.814s] -- Up-to-date symlink: /home/adam/Desktop/sdp-team-12/install/basic_mobile_robot/share/basic_mobile_robot/models/basic_mobile_bot_description/meshes/elbow.stl
[0.814s] -- Up-to-date symlink: /home/adam/Desktop/sdp-team-12/install/basic_mobile_robot/share/basic_mobile_robot/models/basic_mobile_bot_description/meshes/robot_base.stl
[0.814s] -- Up-to-date symlink: /home/adam/Desktop/sdp-team-12/install/basic_mobile_robot/share/basic_mobile_robot/models/basic_mobile_bot_description/meshes/wheel.stl
[0.814s] -- Up-to-date symlink: /home/adam/Desktop/sdp-team-12/install/basic_mobile_robot/share/basic_mobile_robot/models/basic_mobile_bot_description/meshes/wrist.stl
[0.814s] -- Up-to-date symlink: /home/adam/Desktop/sdp-team-12/install/basic_mobile_robot/share/basic_mobile_robot/models/basic_mobile_bot_description/model.config
[0.814s] -- Up-to-date symlink: /home/adam/Desktop/sdp-team-12/install/basic_mobile_robot/share/basic_mobile_robot/models/basic_mobile_bot_description/model.sdf
[0.815s] -- Up-to-date symlink: /home/adam/Desktop/sdp-team-12/install/basic_mobile_robot/share/basic_mobile_robot/models/basic_mobile_bot_v1.urdf
[0.815s] -- Up-to-date symlink: /home/adam/Desktop/sdp-team-12/install/basic_mobile_robot/share/basic_mobile_robot/models/basic_mobile_bot_v2.urdf
[0.815s] -- Up-to-date symlink: /home/adam/Desktop/sdp-team-12/install/basic_mobile_robot/share/basic_mobile_robot/params/nav2_params.yaml
[0.815s] -- Up-to-date symlink: /home/adam/Desktop/sdp-team-12/install/basic_mobile_robot/share/basic_mobile_robot/rviz/nav2_config.rviz
[0.815s] -- Up-to-date symlink: /home/adam/Desktop/sdp-team-12/install/basic_mobile_robot/share/basic_mobile_robot/rviz/urdf_config.rviz
[0.815s] -- Up-to-date symlink: /home/adam/Desktop/sdp-team-12/install/basic_mobile_robot/share/basic_mobile_robot/worlds/basic_mobile_bot_world/smalltown.world
[0.815s] -- Up-to-date symlink: /home/adam/Desktop/sdp-team-12/install/basic_mobile_robot/share/ament_index/resource_index/package_run_dependencies/basic_mobile_robot
[0.815s] -- Up-to-date symlink: /home/adam/Desktop/sdp-team-12/install/basic_mobile_robot/share/ament_index/resource_index/parent_prefix_path/basic_mobile_robot
[0.815s] -- Up-to-date symlink: /home/adam/Desktop/sdp-team-12/install/basic_mobile_robot/share/basic_mobile_robot/environment/ament_prefix_path.sh
[0.815s] -- Up-to-date symlink: /home/adam/Desktop/sdp-team-12/install/basic_mobile_robot/share/basic_mobile_robot/environment/ament_prefix_path.dsv
[0.816s] -- Up-to-date symlink: /home/adam/Desktop/sdp-team-12/install/basic_mobile_robot/share/basic_mobile_robot/environment/path.sh
[0.816s] -- Up-to-date symlink: /home/adam/Desktop/sdp-team-12/install/basic_mobile_robot/share/basic_mobile_robot/environment/path.dsv
[0.816s] -- Up-to-date symlink: /home/adam/Desktop/sdp-team-12/install/basic_mobile_robot/share/basic_mobile_robot/local_setup.bash
[0.816s] -- Up-to-date symlink: /home/adam/Desktop/sdp-team-12/install/basic_mobile_robot/share/basic_mobile_robot/local_setup.sh
[0.816s] -- Up-to-date symlink: /home/adam/Desktop/sdp-team-12/install/basic_mobile_robot/share/basic_mobile_robot/local_setup.zsh
[0.816s] -- Up-to-date symlink: /home/adam/Desktop/sdp-team-12/install/basic_mobile_robot/share/basic_mobile_robot/local_setup.dsv
[0.816s] -- Symlinking: /home/adam/Desktop/sdp-team-12/install/basic_mobile_robot/share/basic_mobile_robot/package.dsv
[0.823s] -- Up-to-date symlink: /home/adam/Desktop/sdp-team-12/install/basic_mobile_robot/share/ament_index/resource_index/packages/basic_mobile_robot
[0.823s] -- Up-to-date symlink: /home/adam/Desktop/sdp-team-12/install/basic_mobile_robot/share/basic_mobile_robot/cmake/basic_mobile_robotConfig.cmake
[0.823s] -- Up-to-date symlink: /home/adam/Desktop/sdp-team-12/install/basic_mobile_robot/share/basic_mobile_robot/cmake/basic_mobile_robotConfig-version.cmake
[0.823s] -- Up-to-date symlink: /home/adam/Desktop/sdp-team-12/install/basic_mobile_robot/share/basic_mobile_robot/package.xml
[0.825s] Invoked command in '/home/adam/Desktop/sdp-team-12/build/basic_mobile_robot' returned '0': CMAKE_PREFIX_PATH=${CMAKE_PREFIX_PATH}:/home/adam/Desktop/sdp-team-12/install/navigator:/opt/ros/humble /usr/bin/cmake --install /home/adam/Desktop/sdp-team-12/build/basic_mobile_robot
