[0.047s] Invoking command in '/home/adam/Desktop/sdp-team-12/control_ws/build/my_bot': CMAKE_PREFIX_PATH=${CMAKE_PREFIX_PATH}:/opt/ros/humble /usr/bin/cmake /home/adam/Desktop/sdp-team-12/control_ws/src/my_bot -DCMAKE_INSTALL_PREFIX=/home/adam/Desktop/sdp-team-12/control_ws/install/my_bot
[0.090s] -- The C compiler identification is GNU 11.4.0
[0.133s] -- The CXX compiler identification is GNU 11.4.0
[0.139s] -- Detecting C compiler ABI info
[0.191s] -- Detecting C compiler ABI info - done
[0.196s] -- Check for working C compiler: /usr/bin/cc - skipped
[0.196s] -- Detecting C compile features
[0.196s] -- Detecting C compile features - done
[0.198s] -- Detecting CXX compiler ABI info
[0.259s] -- Detecting CXX compiler ABI info - done
[0.265s] -- Check for working CXX compiler: /usr/bin/c++ - skipped
[0.265s] -- Detecting CXX compile features
[0.266s] -- Detecting CXX compile features - done
[0.268s] -- Found ament_cmake: 1.3.6 (/opt/ros/humble/share/ament_cmake/cmake)
[0.413s] -- Found Python3: /usr/bin/python3.10 (found version "3.10.12") found components: Interpreter 
[0.478s] -- Found ament_lint_auto: 0.12.9 (/opt/ros/humble/share/ament_lint_auto/cmake)
[0.542s] -- Added test 'copyright' to check source files copyright and LICENSE
[0.544s] -- Added test 'flake8' to check Python code syntax and style conventions
[0.545s] -- Added test 'lint_cmake' to check CMake code style
[0.545s] -- Added test 'pep257' to check Python code against some of the docstring style conventions in PEP 257
[0.547s] -- Added test 'xmllint' to check XML markup files
[0.548s] -- Configuring done
[0.551s] -- Generating done
[0.551s] -- Build files have been written to: /home/adam/Desktop/sdp-team-12/control_ws/build/my_bot
[0.556s] Invoked command in '/home/adam/Desktop/sdp-team-12/control_ws/build/my_bot' returned '0': CMAKE_PREFIX_PATH=${CMAKE_PREFIX_PATH}:/opt/ros/humble /usr/bin/cmake /home/adam/Desktop/sdp-team-12/control_ws/src/my_bot -DCMAKE_INSTALL_PREFIX=/home/adam/Desktop/sdp-team-12/control_ws/install/my_bot
[0.557s] Invoking command in '/home/adam/Desktop/sdp-team-12/control_ws/build/my_bot': CMAKE_PREFIX_PATH=${CMAKE_PREFIX_PATH}:/opt/ros/humble /usr/bin/cmake --build /home/adam/Desktop/sdp-team-12/control_ws/build/my_bot -- -j8 -l8
[0.591s] Invoked command in '/home/adam/Desktop/sdp-team-12/control_ws/build/my_bot' returned '0': CMAKE_PREFIX_PATH=${CMAKE_PREFIX_PATH}:/opt/ros/humble /usr/bin/cmake --build /home/adam/Desktop/sdp-team-12/control_ws/build/my_bot -- -j8 -l8
[0.644s] Invoking command in '/home/adam/Desktop/sdp-team-12/control_ws/build/my_bot': CMAKE_PREFIX_PATH=${CMAKE_PREFIX_PATH}:/opt/ros/humble /usr/bin/cmake --install /home/adam/Desktop/sdp-team-12/control_ws/build/my_bot
[0.650s] -- Install configuration: ""
[0.650s] -- Installing: /home/adam/Desktop/sdp-team-12/control_ws/install/my_bot/share/my_bot/config
[0.650s] -- Installing: /home/adam/Desktop/sdp-team-12/control_ws/install/my_bot/share/my_bot/config/my_controllers.yaml
[0.650s] -- Installing: /home/adam/Desktop/sdp-team-12/control_ws/install/my_bot/share/my_bot/config/empty.yaml
[0.650s] -- Installing: /home/adam/Desktop/sdp-team-12/control_ws/install/my_bot/share/my_bot/config/gazebo_params.yaml
[0.650s] -- Installing: /home/adam/Desktop/sdp-team-12/control_ws/install/my_bot/share/my_bot/description
[0.650s] -- Installing: /home/adam/Desktop/sdp-team-12/control_ws/install/my_bot/share/my_bot/description/robot.urdf.xacro
[0.650s] -- Installing: /home/adam/Desktop/sdp-team-12/control_ws/install/my_bot/share/my_bot/description/robo_holly.xacro
[0.650s] -- Installing: /home/adam/Desktop/sdp-team-12/control_ws/install/my_bot/share/my_bot/description/gazebo_control.xacro
[0.651s] -- Installing: /home/adam/Desktop/sdp-team-12/control_ws/install/my_bot/share/my_bot/description/inertial_macros.xacro
[0.651s] -- Installing: /home/adam/Desktop/sdp-team-12/control_ws/install/my_bot/share/my_bot/description/robot_core.xacro
[0.651s] -- Installing: /home/adam/Desktop/sdp-team-12/control_ws/install/my_bot/share/my_bot/description/ros2_control.xacro
[0.651s] -- Installing: /home/adam/Desktop/sdp-team-12/control_ws/install/my_bot/share/my_bot/launch
[0.651s] -- Installing: /home/adam/Desktop/sdp-team-12/control_ws/install/my_bot/share/my_bot/launch/rsp.launch.py
[0.651s] -- Installing: /home/adam/Desktop/sdp-team-12/control_ws/install/my_bot/share/my_bot/launch/launch_robot.launch.py
[0.651s] -- Installing: /home/adam/Desktop/sdp-team-12/control_ws/install/my_bot/share/my_bot/launch/launch_sim.launch.py
[0.651s] -- Installing: /home/adam/Desktop/sdp-team-12/control_ws/install/my_bot/share/my_bot/worlds
[0.651s] -- Installing: /home/adam/Desktop/sdp-team-12/control_ws/install/my_bot/share/my_bot/worlds/empty.world
[0.651s] -- Installing: /home/adam/Desktop/sdp-team-12/control_ws/install/my_bot/share/my_bot/rviz
[0.651s] -- Installing: /home/adam/Desktop/sdp-team-12/control_ws/install/my_bot/share/my_bot/rviz/mybot_config.rviz
[0.651s] -- Installing: /home/adam/Desktop/sdp-team-12/control_ws/install/my_bot/share/ament_index/resource_index/package_run_dependencies/my_bot
[0.651s] -- Installing: /home/adam/Desktop/sdp-team-12/control_ws/install/my_bot/share/ament_index/resource_index/parent_prefix_path/my_bot
[0.651s] -- Installing: /home/adam/Desktop/sdp-team-12/control_ws/install/my_bot/share/my_bot/environment/ament_prefix_path.sh
[0.651s] -- Installing: /home/adam/Desktop/sdp-team-12/control_ws/install/my_bot/share/my_bot/environment/ament_prefix_path.dsv
[0.651s] -- Installing: /home/adam/Desktop/sdp-team-12/control_ws/install/my_bot/share/my_bot/environment/path.sh
[0.651s] -- Installing: /home/adam/Desktop/sdp-team-12/control_ws/install/my_bot/share/my_bot/environment/path.dsv
[0.651s] -- Installing: /home/adam/Desktop/sdp-team-12/control_ws/install/my_bot/share/my_bot/local_setup.bash
[0.651s] -- Installing: /home/adam/Desktop/sdp-team-12/control_ws/install/my_bot/share/my_bot/local_setup.sh
[0.652s] -- Installing: /home/adam/Desktop/sdp-team-12/control_ws/install/my_bot/share/my_bot/local_setup.zsh
[0.652s] -- Installing: /home/adam/Desktop/sdp-team-12/control_ws/install/my_bot/share/my_bot/local_setup.dsv
[0.652s] -- Installing: /home/adam/Desktop/sdp-team-12/control_ws/install/my_bot/share/my_bot/package.dsv
[0.652s] -- Installing: /home/adam/Desktop/sdp-team-12/control_ws/install/my_bot/share/ament_index/resource_index/packages/my_bot
[0.652s] -- Installing: /home/adam/Desktop/sdp-team-12/control_ws/install/my_bot/share/my_bot/cmake/my_botConfig.cmake
[0.652s] -- Installing: /home/adam/Desktop/sdp-team-12/control_ws/install/my_bot/share/my_bot/cmake/my_botConfig-version.cmake
[0.652s] -- Installing: /home/adam/Desktop/sdp-team-12/control_ws/install/my_bot/share/my_bot/package.xml
[0.654s] Invoked command in '/home/adam/Desktop/sdp-team-12/control_ws/build/my_bot' returned '0': CMAKE_PREFIX_PATH=${CMAKE_PREFIX_PATH}:/opt/ros/humble /usr/bin/cmake --install /home/adam/Desktop/sdp-team-12/control_ws/build/my_bot
