[0.072s] Invoking command in '/home/adam/Desktop/sdp-team-12/control_ws/build/ros2_control_demo_example_7': CMAKE_PREFIX_PATH=/home/adam/Desktop/sdp-team-12/control_ws/install/ros2_control_demo_description:/home/adam/Desktop/sdp-team-12/control_ws/install/serial:/home/adam/Desktop/sdp-team-12/control_ws/install/ros2_control_demos:/home/adam/Desktop/sdp-team-12/control_ws/install/ros2_control_demo_example_9:/home/adam/Desktop/sdp-team-12/control_ws/install/ros2_control_demo_example_8:/home/adam/Desktop/sdp-team-12/control_ws/install/ros2_control_demo_example_7:/home/adam/Desktop/sdp-team-12/control_ws/install/ros2_control_demo_example_6:/home/adam/Desktop/sdp-team-12/control_ws/install/ros2_control_demo_example_5:/home/adam/Desktop/sdp-team-12/control_ws/install/ros2_control_demo_example_4:/home/adam/Desktop/sdp-team-12/control_ws/install/ros2_control_demo_example_3:/home/adam/Desktop/sdp-team-12/control_ws/install/ros2_control_demo_example_2:/home/adam/Desktop/sdp-team-12/control_ws/install/ros2_control_demo_example_14:/home/adam/Desktop/sdp-team-12/control_ws/install/ros2_control_demo_example_12:/home/adam/Desktop/sdp-team-12/control_ws/install/ros2_control_demo_example_10:/home/adam/Desktop/sdp-team-12/control_ws/install/ros2_control_demo_example_1:/home/adam/Desktop/sdp-team-12/control_ws/install/diffdrive_arduino:/home/adam/Desktop/sdp-team-12/control_ws/install/my_bot:/opt/ros/humble /usr/bin/cmake /home/adam/Desktop/sdp-team-12/control_ws/src/ros2_control_demos/example_7 -DCMAKE_INSTALL_PREFIX=/home/adam/Desktop/sdp-team-12/control_ws/install/ros2_control_demo_example_7
[0.087s] -- Found ament_cmake: 1.3.6 (/opt/ros/humble/share/ament_cmake/cmake)
[0.242s] -- Override CMake install command with custom implementation using symlinks instead of copying resources
[0.247s] -- Found pluginlib: 5.1.0 (/opt/ros/humble/share/pluginlib/cmake)
[0.271s] -- Found hardware_interface: 2.36.0 (/opt/ros/humble/share/hardware_interface/cmake)
[0.283s] -- Found rosidl_generator_c: 3.1.5 (/opt/ros/humble/share/rosidl_generator_c/cmake)
[0.285s] -- Found rosidl_adapter: 3.1.5 (/opt/ros/humble/share/rosidl_adapter/cmake)
[0.290s] -- Found rosidl_generator_cpp: 3.1.5 (/opt/ros/humble/share/rosidl_generator_cpp/cmake)
[0.300s] -- Using all available rosidl_typesupport_c: rosidl_typesupport_fastrtps_c;rosidl_typesupport_introspection_c
[0.312s] -- Using all available rosidl_typesupport_cpp: rosidl_typesupport_fastrtps_cpp;rosidl_typesupport_introspection_cpp
[0.781s] -- Found rmw_implementation_cmake: 6.1.1 (/opt/ros/humble/share/rmw_implementation_cmake/cmake)
[0.782s] -- Found rmw_fastrtps_cpp: 6.2.5 (/opt/ros/humble/share/rmw_fastrtps_cpp/cmake)
[0.805s] -- Found TinyXML2 via Config file: TinyXML2_DIR-NOTFOUND
[0.814s] -- Found TinyXML2 via Config file: TinyXML2_DIR-NOTFOUND
[0.833s] -- Found TinyXML2 via Config file: TinyXML2_DIR-NOTFOUND
[0.840s] -- Found TinyXML2 via Config file: TinyXML2_DIR-NOTFOUND
[0.850s] -- Using RMW implementation 'rmw_fastrtps_cpp' as default
[0.965s] -- Found kdl_parser: 2.6.4 (/opt/ros/humble/share/kdl_parser/cmake)
[0.977s] -- Found eigen3_cmake_module: 0.1.1 (/opt/ros/humble/share/eigen3_cmake_module/cmake)
[0.978s] -- Ensuring Eigen3 include directory is part of orocos-kdl CMake target
[0.978s] -- Found controller_interface: 2.36.0 (/opt/ros/humble/share/controller_interface/cmake)
[1.044s] -- Found realtime_tools: 2.5.0 (/opt/ros/humble/share/realtime_tools/cmake)
[1.296s] -- Found ament_cmake_gtest: 1.3.6 (/opt/ros/humble/share/ament_cmake_gtest/cmake)
[1.354s] -- Configuring done
[1.373s] -- Generating done
[1.374s] -- Build files have been written to: /home/adam/Desktop/sdp-team-12/control_ws/build/ros2_control_demo_example_7
[1.429s] Invoked command in '/home/adam/Desktop/sdp-team-12/control_ws/build/ros2_control_demo_example_7' returned '0': CMAKE_PREFIX_PATH=/home/adam/Desktop/sdp-team-12/control_ws/install/ros2_control_demo_description:/home/adam/Desktop/sdp-team-12/control_ws/install/serial:/home/adam/Desktop/sdp-team-12/control_ws/install/ros2_control_demos:/home/adam/Desktop/sdp-team-12/control_ws/install/ros2_control_demo_example_9:/home/adam/Desktop/sdp-team-12/control_ws/install/ros2_control_demo_example_8:/home/adam/Desktop/sdp-team-12/control_ws/install/ros2_control_demo_example_7:/home/adam/Desktop/sdp-team-12/control_ws/install/ros2_control_demo_example_6:/home/adam/Desktop/sdp-team-12/control_ws/install/ros2_control_demo_example_5:/home/adam/Desktop/sdp-team-12/control_ws/install/ros2_control_demo_example_4:/home/adam/Desktop/sdp-team-12/control_ws/install/ros2_control_demo_example_3:/home/adam/Desktop/sdp-team-12/control_ws/install/ros2_control_demo_example_2:/home/adam/Desktop/sdp-team-12/control_ws/install/ros2_control_demo_example_14:/home/adam/Desktop/sdp-team-12/control_ws/install/ros2_control_demo_example_12:/home/adam/Desktop/sdp-team-12/control_ws/install/ros2_control_demo_example_10:/home/adam/Desktop/sdp-team-12/control_ws/install/ros2_control_demo_example_1:/home/adam/Desktop/sdp-team-12/control_ws/install/diffdrive_arduino:/home/adam/Desktop/sdp-team-12/control_ws/install/my_bot:/opt/ros/humble /usr/bin/cmake /home/adam/Desktop/sdp-team-12/control_ws/src/ros2_control_demos/example_7 -DCMAKE_INSTALL_PREFIX=/home/adam/Desktop/sdp-team-12/control_ws/install/ros2_control_demo_example_7
[1.430s] Invoking command in '/home/adam/Desktop/sdp-team-12/control_ws/build/ros2_control_demo_example_7': CMAKE_PREFIX_PATH=/home/adam/Desktop/sdp-team-12/control_ws/install/ros2_control_demo_description:/home/adam/Desktop/sdp-team-12/control_ws/install/serial:/home/adam/Desktop/sdp-team-12/control_ws/install/ros2_control_demos:/home/adam/Desktop/sdp-team-12/control_ws/install/ros2_control_demo_example_9:/home/adam/Desktop/sdp-team-12/control_ws/install/ros2_control_demo_example_8:/home/adam/Desktop/sdp-team-12/control_ws/install/ros2_control_demo_example_7:/home/adam/Desktop/sdp-team-12/control_ws/install/ros2_control_demo_example_6:/home/adam/Desktop/sdp-team-12/control_ws/install/ros2_control_demo_example_5:/home/adam/Desktop/sdp-team-12/control_ws/install/ros2_control_demo_example_4:/home/adam/Desktop/sdp-team-12/control_ws/install/ros2_control_demo_example_3:/home/adam/Desktop/sdp-team-12/control_ws/install/ros2_control_demo_example_2:/home/adam/Desktop/sdp-team-12/control_ws/install/ros2_control_demo_example_14:/home/adam/Desktop/sdp-team-12/control_ws/install/ros2_control_demo_example_12:/home/adam/Desktop/sdp-team-12/control_ws/install/ros2_control_demo_example_10:/home/adam/Desktop/sdp-team-12/control_ws/install/ros2_control_demo_example_1:/home/adam/Desktop/sdp-team-12/control_ws/install/diffdrive_arduino:/home/adam/Desktop/sdp-team-12/control_ws/install/my_bot:/opt/ros/humble /usr/bin/cmake --build /home/adam/Desktop/sdp-team-12/control_ws/build/ros2_control_demo_example_7 -- -j8 -l8
[1.465s] [35m[1mConsolidate compiler generated dependencies of target send_trajectory[0m
[1.470s] [35m[1mConsolidate compiler generated dependencies of target ros2_control_demo_example_7[0m
[1.481s] [ 40%] Built target send_trajectory
[1.493s] [100%] Built target ros2_control_demo_example_7
[1.517s] Invoked command in '/home/adam/Desktop/sdp-team-12/control_ws/build/ros2_control_demo_example_7' returned '0': CMAKE_PREFIX_PATH=/home/adam/Desktop/sdp-team-12/control_ws/install/ros2_control_demo_description:/home/adam/Desktop/sdp-team-12/control_ws/install/serial:/home/adam/Desktop/sdp-team-12/control_ws/install/ros2_control_demos:/home/adam/Desktop/sdp-team-12/control_ws/install/ros2_control_demo_example_9:/home/adam/Desktop/sdp-team-12/control_ws/install/ros2_control_demo_example_8:/home/adam/Desktop/sdp-team-12/control_ws/install/ros2_control_demo_example_7:/home/adam/Desktop/sdp-team-12/control_ws/install/ros2_control_demo_example_6:/home/adam/Desktop/sdp-team-12/control_ws/install/ros2_control_demo_example_5:/home/adam/Desktop/sdp-team-12/control_ws/install/ros2_control_demo_example_4:/home/adam/Desktop/sdp-team-12/control_ws/install/ros2_control_demo_example_3:/home/adam/Desktop/sdp-team-12/control_ws/install/ros2_control_demo_example_2:/home/adam/Desktop/sdp-team-12/control_ws/install/ros2_control_demo_example_14:/home/adam/Desktop/sdp-team-12/control_ws/install/ros2_control_demo_example_12:/home/adam/Desktop/sdp-team-12/control_ws/install/ros2_control_demo_example_10:/home/adam/Desktop/sdp-team-12/control_ws/install/ros2_control_demo_example_1:/home/adam/Desktop/sdp-team-12/control_ws/install/diffdrive_arduino:/home/adam/Desktop/sdp-team-12/control_ws/install/my_bot:/opt/ros/humble /usr/bin/cmake --build /home/adam/Desktop/sdp-team-12/control_ws/build/ros2_control_demo_example_7 -- -j8 -l8
[1.549s] Invoking command in '/home/adam/Desktop/sdp-team-12/control_ws/build/ros2_control_demo_example_7': CMAKE_PREFIX_PATH=/home/adam/Desktop/sdp-team-12/control_ws/install/ros2_control_demo_description:/home/adam/Desktop/sdp-team-12/control_ws/install/serial:/home/adam/Desktop/sdp-team-12/control_ws/install/ros2_control_demos:/home/adam/Desktop/sdp-team-12/control_ws/install/ros2_control_demo_example_9:/home/adam/Desktop/sdp-team-12/control_ws/install/ros2_control_demo_example_8:/home/adam/Desktop/sdp-team-12/control_ws/install/ros2_control_demo_example_7:/home/adam/Desktop/sdp-team-12/control_ws/install/ros2_control_demo_example_6:/home/adam/Desktop/sdp-team-12/control_ws/install/ros2_control_demo_example_5:/home/adam/Desktop/sdp-team-12/control_ws/install/ros2_control_demo_example_4:/home/adam/Desktop/sdp-team-12/control_ws/install/ros2_control_demo_example_3:/home/adam/Desktop/sdp-team-12/control_ws/install/ros2_control_demo_example_2:/home/adam/Desktop/sdp-team-12/control_ws/install/ros2_control_demo_example_14:/home/adam/Desktop/sdp-team-12/control_ws/install/ros2_control_demo_example_12:/home/adam/Desktop/sdp-team-12/control_ws/install/ros2_control_demo_example_10:/home/adam/Desktop/sdp-team-12/control_ws/install/ros2_control_demo_example_1:/home/adam/Desktop/sdp-team-12/control_ws/install/diffdrive_arduino:/home/adam/Desktop/sdp-team-12/control_ws/install/my_bot:/opt/ros/humble /usr/bin/cmake --install /home/adam/Desktop/sdp-team-12/control_ws/build/ros2_control_demo_example_7
[1.556s] -- Install configuration: ""
[1.556s] -- Execute custom install script
[1.556s] -- Up-to-date symlink: /home/adam/Desktop/sdp-team-12/control_ws/install/ros2_control_demo_example_7/share/ros2_control_demo_example_7//ros2_control_demo_example_7.xml
[1.556s] -- Up-to-date symlink: /home/adam/Desktop/sdp-team-12/control_ws/install/ros2_control_demo_example_7/share/ros2_control_demo_example_7//ros2_control_demo_example_7.xml
[1.557s] -- Up-to-date symlink: /home/adam/Desktop/sdp-team-12/control_ws/install/ros2_control_demo_example_7/include/ros2_control_demo_example_7/ros2_control_demo_example_7/r6bot_hardware.hpp
[1.557s] -- Up-to-date symlink: /home/adam/Desktop/sdp-team-12/control_ws/install/ros2_control_demo_example_7/share/ros2_control_demo_example_7/launch/view_r6bot.launch.py
[1.557s] -- Up-to-date symlink: /home/adam/Desktop/sdp-team-12/control_ws/install/ros2_control_demo_example_7/share/ros2_control_demo_example_7/ros2_control/r6bot.ros2_control.xacro
[1.557s] -- Up-to-date symlink: /home/adam/Desktop/sdp-team-12/control_ws/install/ros2_control_demo_example_7/share/ros2_control_demo_example_7/urdf/r6bot.urdf.xacro
[1.557s] -- Up-to-date symlink: /home/adam/Desktop/sdp-team-12/control_ws/install/ros2_control_demo_example_7/share/ros2_control_demo_example_7/launch/r6bot_controller.launch.py
[1.557s] -- Up-to-date symlink: /home/adam/Desktop/sdp-team-12/control_ws/install/ros2_control_demo_example_7/share/ros2_control_demo_example_7/launch/send_trajectory.launch.py
[1.558s] -- Up-to-date symlink: /home/adam/Desktop/sdp-team-12/control_ws/install/ros2_control_demo_example_7/share/ros2_control_demo_example_7/config/r6bot_controller.yaml
[1.558s] -- Up-to-date symlink: /home/adam/Desktop/sdp-team-12/control_ws/install/ros2_control_demo_example_7/lib/ros2_control_demo_example_7/send_trajectory
[1.558s] -- Up-to-date symlink: /home/adam/Desktop/sdp-team-12/control_ws/install/ros2_control_demo_example_7/share/ros2_control_demo_example_7/environment/library_path.sh
[1.558s] -- Up-to-date symlink: /home/adam/Desktop/sdp-team-12/control_ws/install/ros2_control_demo_example_7/share/ros2_control_demo_example_7/environment/library_path.dsv
[1.558s] -- Up-to-date symlink: /home/adam/Desktop/sdp-team-12/control_ws/install/ros2_control_demo_example_7/share/ament_index/resource_index/package_run_dependencies/ros2_control_demo_example_7
[1.559s] -- Up-to-date symlink: /home/adam/Desktop/sdp-team-12/control_ws/install/ros2_control_demo_example_7/share/ament_index/resource_index/parent_prefix_path/ros2_control_demo_example_7
[1.559s] -- Up-to-date symlink: /home/adam/Desktop/sdp-team-12/control_ws/install/ros2_control_demo_example_7/share/ros2_control_demo_example_7/environment/ament_prefix_path.sh
[1.559s] -- Up-to-date symlink: /home/adam/Desktop/sdp-team-12/control_ws/install/ros2_control_demo_example_7/share/ros2_control_demo_example_7/environment/ament_prefix_path.dsv
[1.559s] -- Up-to-date symlink: /home/adam/Desktop/sdp-team-12/control_ws/install/ros2_control_demo_example_7/share/ros2_control_demo_example_7/environment/path.sh
[1.559s] -- Up-to-date symlink: /home/adam/Desktop/sdp-team-12/control_ws/install/ros2_control_demo_example_7/share/ros2_control_demo_example_7/environment/path.dsv
[1.559s] -- Up-to-date symlink: /home/adam/Desktop/sdp-team-12/control_ws/install/ros2_control_demo_example_7/share/ros2_control_demo_example_7/local_setup.bash
[1.559s] -- Up-to-date symlink: /home/adam/Desktop/sdp-team-12/control_ws/install/ros2_control_demo_example_7/share/ros2_control_demo_example_7/local_setup.sh
[1.559s] -- Up-to-date symlink: /home/adam/Desktop/sdp-team-12/control_ws/install/ros2_control_demo_example_7/share/ros2_control_demo_example_7/local_setup.zsh
[1.560s] -- Up-to-date symlink: /home/adam/Desktop/sdp-team-12/control_ws/install/ros2_control_demo_example_7/share/ros2_control_demo_example_7/local_setup.dsv
[1.560s] -- Symlinking: /home/adam/Desktop/sdp-team-12/control_ws/install/ros2_control_demo_example_7/share/ros2_control_demo_example_7/package.dsv
[1.567s] -- Up-to-date symlink: /home/adam/Desktop/sdp-team-12/control_ws/install/ros2_control_demo_example_7/share/ament_index/resource_index/packages/ros2_control_demo_example_7
[1.567s] -- Up-to-date symlink: /home/adam/Desktop/sdp-team-12/control_ws/install/ros2_control_demo_example_7/share/ament_index/resource_index/hardware_interface__pluginlib__plugin/ros2_control_demo_example_7
[1.567s] -- Up-to-date symlink: /home/adam/Desktop/sdp-team-12/control_ws/install/ros2_control_demo_example_7/share/ament_index/resource_index/controller_interface__pluginlib__plugin/ros2_control_demo_example_7
[1.568s] -- Up-to-date symlink: /home/adam/Desktop/sdp-team-12/control_ws/install/ros2_control_demo_example_7/share/ros2_control_demo_example_7/cmake/ament_cmake_export_targets-extras.cmake
[1.568s] -- Up-to-date symlink: /home/adam/Desktop/sdp-team-12/control_ws/install/ros2_control_demo_example_7/share/ros2_control_demo_example_7/cmake/ament_cmake_export_dependencies-extras.cmake
[1.568s] -- Up-to-date symlink: /home/adam/Desktop/sdp-team-12/control_ws/install/ros2_control_demo_example_7/share/ros2_control_demo_example_7/cmake/ros2_control_demo_example_7Config.cmake
[1.568s] -- Up-to-date symlink: /home/adam/Desktop/sdp-team-12/control_ws/install/ros2_control_demo_example_7/share/ros2_control_demo_example_7/cmake/ros2_control_demo_example_7Config-version.cmake
[1.568s] -- Up-to-date symlink: /home/adam/Desktop/sdp-team-12/control_ws/install/ros2_control_demo_example_7/share/ros2_control_demo_example_7/package.xml
[1.568s] -- Up-to-date: /home/adam/Desktop/sdp-team-12/control_ws/install/ros2_control_demo_example_7/lib/libros2_control_demo_example_7.so
[1.568s] -- Up-to-date: /home/adam/Desktop/sdp-team-12/control_ws/install/ros2_control_demo_example_7/share/ros2_control_demo_example_7/cmake/export_ros2_control_demo_example_7Export.cmake
[1.569s] -- Up-to-date: /home/adam/Desktop/sdp-team-12/control_ws/install/ros2_control_demo_example_7/share/ros2_control_demo_example_7/cmake/export_ros2_control_demo_example_7Export-noconfig.cmake
[1.570s] Invoked command in '/home/adam/Desktop/sdp-team-12/control_ws/build/ros2_control_demo_example_7' returned '0': CMAKE_PREFIX_PATH=/home/adam/Desktop/sdp-team-12/control_ws/install/ros2_control_demo_description:/home/adam/Desktop/sdp-team-12/control_ws/install/serial:/home/adam/Desktop/sdp-team-12/control_ws/install/ros2_control_demos:/home/adam/Desktop/sdp-team-12/control_ws/install/ros2_control_demo_example_9:/home/adam/Desktop/sdp-team-12/control_ws/install/ros2_control_demo_example_8:/home/adam/Desktop/sdp-team-12/control_ws/install/ros2_control_demo_example_7:/home/adam/Desktop/sdp-team-12/control_ws/install/ros2_control_demo_example_6:/home/adam/Desktop/sdp-team-12/control_ws/install/ros2_control_demo_example_5:/home/adam/Desktop/sdp-team-12/control_ws/install/ros2_control_demo_example_4:/home/adam/Desktop/sdp-team-12/control_ws/install/ros2_control_demo_example_3:/home/adam/Desktop/sdp-team-12/control_ws/install/ros2_control_demo_example_2:/home/adam/Desktop/sdp-team-12/control_ws/install/ros2_control_demo_example_14:/home/adam/Desktop/sdp-team-12/control_ws/install/ros2_control_demo_example_12:/home/adam/Desktop/sdp-team-12/control_ws/install/ros2_control_demo_example_10:/home/adam/Desktop/sdp-team-12/control_ws/install/ros2_control_demo_example_1:/home/adam/Desktop/sdp-team-12/control_ws/install/diffdrive_arduino:/home/adam/Desktop/sdp-team-12/control_ws/install/my_bot:/opt/ros/humble /usr/bin/cmake --install /home/adam/Desktop/sdp-team-12/control_ws/build/ros2_control_demo_example_7
