[0.169s] Invoking command in '/home/adam/Desktop/sdp-team-12/control_ws/build/my_bot': CMAKE_PREFIX_PATH=${CMAKE_PREFIX_PATH}:/opt/ros/humble /usr/bin/cmake /home/adam/Desktop/sdp-team-12/control_ws/src/my_bot -DAMENT_CMAKE_SYMLINK_INSTALL=1 -DCMAKE_INSTALL_PREFIX=/home/adam/Desktop/sdp-team-12/control_ws/install/my_bot
[0.179s] -- Found ament_cmake: 1.3.6 (/opt/ros/humble/share/ament_cmake/cmake)
[0.336s] -- Override CMake install command with custom implementation using symlinks instead of copying resources
[0.341s] -- Found ament_lint_auto: 0.12.9 (/opt/ros/humble/share/ament_lint_auto/cmake)
[0.401s] -- Added test 'copyright' to check source files copyright and LICENSE
[0.403s] -- Added test 'flake8' to check Python code syntax and style conventions
[0.404s] -- Added test 'lint_cmake' to check CMake code style
[0.404s] -- Added test 'pep257' to check Python code against some of the docstring style conventions in PEP 257
[0.405s] -- Added test 'xmllint' to check XML markup files
[0.407s] -- Configuring done
[0.411s] -- Generating done
[0.412s] -- Build files have been written to: /home/adam/Desktop/sdp-team-12/control_ws/build/my_bot
[0.416s] Invoked command in '/home/adam/Desktop/sdp-team-12/control_ws/build/my_bot' returned '0': CMAKE_PREFIX_PATH=${CMAKE_PREFIX_PATH}:/opt/ros/humble /usr/bin/cmake /home/adam/Desktop/sdp-team-12/control_ws/src/my_bot -DAMENT_CMAKE_SYMLINK_INSTALL=1 -DCMAKE_INSTALL_PREFIX=/home/adam/Desktop/sdp-team-12/control_ws/install/my_bot
[0.418s] Invoking command in '/home/adam/Desktop/sdp-team-12/control_ws/build/my_bot': CMAKE_PREFIX_PATH=${CMAKE_PREFIX_PATH}:/opt/ros/humble /usr/bin/cmake --build /home/adam/Desktop/sdp-team-12/control_ws/build/my_bot -- -j8 -l8
[0.459s] Invoked command in '/home/adam/Desktop/sdp-team-12/control_ws/build/my_bot' returned '0': CMAKE_PREFIX_PATH=${CMAKE_PREFIX_PATH}:/opt/ros/humble /usr/bin/cmake --build /home/adam/Desktop/sdp-team-12/control_ws/build/my_bot -- -j8 -l8
[0.490s] Invoking command in '/home/adam/Desktop/sdp-team-12/control_ws/build/my_bot': CMAKE_PREFIX_PATH=${CMAKE_PREFIX_PATH}:/opt/ros/humble /usr/bin/cmake --install /home/adam/Desktop/sdp-team-12/control_ws/build/my_bot
[0.499s] -- Install configuration: ""
[0.499s] -- Execute custom install script
[0.499s] -- Symlinking: /home/adam/Desktop/sdp-team-12/control_ws/install/my_bot/share/my_bot/config/empty.yaml
[0.510s] -- Symlinking: /home/adam/Desktop/sdp-team-12/control_ws/install/my_bot/share/my_bot/config/gazebo_params.yaml
[0.522s] -- Symlinking: /home/adam/Desktop/sdp-team-12/control_ws/install/my_bot/share/my_bot/config/my_controllers.yaml
[0.535s] -- Symlinking: /home/adam/Desktop/sdp-team-12/control_ws/install/my_bot/share/my_bot/description/gazebo_control.xacro
[0.545s] -- Symlinking: /home/adam/Desktop/sdp-team-12/control_ws/install/my_bot/share/my_bot/description/inertial_macros.xacro
[0.556s] -- Symlinking: /home/adam/Desktop/sdp-team-12/control_ws/install/my_bot/share/my_bot/description/robo_holly.xacro
[0.567s] -- Symlinking: /home/adam/Desktop/sdp-team-12/control_ws/install/my_bot/share/my_bot/description/robot.urdf.xacro
[0.575s] -- Symlinking: /home/adam/Desktop/sdp-team-12/control_ws/install/my_bot/share/my_bot/description/robot_core.xacro
[0.587s] -- Symlinking: /home/adam/Desktop/sdp-team-12/control_ws/install/my_bot/share/my_bot/description/ros2_control.xacro
[0.598s] -- Symlinking: /home/adam/Desktop/sdp-team-12/control_ws/install/my_bot/share/my_bot/launch/launch_robot.launch.py
[0.610s] -- Symlinking: /home/adam/Desktop/sdp-team-12/control_ws/install/my_bot/share/my_bot/launch/launch_sim.launch.py
[0.620s] -- Symlinking: /home/adam/Desktop/sdp-team-12/control_ws/install/my_bot/share/my_bot/launch/rsp.launch.py
[0.628s] -- Symlinking: /home/adam/Desktop/sdp-team-12/control_ws/install/my_bot/share/my_bot/worlds/empty.world
[0.638s] -- Symlinking: /home/adam/Desktop/sdp-team-12/control_ws/install/my_bot/share/my_bot/rviz/mybot_config.rviz
[0.650s] -- Symlinking: /home/adam/Desktop/sdp-team-12/control_ws/install/my_bot/share/ament_index/resource_index/package_run_dependencies/my_bot
[0.659s] -- Symlinking: /home/adam/Desktop/sdp-team-12/control_ws/install/my_bot/share/ament_index/resource_index/parent_prefix_path/my_bot
[0.670s] -- Symlinking: /home/adam/Desktop/sdp-team-12/control_ws/install/my_bot/share/my_bot/environment/ament_prefix_path.sh
[0.680s] -- Symlinking: /home/adam/Desktop/sdp-team-12/control_ws/install/my_bot/share/my_bot/environment/ament_prefix_path.dsv
[0.691s] -- Symlinking: /home/adam/Desktop/sdp-team-12/control_ws/install/my_bot/share/my_bot/environment/path.sh
[0.703s] -- Symlinking: /home/adam/Desktop/sdp-team-12/control_ws/install/my_bot/share/my_bot/environment/path.dsv
[0.714s] -- Symlinking: /home/adam/Desktop/sdp-team-12/control_ws/install/my_bot/share/my_bot/local_setup.bash
[0.725s] -- Symlinking: /home/adam/Desktop/sdp-team-12/control_ws/install/my_bot/share/my_bot/local_setup.sh
[0.735s] -- Symlinking: /home/adam/Desktop/sdp-team-12/control_ws/install/my_bot/share/my_bot/local_setup.zsh
[0.746s] -- Symlinking: /home/adam/Desktop/sdp-team-12/control_ws/install/my_bot/share/my_bot/local_setup.dsv
[0.755s] -- Symlinking: /home/adam/Desktop/sdp-team-12/control_ws/install/my_bot/share/my_bot/package.dsv
[0.767s] -- Symlinking: /home/adam/Desktop/sdp-team-12/control_ws/install/my_bot/share/ament_index/resource_index/packages/my_bot
[0.777s] -- Symlinking: /home/adam/Desktop/sdp-team-12/control_ws/install/my_bot/share/my_bot/cmake/my_botConfig.cmake
[0.788s] -- Symlinking: /home/adam/Desktop/sdp-team-12/control_ws/install/my_bot/share/my_bot/cmake/my_botConfig-version.cmake
[0.798s] -- Symlinking: /home/adam/Desktop/sdp-team-12/control_ws/install/my_bot/share/my_bot/package.xml
[0.811s] Invoked command in '/home/adam/Desktop/sdp-team-12/control_ws/build/my_bot' returned '0': CMAKE_PREFIX_PATH=${CMAKE_PREFIX_PATH}:/opt/ros/humble /usr/bin/cmake --install /home/adam/Desktop/sdp-team-12/control_ws/build/my_bot
