[2.612s] DEBUG:colcon:Command line arguments: ['/usr/bin/colcon', 'build']
[2.614s] DEBUG:colcon:Parsed command line arguments: Namespace(log_base=None, log_level=None, verb_name='build', build_base='build', install_base='install', merge_install=False, symlink_install=False, test_result_base=None, continue_on_error=False, executor='parallel', parallel_workers=4, event_handlers=None, ignore_user_meta=False, metas=['./colcon.meta'], base_paths=['.'], packages_ignore=None, packages_ignore_regex=None, paths=None, packages_up_to=None, packages_up_to_regex=None, packages_above=None, packages_above_and_dependencies=None, packages_above_depth=None, packages_select_by_dep=None, packages_skip_by_dep=None, packages_skip_up_to=None, packages_select_build_failed=False, packages_skip_build_finished=False, packages_select_test_failures=False, packages_skip_test_passed=False, packages_select=None, packages_skip=None, packages_select_regex=None, packages_skip_regex=None, packages_start=None, packages_end=None, allow_overriding=[], cmake_args=None, cmake_target=None, cmake_target_skip_unavailable=False, cmake_clean_cache=False, cmake_clean_first=False, cmake_force_configure=False, ament_cmake_args=None, catkin_cmake_args=None, catkin_skip_building_tests=False, verb_parser=<colcon_defaults.argument_parser.defaults.DefaultArgumentsDecorator object at 0x7f8256f7a650>, verb_extension=<colcon_core.verb.build.BuildVerb object at 0x7f82573ebe50>, main=<bound method BuildVerb.main of <colcon_core.verb.build.BuildVerb object at 0x7f82573ebe50>>)
[2.908s] Level 1:colcon.colcon_core.package_discovery:discover_packages(colcon_meta) check parameters
[2.909s] Level 1:colcon.colcon_core.package_discovery:discover_packages(recursive) check parameters
[2.910s] Level 1:colcon.colcon_core.package_discovery:discover_packages(ignore) check parameters
[2.911s] Level 1:colcon.colcon_core.package_discovery:discover_packages(path) check parameters
[2.911s] Level 1:colcon.colcon_core.package_discovery:discover_packages(colcon_meta) discover
[2.912s] Level 1:colcon.colcon_core.package_discovery:discover_packages(recursive) discover
[2.912s] INFO:colcon.colcon_core.package_discovery:Crawling recursively for packages in '/media/sf_SDP/sdp-team-12'
[2.915s] Level 1:colcon.colcon_core.package_identification:_identify(.) by extensions ['ignore', 'ignore_ament_install']
[2.916s] Level 1:colcon.colcon_core.package_identification:_identify(.) by extension 'ignore'
[2.917s] Level 1:colcon.colcon_core.package_identification:_identify(.) by extension 'ignore_ament_install'
[2.920s] Level 1:colcon.colcon_core.package_identification:_identify(.) by extensions ['colcon_pkg']
[2.920s] Level 1:colcon.colcon_core.package_identification:_identify(.) by extension 'colcon_pkg'
[2.922s] Level 1:colcon.colcon_core.package_identification:_identify(.) by extensions ['colcon_meta']
[2.923s] Level 1:colcon.colcon_core.package_identification:_identify(.) by extension 'colcon_meta'
[2.923s] Level 1:colcon.colcon_core.package_identification:_identify(.) by extensions ['ros']
[2.924s] Level 1:colcon.colcon_core.package_identification:_identify(.) by extension 'ros'
[2.948s] Level 1:colcon.colcon_core.package_identification:_identify(.) by extensions ['cmake', 'python']
[2.948s] Level 1:colcon.colcon_core.package_identification:_identify(.) by extension 'cmake'
[2.950s] Level 1:colcon.colcon_core.package_identification:_identify(.) by extension 'python'
[2.951s] Level 1:colcon.colcon_core.package_identification:_identify(.) by extensions ['python_setup_py']
[2.952s] Level 1:colcon.colcon_core.package_identification:_identify(.) by extension 'python_setup_py'
[2.955s] Level 1:colcon.colcon_core.package_identification:_identify(basic_mobile_robot) by extensions ['ignore', 'ignore_ament_install']
[2.956s] Level 1:colcon.colcon_core.package_identification:_identify(basic_mobile_robot) by extension 'ignore'
[2.957s] Level 1:colcon.colcon_core.package_identification:_identify(basic_mobile_robot) by extension 'ignore_ament_install'
[2.959s] Level 1:colcon.colcon_core.package_identification:_identify(basic_mobile_robot) by extensions ['colcon_pkg']
[2.960s] Level 1:colcon.colcon_core.package_identification:_identify(basic_mobile_robot) by extension 'colcon_pkg'
[2.961s] Level 1:colcon.colcon_core.package_identification:_identify(basic_mobile_robot) by extensions ['colcon_meta']
[2.962s] Level 1:colcon.colcon_core.package_identification:_identify(basic_mobile_robot) by extension 'colcon_meta'
[2.962s] Level 1:colcon.colcon_core.package_identification:_identify(basic_mobile_robot) by extensions ['ros']
[2.963s] Level 1:colcon.colcon_core.package_identification:_identify(basic_mobile_robot) by extension 'ros'
[3.080s] DEBUG:colcon.colcon_core.package_identification:Package 'basic_mobile_robot' with type 'ros.ament_cmake' and name 'basic_mobile_robot'
[3.084s] Level 1:colcon.colcon_core.package_identification:_identify(build) by extensions ['ignore', 'ignore_ament_install']
[3.085s] Level 1:colcon.colcon_core.package_identification:_identify(build) by extension 'ignore'
[3.086s] Level 1:colcon.colcon_core.package_identification:_identify(build) ignored
[3.090s] Level 1:colcon.colcon_core.package_identification:_identify(install) by extensions ['ignore', 'ignore_ament_install']
[3.091s] Level 1:colcon.colcon_core.package_identification:_identify(install) by extension 'ignore'
[3.093s] Level 1:colcon.colcon_core.package_identification:_identify(install) ignored
[3.096s] Level 1:colcon.colcon_core.package_identification:_identify(log) by extensions ['ignore', 'ignore_ament_install']
[3.097s] Level 1:colcon.colcon_core.package_identification:_identify(log) by extension 'ignore'
[3.099s] Level 1:colcon.colcon_core.package_identification:_identify(log) ignored
[3.102s] Level 1:colcon.colcon_core.package_identification:_identify(navigator) by extensions ['ignore', 'ignore_ament_install']
[3.105s] Level 1:colcon.colcon_core.package_identification:_identify(navigator) by extension 'ignore'
[3.107s] Level 1:colcon.colcon_core.package_identification:_identify(navigator) by extension 'ignore_ament_install'
[3.110s] Level 1:colcon.colcon_core.package_identification:_identify(navigator) by extensions ['colcon_pkg']
[3.110s] Level 1:colcon.colcon_core.package_identification:_identify(navigator) by extension 'colcon_pkg'
[3.112s] Level 1:colcon.colcon_core.package_identification:_identify(navigator) by extensions ['colcon_meta']
[3.113s] Level 1:colcon.colcon_core.package_identification:_identify(navigator) by extension 'colcon_meta'
[3.113s] Level 1:colcon.colcon_core.package_identification:_identify(navigator) by extensions ['ros']
[3.114s] Level 1:colcon.colcon_core.package_identification:_identify(navigator) by extension 'ros'
[3.137s] DEBUG:colcon.colcon_core.package_identification:Package 'navigator' with type 'ros.ament_python' and name 'navigator'
[3.138s] Level 1:colcon.colcon_core.package_discovery:discover_packages(recursive) using defaults
[3.139s] Level 1:colcon.colcon_core.package_discovery:discover_packages(ignore) discover
[3.140s] Level 1:colcon.colcon_core.package_discovery:discover_packages(ignore) using defaults
[3.141s] Level 1:colcon.colcon_core.package_discovery:discover_packages(path) discover
[3.141s] Level 1:colcon.colcon_core.package_discovery:discover_packages(path) using defaults
[3.426s] Level 1:colcon.colcon_core.package_discovery:discover_packages(prefix_path) check parameters
[3.427s] Level 1:colcon.colcon_core.package_discovery:discover_packages(prefix_path) discover
[3.524s] DEBUG:colcon.colcon_installed_package_information.package_discovery:Found 2 installed packages in /media/sf_SDP/sdp-team-12/install
[3.556s] DEBUG:colcon.colcon_installed_package_information.package_discovery:Found 328 installed packages in /opt/ros/humble
[3.559s] Level 1:colcon.colcon_core.package_discovery:discover_packages(prefix_path) using defaults
[3.786s] Level 5:colcon.colcon_core.verb:set package 'basic_mobile_robot' build argument 'cmake_args' from command line to 'None'
[3.787s] Level 5:colcon.colcon_core.verb:set package 'basic_mobile_robot' build argument 'cmake_target' from command line to 'None'
[3.787s] Level 5:colcon.colcon_core.verb:set package 'basic_mobile_robot' build argument 'cmake_target_skip_unavailable' from command line to 'False'
[3.788s] Level 5:colcon.colcon_core.verb:set package 'basic_mobile_robot' build argument 'cmake_clean_cache' from command line to 'False'
[3.789s] Level 5:colcon.colcon_core.verb:set package 'basic_mobile_robot' build argument 'cmake_clean_first' from command line to 'False'
[3.790s] Level 5:colcon.colcon_core.verb:set package 'basic_mobile_robot' build argument 'cmake_force_configure' from command line to 'False'
[3.791s] Level 5:colcon.colcon_core.verb:set package 'basic_mobile_robot' build argument 'ament_cmake_args' from command line to 'None'
[3.791s] Level 5:colcon.colcon_core.verb:set package 'basic_mobile_robot' build argument 'catkin_cmake_args' from command line to 'None'
[3.792s] Level 5:colcon.colcon_core.verb:set package 'basic_mobile_robot' build argument 'catkin_skip_building_tests' from command line to 'False'
[3.793s] DEBUG:colcon.colcon_core.verb:Building package 'basic_mobile_robot' with the following arguments: {'ament_cmake_args': None, 'build_base': '/media/sf_SDP/sdp-team-12/build/basic_mobile_robot', 'catkin_cmake_args': None, 'catkin_skip_building_tests': False, 'cmake_args': None, 'cmake_clean_cache': False, 'cmake_clean_first': False, 'cmake_force_configure': False, 'cmake_target': None, 'cmake_target_skip_unavailable': False, 'install_base': '/media/sf_SDP/sdp-team-12/install/basic_mobile_robot', 'merge_install': False, 'path': '/media/sf_SDP/sdp-team-12/basic_mobile_robot', 'symlink_install': False, 'test_result_base': None}
[3.823s] Level 5:colcon.colcon_core.verb:set package 'navigator' build argument 'cmake_args' from command line to 'None'
[3.824s] Level 5:colcon.colcon_core.verb:set package 'navigator' build argument 'cmake_target' from command line to 'None'
[3.825s] Level 5:colcon.colcon_core.verb:set package 'navigator' build argument 'cmake_target_skip_unavailable' from command line to 'False'
[3.825s] Level 5:colcon.colcon_core.verb:set package 'navigator' build argument 'cmake_clean_cache' from command line to 'False'
[3.826s] Level 5:colcon.colcon_core.verb:set package 'navigator' build argument 'cmake_clean_first' from command line to 'False'
[3.827s] Level 5:colcon.colcon_core.verb:set package 'navigator' build argument 'cmake_force_configure' from command line to 'False'
[3.828s] Level 5:colcon.colcon_core.verb:set package 'navigator' build argument 'ament_cmake_args' from command line to 'None'
[3.829s] Level 5:colcon.colcon_core.verb:set package 'navigator' build argument 'catkin_cmake_args' from command line to 'None'
[3.830s] Level 5:colcon.colcon_core.verb:set package 'navigator' build argument 'catkin_skip_building_tests' from command line to 'False'
[3.831s] DEBUG:colcon.colcon_core.verb:Building package 'navigator' with the following arguments: {'ament_cmake_args': None, 'build_base': '/media/sf_SDP/sdp-team-12/build/navigator', 'catkin_cmake_args': None, 'catkin_skip_building_tests': False, 'cmake_args': None, 'cmake_clean_cache': False, 'cmake_clean_first': False, 'cmake_force_configure': False, 'cmake_target': None, 'cmake_target_skip_unavailable': False, 'install_base': '/media/sf_SDP/sdp-team-12/install/navigator', 'merge_install': False, 'path': '/media/sf_SDP/sdp-team-12/navigator', 'symlink_install': False, 'test_result_base': None}
[3.862s] INFO:colcon.colcon_core.executor:Executing jobs using 'parallel' executor
[3.901s] DEBUG:colcon.colcon_parallel_executor.executor.parallel:run_until_complete
[3.902s] INFO:colcon.colcon_ros.task.ament_cmake.build:Building ROS package in '/media/sf_SDP/sdp-team-12/basic_mobile_robot' with build type 'ament_cmake'
[3.917s] INFO:colcon.colcon_cmake.task.cmake.build:Building CMake package in '/media/sf_SDP/sdp-team-12/basic_mobile_robot'
[4.050s] INFO:colcon.colcon_core.plugin_system:Skipping extension 'colcon_core.shell.bat': Not used on non-Windows systems
[4.053s] INFO:colcon.colcon_core.shell:Skip shell extension 'powershell' for command environment: Not usable outside of PowerShell
[4.053s] DEBUG:colcon.colcon_core.shell:Skip shell extension 'dsv' for command environment
[4.350s] INFO:colcon.colcon_ros.task.ament_python.build:Building ROS package in '/media/sf_SDP/sdp-team-12/navigator' with build type 'ament_python'
[4.362s] Level 1:colcon.colcon_core.shell:create_environment_hook('navigator', 'ament_prefix_path')
[4.436s] INFO:colcon.colcon_core.shell:Creating environment hook '/media/sf_SDP/sdp-team-12/install/navigator/share/navigator/hook/ament_prefix_path.ps1'
[4.487s] INFO:colcon.colcon_core.shell:Creating environment descriptor '/media/sf_SDP/sdp-team-12/install/navigator/share/navigator/hook/ament_prefix_path.dsv'
[4.549s] INFO:colcon.colcon_core.shell:Creating environment hook '/media/sf_SDP/sdp-team-12/install/navigator/share/navigator/hook/ament_prefix_path.sh'
[4.727s] INFO:colcon.colcon_core.shell:Skip shell extension 'powershell' for command environment: Not usable outside of PowerShell
[4.728s] DEBUG:colcon.colcon_core.shell:Skip shell extension 'dsv' for command environment
[5.361s] DEBUG:colcon.colcon_core.event_handler.log_command:Invoking command in '/media/sf_SDP/sdp-team-12/build/basic_mobile_robot': CMAKE_PREFIX_PATH=${CMAKE_PREFIX_PATH}:/media/sf_SDP/sdp-team-12/install/navigator:/opt/ros/humble /usr/bin/cmake --build /media/sf_SDP/sdp-team-12/build/basic_mobile_robot -- -j4 -l4
[6.194s] INFO:colcon.colcon_core.task.python.build:Building Python package in '/media/sf_SDP/sdp-team-12/navigator'
[6.231s] INFO:colcon.colcon_core.shell:Skip shell extension 'powershell' for command environment: Not usable outside of PowerShell
[6.232s] DEBUG:colcon.colcon_core.shell:Skip shell extension 'dsv' for command environment
[6.416s] DEBUG:colcon.colcon_core.event_handler.log_command:Invoked command in '/media/sf_SDP/sdp-team-12/build/basic_mobile_robot' returned '0': CMAKE_PREFIX_PATH=${CMAKE_PREFIX_PATH}:/media/sf_SDP/sdp-team-12/install/navigator:/opt/ros/humble /usr/bin/cmake --build /media/sf_SDP/sdp-team-12/build/basic_mobile_robot -- -j4 -l4
[6.748s] DEBUG:colcon.colcon_core.event_handler.log_command:Invoking command in '/media/sf_SDP/sdp-team-12/build/basic_mobile_robot': CMAKE_PREFIX_PATH=${CMAKE_PREFIX_PATH}:/media/sf_SDP/sdp-team-12/install/navigator:/opt/ros/humble /usr/bin/cmake --install /media/sf_SDP/sdp-team-12/build/basic_mobile_robot
[7.809s] Level 1:colcon.colcon_core.environment:create_environment_scripts_only(basic_mobile_robot)
[7.855s] Level 1:colcon.colcon_core.environment:checking '/media/sf_SDP/sdp-team-12/install/basic_mobile_robot' for CMake module files
[7.855s] DEBUG:colcon.colcon_core.event_handler.log_command:Invoked command in '/media/sf_SDP/sdp-team-12/build/basic_mobile_robot' returned '0': CMAKE_PREFIX_PATH=${CMAKE_PREFIX_PATH}:/media/sf_SDP/sdp-team-12/install/navigator:/opt/ros/humble /usr/bin/cmake --install /media/sf_SDP/sdp-team-12/build/basic_mobile_robot
[7.905s] Level 1:colcon.colcon_core.environment:checking '/media/sf_SDP/sdp-team-12/install/basic_mobile_robot' for CMake config files
[7.947s] Level 1:colcon.colcon_core.shell:create_environment_hook('basic_mobile_robot', 'cmake_prefix_path')
[7.993s] INFO:colcon.colcon_core.shell:Creating environment hook '/media/sf_SDP/sdp-team-12/install/basic_mobile_robot/share/basic_mobile_robot/hook/cmake_prefix_path.ps1'
[8.035s] INFO:colcon.colcon_core.shell:Creating environment descriptor '/media/sf_SDP/sdp-team-12/install/basic_mobile_robot/share/basic_mobile_robot/hook/cmake_prefix_path.dsv'
[8.079s] INFO:colcon.colcon_core.shell:Creating environment hook '/media/sf_SDP/sdp-team-12/install/basic_mobile_robot/share/basic_mobile_robot/hook/cmake_prefix_path.sh'
[8.135s] Level 1:colcon.colcon_core.environment:checking '/media/sf_SDP/sdp-team-12/install/basic_mobile_robot/bin'
[8.137s] Level 1:colcon.colcon_core.environment:checking '/media/sf_SDP/sdp-team-12/install/basic_mobile_robot/lib/pkgconfig/basic_mobile_robot.pc'
[8.141s] Level 1:colcon.colcon_core.environment:checking '/media/sf_SDP/sdp-team-12/install/basic_mobile_robot/lib/python3.10/site-packages'
[8.142s] Level 1:colcon.colcon_core.environment:checking '/media/sf_SDP/sdp-team-12/install/basic_mobile_robot/bin'
[8.241s] INFO:colcon.colcon_core.shell:Creating package script '/media/sf_SDP/sdp-team-12/install/basic_mobile_robot/share/basic_mobile_robot/package.ps1'
[8.293s] INFO:colcon.colcon_core.shell:Creating package descriptor '/media/sf_SDP/sdp-team-12/install/basic_mobile_robot/share/basic_mobile_robot/package.dsv'
[8.348s] INFO:colcon.colcon_core.shell:Creating package script '/media/sf_SDP/sdp-team-12/install/basic_mobile_robot/share/basic_mobile_robot/package.sh'
[8.410s] INFO:colcon.colcon_core.shell:Creating package script '/media/sf_SDP/sdp-team-12/install/basic_mobile_robot/share/basic_mobile_robot/package.bash'
[8.482s] INFO:colcon.colcon_core.shell:Creating package script '/media/sf_SDP/sdp-team-12/install/basic_mobile_robot/share/basic_mobile_robot/package.zsh'
[8.529s] Level 1:colcon.colcon_core.environment:create_file_with_runtime_dependencies(/media/sf_SDP/sdp-team-12/install/basic_mobile_robot/share/colcon-core/packages/basic_mobile_robot)
[8.792s] Level 1:colcon.colcon_core.environment:create_environment_scripts_only(basic_mobile_robot)
[8.830s] Level 1:colcon.colcon_core.environment:checking '/media/sf_SDP/sdp-team-12/install/basic_mobile_robot' for CMake module files
[8.884s] Level 1:colcon.colcon_core.environment:checking '/media/sf_SDP/sdp-team-12/install/basic_mobile_robot' for CMake config files
[8.950s] Level 1:colcon.colcon_core.shell:create_environment_hook('basic_mobile_robot', 'cmake_prefix_path')
[9.060s] INFO:colcon.colcon_core.shell:Creating environment hook '/media/sf_SDP/sdp-team-12/install/basic_mobile_robot/share/basic_mobile_robot/hook/cmake_prefix_path.ps1'
[9.186s] INFO:colcon.colcon_core.shell:Creating environment descriptor '/media/sf_SDP/sdp-team-12/install/basic_mobile_robot/share/basic_mobile_robot/hook/cmake_prefix_path.dsv'
[9.258s] INFO:colcon.colcon_core.shell:Creating environment hook '/media/sf_SDP/sdp-team-12/install/basic_mobile_robot/share/basic_mobile_robot/hook/cmake_prefix_path.sh'
[9.314s] Level 1:colcon.colcon_core.environment:checking '/media/sf_SDP/sdp-team-12/install/basic_mobile_robot/bin'
[9.316s] Level 1:colcon.colcon_core.environment:checking '/media/sf_SDP/sdp-team-12/install/basic_mobile_robot/lib/pkgconfig/basic_mobile_robot.pc'
[9.318s] Level 1:colcon.colcon_core.environment:checking '/media/sf_SDP/sdp-team-12/install/basic_mobile_robot/lib/python3.10/site-packages'
[9.324s] Level 1:colcon.colcon_core.environment:checking '/media/sf_SDP/sdp-team-12/install/basic_mobile_robot/bin'
[9.439s] INFO:colcon.colcon_core.shell:Creating package script '/media/sf_SDP/sdp-team-12/install/basic_mobile_robot/share/basic_mobile_robot/package.ps1'
[9.544s] INFO:colcon.colcon_core.shell:Creating package descriptor '/media/sf_SDP/sdp-team-12/install/basic_mobile_robot/share/basic_mobile_robot/package.dsv'
[9.590s] INFO:colcon.colcon_core.shell:Creating package script '/media/sf_SDP/sdp-team-12/install/basic_mobile_robot/share/basic_mobile_robot/package.sh'
[9.673s] INFO:colcon.colcon_core.shell:Creating package script '/media/sf_SDP/sdp-team-12/install/basic_mobile_robot/share/basic_mobile_robot/package.bash'
[9.780s] INFO:colcon.colcon_core.shell:Creating package script '/media/sf_SDP/sdp-team-12/install/basic_mobile_robot/share/basic_mobile_robot/package.zsh'
[9.854s] Level 1:colcon.colcon_core.environment:create_file_with_runtime_dependencies(/media/sf_SDP/sdp-team-12/install/basic_mobile_robot/share/colcon-core/packages/basic_mobile_robot)
[10.303s] DEBUG:colcon.colcon_core.event_handler.log_command:Invoking command in '/media/sf_SDP/sdp-team-12/navigator': PYTHONPATH=/media/sf_SDP/sdp-team-12/build/navigator/prefix_override:/media/sf_SDP/sdp-team-12/install/navigator/lib/python3.10/site-packages:${PYTHONPATH} /usr/bin/python3 setup.py egg_info --egg-base ../build/navigator build --build-base /media/sf_SDP/sdp-team-12/build/navigator/build install --record /media/sf_SDP/sdp-team-12/build/navigator/install.log --single-version-externally-managed
[13.300s] DEBUG:colcon.colcon_core.event_handler.log_command:Invoked command in '/media/sf_SDP/sdp-team-12/navigator' returned '0': PYTHONPATH=/media/sf_SDP/sdp-team-12/build/navigator/prefix_override:/media/sf_SDP/sdp-team-12/install/navigator/lib/python3.10/site-packages:${PYTHONPATH} /usr/bin/python3 setup.py egg_info --egg-base ../build/navigator build --build-base /media/sf_SDP/sdp-team-12/build/navigator/build install --record /media/sf_SDP/sdp-team-12/build/navigator/install.log --single-version-externally-managed
[13.344s] Level 1:colcon.colcon_core.environment:checking '/media/sf_SDP/sdp-team-12/install/navigator' for CMake module files
[13.373s] Level 1:colcon.colcon_core.environment:checking '/media/sf_SDP/sdp-team-12/install/navigator' for CMake config files
[13.425s] Level 1:colcon.colcon_core.environment:checking '/media/sf_SDP/sdp-team-12/install/navigator/lib'
[13.428s] Level 1:colcon.colcon_core.environment:checking '/media/sf_SDP/sdp-team-12/install/navigator/bin'
[13.430s] Level 1:colcon.colcon_core.environment:checking '/media/sf_SDP/sdp-team-12/install/navigator/lib/pkgconfig/navigator.pc'
[13.432s] Level 1:colcon.colcon_core.environment:checking '/media/sf_SDP/sdp-team-12/install/navigator/lib/python3.10/site-packages'
[13.432s] Level 1:colcon.colcon_core.shell:create_environment_hook('navigator', 'pythonpath')
[13.529s] INFO:colcon.colcon_core.shell:Creating environment hook '/media/sf_SDP/sdp-team-12/install/navigator/share/navigator/hook/pythonpath.ps1'
[13.625s] INFO:colcon.colcon_core.shell:Creating environment descriptor '/media/sf_SDP/sdp-team-12/install/navigator/share/navigator/hook/pythonpath.dsv'
[13.686s] INFO:colcon.colcon_core.shell:Creating environment hook '/media/sf_SDP/sdp-team-12/install/navigator/share/navigator/hook/pythonpath.sh'
[13.749s] Level 1:colcon.colcon_core.environment:checking '/media/sf_SDP/sdp-team-12/install/navigator/bin'
[13.753s] Level 1:colcon.colcon_core.environment:create_environment_scripts_only(navigator)
[13.825s] INFO:colcon.colcon_core.shell:Creating package script '/media/sf_SDP/sdp-team-12/install/navigator/share/navigator/package.ps1'
[13.870s] INFO:colcon.colcon_core.shell:Creating package descriptor '/media/sf_SDP/sdp-team-12/install/navigator/share/navigator/package.dsv'
[13.936s] INFO:colcon.colcon_core.shell:Creating package script '/media/sf_SDP/sdp-team-12/install/navigator/share/navigator/package.sh'
[14.004s] INFO:colcon.colcon_core.shell:Creating package script '/media/sf_SDP/sdp-team-12/install/navigator/share/navigator/package.bash'
[14.061s] INFO:colcon.colcon_core.shell:Creating package script '/media/sf_SDP/sdp-team-12/install/navigator/share/navigator/package.zsh'
[14.145s] Level 1:colcon.colcon_core.environment:create_file_with_runtime_dependencies(/media/sf_SDP/sdp-team-12/install/navigator/share/colcon-core/packages/navigator)
[14.193s] DEBUG:colcon.colcon_parallel_executor.executor.parallel:closing loop
[14.198s] DEBUG:colcon.colcon_parallel_executor.executor.parallel:loop closed
[14.216s] DEBUG:colcon.colcon_parallel_executor.executor.parallel:run_until_complete finished with '0'
[14.238s] DEBUG:colcon.colcon_core.event_reactor:joining thread
[14.554s] INFO:colcon.colcon_core.plugin_system:Skipping extension 'colcon_notification.desktop_notification.terminal_notifier': Not used on non-Darwin systems
[14.555s] INFO:colcon.colcon_core.plugin_system:Skipping extension 'colcon_notification.desktop_notification.win32': Not used on non-Windows systems
[14.556s] INFO:colcon.colcon_notification.desktop_notification:Sending desktop notification using 'notify2'
[14.557s] DEBUG:colcon.colcon_notification.desktop_notification.notify2:Failed to initialize notify2: org.freedesktop.DBus.Error.NotSupported: Unable to autolaunch a dbus-daemon without a $DISPLAY for X11
[14.558s] DEBUG:colcon.colcon_core.event_reactor:joined thread
[14.609s] INFO:colcon.colcon_core.shell:Creating prefix script '/media/sf_SDP/sdp-team-12/install/local_setup.ps1'
[14.657s] INFO:colcon.colcon_core.shell:Creating prefix util module '/media/sf_SDP/sdp-team-12/install/_local_setup_util_ps1.py'
[14.751s] INFO:colcon.colcon_core.shell:Creating prefix chain script '/media/sf_SDP/sdp-team-12/install/setup.ps1'
[14.841s] INFO:colcon.colcon_core.shell:Creating prefix script '/media/sf_SDP/sdp-team-12/install/local_setup.sh'
[14.900s] INFO:colcon.colcon_core.shell:Creating prefix util module '/media/sf_SDP/sdp-team-12/install/_local_setup_util_sh.py'
[14.988s] INFO:colcon.colcon_core.shell:Creating prefix chain script '/media/sf_SDP/sdp-team-12/install/setup.sh'
[15.142s] INFO:colcon.colcon_core.shell:Creating prefix script '/media/sf_SDP/sdp-team-12/install/local_setup.bash'
[15.184s] INFO:colcon.colcon_core.shell:Creating prefix chain script '/media/sf_SDP/sdp-team-12/install/setup.bash'
[15.338s] INFO:colcon.colcon_core.shell:Creating prefix script '/media/sf_SDP/sdp-team-12/install/local_setup.zsh'
[15.402s] INFO:colcon.colcon_core.shell:Creating prefix chain script '/media/sf_SDP/sdp-team-12/install/setup.zsh'
