[1.308s] Invoking command in '/home/adam/Desktop/sdp-team-12/py_img_stream': PYTHONPATH=/home/adam/Desktop/sdp-team-12/build/py_img_stream/prefix_override:/home/adam/Desktop/sdp-team-12/install/py_img_stream/lib/python3.10/site-packages:${PYTHONPATH} /usr/bin/python3 setup.py egg_info --egg-base ../build/py_img_stream build --build-base /home/adam/Desktop/sdp-team-12/build/py_img_stream/build install --record /home/adam/Desktop/sdp-team-12/build/py_img_stream/install.log --single-version-externally-managed
[1.593s] running egg_info
[1.594s] writing ../build/py_img_stream/py_img_stream.egg-info/PKG-INFO
[1.594s] writing dependency_links to ../build/py_img_stream/py_img_stream.egg-info/dependency_links.txt
[1.594s] writing entry points to ../build/py_img_stream/py_img_stream.egg-info/entry_points.txt
[1.595s] writing requirements to ../build/py_img_stream/py_img_stream.egg-info/requires.txt
[1.595s] writing top-level names to ../build/py_img_stream/py_img_stream.egg-info/top_level.txt
[1.597s] reading manifest file '../build/py_img_stream/py_img_stream.egg-info/SOURCES.txt'
[1.598s] writing manifest file '../build/py_img_stream/py_img_stream.egg-info/SOURCES.txt'
[1.598s] running build
[1.598s] running build_py
[1.598s] copying py_img_stream/image_pub.py -> /home/adam/Desktop/sdp-team-12/build/py_img_stream/build/lib/py_img_stream
[1.599s] running install
[1.599s] /usr/lib/python3/dist-packages/setuptools/command/install.py:34: SetuptoolsDeprecationWarning: setup.py install is deprecated. Use build and pip and other standards-based tools.
[1.599s]   warnings.warn(
[1.599s] running install_lib
[1.600s] copying /home/adam/Desktop/sdp-team-12/build/py_img_stream/build/lib/py_img_stream/image_pub.py -> /home/adam/Desktop/sdp-team-12/install/py_img_stream/lib/python3.10/site-packages/py_img_stream
[1.601s] byte-compiling /home/adam/Desktop/sdp-team-12/install/py_img_stream/lib/python3.10/site-packages/py_img_stream/image_pub.py to image_pub.cpython-310.pyc
[1.603s] running install_data
[1.604s] running install_egg_info
[1.606s] removing '/home/adam/Desktop/sdp-team-12/install/py_img_stream/lib/python3.10/site-packages/py_img_stream-0.0.0-py3.10.egg-info' (and everything under it)
[1.607s] Copying ../build/py_img_stream/py_img_stream.egg-info to /home/adam/Desktop/sdp-team-12/install/py_img_stream/lib/python3.10/site-packages/py_img_stream-0.0.0-py3.10.egg-info
[1.607s] running install_scripts
[1.631s] Installing pub script to /home/adam/Desktop/sdp-team-12/install/py_img_stream/lib/py_img_stream
[1.632s] Installing sub script to /home/adam/Desktop/sdp-team-12/install/py_img_stream/lib/py_img_stream
[1.632s] Installing target_pub script to /home/adam/Desktop/sdp-team-12/install/py_img_stream/lib/py_img_stream
[1.632s] writing list of installed files to '/home/adam/Desktop/sdp-team-12/build/py_img_stream/install.log'
[1.671s] Invoked command in '/home/adam/Desktop/sdp-team-12/py_img_stream' returned '0': PYTHONPATH=/home/adam/Desktop/sdp-team-12/build/py_img_stream/prefix_override:/home/adam/Desktop/sdp-team-12/install/py_img_stream/lib/python3.10/site-packages:${PYTHONPATH} /usr/bin/python3 setup.py egg_info --egg-base ../build/py_img_stream build --build-base /home/adam/Desktop/sdp-team-12/build/py_img_stream/build install --record /home/adam/Desktop/sdp-team-12/build/py_img_stream/install.log --single-version-externally-managed
