-- Install configuration: ""
-- Up-to-date: /home/adam/Desktop/sdp-team-12/control_ws/install/my_bot/share/my_bot/config
-- Installing: /home/adam/Desktop/sdp-team-12/control_ws/install/my_bot/share/my_bot/config/my_controllers.yaml
-- Up-to-date: /home/adam/Desktop/sdp-team-12/control_ws/install/my_bot/share/my_bot/config/empty.yaml
-- Up-to-date: /home/adam/Desktop/sdp-team-12/control_ws/install/my_bot/share/my_bot/config/gazebo_params.yaml
-- Up-to-date: /home/adam/Desktop/sdp-team-12/control_ws/install/my_bot/share/my_bot/description
-- Up-to-date: /home/adam/Desktop/sdp-team-12/control_ws/install/my_bot/share/my_bot/description/robot.urdf.xacro
-- Up-to-date: /home/adam/Desktop/sdp-team-12/control_ws/install/my_bot/share/my_bot/description/robo_holly.xacro
-- Up-to-date: /home/adam/Desktop/sdp-team-12/control_ws/install/my_bot/share/my_bot/description/gazebo_control.xacro
-- Up-to-date: /home/adam/Desktop/sdp-team-12/control_ws/install/my_bot/share/my_bot/description/inertial_macros.xacro
-- Up-to-date: /home/adam/Desktop/sdp-team-12/control_ws/install/my_bot/share/my_bot/description/robot_core.xacro
-- Installing: /home/adam/Desktop/sdp-team-12/control_ws/install/my_bot/share/my_bot/description/ros2_control.xacro
-- Up-to-date: /home/adam/Desktop/sdp-team-12/control_ws/install/my_bot/share/my_bot/launch
-- Installing: /home/adam/Desktop/sdp-team-12/control_ws/install/my_bot/share/my_bot/launch/rsp.launch.py
-- Installing: /home/adam/Desktop/sdp-team-12/control_ws/install/my_bot/share/my_bot/launch/launch_robot.launch.py
-- Installing: /home/adam/Desktop/sdp-team-12/control_ws/install/my_bot/share/my_bot/launch/launch_sim.launch.py
-- Up-to-date: /home/adam/Desktop/sdp-team-12/control_ws/install/my_bot/share/my_bot/worlds
-- Up-to-date: /home/adam/Desktop/sdp-team-12/control_ws/install/my_bot/share/my_bot/worlds/empty.world
-- Up-to-date: /home/adam/Desktop/sdp-team-12/control_ws/install/my_bot/share/my_bot/rviz
-- Up-to-date: /home/adam/Desktop/sdp-team-12/control_ws/install/my_bot/share/my_bot/rviz/mybot_config.rviz
-- Up-to-date: /home/adam/Desktop/sdp-team-12/control_ws/install/my_bot/share/ament_index/resource_index/package_run_dependencies/my_bot
-- Up-to-date: /home/adam/Desktop/sdp-team-12/control_ws/install/my_bot/share/ament_index/resource_index/parent_prefix_path/my_bot
-- Up-to-date: /home/adam/Desktop/sdp-team-12/control_ws/install/my_bot/share/my_bot/environment/ament_prefix_path.sh
-- Up-to-date: /home/adam/Desktop/sdp-team-12/control_ws/install/my_bot/share/my_bot/environment/ament_prefix_path.dsv
-- Up-to-date: /home/adam/Desktop/sdp-team-12/control_ws/install/my_bot/share/my_bot/environment/path.sh
-- Up-to-date: /home/adam/Desktop/sdp-team-12/control_ws/install/my_bot/share/my_bot/environment/path.dsv
-- Up-to-date: /home/adam/Desktop/sdp-team-12/control_ws/install/my_bot/share/my_bot/local_setup.bash
-- Up-to-date: /home/adam/Desktop/sdp-team-12/control_ws/install/my_bot/share/my_bot/local_setup.sh
-- Up-to-date: /home/adam/Desktop/sdp-team-12/control_ws/install/my_bot/share/my_bot/local_setup.zsh
-- Up-to-date: /home/adam/Desktop/sdp-team-12/control_ws/install/my_bot/share/my_bot/local_setup.dsv
-- Installing: /home/adam/Desktop/sdp-team-12/control_ws/install/my_bot/share/my_bot/package.dsv
-- Up-to-date: /home/adam/Desktop/sdp-team-12/control_ws/install/my_bot/share/ament_index/resource_index/packages/my_bot
-- Up-to-date: /home/adam/Desktop/sdp-team-12/control_ws/install/my_bot/share/my_bot/cmake/my_botConfig.cmake
-- Up-to-date: /home/adam/Desktop/sdp-team-12/control_ws/install/my_bot/share/my_bot/cmake/my_botConfig-version.cmake
-- Up-to-date: /home/adam/Desktop/sdp-team-12/control_ws/install/my_bot/share/my_bot/package.xml
