[4.548s] Invoking command in '/mnt/e/UMass_Amherst/SDP/sdp-team-12/navigator': PYTHONPATH=/mnt/e/UMass_Amherst/SDP/sdp-team-12/build/navigator/prefix_override:/mnt/e/UMass_Amherst/SDP/sdp-team-12/install/navigator/lib/python3.10/site-packages:${PYTHONPATH} /usr/bin/python3 setup.py egg_info --egg-base ../build/navigator build --build-base /mnt/e/UMass_Amherst/SDP/sdp-team-12/build/navigator/build install --record /mnt/e/UMass_Amherst/SDP/sdp-team-12/build/navigator/install.log --single-version-externally-managed
[6.354s] running egg_info
[6.372s] writing ../build/navigator/navigator.egg-info/PKG-INFO
[6.401s] writing dependency_links to ../build/navigator/navigator.egg-info/dependency_links.txt
[6.440s] writing entry points to ../build/navigator/navigator.egg-info/entry_points.txt
[6.486s] writing requirements to ../build/navigator/navigator.egg-info/requires.txt
[6.517s] writing top-level names to ../build/navigator/navigator.egg-info/top_level.txt
[6.639s] reading manifest file '../build/navigator/navigator.egg-info/SOURCES.txt'
[6.859s] writing manifest file '../build/navigator/navigator.egg-info/SOURCES.txt'
[6.888s] running build
[6.890s] running build_py
[7.006s] copying navigator/nav2pose.py -> /mnt/e/UMass_Amherst/SDP/sdp-team-12/build/navigator/build/lib/navigator
[7.093s] running install
[7.095s] /usr/lib/python3/dist-packages/setuptools/command/install.py:34: SetuptoolsDeprecationWarning: setup.py install is deprecated. Use build and pip and other standards-based tools.
[7.097s]   warnings.warn(
[7.099s] running install_lib
[7.291s] copying /mnt/e/UMass_Amherst/SDP/sdp-team-12/build/navigator/build/lib/navigator/nav2pose.py -> /mnt/e/UMass_Amherst/SDP/sdp-team-12/install/navigator/lib/python3.10/site-packages/navigator
[7.568s] byte-compiling /mnt/e/UMass_Amherst/SDP/sdp-team-12/install/navigator/lib/python3.10/site-packages/navigator/nav2pose.py to nav2pose.cpython-310.pyc
[7.657s] running install_data
[7.726s] running install_egg_info
[7.759s] removing '/mnt/e/UMass_Amherst/SDP/sdp-team-12/install/navigator/lib/python3.10/site-packages/navigator-0.0.0-py3.10.egg-info' (and everything under it)
[7.914s] Copying ../build/navigator/navigator.egg-info to /mnt/e/UMass_Amherst/SDP/sdp-team-12/install/navigator/lib/python3.10/site-packages/navigator-0.0.0-py3.10.egg-info
[8.516s] running install_scripts
[8.628s] Installing keyboard script to /mnt/e/UMass_Amherst/SDP/sdp-team-12/install/navigator/lib/navigator
[8.651s] Installing nav2pose script to /mnt/e/UMass_Amherst/SDP/sdp-team-12/install/navigator/lib/navigator
[8.707s] writing list of installed files to '/mnt/e/UMass_Amherst/SDP/sdp-team-12/build/navigator/install.log'
[8.743s] Invoked command in '/mnt/e/UMass_Amherst/SDP/sdp-team-12/navigator' returned '0': PYTHONPATH=/mnt/e/UMass_Amherst/SDP/sdp-team-12/build/navigator/prefix_override:/mnt/e/UMass_Amherst/SDP/sdp-team-12/install/navigator/lib/python3.10/site-packages:${PYTHONPATH} /usr/bin/python3 setup.py egg_info --egg-base ../build/navigator build --build-base /mnt/e/UMass_Amherst/SDP/sdp-team-12/build/navigator/build install --record /mnt/e/UMass_Amherst/SDP/sdp-team-12/build/navigator/install.log --single-version-externally-managed
