[0.103s] Invoking command in '/home/adam/Desktop/sdp-team-12/control_ws/build/ros2_control_demo_example_2': CMAKE_PREFIX_PATH=/home/adam/Desktop/sdp-team-12/control_ws/install/ros2_control_demo_description:/home/adam/Desktop/sdp-team-12/control_ws/install/ros2_control_demos:/home/adam/Desktop/sdp-team-12/control_ws/install/ros2_control_demo_example_9:/home/adam/Desktop/sdp-team-12/control_ws/install/ros2_control_demo_example_8:/home/adam/Desktop/sdp-team-12/control_ws/install/ros2_control_demo_example_7:/home/adam/Desktop/sdp-team-12/control_ws/install/ros2_control_demo_example_2:/home/adam/Desktop/sdp-team-12/control_ws/install/ros2_control_demo_example_6:/home/adam/Desktop/sdp-team-12/control_ws/install/ros2_control_demo_example_5:/home/adam/Desktop/sdp-team-12/control_ws/install/ros2_control_demo_example_4:/home/adam/Desktop/sdp-team-12/control_ws/install/ros2_control_demo_example_3:/home/adam/Desktop/sdp-team-12/control_ws/install/ros2_control_demo_example_14:/home/adam/Desktop/sdp-team-12/control_ws/install/ros2_control_demo_example_10:/home/adam/Desktop/sdp-team-12/control_ws/install/ros2_control_demo_example_1:/home/adam/Desktop/sdp-team-12/control_ws/install/my_bot:/opt/ros/humble /usr/bin/cmake --build /home/adam/Desktop/sdp-team-12/control_ws/build/ros2_control_demo_example_2 -- -j8 -l8
[0.142s] [35m[1mConsolidate compiler generated dependencies of target ros2_control_demo_example_2[0m
[0.158s] [ 50%] [32mBuilding CXX object CMakeFiles/ros2_control_demo_example_2.dir/hardware/diffbot_system.cpp.o[0m
[0.670s] In file included from [01m[K/home/adam/Desktop/sdp-team-12/control_ws/src/ros2_control_demos/example_2/hardware/diffbot_system.cpp:15[m[K:
[0.670s] [01m[K/home/adam/Desktop/sdp-team-12/control_ws/src/ros2_control_demos/example_2/hardware/include/ros2_control_demo_example_2/diffbot_system.hpp:81:11:[m[K [01;31m[Kerror: [m[K‘[01m[KPublisher[m[K’ in namespace ‘[01m[Krclcpp[m[K’ does not name a template type
[0.670s]    81 |   rclcpp::[01;31m[KPublisher[m[K<std_msgs::msg::Float32MultiArray>::SharedPtr velpub;
[0.670s]       |           [01;31m[K^~~~~~~~~[m[K
[1.821s] [01m[K/home/adam/Desktop/sdp-team-12/control_ws/src/ros2_control_demos/example_2/hardware/diffbot_system.cpp:[m[K In member function ‘[01m[Kvirtual hardware_interface::CallbackReturn ros2_control_demo_example_2::DiffBotSystemHardware::on_init(const hardware_interface::HardwareInfo&)[m[K’:
[1.821s] [01m[K/home/adam/Desktop/sdp-team-12/control_ws/src/ros2_control_demos/example_2/hardware/diffbot_system.cpp:53:3:[m[K [01;31m[Kerror: [m[K‘[01m[Kvelpub[m[K’ was not declared in this scope
[1.822s]    53 |   [01;31m[Kvelpub[m[K = this->create_publisher<std_msgs::msg::Float32MultiArray>("/wheel/vels", 10);
[1.822s]       |   [01;31m[K^~~~~~[m[K
[1.822s] [01m[K/home/adam/Desktop/sdp-team-12/control_ws/src/ros2_control_demos/example_2/hardware/diffbot_system.cpp:53:18:[m[K [01;31m[Kerror: [m[K‘[01m[Kclass ros2_control_demo_example_2::DiffBotSystemHardware[m[K’ has no member named ‘[01m[Kcreate_publisher[m[K’
[1.822s]    53 |   velpub = this->[01;31m[Kcreate_publisher[m[K<std_msgs::msg::Float32MultiArray>("/wheel/vels", 10);
[1.822s]       |                  [01;31m[K^~~~~~~~~~~~~~~~[m[K
[1.822s] [01m[K/home/adam/Desktop/sdp-team-12/control_ws/src/ros2_control_demos/example_2/hardware/diffbot_system.cpp:53:67:[m[K [01;31m[Kerror: [m[Kexpected primary-expression before ‘[01m[K>[m[K’ token
[1.822s]    53 | pub = this->create_publisher<std_msgs::msg::Float32MultiArray[01;31m[K>[m[K("/wheel/vels", 10);
[1.822s]       |                                                              [01;31m[K^[m[K
[1.822s] 
[1.822s] [01m[K/home/adam/Desktop/sdp-team-12/control_ws/src/ros2_control_demos/example_2/hardware/diffbot_system.cpp:53:69:[m[K [01;35m[Kwarning: [m[Kleft operand of comma operator has no effect [[01;35m[K]8;;https://gcc.gnu.org/onlinedocs/gcc/Warning-Options.html#index-Wunused-value-Wunused-value]8;;[m[K]
[1.822s]    53 | b = this->create_publisher<std_msgs::msg::Float32MultiArray>([01;35m[K"/wheel/vels"[m[K, 10);
[1.822s]       |                                                              [01;35m[K^~~~~~~~~~~~~[m[K
[1.822s] 
[1.833s] [01m[K/home/adam/Desktop/sdp-team-12/control_ws/src/ros2_control_demos/example_2/hardware/diffbot_system.cpp:[m[K In member function ‘[01m[Kvirtual hardware_interface::return_type ros2_control_demo_example_2::DiffBotSystemHardware::write(const rclcpp::Time&, const rclcpp::Duration&)[m[K’:
[1.833s] [01m[K/home/adam/Desktop/sdp-team-12/control_ws/src/ros2_control_demos/example_2/hardware/diffbot_system.cpp:220:20:[m[K [01;31m[Kerror: [m[Kno match for ‘[01m[Koperator=[m[K’ (operand types are ‘[01m[Kstd_msgs::msg::Float32MultiArray_<std::allocator<void> >::_data_type[m[K’ {aka ‘[01m[Kstd::vector<float, std::allocator<float> >[m[K’} and ‘[01m[Kstd::vector<double>[m[K’)
[1.833s]   220 |   wheelvels.data = [01;31m[Khw_velocities_[m[K;
[1.833s]       |                    [01;31m[K^~~~~~~~~~~~~~[m[K
[1.833s] In file included from [01m[K/usr/include/c++/11/vector:72[m[K,
[1.833s]                  from [01m[K/home/adam/Desktop/sdp-team-12/control_ws/src/ros2_control_demos/example_2/hardware/include/ros2_control_demo_example_2/diffbot_system.hpp:20[m[K,
[1.833s]                  from [01m[K/home/adam/Desktop/sdp-team-12/control_ws/src/ros2_control_demos/example_2/hardware/diffbot_system.cpp:15[m[K:
[1.833s] [01m[K/usr/include/c++/11/bits/vector.tcc:198:5:[m[K [01;36m[Knote: [m[Kcandidate: ‘[01m[Kstd::vector<_Tp, _Alloc>& std::vector<_Tp, _Alloc>::operator=(const std::vector<_Tp, _Alloc>&) [with _Tp = float; _Alloc = std::allocator<float>][m[K’
[1.833s]   198 |     [01;36m[Kvector<_Tp, _Alloc>[m[K::
[1.833s]       |     [01;36m[K^~~~~~~~~~~~~~~~~~~[m[K
[1.833s] [01m[K/usr/include/c++/11/bits/vector.tcc:199:42:[m[K [01;36m[Knote: [m[K  no known conversion for argument 1 from ‘[01m[Kstd::vector<double>[m[K’ to ‘[01m[Kconst std::vector<float, std::allocator<float> >&[m[K’
[1.833s]   199 |     operator=([01;36m[Kconst vector<_Tp, _Alloc>& __x[m[K)
[1.833s]       |               [01;36m[K~~~~~~~~~~~~~~~~~~~~~~~~~~~^~~[m[K
[1.834s] In file included from [01m[K/usr/include/c++/11/vector:67[m[K,
[1.834s]                  from [01m[K/home/adam/Desktop/sdp-team-12/control_ws/src/ros2_control_demos/example_2/hardware/include/ros2_control_demo_example_2/diffbot_system.hpp:20[m[K,
[1.834s]                  from [01m[K/home/adam/Desktop/sdp-team-12/control_ws/src/ros2_control_demos/example_2/hardware/diffbot_system.cpp:15[m[K:
[1.834s] [01m[K/usr/include/c++/11/bits/stl_vector.h:709:7:[m[K [01;36m[Knote: [m[Kcandidate: ‘[01m[Kstd::vector<_Tp, _Alloc>& std::vector<_Tp, _Alloc>::operator=(std::vector<_Tp, _Alloc>&&) [with _Tp = float; _Alloc = std::allocator<float>][m[K’
[1.834s]   709 |       [01;36m[Koperator[m[K=(vector&& __x) noexcept(_Alloc_traits::_S_nothrow_move())
[1.834s]       |       [01;36m[K^~~~~~~~[m[K
[1.834s] [01m[K/usr/include/c++/11/bits/stl_vector.h:709:26:[m[K [01;36m[Knote: [m[K  no known conversion for argument 1 from ‘[01m[Kstd::vector<double>[m[K’ to ‘[01m[Kstd::vector<float, std::allocator<float> >&&[m[K’
[1.834s]   709 |       operator=([01;36m[Kvector&& __x[m[K) noexcept(_Alloc_traits::_S_nothrow_move())
[1.834s]       |                 [01;36m[K~~~~~~~~~^~~[m[K
[1.834s] [01m[K/usr/include/c++/11/bits/stl_vector.h:730:7:[m[K [01;36m[Knote: [m[Kcandidate: ‘[01m[Kstd::vector<_Tp, _Alloc>& std::vector<_Tp, _Alloc>::operator=(std::initializer_list<_Tp>) [with _Tp = float; _Alloc = std::allocator<float>][m[K’
[1.834s]   730 |       [01;36m[Koperator[m[K=(initializer_list<value_type> __l)
[1.834s]       |       [01;36m[K^~~~~~~~[m[K
[1.834s] [01m[K/usr/include/c++/11/bits/stl_vector.h:730:46:[m[K [01;36m[Knote: [m[K  no known conversion for argument 1 from ‘[01m[Kstd::vector<double>[m[K’ to ‘[01m[Kstd::initializer_list<float>[m[K’
[1.834s]   730 |       operator=([01;36m[Kinitializer_list<value_type> __l[m[K)
[1.834s]       |                 [01;36m[K~~~~~~~~~~~~~~~~~~~~~~~~~~~~~^~~[m[K
[1.838s] [01m[K/home/adam/Desktop/sdp-team-12/control_ws/src/ros2_control_demos/example_2/hardware/diffbot_system.cpp:221:3:[m[K [01;31m[Kerror: [m[K‘[01m[Kvelpub[m[K’ was not declared in this scope
[1.838s]   221 |   [01;31m[Kvelpub[m[K->publish(wheelvels);
[1.838s]       |   [01;31m[K^~~~~~[m[K
[2.254s] gmake[2]: *** [CMakeFiles/ros2_control_demo_example_2.dir/build.make:76: CMakeFiles/ros2_control_demo_example_2.dir/hardware/diffbot_system.cpp.o] Error 1
[2.254s] gmake[1]: *** [CMakeFiles/Makefile2:137: CMakeFiles/ros2_control_demo_example_2.dir/all] Error 2
[2.255s] gmake: *** [Makefile:146: all] Error 2
[2.257s] Invoked command in '/home/adam/Desktop/sdp-team-12/control_ws/build/ros2_control_demo_example_2' returned '2': CMAKE_PREFIX_PATH=/home/adam/Desktop/sdp-team-12/control_ws/install/ros2_control_demo_description:/home/adam/Desktop/sdp-team-12/control_ws/install/ros2_control_demos:/home/adam/Desktop/sdp-team-12/control_ws/install/ros2_control_demo_example_9:/home/adam/Desktop/sdp-team-12/control_ws/install/ros2_control_demo_example_8:/home/adam/Desktop/sdp-team-12/control_ws/install/ros2_control_demo_example_7:/home/adam/Desktop/sdp-team-12/control_ws/install/ros2_control_demo_example_2:/home/adam/Desktop/sdp-team-12/control_ws/install/ros2_control_demo_example_6:/home/adam/Desktop/sdp-team-12/control_ws/install/ros2_control_demo_example_5:/home/adam/Desktop/sdp-team-12/control_ws/install/ros2_control_demo_example_4:/home/adam/Desktop/sdp-team-12/control_ws/install/ros2_control_demo_example_3:/home/adam/Desktop/sdp-team-12/control_ws/install/ros2_control_demo_example_14:/home/adam/Desktop/sdp-team-12/control_ws/install/ros2_control_demo_example_10:/home/adam/Desktop/sdp-team-12/control_ws/install/ros2_control_demo_example_1:/home/adam/Desktop/sdp-team-12/control_ws/install/my_bot:/opt/ros/humble /usr/bin/cmake --build /home/adam/Desktop/sdp-team-12/control_ws/build/ros2_control_demo_example_2 -- -j8 -l8
