[1.090s] Invoking command in '/home/adam/Desktop/sdp-team-12/py_serial': PYTHONPATH=/home/adam/Desktop/sdp-team-12/build/py_serial/prefix_override:/home/adam/Desktop/sdp-team-12/install/py_serial/lib/python3.10/site-packages:${PYTHONPATH} /usr/bin/python3 setup.py egg_info --egg-base ../build/py_serial build --build-base /home/adam/Desktop/sdp-team-12/build/py_serial/build install --record /home/adam/Desktop/sdp-team-12/build/py_serial/install.log --single-version-externally-managed
[1.368s] running egg_info
[1.368s] creating ../build/py_serial/py_serial.egg-info
[1.368s] writing ../build/py_serial/py_serial.egg-info/PKG-INFO
[1.369s] writing dependency_links to ../build/py_serial/py_serial.egg-info/dependency_links.txt
[1.369s] writing entry points to ../build/py_serial/py_serial.egg-info/entry_points.txt
[1.369s] writing requirements to ../build/py_serial/py_serial.egg-info/requires.txt
[1.369s] writing top-level names to ../build/py_serial/py_serial.egg-info/top_level.txt
[1.369s] writing manifest file '../build/py_serial/py_serial.egg-info/SOURCES.txt'
[1.370s] reading manifest file '../build/py_serial/py_serial.egg-info/SOURCES.txt'
[1.371s] writing manifest file '../build/py_serial/py_serial.egg-info/SOURCES.txt'
[1.371s] running build
[1.371s] running build_py
[1.371s] creating /home/adam/Desktop/sdp-team-12/build/py_serial/build
[1.371s] creating /home/adam/Desktop/sdp-team-12/build/py_serial/build/lib
[1.371s] creating /home/adam/Desktop/sdp-team-12/build/py_serial/build/lib/py_serial
[1.372s] copying py_serial/__init__.py -> /home/adam/Desktop/sdp-team-12/build/py_serial/build/lib/py_serial
[1.372s] copying py_serial/serial_handler.py -> /home/adam/Desktop/sdp-team-12/build/py_serial/build/lib/py_serial
[1.372s] running install
[1.372s] /usr/lib/python3/dist-packages/setuptools/command/install.py:34: SetuptoolsDeprecationWarning: setup.py install is deprecated. Use build and pip and other standards-based tools.
[1.372s]   warnings.warn(
[1.372s] running install_lib
[1.374s] creating /home/adam/Desktop/sdp-team-12/install/py_serial/lib/python3.10/site-packages/py_serial
[1.374s] copying /home/adam/Desktop/sdp-team-12/build/py_serial/build/lib/py_serial/__init__.py -> /home/adam/Desktop/sdp-team-12/install/py_serial/lib/python3.10/site-packages/py_serial
[1.374s] copying /home/adam/Desktop/sdp-team-12/build/py_serial/build/lib/py_serial/serial_handler.py -> /home/adam/Desktop/sdp-team-12/install/py_serial/lib/python3.10/site-packages/py_serial
[1.374s] byte-compiling /home/adam/Desktop/sdp-team-12/install/py_serial/lib/python3.10/site-packages/py_serial/__init__.py to __init__.cpython-310.pyc
[1.374s] byte-compiling /home/adam/Desktop/sdp-team-12/install/py_serial/lib/python3.10/site-packages/py_serial/serial_handler.py to serial_handler.cpython-310.pyc
[1.375s] running install_data
[1.375s] creating /home/adam/Desktop/sdp-team-12/install/py_serial/share/ament_index
[1.375s] creating /home/adam/Desktop/sdp-team-12/install/py_serial/share/ament_index/resource_index
[1.375s] creating /home/adam/Desktop/sdp-team-12/install/py_serial/share/ament_index/resource_index/packages
[1.376s] copying resource/py_serial -> /home/adam/Desktop/sdp-team-12/install/py_serial/share/ament_index/resource_index/packages
[1.376s] copying package.xml -> /home/adam/Desktop/sdp-team-12/install/py_serial/share/py_serial
[1.376s] running install_egg_info
[1.377s] Copying ../build/py_serial/py_serial.egg-info to /home/adam/Desktop/sdp-team-12/install/py_serial/lib/python3.10/site-packages/py_serial-0.0.0-py3.10.egg-info
[1.377s] running install_scripts
[1.393s] Installing serial_handler script to /home/adam/Desktop/sdp-team-12/install/py_serial/lib/py_serial
[1.393s] writing list of installed files to '/home/adam/Desktop/sdp-team-12/build/py_serial/install.log'
[1.418s] Invoked command in '/home/adam/Desktop/sdp-team-12/py_serial' returned '0': PYTHONPATH=/home/adam/Desktop/sdp-team-12/build/py_serial/prefix_override:/home/adam/Desktop/sdp-team-12/install/py_serial/lib/python3.10/site-packages:${PYTHONPATH} /usr/bin/python3 setup.py egg_info --egg-base ../build/py_serial build --build-base /home/adam/Desktop/sdp-team-12/build/py_serial/build install --record /home/adam/Desktop/sdp-team-12/build/py_serial/install.log --single-version-externally-managed
