[0.076s] Invoking command in '/home/adam/Desktop/sdp-team-12/control_ws/build/serial': CMAKE_PREFIX_PATH=${CMAKE_PREFIX_PATH}:/opt/ros/humble /usr/bin/cmake --build /home/adam/Desktop/sdp-team-12/control_ws/build/serial -- -j8 -l8
[0.137s] [ 14%] Built target gtest_main
[0.143s] [ 42%] Built target serial
[0.143s] [ 57%] Built target gtest
[0.189s] [ 71%] Built target serial_example
[0.189s] [ 85%] Built target serial-test-timer
[0.189s] [100%] Built target serial-test
[0.238s] Invoked command in '/home/adam/Desktop/sdp-team-12/control_ws/build/serial' returned '0': CMAKE_PREFIX_PATH=${CMAKE_PREFIX_PATH}:/opt/ros/humble /usr/bin/cmake --build /home/adam/Desktop/sdp-team-12/control_ws/build/serial -- -j8 -l8
[0.438s] Invoking command in '/home/adam/Desktop/sdp-team-12/control_ws/build/serial': CMAKE_PREFIX_PATH=${CMAKE_PREFIX_PATH}:/opt/ros/humble /usr/bin/cmake --install /home/adam/Desktop/sdp-team-12/control_ws/build/serial
[0.582s] -- Install configuration: ""
[0.583s] -- Execute custom install script
[0.583s] -- Up-to-date symlink: /home/adam/Desktop/sdp-team-12/control_ws/install/serial/lib/libserial.a
[0.583s] -- Up-to-date symlink: /home/adam/Desktop/sdp-team-12/control_ws/install/serial/include/serial/serial.h
[0.583s] -- Up-to-date symlink: /home/adam/Desktop/sdp-team-12/control_ws/install/serial/include/serial/v8stdint.h
[0.583s] -- Up-to-date symlink: /home/adam/Desktop/sdp-team-12/control_ws/install/serial/share/serial/environment/library_path.sh
[0.584s] -- Up-to-date symlink: /home/adam/Desktop/sdp-team-12/control_ws/install/serial/share/serial/environment/library_path.dsv
[0.584s] -- Up-to-date symlink: /home/adam/Desktop/sdp-team-12/control_ws/install/serial/share/ament_index/resource_index/package_run_dependencies/serial
[0.584s] -- Up-to-date symlink: /home/adam/Desktop/sdp-team-12/control_ws/install/serial/share/ament_index/resource_index/parent_prefix_path/serial
[0.584s] -- Up-to-date symlink: /home/adam/Desktop/sdp-team-12/control_ws/install/serial/share/serial/environment/ament_prefix_path.sh
[0.585s] -- Up-to-date symlink: /home/adam/Desktop/sdp-team-12/control_ws/install/serial/share/serial/environment/ament_prefix_path.dsv
[0.585s] -- Up-to-date symlink: /home/adam/Desktop/sdp-team-12/control_ws/install/serial/share/serial/environment/path.sh
[0.585s] -- Up-to-date symlink: /home/adam/Desktop/sdp-team-12/control_ws/install/serial/share/serial/environment/path.dsv
[0.585s] -- Up-to-date symlink: /home/adam/Desktop/sdp-team-12/control_ws/install/serial/share/serial/local_setup.bash
[0.585s] -- Up-to-date symlink: /home/adam/Desktop/sdp-team-12/control_ws/install/serial/share/serial/local_setup.sh
[0.585s] -- Up-to-date symlink: /home/adam/Desktop/sdp-team-12/control_ws/install/serial/share/serial/local_setup.zsh
[0.585s] -- Up-to-date symlink: /home/adam/Desktop/sdp-team-12/control_ws/install/serial/share/serial/local_setup.dsv
[0.585s] -- Symlinking: /home/adam/Desktop/sdp-team-12/control_ws/install/serial/share/serial/package.dsv
[0.585s] -- Up-to-date symlink: /home/adam/Desktop/sdp-team-12/control_ws/install/serial/share/ament_index/resource_index/packages/serial
[0.586s] -- Up-to-date symlink: /home/adam/Desktop/sdp-team-12/control_ws/install/serial/share/serial/cmake/ament_cmake_export_include_directories-extras.cmake
[0.586s] -- Up-to-date symlink: /home/adam/Desktop/sdp-team-12/control_ws/install/serial/share/serial/cmake/ament_cmake_export_libraries-extras.cmake
[0.586s] -- Up-to-date symlink: /home/adam/Desktop/sdp-team-12/control_ws/install/serial/share/serial/cmake/serialConfig.cmake
[0.586s] -- Up-to-date symlink: /home/adam/Desktop/sdp-team-12/control_ws/install/serial/share/serial/cmake/serialConfig-version.cmake
[0.586s] -- Up-to-date symlink: /home/adam/Desktop/sdp-team-12/control_ws/install/serial/share/serial/package.xml
[0.834s] Invoked command in '/home/adam/Desktop/sdp-team-12/control_ws/build/serial' returned '0': CMAKE_PREFIX_PATH=${CMAKE_PREFIX_PATH}:/opt/ros/humble /usr/bin/cmake --install /home/adam/Desktop/sdp-team-12/control_ws/build/serial
