[3.647s] DEBUG:colcon:Command line arguments: ['/usr/bin/colcon', 'build']
[3.648s] DEBUG:colcon:Parsed command line arguments: Namespace(log_base=None, log_level=None, verb_name='build', build_base='build', install_base='install', merge_install=False, symlink_install=False, test_result_base=None, continue_on_error=False, executor='parallel', parallel_workers=12, event_handlers=None, ignore_user_meta=False, metas=['./colcon.meta'], base_paths=['.'], packages_ignore=None, packages_ignore_regex=None, paths=None, packages_up_to=None, packages_up_to_regex=None, packages_above=None, packages_above_and_dependencies=None, packages_above_depth=None, packages_select_by_dep=None, packages_skip_by_dep=None, packages_skip_up_to=None, packages_select_build_failed=False, packages_skip_build_finished=False, packages_select_test_failures=False, packages_skip_test_passed=False, packages_select=None, packages_skip=None, packages_select_regex=None, packages_skip_regex=None, packages_start=None, packages_end=None, allow_overriding=[], cmake_args=None, cmake_target=None, cmake_target_skip_unavailable=False, cmake_clean_cache=False, cmake_clean_first=False, cmake_force_configure=False, ament_cmake_args=None, catkin_cmake_args=None, catkin_skip_building_tests=False, verb_parser=<colcon_defaults.argument_parser.defaults.DefaultArgumentsDecorator object at 0x7ff055761b70>, verb_extension=<colcon_core.verb.build.BuildVerb object at 0x7ff055c167a0>, main=<bound method BuildVerb.main of <colcon_core.verb.build.BuildVerb object at 0x7ff055c167a0>>)
[3.875s] Level 1:colcon.colcon_core.package_discovery:discover_packages(colcon_meta) check parameters
[3.876s] Level 1:colcon.colcon_core.package_discovery:discover_packages(recursive) check parameters
[3.877s] Level 1:colcon.colcon_core.package_discovery:discover_packages(ignore) check parameters
[3.877s] Level 1:colcon.colcon_core.package_discovery:discover_packages(path) check parameters
[3.878s] Level 1:colcon.colcon_core.package_discovery:discover_packages(colcon_meta) discover
[3.878s] Level 1:colcon.colcon_core.package_discovery:discover_packages(recursive) discover
[3.879s] INFO:colcon.colcon_core.package_discovery:Crawling recursively for packages in '/mnt/e/UMass_Amherst/SDP/sdp-team-12'
[3.882s] Level 1:colcon.colcon_core.package_identification:_identify(.) by extensions ['ignore', 'ignore_ament_install']
[3.883s] Level 1:colcon.colcon_core.package_identification:_identify(.) by extension 'ignore'
[3.884s] Level 1:colcon.colcon_core.package_identification:_identify(.) by extension 'ignore_ament_install'
[3.885s] Level 1:colcon.colcon_core.package_identification:_identify(.) by extensions ['colcon_pkg']
[3.886s] Level 1:colcon.colcon_core.package_identification:_identify(.) by extension 'colcon_pkg'
[3.887s] Level 1:colcon.colcon_core.package_identification:_identify(.) by extensions ['colcon_meta']
[3.887s] Level 1:colcon.colcon_core.package_identification:_identify(.) by extension 'colcon_meta'
[3.888s] Level 1:colcon.colcon_core.package_identification:_identify(.) by extensions ['ros']
[3.888s] Level 1:colcon.colcon_core.package_identification:_identify(.) by extension 'ros'
[3.912s] Level 1:colcon.colcon_core.package_identification:_identify(.) by extensions ['cmake', 'python']
[3.912s] Level 1:colcon.colcon_core.package_identification:_identify(.) by extension 'cmake'
[3.913s] Level 1:colcon.colcon_core.package_identification:_identify(.) by extension 'python'
[3.914s] Level 1:colcon.colcon_core.package_identification:_identify(.) by extensions ['python_setup_py']
[3.915s] Level 1:colcon.colcon_core.package_identification:_identify(.) by extension 'python_setup_py'
[3.921s] Level 1:colcon.colcon_core.package_identification:_identify(build) by extensions ['ignore', 'ignore_ament_install']
[3.922s] Level 1:colcon.colcon_core.package_identification:_identify(build) by extension 'ignore'
[3.925s] Level 1:colcon.colcon_core.package_identification:_identify(build) ignored
[3.932s] Level 1:colcon.colcon_core.package_identification:_identify(install) by extensions ['ignore', 'ignore_ament_install']
[3.932s] Level 1:colcon.colcon_core.package_identification:_identify(install) by extension 'ignore'
[3.936s] Level 1:colcon.colcon_core.package_identification:_identify(install) ignored
[3.939s] Level 1:colcon.colcon_core.package_identification:_identify(log) by extensions ['ignore', 'ignore_ament_install']
[3.940s] Level 1:colcon.colcon_core.package_identification:_identify(log) by extension 'ignore'
[3.942s] Level 1:colcon.colcon_core.package_identification:_identify(log) ignored
[3.948s] Level 1:colcon.colcon_core.package_identification:_identify(src) by extensions ['ignore', 'ignore_ament_install']
[3.948s] Level 1:colcon.colcon_core.package_identification:_identify(src) by extension 'ignore'
[3.951s] Level 1:colcon.colcon_core.package_identification:_identify(src) by extension 'ignore_ament_install'
[3.954s] Level 1:colcon.colcon_core.package_identification:_identify(src) by extensions ['colcon_pkg']
[3.955s] Level 1:colcon.colcon_core.package_identification:_identify(src) by extension 'colcon_pkg'
[3.957s] Level 1:colcon.colcon_core.package_identification:_identify(src) by extensions ['colcon_meta']
[3.958s] Level 1:colcon.colcon_core.package_identification:_identify(src) by extension 'colcon_meta'
[3.960s] Level 1:colcon.colcon_core.package_identification:_identify(src) by extensions ['ros']
[3.960s] Level 1:colcon.colcon_core.package_identification:_identify(src) by extension 'ros'
[3.969s] Level 1:colcon.colcon_core.package_identification:_identify(src) by extensions ['cmake', 'python']
[3.969s] Level 1:colcon.colcon_core.package_identification:_identify(src) by extension 'cmake'
[3.972s] Level 1:colcon.colcon_core.package_identification:_identify(src) by extension 'python'
[3.974s] Level 1:colcon.colcon_core.package_identification:_identify(src) by extensions ['python_setup_py']
[3.974s] Level 1:colcon.colcon_core.package_identification:_identify(src) by extension 'python_setup_py'
[3.986s] Level 1:colcon.colcon_core.package_identification:_identify(src/marker_detection) by extensions ['ignore', 'ignore_ament_install']
[3.987s] Level 1:colcon.colcon_core.package_identification:_identify(src/marker_detection) by extension 'ignore'
[3.990s] Level 1:colcon.colcon_core.package_identification:_identify(src/marker_detection) by extension 'ignore_ament_install'
[3.997s] Level 1:colcon.colcon_core.package_identification:_identify(src/marker_detection) by extensions ['colcon_pkg']
[3.997s] Level 1:colcon.colcon_core.package_identification:_identify(src/marker_detection) by extension 'colcon_pkg'
[4.000s] Level 1:colcon.colcon_core.package_identification:_identify(src/marker_detection) by extensions ['colcon_meta']
[4.001s] Level 1:colcon.colcon_core.package_identification:_identify(src/marker_detection) by extension 'colcon_meta'
[4.006s] Level 1:colcon.colcon_core.package_identification:_identify(src/marker_detection) by extensions ['ros']
[4.008s] Level 1:colcon.colcon_core.package_identification:_identify(src/marker_detection) by extension 'ros'
[4.047s] DEBUG:colcon.colcon_core.package_identification:Package 'src/marker_detection' with type 'ros.ament_python' and name 'marker_detection'
[4.047s] Level 1:colcon.colcon_core.package_discovery:discover_packages(recursive) using defaults
[4.048s] Level 1:colcon.colcon_core.package_discovery:discover_packages(ignore) discover
[4.048s] Level 1:colcon.colcon_core.package_discovery:discover_packages(ignore) using defaults
[4.049s] Level 1:colcon.colcon_core.package_discovery:discover_packages(path) discover
[4.049s] Level 1:colcon.colcon_core.package_discovery:discover_packages(path) using defaults
[4.374s] Level 1:colcon.colcon_core.package_discovery:discover_packages(prefix_path) check parameters
[4.374s] Level 1:colcon.colcon_core.package_discovery:discover_packages(prefix_path) discover
[4.538s] DEBUG:colcon.colcon_installed_package_information.package_discovery:Found 1 installed packages in /mnt/e/UMass_Amherst/SDP/sdp-team-12/install
[4.576s] DEBUG:colcon.colcon_installed_package_information.package_discovery:Found 270 installed packages in /opt/ros/humble
[4.578s] Level 1:colcon.colcon_core.package_discovery:discover_packages(prefix_path) using defaults
[4.826s] Level 5:colcon.colcon_core.verb:set package 'marker_detection' build argument 'cmake_args' from command line to 'None'
[4.827s] Level 5:colcon.colcon_core.verb:set package 'marker_detection' build argument 'cmake_target' from command line to 'None'
[4.828s] Level 5:colcon.colcon_core.verb:set package 'marker_detection' build argument 'cmake_target_skip_unavailable' from command line to 'False'
[4.828s] Level 5:colcon.colcon_core.verb:set package 'marker_detection' build argument 'cmake_clean_cache' from command line to 'False'
[4.828s] Level 5:colcon.colcon_core.verb:set package 'marker_detection' build argument 'cmake_clean_first' from command line to 'False'
[4.829s] Level 5:colcon.colcon_core.verb:set package 'marker_detection' build argument 'cmake_force_configure' from command line to 'False'
[4.829s] Level 5:colcon.colcon_core.verb:set package 'marker_detection' build argument 'ament_cmake_args' from command line to 'None'
[4.830s] Level 5:colcon.colcon_core.verb:set package 'marker_detection' build argument 'catkin_cmake_args' from command line to 'None'
[4.830s] Level 5:colcon.colcon_core.verb:set package 'marker_detection' build argument 'catkin_skip_building_tests' from command line to 'False'
[4.831s] DEBUG:colcon.colcon_core.verb:Building package 'marker_detection' with the following arguments: {'ament_cmake_args': None, 'build_base': '/mnt/e/UMass_Amherst/SDP/sdp-team-12/build/marker_detection', 'catkin_cmake_args': None, 'catkin_skip_building_tests': False, 'cmake_args': None, 'cmake_clean_cache': False, 'cmake_clean_first': False, 'cmake_force_configure': False, 'cmake_target': None, 'cmake_target_skip_unavailable': False, 'install_base': '/mnt/e/UMass_Amherst/SDP/sdp-team-12/install/marker_detection', 'merge_install': False, 'path': '/mnt/e/UMass_Amherst/SDP/sdp-team-12/src/marker_detection', 'symlink_install': False, 'test_result_base': None}
[4.873s] INFO:colcon.colcon_core.executor:Executing jobs using 'parallel' executor
[4.928s] DEBUG:colcon.colcon_parallel_executor.executor.parallel:run_until_complete
[4.929s] INFO:colcon.colcon_ros.task.ament_python.build:Building ROS package in '/mnt/e/UMass_Amherst/SDP/sdp-team-12/src/marker_detection' with build type 'ament_python'
[4.930s] Level 1:colcon.colcon_core.shell:create_environment_hook('marker_detection', 'ament_prefix_path')
[4.982s] INFO:colcon.colcon_core.plugin_system:Skipping extension 'colcon_core.shell.bat': Not used on non-Windows systems
[4.983s] INFO:colcon.colcon_core.shell:Creating environment hook '/mnt/e/UMass_Amherst/SDP/sdp-team-12/install/marker_detection/share/marker_detection/hook/ament_prefix_path.ps1'
[5.024s] INFO:colcon.colcon_core.shell:Creating environment descriptor '/mnt/e/UMass_Amherst/SDP/sdp-team-12/install/marker_detection/share/marker_detection/hook/ament_prefix_path.dsv'
[5.065s] INFO:colcon.colcon_core.shell:Creating environment hook '/mnt/e/UMass_Amherst/SDP/sdp-team-12/install/marker_detection/share/marker_detection/hook/ament_prefix_path.sh'
[5.141s] INFO:colcon.colcon_core.shell:Skip shell extension 'powershell' for command environment: Not usable outside of PowerShell
[5.141s] DEBUG:colcon.colcon_core.shell:Skip shell extension 'dsv' for command environment
[6.574s] INFO:colcon.colcon_core.task.python.build:Building Python package in '/mnt/e/UMass_Amherst/SDP/sdp-team-12/src/marker_detection'
[6.613s] INFO:colcon.colcon_core.shell:Skip shell extension 'powershell' for command environment: Not usable outside of PowerShell
[6.614s] DEBUG:colcon.colcon_core.shell:Skip shell extension 'dsv' for command environment
[9.467s] DEBUG:colcon.colcon_core.event_handler.log_command:Invoking command in '/mnt/e/UMass_Amherst/SDP/sdp-team-12/src/marker_detection': PYTHONPATH=/mnt/e/UMass_Amherst/SDP/sdp-team-12/build/marker_detection/prefix_override:/mnt/e/UMass_Amherst/SDP/sdp-team-12/install/marker_detection/lib/python3.10/site-packages:${PYTHONPATH} /usr/bin/python3 setup.py egg_info --egg-base ../../build/marker_detection build --build-base /mnt/e/UMass_Amherst/SDP/sdp-team-12/build/marker_detection/build install --record /mnt/e/UMass_Amherst/SDP/sdp-team-12/build/marker_detection/install.log --single-version-externally-managed
[13.178s] DEBUG:colcon.colcon_core.event_handler.log_command:Invoked command in '/mnt/e/UMass_Amherst/SDP/sdp-team-12/src/marker_detection' returned '0': PYTHONPATH=/mnt/e/UMass_Amherst/SDP/sdp-team-12/build/marker_detection/prefix_override:/mnt/e/UMass_Amherst/SDP/sdp-team-12/install/marker_detection/lib/python3.10/site-packages:${PYTHONPATH} /usr/bin/python3 setup.py egg_info --egg-base ../../build/marker_detection build --build-base /mnt/e/UMass_Amherst/SDP/sdp-team-12/build/marker_detection/build install --record /mnt/e/UMass_Amherst/SDP/sdp-team-12/build/marker_detection/install.log --single-version-externally-managed
[13.233s] Level 1:colcon.colcon_core.environment:checking '/mnt/e/UMass_Amherst/SDP/sdp-team-12/install/marker_detection' for CMake module files
[13.396s] Level 1:colcon.colcon_core.environment:checking '/mnt/e/UMass_Amherst/SDP/sdp-team-12/install/marker_detection' for CMake config files
[13.593s] Level 1:colcon.colcon_core.environment:checking '/mnt/e/UMass_Amherst/SDP/sdp-team-12/install/marker_detection/lib'
[13.604s] Level 1:colcon.colcon_core.environment:checking '/mnt/e/UMass_Amherst/SDP/sdp-team-12/install/marker_detection/bin'
[13.607s] Level 1:colcon.colcon_core.environment:checking '/mnt/e/UMass_Amherst/SDP/sdp-team-12/install/marker_detection/lib/pkgconfig/marker_detection.pc'
[13.613s] Level 1:colcon.colcon_core.environment:checking '/mnt/e/UMass_Amherst/SDP/sdp-team-12/install/marker_detection/lib/python3.10/site-packages'
[13.621s] Level 1:colcon.colcon_core.shell:create_environment_hook('marker_detection', 'pythonpath')
[13.662s] INFO:colcon.colcon_core.shell:Creating environment hook '/mnt/e/UMass_Amherst/SDP/sdp-team-12/install/marker_detection/share/marker_detection/hook/pythonpath.ps1'
[13.705s] INFO:colcon.colcon_core.shell:Creating environment descriptor '/mnt/e/UMass_Amherst/SDP/sdp-team-12/install/marker_detection/share/marker_detection/hook/pythonpath.dsv'
[13.820s] INFO:colcon.colcon_core.shell:Creating environment hook '/mnt/e/UMass_Amherst/SDP/sdp-team-12/install/marker_detection/share/marker_detection/hook/pythonpath.sh'
[13.868s] Level 1:colcon.colcon_core.environment:checking '/mnt/e/UMass_Amherst/SDP/sdp-team-12/install/marker_detection/bin'
[13.872s] Level 1:colcon.colcon_core.environment:create_environment_scripts_only(marker_detection)
[13.918s] INFO:colcon.colcon_core.shell:Creating package script '/mnt/e/UMass_Amherst/SDP/sdp-team-12/install/marker_detection/share/marker_detection/package.ps1'
[13.961s] INFO:colcon.colcon_core.shell:Creating package descriptor '/mnt/e/UMass_Amherst/SDP/sdp-team-12/install/marker_detection/share/marker_detection/package.dsv'
[14.002s] INFO:colcon.colcon_core.shell:Creating package script '/mnt/e/UMass_Amherst/SDP/sdp-team-12/install/marker_detection/share/marker_detection/package.sh'
[14.043s] INFO:colcon.colcon_core.shell:Creating package script '/mnt/e/UMass_Amherst/SDP/sdp-team-12/install/marker_detection/share/marker_detection/package.bash'
[14.094s] INFO:colcon.colcon_core.shell:Creating package script '/mnt/e/UMass_Amherst/SDP/sdp-team-12/install/marker_detection/share/marker_detection/package.zsh'
[14.138s] Level 1:colcon.colcon_core.environment:create_file_with_runtime_dependencies(/mnt/e/UMass_Amherst/SDP/sdp-team-12/install/marker_detection/share/colcon-core/packages/marker_detection)
[14.169s] DEBUG:colcon.colcon_parallel_executor.executor.parallel:closing loop
[14.170s] DEBUG:colcon.colcon_parallel_executor.executor.parallel:loop closed
[14.172s] DEBUG:colcon.colcon_parallel_executor.executor.parallel:run_until_complete finished with '0'
[14.172s] DEBUG:colcon.colcon_core.event_reactor:joining thread
[14.402s] INFO:colcon.colcon_core.plugin_system:Skipping extension 'colcon_notification.desktop_notification.notify_send': Could not find 'notify-send'
[14.403s] INFO:colcon.colcon_core.plugin_system:Skipping extension 'colcon_notification.desktop_notification.terminal_notifier': Not used on non-Darwin systems
[14.403s] INFO:colcon.colcon_core.plugin_system:Skipping extension 'colcon_notification.desktop_notification.win32': Not used on non-Windows systems
[14.404s] INFO:colcon.colcon_notification.desktop_notification:Sending desktop notification using 'notify2'
[14.404s] DEBUG:colcon.colcon_notification.desktop_notification.notify2:Failed to initialize notify2: org.freedesktop.DBus.Error.FileNotFound: Failed to connect to socket /run/user/1000/bus: No such file or directory
[14.405s] DEBUG:colcon.colcon_core.event_reactor:joined thread
[14.440s] INFO:colcon.colcon_core.shell:Creating prefix script '/mnt/e/UMass_Amherst/SDP/sdp-team-12/install/local_setup.ps1'
[14.457s] INFO:colcon.colcon_core.shell:Creating prefix util module '/mnt/e/UMass_Amherst/SDP/sdp-team-12/install/_local_setup_util_ps1.py'
[14.576s] INFO:colcon.colcon_core.shell:Creating prefix chain script '/mnt/e/UMass_Amherst/SDP/sdp-team-12/install/setup.ps1'
[14.651s] INFO:colcon.colcon_core.shell:Creating prefix script '/mnt/e/UMass_Amherst/SDP/sdp-team-12/install/local_setup.sh'
[14.687s] INFO:colcon.colcon_core.shell:Creating prefix util module '/mnt/e/UMass_Amherst/SDP/sdp-team-12/install/_local_setup_util_sh.py'
[14.720s] INFO:colcon.colcon_core.shell:Creating prefix chain script '/mnt/e/UMass_Amherst/SDP/sdp-team-12/install/setup.sh'
[14.793s] INFO:colcon.colcon_core.shell:Creating prefix script '/mnt/e/UMass_Amherst/SDP/sdp-team-12/install/local_setup.bash'
[14.820s] INFO:colcon.colcon_core.shell:Creating prefix chain script '/mnt/e/UMass_Amherst/SDP/sdp-team-12/install/setup.bash'
[14.912s] INFO:colcon.colcon_core.shell:Creating prefix script '/mnt/e/UMass_Amherst/SDP/sdp-team-12/install/local_setup.zsh'
[14.943s] INFO:colcon.colcon_core.shell:Creating prefix chain script '/mnt/e/UMass_Amherst/SDP/sdp-team-12/install/setup.zsh'
