[1.209s] Invoking command in '/home/adam/Desktop/sdp-team-12/navigator': PYTHONPATH=/home/adam/Desktop/sdp-team-12/build/navigator/prefix_override:/home/adam/Desktop/sdp-team-12/install/navigator/lib/python3.10/site-packages:${PYTHONPATH} /usr/bin/python3 setup.py egg_info --egg-base ../build/navigator build --build-base /home/adam/Desktop/sdp-team-12/build/navigator/build install --record /home/adam/Desktop/sdp-team-12/build/navigator/install.log --single-version-externally-managed
[1.383s] running egg_info
[1.384s] creating ../build/navigator/navigator.egg-info
[1.384s] writing ../build/navigator/navigator.egg-info/PKG-INFO
[1.384s] writing dependency_links to ../build/navigator/navigator.egg-info/dependency_links.txt
[1.384s] writing entry points to ../build/navigator/navigator.egg-info/entry_points.txt
[1.384s] writing requirements to ../build/navigator/navigator.egg-info/requires.txt
[1.384s] writing top-level names to ../build/navigator/navigator.egg-info/top_level.txt
[1.384s] writing manifest file '../build/navigator/navigator.egg-info/SOURCES.txt'
[1.386s] reading manifest file '../build/navigator/navigator.egg-info/SOURCES.txt'
[1.386s] writing manifest file '../build/navigator/navigator.egg-info/SOURCES.txt'
[1.386s] running build
[1.386s] running build_py
[1.386s] creating /home/adam/Desktop/sdp-team-12/build/navigator/build
[1.387s] creating /home/adam/Desktop/sdp-team-12/build/navigator/build/lib
[1.387s] creating /home/adam/Desktop/sdp-team-12/build/navigator/build/lib/navigator
[1.387s] copying navigator/encoder2odom.py -> /home/adam/Desktop/sdp-team-12/build/navigator/build/lib/navigator
[1.387s] copying navigator/__init__.py -> /home/adam/Desktop/sdp-team-12/build/navigator/build/lib/navigator
[1.387s] copying navigator/coord_pub_test.py -> /home/adam/Desktop/sdp-team-12/build/navigator/build/lib/navigator
[1.387s] copying navigator/cmd_vel_sub.py -> /home/adam/Desktop/sdp-team-12/build/navigator/build/lib/navigator
[1.387s] copying navigator/nav2pose.py -> /home/adam/Desktop/sdp-team-12/build/navigator/build/lib/navigator
[1.387s] running install
[1.387s] /usr/lib/python3/dist-packages/setuptools/command/install.py:34: SetuptoolsDeprecationWarning: setup.py install is deprecated. Use build and pip and other standards-based tools.
[1.387s]   warnings.warn(
[1.387s] running install_lib
[1.388s] creating /home/adam/Desktop/sdp-team-12/install/navigator/lib/python3.10/site-packages/navigator
[1.389s] copying /home/adam/Desktop/sdp-team-12/build/navigator/build/lib/navigator/encoder2odom.py -> /home/adam/Desktop/sdp-team-12/install/navigator/lib/python3.10/site-packages/navigator
[1.389s] copying /home/adam/Desktop/sdp-team-12/build/navigator/build/lib/navigator/__init__.py -> /home/adam/Desktop/sdp-team-12/install/navigator/lib/python3.10/site-packages/navigator
[1.389s] copying /home/adam/Desktop/sdp-team-12/build/navigator/build/lib/navigator/coord_pub_test.py -> /home/adam/Desktop/sdp-team-12/install/navigator/lib/python3.10/site-packages/navigator
[1.389s] copying /home/adam/Desktop/sdp-team-12/build/navigator/build/lib/navigator/cmd_vel_sub.py -> /home/adam/Desktop/sdp-team-12/install/navigator/lib/python3.10/site-packages/navigator
[1.389s] copying /home/adam/Desktop/sdp-team-12/build/navigator/build/lib/navigator/nav2pose.py -> /home/adam/Desktop/sdp-team-12/install/navigator/lib/python3.10/site-packages/navigator
[1.389s] byte-compiling /home/adam/Desktop/sdp-team-12/install/navigator/lib/python3.10/site-packages/navigator/encoder2odom.py to encoder2odom.cpython-310.pyc
[1.390s] byte-compiling /home/adam/Desktop/sdp-team-12/install/navigator/lib/python3.10/site-packages/navigator/__init__.py to __init__.cpython-310.pyc
[1.390s] byte-compiling /home/adam/Desktop/sdp-team-12/install/navigator/lib/python3.10/site-packages/navigator/coord_pub_test.py to coord_pub_test.cpython-310.pyc
[1.390s] byte-compiling /home/adam/Desktop/sdp-team-12/install/navigator/lib/python3.10/site-packages/navigator/cmd_vel_sub.py to cmd_vel_sub.cpython-310.pyc
[1.390s] byte-compiling /home/adam/Desktop/sdp-team-12/install/navigator/lib/python3.10/site-packages/navigator/nav2pose.py to nav2pose.cpython-310.pyc
[1.391s] running install_data
[1.391s] creating /home/adam/Desktop/sdp-team-12/install/navigator/share/ament_index
[1.391s] creating /home/adam/Desktop/sdp-team-12/install/navigator/share/ament_index/resource_index
[1.391s] creating /home/adam/Desktop/sdp-team-12/install/navigator/share/ament_index/resource_index/packages
[1.391s] copying resource/navigator -> /home/adam/Desktop/sdp-team-12/install/navigator/share/ament_index/resource_index/packages
[1.392s] copying package.xml -> /home/adam/Desktop/sdp-team-12/install/navigator/share/navigator
[1.392s] running install_egg_info
[1.393s] Copying ../build/navigator/navigator.egg-info to /home/adam/Desktop/sdp-team-12/install/navigator/lib/python3.10/site-packages/navigator-0.0.0-py3.10.egg-info
[1.393s] running install_scripts
[1.408s] Installing cmdvelsub script to /home/adam/Desktop/sdp-team-12/install/navigator/lib/navigator
[1.408s] Installing coordpub script to /home/adam/Desktop/sdp-team-12/install/navigator/lib/navigator
[1.408s] Installing enc2odom script to /home/adam/Desktop/sdp-team-12/install/navigator/lib/navigator
[1.408s] Installing nav2pose script to /home/adam/Desktop/sdp-team-12/install/navigator/lib/navigator
[1.408s] writing list of installed files to '/home/adam/Desktop/sdp-team-12/build/navigator/install.log'
[1.427s] Invoked command in '/home/adam/Desktop/sdp-team-12/navigator' returned '0': PYTHONPATH=/home/adam/Desktop/sdp-team-12/build/navigator/prefix_override:/home/adam/Desktop/sdp-team-12/install/navigator/lib/python3.10/site-packages:${PYTHONPATH} /usr/bin/python3 setup.py egg_info --egg-base ../build/navigator build --build-base /home/adam/Desktop/sdp-team-12/build/navigator/build install --record /home/adam/Desktop/sdp-team-12/build/navigator/install.log --single-version-externally-managed
