[0.528s] Invoking command in '/home/adam/Desktop/sdp-team-12/navigator': PYTHONPATH=/home/adam/Desktop/sdp-team-12/build/navigator/prefix_override:/home/adam/Desktop/sdp-team-12/install/navigator/lib/python3.10/site-packages:${PYTHONPATH} /usr/bin/python3 setup.py egg_info --egg-base ../build/navigator build --build-base /home/adam/Desktop/sdp-team-12/build/navigator/build install --record /home/adam/Desktop/sdp-team-12/build/navigator/install.log --single-version-externally-managed
[0.681s] running egg_info
[0.681s] creating ../build/navigator/navigator.egg-info
[0.681s] writing ../build/navigator/navigator.egg-info/PKG-INFO
[0.682s] writing dependency_links to ../build/navigator/navigator.egg-info/dependency_links.txt
[0.682s] writing entry points to ../build/navigator/navigator.egg-info/entry_points.txt
[0.682s] writing requirements to ../build/navigator/navigator.egg-info/requires.txt
[0.682s] writing top-level names to ../build/navigator/navigator.egg-info/top_level.txt
[0.682s] writing manifest file '../build/navigator/navigator.egg-info/SOURCES.txt'
[0.683s] reading manifest file '../build/navigator/navigator.egg-info/SOURCES.txt'
[0.684s] writing manifest file '../build/navigator/navigator.egg-info/SOURCES.txt'
[0.684s] running build
[0.684s] running build_py
[0.684s] creating /home/adam/Desktop/sdp-team-12/build/navigator/build
[0.684s] creating /home/adam/Desktop/sdp-team-12/build/navigator/build/lib
[0.684s] creating /home/adam/Desktop/sdp-team-12/build/navigator/build/lib/navigator
[0.684s] copying navigator/__init__.py -> /home/adam/Desktop/sdp-team-12/build/navigator/build/lib/navigator
[0.684s] copying navigator/keyboard_teleop.py -> /home/adam/Desktop/sdp-team-12/build/navigator/build/lib/navigator
[0.684s] copying navigator/nav2pose.py -> /home/adam/Desktop/sdp-team-12/build/navigator/build/lib/navigator
[0.684s] running install
[0.685s] /usr/lib/python3/dist-packages/setuptools/command/install.py:34: SetuptoolsDeprecationWarning: setup.py install is deprecated. Use build and pip and other standards-based tools.
[0.685s]   warnings.warn(
[0.685s] running install_lib
[0.685s] creating /home/adam/Desktop/sdp-team-12/install/navigator/lib/python3.10/site-packages/navigator
[0.686s] copying /home/adam/Desktop/sdp-team-12/build/navigator/build/lib/navigator/__init__.py -> /home/adam/Desktop/sdp-team-12/install/navigator/lib/python3.10/site-packages/navigator
[0.686s] copying /home/adam/Desktop/sdp-team-12/build/navigator/build/lib/navigator/keyboard_teleop.py -> /home/adam/Desktop/sdp-team-12/install/navigator/lib/python3.10/site-packages/navigator
[0.686s] copying /home/adam/Desktop/sdp-team-12/build/navigator/build/lib/navigator/nav2pose.py -> /home/adam/Desktop/sdp-team-12/install/navigator/lib/python3.10/site-packages/navigator
[0.686s] byte-compiling /home/adam/Desktop/sdp-team-12/install/navigator/lib/python3.10/site-packages/navigator/__init__.py to __init__.cpython-310.pyc
[0.686s] byte-compiling /home/adam/Desktop/sdp-team-12/install/navigator/lib/python3.10/site-packages/navigator/keyboard_teleop.py to keyboard_teleop.cpython-310.pyc
[0.687s] byte-compiling /home/adam/Desktop/sdp-team-12/install/navigator/lib/python3.10/site-packages/navigator/nav2pose.py to nav2pose.cpython-310.pyc
[0.687s] running install_data
[0.688s] creating /home/adam/Desktop/sdp-team-12/install/navigator/share/ament_index
[0.688s] creating /home/adam/Desktop/sdp-team-12/install/navigator/share/ament_index/resource_index
[0.688s] creating /home/adam/Desktop/sdp-team-12/install/navigator/share/ament_index/resource_index/packages
[0.688s] copying resource/navigator -> /home/adam/Desktop/sdp-team-12/install/navigator/share/ament_index/resource_index/packages
[0.688s] copying package.xml -> /home/adam/Desktop/sdp-team-12/install/navigator/share/navigator
[0.688s] running install_egg_info
[0.690s] Copying ../build/navigator/navigator.egg-info to /home/adam/Desktop/sdp-team-12/install/navigator/lib/python3.10/site-packages/navigator-0.0.0-py3.10.egg-info
[0.691s] running install_scripts
[0.705s] Installing keyboard script to /home/adam/Desktop/sdp-team-12/install/navigator/lib/navigator
[0.705s] Installing nav2pose script to /home/adam/Desktop/sdp-team-12/install/navigator/lib/navigator
[0.705s] writing list of installed files to '/home/adam/Desktop/sdp-team-12/build/navigator/install.log'
[0.723s] Invoked command in '/home/adam/Desktop/sdp-team-12/navigator' returned '0': PYTHONPATH=/home/adam/Desktop/sdp-team-12/build/navigator/prefix_override:/home/adam/Desktop/sdp-team-12/install/navigator/lib/python3.10/site-packages:${PYTHONPATH} /usr/bin/python3 setup.py egg_info --egg-base ../build/navigator build --build-base /home/adam/Desktop/sdp-team-12/build/navigator/build install --record /home/adam/Desktop/sdp-team-12/build/navigator/install.log --single-version-externally-managed
