[1.853s] DEBUG:colcon:Command line arguments: ['/usr/bin/colcon', 'build']
[1.854s] DEBUG:colcon:Parsed command line arguments: Namespace(log_base=None, log_level=None, verb_name='build', build_base='build', install_base='install', merge_install=False, symlink_install=False, test_result_base=None, continue_on_error=False, executor='parallel', parallel_workers=12, event_handlers=None, ignore_user_meta=False, metas=['./colcon.meta'], base_paths=['.'], packages_ignore=None, packages_ignore_regex=None, paths=None, packages_up_to=None, packages_up_to_regex=None, packages_above=None, packages_above_and_dependencies=None, packages_above_depth=None, packages_select_by_dep=None, packages_skip_by_dep=None, packages_skip_up_to=None, packages_select_build_failed=False, packages_skip_build_finished=False, packages_select_test_failures=False, packages_skip_test_passed=False, packages_select=None, packages_skip=None, packages_select_regex=None, packages_skip_regex=None, packages_start=None, packages_end=None, allow_overriding=[], cmake_args=None, cmake_target=None, cmake_target_skip_unavailable=False, cmake_clean_cache=False, cmake_clean_first=False, cmake_force_configure=False, ament_cmake_args=None, catkin_cmake_args=None, catkin_skip_building_tests=False, verb_parser=<colcon_defaults.argument_parser.defaults.DefaultArgumentsDecorator object at 0x7fbb6a0040d0>, verb_extension=<colcon_core.verb.build.BuildVerb object at 0x7fbb6ae6e8f0>, main=<bound method BuildVerb.main of <colcon_core.verb.build.BuildVerb object at 0x7fbb6ae6e8f0>>)
[1.945s] Level 1:colcon.colcon_core.package_discovery:discover_packages(colcon_meta) check parameters
[1.946s] Level 1:colcon.colcon_core.package_discovery:discover_packages(recursive) check parameters
[1.947s] Level 1:colcon.colcon_core.package_discovery:discover_packages(ignore) check parameters
[1.947s] Level 1:colcon.colcon_core.package_discovery:discover_packages(path) check parameters
[1.948s] Level 1:colcon.colcon_core.package_discovery:discover_packages(colcon_meta) discover
[1.948s] Level 1:colcon.colcon_core.package_discovery:discover_packages(recursive) discover
[1.949s] INFO:colcon.colcon_core.package_discovery:Crawling recursively for packages in '/mnt/e/UMass_Amherst/SDP/sdp-team-12'
[1.951s] Level 1:colcon.colcon_core.package_identification:_identify(.) by extensions ['ignore', 'ignore_ament_install']
[1.952s] Level 1:colcon.colcon_core.package_identification:_identify(.) by extension 'ignore'
[1.952s] Level 1:colcon.colcon_core.package_identification:_identify(.) by extension 'ignore_ament_install'
[1.954s] Level 1:colcon.colcon_core.package_identification:_identify(.) by extensions ['colcon_pkg']
[1.954s] Level 1:colcon.colcon_core.package_identification:_identify(.) by extension 'colcon_pkg'
[1.955s] Level 1:colcon.colcon_core.package_identification:_identify(.) by extensions ['colcon_meta']
[1.955s] Level 1:colcon.colcon_core.package_identification:_identify(.) by extension 'colcon_meta'
[1.956s] Level 1:colcon.colcon_core.package_identification:_identify(.) by extensions ['ros']
[1.956s] Level 1:colcon.colcon_core.package_identification:_identify(.) by extension 'ros'
[1.974s] Level 1:colcon.colcon_core.package_identification:_identify(.) by extensions ['cmake', 'python']
[1.974s] Level 1:colcon.colcon_core.package_identification:_identify(.) by extension 'cmake'
[1.976s] Level 1:colcon.colcon_core.package_identification:_identify(.) by extension 'python'
[1.976s] Level 1:colcon.colcon_core.package_identification:_identify(.) by extensions ['python_setup_py']
[1.977s] Level 1:colcon.colcon_core.package_identification:_identify(.) by extension 'python_setup_py'
[1.982s] Level 1:colcon.colcon_core.package_identification:_identify(basic_mobile_robot) by extensions ['ignore', 'ignore_ament_install']
[1.983s] Level 1:colcon.colcon_core.package_identification:_identify(basic_mobile_robot) by extension 'ignore'
[1.985s] Level 1:colcon.colcon_core.package_identification:_identify(basic_mobile_robot) by extension 'ignore_ament_install'
[1.988s] Level 1:colcon.colcon_core.package_identification:_identify(basic_mobile_robot) by extensions ['colcon_pkg']
[1.989s] Level 1:colcon.colcon_core.package_identification:_identify(basic_mobile_robot) by extension 'colcon_pkg'
[1.991s] Level 1:colcon.colcon_core.package_identification:_identify(basic_mobile_robot) by extensions ['colcon_meta']
[1.993s] Level 1:colcon.colcon_core.package_identification:_identify(basic_mobile_robot) by extension 'colcon_meta'
[1.995s] Level 1:colcon.colcon_core.package_identification:_identify(basic_mobile_robot) by extensions ['ros']
[1.996s] Level 1:colcon.colcon_core.package_identification:_identify(basic_mobile_robot) by extension 'ros'
[2.021s] DEBUG:colcon.colcon_core.package_identification:Package 'basic_mobile_robot' with type 'ros.ament_cmake' and name 'basic_mobile_robot'
[2.026s] Level 1:colcon.colcon_core.package_identification:_identify(build) by extensions ['ignore', 'ignore_ament_install']
[2.027s] Level 1:colcon.colcon_core.package_identification:_identify(build) by extension 'ignore'
[2.029s] Level 1:colcon.colcon_core.package_identification:_identify(build) ignored
[2.034s] Level 1:colcon.colcon_core.package_identification:_identify(install) by extensions ['ignore', 'ignore_ament_install']
[2.035s] Level 1:colcon.colcon_core.package_identification:_identify(install) by extension 'ignore'
[2.038s] Level 1:colcon.colcon_core.package_identification:_identify(install) ignored
[2.041s] Level 1:colcon.colcon_core.package_identification:_identify(log) by extensions ['ignore', 'ignore_ament_install']
[2.042s] Level 1:colcon.colcon_core.package_identification:_identify(log) by extension 'ignore'
[2.044s] Level 1:colcon.colcon_core.package_identification:_identify(log) ignored
[2.044s] Level 1:colcon.colcon_core.package_discovery:discover_packages(recursive) using defaults
[2.045s] Level 1:colcon.colcon_core.package_discovery:discover_packages(ignore) discover
[2.045s] Level 1:colcon.colcon_core.package_discovery:discover_packages(ignore) using defaults
[2.046s] Level 1:colcon.colcon_core.package_discovery:discover_packages(path) discover
[2.046s] Level 1:colcon.colcon_core.package_discovery:discover_packages(path) using defaults
[2.184s] Level 1:colcon.colcon_core.package_discovery:discover_packages(prefix_path) check parameters
[2.184s] Level 1:colcon.colcon_core.package_discovery:discover_packages(prefix_path) discover
[2.340s] DEBUG:colcon.colcon_installed_package_information.package_discovery:Found 1 installed packages in /mnt/e/UMass_Amherst/SDP/sdp-team-12/install
[2.367s] DEBUG:colcon.colcon_installed_package_information.package_discovery:Found 388 installed packages in /opt/ros/humble
[2.372s] Level 1:colcon.colcon_core.package_discovery:discover_packages(prefix_path) using defaults
[2.638s] Level 5:colcon.colcon_core.verb:set package 'basic_mobile_robot' build argument 'cmake_args' from command line to 'None'
[2.639s] Level 5:colcon.colcon_core.verb:set package 'basic_mobile_robot' build argument 'cmake_target' from command line to 'None'
[2.639s] Level 5:colcon.colcon_core.verb:set package 'basic_mobile_robot' build argument 'cmake_target_skip_unavailable' from command line to 'False'
[2.640s] Level 5:colcon.colcon_core.verb:set package 'basic_mobile_robot' build argument 'cmake_clean_cache' from command line to 'False'
[2.640s] Level 5:colcon.colcon_core.verb:set package 'basic_mobile_robot' build argument 'cmake_clean_first' from command line to 'False'
[2.641s] Level 5:colcon.colcon_core.verb:set package 'basic_mobile_robot' build argument 'cmake_force_configure' from command line to 'False'
[2.641s] Level 5:colcon.colcon_core.verb:set package 'basic_mobile_robot' build argument 'ament_cmake_args' from command line to 'None'
[2.641s] Level 5:colcon.colcon_core.verb:set package 'basic_mobile_robot' build argument 'catkin_cmake_args' from command line to 'None'
[2.642s] Level 5:colcon.colcon_core.verb:set package 'basic_mobile_robot' build argument 'catkin_skip_building_tests' from command line to 'False'
[2.642s] DEBUG:colcon.colcon_core.verb:Building package 'basic_mobile_robot' with the following arguments: {'ament_cmake_args': None, 'build_base': '/mnt/e/UMass_Amherst/SDP/sdp-team-12/build/basic_mobile_robot', 'catkin_cmake_args': None, 'catkin_skip_building_tests': False, 'cmake_args': None, 'cmake_clean_cache': False, 'cmake_clean_first': False, 'cmake_force_configure': False, 'cmake_target': None, 'cmake_target_skip_unavailable': False, 'install_base': '/mnt/e/UMass_Amherst/SDP/sdp-team-12/install/basic_mobile_robot', 'merge_install': False, 'path': '/mnt/e/UMass_Amherst/SDP/sdp-team-12/basic_mobile_robot', 'symlink_install': False, 'test_result_base': None}
[2.666s] INFO:colcon.colcon_core.executor:Executing jobs using 'parallel' executor
[2.693s] DEBUG:colcon.colcon_parallel_executor.executor.parallel:run_until_complete
[2.694s] INFO:colcon.colcon_ros.task.ament_cmake.build:Building ROS package in '/mnt/e/UMass_Amherst/SDP/sdp-team-12/basic_mobile_robot' with build type 'ament_cmake'
[2.695s] INFO:colcon.colcon_cmake.task.cmake.build:Building CMake package in '/mnt/e/UMass_Amherst/SDP/sdp-team-12/basic_mobile_robot'
[2.720s] INFO:colcon.colcon_core.plugin_system:Skipping extension 'colcon_core.shell.bat': Not used on non-Windows systems
[2.721s] INFO:colcon.colcon_core.shell:Skip shell extension 'powershell' for command environment: Not usable outside of PowerShell
[2.722s] DEBUG:colcon.colcon_core.shell:Skip shell extension 'dsv' for command environment
[3.054s] DEBUG:colcon.colcon_core.event_handler.log_command:Invoking command in '/mnt/e/UMass_Amherst/SDP/sdp-team-12/build/basic_mobile_robot': CMAKE_PREFIX_PATH=${CMAKE_PREFIX_PATH}:/opt/ros/humble /usr/bin/cmake --build /mnt/e/UMass_Amherst/SDP/sdp-team-12/build/basic_mobile_robot -- -j12 -l12
[3.250s] DEBUG:colcon.colcon_core.event_handler.log_command:Invoked command in '/mnt/e/UMass_Amherst/SDP/sdp-team-12/build/basic_mobile_robot' returned '0': CMAKE_PREFIX_PATH=${CMAKE_PREFIX_PATH}:/opt/ros/humble /usr/bin/cmake --build /mnt/e/UMass_Amherst/SDP/sdp-team-12/build/basic_mobile_robot -- -j12 -l12
[3.350s] DEBUG:colcon.colcon_core.event_handler.log_command:Invoking command in '/mnt/e/UMass_Amherst/SDP/sdp-team-12/build/basic_mobile_robot': CMAKE_PREFIX_PATH=${CMAKE_PREFIX_PATH}:/opt/ros/humble /usr/bin/cmake --install /mnt/e/UMass_Amherst/SDP/sdp-team-12/build/basic_mobile_robot
[6.943s] Level 1:colcon.colcon_core.environment:create_environment_scripts_only(basic_mobile_robot)
[6.945s] DEBUG:colcon.colcon_core.event_handler.log_command:Invoked command in '/mnt/e/UMass_Amherst/SDP/sdp-team-12/build/basic_mobile_robot' returned '0': CMAKE_PREFIX_PATH=${CMAKE_PREFIX_PATH}:/opt/ros/humble /usr/bin/cmake --install /mnt/e/UMass_Amherst/SDP/sdp-team-12/build/basic_mobile_robot
[6.966s] Level 1:colcon.colcon_core.environment:checking '/mnt/e/UMass_Amherst/SDP/sdp-team-12/install/basic_mobile_robot' for CMake module files
[7.210s] Level 1:colcon.colcon_core.environment:checking '/mnt/e/UMass_Amherst/SDP/sdp-team-12/install/basic_mobile_robot' for CMake config files
[7.437s] Level 1:colcon.colcon_core.shell:create_environment_hook('basic_mobile_robot', 'cmake_prefix_path')
[7.460s] INFO:colcon.colcon_core.shell:Creating environment hook '/mnt/e/UMass_Amherst/SDP/sdp-team-12/install/basic_mobile_robot/share/basic_mobile_robot/hook/cmake_prefix_path.ps1'
[7.499s] INFO:colcon.colcon_core.shell:Creating environment descriptor '/mnt/e/UMass_Amherst/SDP/sdp-team-12/install/basic_mobile_robot/share/basic_mobile_robot/hook/cmake_prefix_path.dsv'
[7.609s] INFO:colcon.colcon_core.shell:Creating environment hook '/mnt/e/UMass_Amherst/SDP/sdp-team-12/install/basic_mobile_robot/share/basic_mobile_robot/hook/cmake_prefix_path.sh'
[7.653s] Level 1:colcon.colcon_core.environment:checking '/mnt/e/UMass_Amherst/SDP/sdp-team-12/install/basic_mobile_robot/bin'
[7.656s] Level 1:colcon.colcon_core.environment:checking '/mnt/e/UMass_Amherst/SDP/sdp-team-12/install/basic_mobile_robot/lib/pkgconfig/basic_mobile_robot.pc'
[7.660s] Level 1:colcon.colcon_core.environment:checking '/mnt/e/UMass_Amherst/SDP/sdp-team-12/install/basic_mobile_robot/lib/python3.10/site-packages'
[7.663s] Level 1:colcon.colcon_core.environment:checking '/mnt/e/UMass_Amherst/SDP/sdp-team-12/install/basic_mobile_robot/bin'
[7.687s] INFO:colcon.colcon_core.shell:Creating package script '/mnt/e/UMass_Amherst/SDP/sdp-team-12/install/basic_mobile_robot/share/basic_mobile_robot/package.ps1'
[7.718s] INFO:colcon.colcon_core.shell:Creating package descriptor '/mnt/e/UMass_Amherst/SDP/sdp-team-12/install/basic_mobile_robot/share/basic_mobile_robot/package.dsv'
[7.753s] INFO:colcon.colcon_core.shell:Creating package script '/mnt/e/UMass_Amherst/SDP/sdp-team-12/install/basic_mobile_robot/share/basic_mobile_robot/package.sh'
[7.785s] INFO:colcon.colcon_core.shell:Creating package script '/mnt/e/UMass_Amherst/SDP/sdp-team-12/install/basic_mobile_robot/share/basic_mobile_robot/package.bash'
[7.820s] INFO:colcon.colcon_core.shell:Creating package script '/mnt/e/UMass_Amherst/SDP/sdp-team-12/install/basic_mobile_robot/share/basic_mobile_robot/package.zsh'
[7.856s] Level 1:colcon.colcon_core.environment:create_file_with_runtime_dependencies(/mnt/e/UMass_Amherst/SDP/sdp-team-12/install/basic_mobile_robot/share/colcon-core/packages/basic_mobile_robot)
[8.000s] Level 1:colcon.colcon_core.environment:create_environment_scripts_only(basic_mobile_robot)
[8.025s] Level 1:colcon.colcon_core.environment:checking '/mnt/e/UMass_Amherst/SDP/sdp-team-12/install/basic_mobile_robot' for CMake module files
[8.318s] Level 1:colcon.colcon_core.environment:checking '/mnt/e/UMass_Amherst/SDP/sdp-team-12/install/basic_mobile_robot' for CMake config files
[8.531s] Level 1:colcon.colcon_core.shell:create_environment_hook('basic_mobile_robot', 'cmake_prefix_path')
[8.551s] INFO:colcon.colcon_core.shell:Creating environment hook '/mnt/e/UMass_Amherst/SDP/sdp-team-12/install/basic_mobile_robot/share/basic_mobile_robot/hook/cmake_prefix_path.ps1'
[8.586s] INFO:colcon.colcon_core.shell:Creating environment descriptor '/mnt/e/UMass_Amherst/SDP/sdp-team-12/install/basic_mobile_robot/share/basic_mobile_robot/hook/cmake_prefix_path.dsv'
[8.621s] INFO:colcon.colcon_core.shell:Creating environment hook '/mnt/e/UMass_Amherst/SDP/sdp-team-12/install/basic_mobile_robot/share/basic_mobile_robot/hook/cmake_prefix_path.sh'
[8.673s] Level 1:colcon.colcon_core.environment:checking '/mnt/e/UMass_Amherst/SDP/sdp-team-12/install/basic_mobile_robot/bin'
[8.676s] Level 1:colcon.colcon_core.environment:checking '/mnt/e/UMass_Amherst/SDP/sdp-team-12/install/basic_mobile_robot/lib/pkgconfig/basic_mobile_robot.pc'
[8.679s] Level 1:colcon.colcon_core.environment:checking '/mnt/e/UMass_Amherst/SDP/sdp-team-12/install/basic_mobile_robot/lib/python3.10/site-packages'
[8.683s] Level 1:colcon.colcon_core.environment:checking '/mnt/e/UMass_Amherst/SDP/sdp-team-12/install/basic_mobile_robot/bin'
[8.705s] INFO:colcon.colcon_core.shell:Creating package script '/mnt/e/UMass_Amherst/SDP/sdp-team-12/install/basic_mobile_robot/share/basic_mobile_robot/package.ps1'
[8.734s] INFO:colcon.colcon_core.shell:Creating package descriptor '/mnt/e/UMass_Amherst/SDP/sdp-team-12/install/basic_mobile_robot/share/basic_mobile_robot/package.dsv'
[8.765s] INFO:colcon.colcon_core.shell:Creating package script '/mnt/e/UMass_Amherst/SDP/sdp-team-12/install/basic_mobile_robot/share/basic_mobile_robot/package.sh'
[8.794s] INFO:colcon.colcon_core.shell:Creating package script '/mnt/e/UMass_Amherst/SDP/sdp-team-12/install/basic_mobile_robot/share/basic_mobile_robot/package.bash'
[8.825s] INFO:colcon.colcon_core.shell:Creating package script '/mnt/e/UMass_Amherst/SDP/sdp-team-12/install/basic_mobile_robot/share/basic_mobile_robot/package.zsh'
[8.856s] Level 1:colcon.colcon_core.environment:create_file_with_runtime_dependencies(/mnt/e/UMass_Amherst/SDP/sdp-team-12/install/basic_mobile_robot/share/colcon-core/packages/basic_mobile_robot)
[8.882s] DEBUG:colcon.colcon_parallel_executor.executor.parallel:closing loop
[8.883s] DEBUG:colcon.colcon_parallel_executor.executor.parallel:loop closed
[8.883s] DEBUG:colcon.colcon_parallel_executor.executor.parallel:run_until_complete finished with '0'
[8.884s] DEBUG:colcon.colcon_core.event_reactor:joining thread
[9.087s] INFO:colcon.colcon_core.plugin_system:Skipping extension 'colcon_notification.desktop_notification.notify_send': Could not find 'notify-send'
[9.088s] INFO:colcon.colcon_core.plugin_system:Skipping extension 'colcon_notification.desktop_notification.terminal_notifier': Not used on non-Darwin systems
[9.089s] INFO:colcon.colcon_core.plugin_system:Skipping extension 'colcon_notification.desktop_notification.win32': Not used on non-Windows systems
[9.089s] INFO:colcon.colcon_notification.desktop_notification:Sending desktop notification using 'notify2'
[9.091s] DEBUG:colcon.colcon_notification.desktop_notification.notify2:Failed to initialize notify2: org.freedesktop.DBus.Error.ServiceUnknown: The name org.freedesktop.Notifications was not provided by any .service files
[9.092s] DEBUG:colcon.colcon_core.event_reactor:joined thread
[9.115s] INFO:colcon.colcon_core.shell:Creating prefix script '/mnt/e/UMass_Amherst/SDP/sdp-team-12/install/local_setup.ps1'
[9.140s] INFO:colcon.colcon_core.shell:Creating prefix util module '/mnt/e/UMass_Amherst/SDP/sdp-team-12/install/_local_setup_util_ps1.py'
[9.168s] INFO:colcon.colcon_core.shell:Creating prefix chain script '/mnt/e/UMass_Amherst/SDP/sdp-team-12/install/setup.ps1'
[9.223s] INFO:colcon.colcon_core.shell:Creating prefix script '/mnt/e/UMass_Amherst/SDP/sdp-team-12/install/local_setup.sh'
[9.238s] INFO:colcon.colcon_core.shell:Creating prefix util module '/mnt/e/UMass_Amherst/SDP/sdp-team-12/install/_local_setup_util_sh.py'
[9.254s] INFO:colcon.colcon_core.shell:Creating prefix chain script '/mnt/e/UMass_Amherst/SDP/sdp-team-12/install/setup.sh'
[9.308s] INFO:colcon.colcon_core.shell:Creating prefix script '/mnt/e/UMass_Amherst/SDP/sdp-team-12/install/local_setup.bash'
[9.323s] INFO:colcon.colcon_core.shell:Creating prefix chain script '/mnt/e/UMass_Amherst/SDP/sdp-team-12/install/setup.bash'
[9.383s] INFO:colcon.colcon_core.shell:Creating prefix script '/mnt/e/UMass_Amherst/SDP/sdp-team-12/install/local_setup.zsh'
[9.416s] INFO:colcon.colcon_core.shell:Creating prefix chain script '/mnt/e/UMass_Amherst/SDP/sdp-team-12/install/setup.zsh'
