[4.976s] Invoking command in '/mnt/e/UMass_Amherst/SDP/sdp-team-12/navigation': PYTHONPATH=/mnt/e/UMass_Amherst/SDP/sdp-team-12/build/navigation/prefix_override:/mnt/e/UMass_Amherst/SDP/sdp-team-12/install/navigation/lib/python3.10/site-packages:${PYTHONPATH} /usr/bin/python3 setup.py egg_info --egg-base ../build/navigation build --build-base /mnt/e/UMass_Amherst/SDP/sdp-team-12/build/navigation/build install --record /mnt/e/UMass_Amherst/SDP/sdp-team-12/build/navigation/install.log --single-version-externally-managed
[6.879s] running egg_info
[6.894s] writing ../build/navigation/navigation.egg-info/PKG-INFO
[6.916s] writing dependency_links to ../build/navigation/navigation.egg-info/dependency_links.txt
[7.089s] writing entry points to ../build/navigation/navigation.egg-info/entry_points.txt
[7.141s] writing requirements to ../build/navigation/navigation.egg-info/requires.txt
[7.170s] writing top-level names to ../build/navigation/navigation.egg-info/top_level.txt
[7.302s] reading manifest file '../build/navigation/navigation.egg-info/SOURCES.txt'
[7.530s] writing manifest file '../build/navigation/navigation.egg-info/SOURCES.txt'
[7.543s] running build
[7.546s] running build_py
[7.612s] copying navigation/state_publisher.py -> /mnt/e/UMass_Amherst/SDP/sdp-team-12/build/navigation/build/lib/navigation
[7.650s] running install
[7.652s] /usr/lib/python3/dist-packages/setuptools/command/install.py:34: SetuptoolsDeprecationWarning: setup.py install is deprecated. Use build and pip and other standards-based tools.
[7.654s]   warnings.warn(
[7.656s] running install_lib
[7.801s] copying /mnt/e/UMass_Amherst/SDP/sdp-team-12/build/navigation/build/lib/navigation/state_publisher.py -> /mnt/e/UMass_Amherst/SDP/sdp-team-12/install/navigation/lib/python3.10/site-packages/navigation
[7.952s] byte-compiling /mnt/e/UMass_Amherst/SDP/sdp-team-12/install/navigation/lib/python3.10/site-packages/navigation/state_publisher.py to state_publisher.cpython-310.pyc
[8.048s] running install_data
[8.152s] copying launch/display.launch.py -> /mnt/e/UMass_Amherst/SDP/sdp-team-12/install/navigation/share/navigation
[8.248s] copying urdf/robot_description.urdf -> /mnt/e/UMass_Amherst/SDP/sdp-team-12/install/navigation/share/navigation
[8.320s] running install_egg_info
[8.355s] removing '/mnt/e/UMass_Amherst/SDP/sdp-team-12/install/navigation/lib/python3.10/site-packages/navigation-0.0.0-py3.10.egg-info' (and everything under it)
[8.647s] Copying ../build/navigation/navigation.egg-info to /mnt/e/UMass_Amherst/SDP/sdp-team-12/install/navigation/lib/python3.10/site-packages/navigation-0.0.0-py3.10.egg-info
[9.518s] running install_scripts
[9.718s] Installing state_publisher script to /mnt/e/UMass_Amherst/SDP/sdp-team-12/install/navigation/lib/navigation
[9.864s] writing list of installed files to '/mnt/e/UMass_Amherst/SDP/sdp-team-12/build/navigation/install.log'
[9.913s] Invoked command in '/mnt/e/UMass_Amherst/SDP/sdp-team-12/navigation' returned '0': PYTHONPATH=/mnt/e/UMass_Amherst/SDP/sdp-team-12/build/navigation/prefix_override:/mnt/e/UMass_Amherst/SDP/sdp-team-12/install/navigation/lib/python3.10/site-packages:${PYTHONPATH} /usr/bin/python3 setup.py egg_info --egg-base ../build/navigation build --build-base /mnt/e/UMass_Amherst/SDP/sdp-team-12/build/navigation/build install --record /mnt/e/UMass_Amherst/SDP/sdp-team-12/build/navigation/install.log --single-version-externally-managed
