[9.548s] Invoking command in '/mnt/e/UMass_Amherst/SDP/sdp-team-12/src/py_pubsub': PYTHONPATH=/mnt/e/UMass_Amherst/SDP/sdp-team-12/build/py_pubsub/prefix_override:/mnt/e/UMass_Amherst/SDP/sdp-team-12/install/py_pubsub/lib/python3.10/site-packages:${PYTHONPATH} /usr/bin/python3 setup.py egg_info --egg-base ../../build/py_pubsub build --build-base /mnt/e/UMass_Amherst/SDP/sdp-team-12/build/py_pubsub/build install --record /mnt/e/UMass_Amherst/SDP/sdp-team-12/build/py_pubsub/install.log --single-version-externally-managed
[11.928s] running egg_info
[12.022s] writing ../../build/py_pubsub/py_pubsub.egg-info/PKG-INFO
[12.047s] writing dependency_links to ../../build/py_pubsub/py_pubsub.egg-info/dependency_links.txt
[12.098s] writing entry points to ../../build/py_pubsub/py_pubsub.egg-info/entry_points.txt
[12.159s] writing requirements to ../../build/py_pubsub/py_pubsub.egg-info/requires.txt
[12.174s] writing top-level names to ../../build/py_pubsub/py_pubsub.egg-info/top_level.txt
[12.285s] reading manifest file '../../build/py_pubsub/py_pubsub.egg-info/SOURCES.txt'
[12.490s] writing manifest file '../../build/py_pubsub/py_pubsub.egg-info/SOURCES.txt'
[12.504s] running build
[12.506s] running build_py
[12.672s] running install
[12.675s] /usr/lib/python3/dist-packages/setuptools/command/install.py:34: SetuptoolsDeprecationWarning: setup.py install is deprecated. Use build and pip and other standards-based tools.
[12.679s]   warnings.warn(
[12.682s] running install_lib
[13.073s] running install_data
[13.149s] running install_egg_info
[13.176s] removing '/mnt/e/UMass_Amherst/SDP/sdp-team-12/install/py_pubsub/lib/python3.10/site-packages/py_pubsub-0.0.0-py3.10.egg-info' (and everything under it)
[13.403s] Copying ../../build/py_pubsub/py_pubsub.egg-info to /mnt/e/UMass_Amherst/SDP/sdp-team-12/install/py_pubsub/lib/python3.10/site-packages/py_pubsub-0.0.0-py3.10.egg-info
[14.425s] running install_scripts
[14.627s] Installing listener script to /mnt/e/UMass_Amherst/SDP/sdp-team-12/install/py_pubsub/lib/py_pubsub
[14.667s] Installing talker script to /mnt/e/UMass_Amherst/SDP/sdp-team-12/install/py_pubsub/lib/py_pubsub
[14.705s] writing list of installed files to '/mnt/e/UMass_Amherst/SDP/sdp-team-12/build/py_pubsub/install.log'
[14.750s] Invoked command in '/mnt/e/UMass_Amherst/SDP/sdp-team-12/src/py_pubsub' returned '0': PYTHONPATH=/mnt/e/UMass_Amherst/SDP/sdp-team-12/build/py_pubsub/prefix_override:/mnt/e/UMass_Amherst/SDP/sdp-team-12/install/py_pubsub/lib/python3.10/site-packages:${PYTHONPATH} /usr/bin/python3 setup.py egg_info --egg-base ../../build/py_pubsub build --build-base /mnt/e/UMass_Amherst/SDP/sdp-team-12/build/py_pubsub/build install --record /mnt/e/UMass_Amherst/SDP/sdp-team-12/build/py_pubsub/install.log --single-version-externally-managed
