[1.073s] DEBUG:colcon:Command line arguments: ['/usr/bin/colcon', 'build']
[1.073s] DEBUG:colcon:Parsed command line arguments: Namespace(log_base=None, log_level=None, verb_name='build', build_base='build', install_base='install', merge_install=False, symlink_install=False, test_result_base=None, continue_on_error=False, executor='parallel', parallel_workers=8, event_handlers=None, ignore_user_meta=False, metas=['./colcon.meta'], base_paths=['.'], packages_ignore=None, packages_ignore_regex=None, paths=None, packages_up_to=None, packages_up_to_regex=None, packages_above=None, packages_above_and_dependencies=None, packages_above_depth=None, packages_select_by_dep=None, packages_skip_by_dep=None, packages_skip_up_to=None, packages_select_build_failed=False, packages_skip_build_finished=False, packages_select_test_failures=False, packages_skip_test_passed=False, packages_select=None, packages_skip=None, packages_select_regex=None, packages_skip_regex=None, packages_start=None, packages_end=None, allow_overriding=[], cmake_args=None, cmake_target=None, cmake_target_skip_unavailable=False, cmake_clean_cache=False, cmake_clean_first=False, cmake_force_configure=False, ament_cmake_args=None, catkin_cmake_args=None, catkin_skip_building_tests=False, verb_parser=<colcon_defaults.argument_parser.defaults.DefaultArgumentsDecorator object at 0x7f80616f63b0>, verb_extension=<colcon_core.verb.build.BuildVerb object at 0x7f80616f42b0>, main=<bound method BuildVerb.main of <colcon_core.verb.build.BuildVerb object at 0x7f80616f42b0>>)
[1.108s] Level 1:colcon.colcon_core.package_discovery:discover_packages(colcon_meta) check parameters
[1.109s] Level 1:colcon.colcon_core.package_discovery:discover_packages(recursive) check parameters
[1.109s] Level 1:colcon.colcon_core.package_discovery:discover_packages(ignore) check parameters
[1.109s] Level 1:colcon.colcon_core.package_discovery:discover_packages(path) check parameters
[1.109s] Level 1:colcon.colcon_core.package_discovery:discover_packages(colcon_meta) discover
[1.109s] Level 1:colcon.colcon_core.package_discovery:discover_packages(recursive) discover
[1.109s] INFO:colcon.colcon_core.package_discovery:Crawling recursively for packages in '/home/adam/Desktop/sdp-team-12'
[1.109s] Level 1:colcon.colcon_core.package_identification:_identify(.) by extensions ['ignore', 'ignore_ament_install']
[1.109s] Level 1:colcon.colcon_core.package_identification:_identify(.) by extension 'ignore'
[1.109s] Level 1:colcon.colcon_core.package_identification:_identify(.) by extension 'ignore_ament_install'
[1.109s] Level 1:colcon.colcon_core.package_identification:_identify(.) by extensions ['colcon_pkg']
[1.109s] Level 1:colcon.colcon_core.package_identification:_identify(.) by extension 'colcon_pkg'
[1.109s] Level 1:colcon.colcon_core.package_identification:_identify(.) by extensions ['colcon_meta']
[1.109s] Level 1:colcon.colcon_core.package_identification:_identify(.) by extension 'colcon_meta'
[1.109s] Level 1:colcon.colcon_core.package_identification:_identify(.) by extensions ['ros']
[1.109s] Level 1:colcon.colcon_core.package_identification:_identify(.) by extension 'ros'
[1.119s] Level 1:colcon.colcon_core.package_identification:_identify(.) by extensions ['cmake', 'python']
[1.119s] Level 1:colcon.colcon_core.package_identification:_identify(.) by extension 'cmake'
[1.119s] Level 1:colcon.colcon_core.package_identification:_identify(.) by extension 'python'
[1.119s] Level 1:colcon.colcon_core.package_identification:_identify(.) by extensions ['python_setup_py']
[1.119s] Level 1:colcon.colcon_core.package_identification:_identify(.) by extension 'python_setup_py'
[1.119s] Level 1:colcon.colcon_core.package_identification:_identify(basic_mobile_robot) by extensions ['ignore', 'ignore_ament_install']
[1.119s] Level 1:colcon.colcon_core.package_identification:_identify(basic_mobile_robot) by extension 'ignore'
[1.119s] Level 1:colcon.colcon_core.package_identification:_identify(basic_mobile_robot) by extension 'ignore_ament_install'
[1.119s] Level 1:colcon.colcon_core.package_identification:_identify(basic_mobile_robot) by extensions ['colcon_pkg']
[1.119s] Level 1:colcon.colcon_core.package_identification:_identify(basic_mobile_robot) by extension 'colcon_pkg'
[1.119s] Level 1:colcon.colcon_core.package_identification:_identify(basic_mobile_robot) by extensions ['colcon_meta']
[1.119s] Level 1:colcon.colcon_core.package_identification:_identify(basic_mobile_robot) by extension 'colcon_meta'
[1.119s] Level 1:colcon.colcon_core.package_identification:_identify(basic_mobile_robot) by extensions ['ros']
[1.119s] Level 1:colcon.colcon_core.package_identification:_identify(basic_mobile_robot) by extension 'ros'
[1.122s] DEBUG:colcon.colcon_core.package_identification:Package 'basic_mobile_robot' with type 'ros.ament_cmake' and name 'basic_mobile_robot'
[1.122s] Level 1:colcon.colcon_core.package_identification:_identify(build) by extensions ['ignore', 'ignore_ament_install']
[1.122s] Level 1:colcon.colcon_core.package_identification:_identify(build) by extension 'ignore'
[1.122s] Level 1:colcon.colcon_core.package_identification:_identify(build) ignored
[1.122s] Level 1:colcon.colcon_core.package_identification:_identify(calibration) by extensions ['ignore', 'ignore_ament_install']
[1.122s] Level 1:colcon.colcon_core.package_identification:_identify(calibration) by extension 'ignore'
[1.122s] Level 1:colcon.colcon_core.package_identification:_identify(calibration) by extension 'ignore_ament_install'
[1.122s] Level 1:colcon.colcon_core.package_identification:_identify(calibration) by extensions ['colcon_pkg']
[1.122s] Level 1:colcon.colcon_core.package_identification:_identify(calibration) by extension 'colcon_pkg'
[1.122s] Level 1:colcon.colcon_core.package_identification:_identify(calibration) by extensions ['colcon_meta']
[1.122s] Level 1:colcon.colcon_core.package_identification:_identify(calibration) by extension 'colcon_meta'
[1.122s] Level 1:colcon.colcon_core.package_identification:_identify(calibration) by extensions ['ros']
[1.123s] Level 1:colcon.colcon_core.package_identification:_identify(calibration) by extension 'ros'
[1.123s] Level 1:colcon.colcon_core.package_identification:_identify(calibration) by extensions ['cmake', 'python']
[1.123s] Level 1:colcon.colcon_core.package_identification:_identify(calibration) by extension 'cmake'
[1.123s] Level 1:colcon.colcon_core.package_identification:_identify(calibration) by extension 'python'
[1.123s] Level 1:colcon.colcon_core.package_identification:_identify(calibration) by extensions ['python_setup_py']
[1.123s] Level 1:colcon.colcon_core.package_identification:_identify(calibration) by extension 'python_setup_py'
[1.123s] Level 1:colcon.colcon_core.package_identification:_identify(dev_ws) by extensions ['ignore', 'ignore_ament_install']
[1.123s] Level 1:colcon.colcon_core.package_identification:_identify(dev_ws) by extension 'ignore'
[1.123s] Level 1:colcon.colcon_core.package_identification:_identify(dev_ws) by extension 'ignore_ament_install'
[1.123s] Level 1:colcon.colcon_core.package_identification:_identify(dev_ws) by extensions ['colcon_pkg']
[1.123s] Level 1:colcon.colcon_core.package_identification:_identify(dev_ws) by extension 'colcon_pkg'
[1.123s] Level 1:colcon.colcon_core.package_identification:_identify(dev_ws) by extensions ['colcon_meta']
[1.123s] Level 1:colcon.colcon_core.package_identification:_identify(dev_ws) by extension 'colcon_meta'
[1.123s] Level 1:colcon.colcon_core.package_identification:_identify(dev_ws) by extensions ['ros']
[1.123s] Level 1:colcon.colcon_core.package_identification:_identify(dev_ws) by extension 'ros'
[1.123s] Level 1:colcon.colcon_core.package_identification:_identify(dev_ws) by extensions ['cmake', 'python']
[1.123s] Level 1:colcon.colcon_core.package_identification:_identify(dev_ws) by extension 'cmake'
[1.123s] Level 1:colcon.colcon_core.package_identification:_identify(dev_ws) by extension 'python'
[1.123s] Level 1:colcon.colcon_core.package_identification:_identify(dev_ws) by extensions ['python_setup_py']
[1.123s] Level 1:colcon.colcon_core.package_identification:_identify(dev_ws) by extension 'python_setup_py'
[1.123s] Level 1:colcon.colcon_core.package_identification:_identify(dev_ws/build) by extensions ['ignore', 'ignore_ament_install']
[1.123s] Level 1:colcon.colcon_core.package_identification:_identify(dev_ws/build) by extension 'ignore'
[1.123s] Level 1:colcon.colcon_core.package_identification:_identify(dev_ws/build) ignored
[1.123s] Level 1:colcon.colcon_core.package_identification:_identify(dev_ws/install) by extensions ['ignore', 'ignore_ament_install']
[1.123s] Level 1:colcon.colcon_core.package_identification:_identify(dev_ws/install) by extension 'ignore'
[1.123s] Level 1:colcon.colcon_core.package_identification:_identify(dev_ws/install) ignored
[1.124s] Level 1:colcon.colcon_core.package_identification:_identify(dev_ws/log) by extensions ['ignore', 'ignore_ament_install']
[1.124s] Level 1:colcon.colcon_core.package_identification:_identify(dev_ws/log) by extension 'ignore'
[1.124s] Level 1:colcon.colcon_core.package_identification:_identify(dev_ws/log) ignored
[1.124s] Level 1:colcon.colcon_core.package_identification:_identify(dev_ws/src) by extensions ['ignore', 'ignore_ament_install']
[1.124s] Level 1:colcon.colcon_core.package_identification:_identify(dev_ws/src) by extension 'ignore'
[1.124s] Level 1:colcon.colcon_core.package_identification:_identify(dev_ws/src) by extension 'ignore_ament_install'
[1.124s] Level 1:colcon.colcon_core.package_identification:_identify(dev_ws/src) by extensions ['colcon_pkg']
[1.124s] Level 1:colcon.colcon_core.package_identification:_identify(dev_ws/src) by extension 'colcon_pkg'
[1.124s] Level 1:colcon.colcon_core.package_identification:_identify(dev_ws/src) by extensions ['colcon_meta']
[1.124s] Level 1:colcon.colcon_core.package_identification:_identify(dev_ws/src) by extension 'colcon_meta'
[1.124s] Level 1:colcon.colcon_core.package_identification:_identify(dev_ws/src) by extensions ['ros']
[1.124s] Level 1:colcon.colcon_core.package_identification:_identify(dev_ws/src) by extension 'ros'
[1.124s] Level 1:colcon.colcon_core.package_identification:_identify(dev_ws/src) by extensions ['cmake', 'python']
[1.124s] Level 1:colcon.colcon_core.package_identification:_identify(dev_ws/src) by extension 'cmake'
[1.124s] Level 1:colcon.colcon_core.package_identification:_identify(dev_ws/src) by extension 'python'
[1.124s] Level 1:colcon.colcon_core.package_identification:_identify(dev_ws/src) by extensions ['python_setup_py']
[1.124s] Level 1:colcon.colcon_core.package_identification:_identify(dev_ws/src) by extension 'python_setup_py'
[1.124s] Level 1:colcon.colcon_core.package_identification:_identify(dev_ws/src/build) by extensions ['ignore', 'ignore_ament_install']
[1.124s] Level 1:colcon.colcon_core.package_identification:_identify(dev_ws/src/build) by extension 'ignore'
[1.124s] Level 1:colcon.colcon_core.package_identification:_identify(dev_ws/src/build) ignored
[1.124s] Level 1:colcon.colcon_core.package_identification:_identify(dev_ws/src/image_streaming) by extensions ['ignore', 'ignore_ament_install']
[1.125s] Level 1:colcon.colcon_core.package_identification:_identify(dev_ws/src/image_streaming) by extension 'ignore'
[1.125s] Level 1:colcon.colcon_core.package_identification:_identify(dev_ws/src/image_streaming) by extension 'ignore_ament_install'
[1.125s] Level 1:colcon.colcon_core.package_identification:_identify(dev_ws/src/image_streaming) by extensions ['colcon_pkg']
[1.125s] Level 1:colcon.colcon_core.package_identification:_identify(dev_ws/src/image_streaming) by extension 'colcon_pkg'
[1.125s] Level 1:colcon.colcon_core.package_identification:_identify(dev_ws/src/image_streaming) by extensions ['colcon_meta']
[1.125s] Level 1:colcon.colcon_core.package_identification:_identify(dev_ws/src/image_streaming) by extension 'colcon_meta'
[1.125s] Level 1:colcon.colcon_core.package_identification:_identify(dev_ws/src/image_streaming) by extensions ['ros']
[1.125s] Level 1:colcon.colcon_core.package_identification:_identify(dev_ws/src/image_streaming) by extension 'ros'
[1.125s] DEBUG:colcon.colcon_core.package_identification:Package 'dev_ws/src/image_streaming' with type 'ros.ament_python' and name 'image_streaming'
[1.125s] Level 1:colcon.colcon_core.package_identification:_identify(dev_ws/src/install) by extensions ['ignore', 'ignore_ament_install']
[1.125s] Level 1:colcon.colcon_core.package_identification:_identify(dev_ws/src/install) by extension 'ignore'
[1.125s] Level 1:colcon.colcon_core.package_identification:_identify(dev_ws/src/install) ignored
[1.125s] Level 1:colcon.colcon_core.package_identification:_identify(dev_ws/src/log) by extensions ['ignore', 'ignore_ament_install']
[1.126s] Level 1:colcon.colcon_core.package_identification:_identify(dev_ws/src/log) by extension 'ignore'
[1.126s] Level 1:colcon.colcon_core.package_identification:_identify(dev_ws/src/log) ignored
[1.126s] Level 1:colcon.colcon_core.package_identification:_identify(dev_ws/src/marker_detection) by extensions ['ignore', 'ignore_ament_install']
[1.126s] Level 1:colcon.colcon_core.package_identification:_identify(dev_ws/src/marker_detection) by extension 'ignore'
[1.126s] Level 1:colcon.colcon_core.package_identification:_identify(dev_ws/src/marker_detection) by extension 'ignore_ament_install'
[1.126s] Level 1:colcon.colcon_core.package_identification:_identify(dev_ws/src/marker_detection) by extensions ['colcon_pkg']
[1.126s] Level 1:colcon.colcon_core.package_identification:_identify(dev_ws/src/marker_detection) by extension 'colcon_pkg'
[1.126s] Level 1:colcon.colcon_core.package_identification:_identify(dev_ws/src/marker_detection) by extensions ['colcon_meta']
[1.126s] Level 1:colcon.colcon_core.package_identification:_identify(dev_ws/src/marker_detection) by extension 'colcon_meta'
[1.126s] Level 1:colcon.colcon_core.package_identification:_identify(dev_ws/src/marker_detection) by extensions ['ros']
[1.126s] Level 1:colcon.colcon_core.package_identification:_identify(dev_ws/src/marker_detection) by extension 'ros'
[1.126s] DEBUG:colcon.colcon_core.package_identification:Package 'dev_ws/src/marker_detection' with type 'ros.ament_python' and name 'marker_detection'
[1.126s] Level 1:colcon.colcon_core.package_identification:_identify(dev_ws/src/py_target_detection) by extensions ['ignore', 'ignore_ament_install']
[1.126s] Level 1:colcon.colcon_core.package_identification:_identify(dev_ws/src/py_target_detection) by extension 'ignore'
[1.126s] Level 1:colcon.colcon_core.package_identification:_identify(dev_ws/src/py_target_detection) by extension 'ignore_ament_install'
[1.126s] Level 1:colcon.colcon_core.package_identification:_identify(dev_ws/src/py_target_detection) by extensions ['colcon_pkg']
[1.127s] Level 1:colcon.colcon_core.package_identification:_identify(dev_ws/src/py_target_detection) by extension 'colcon_pkg'
[1.127s] Level 1:colcon.colcon_core.package_identification:_identify(dev_ws/src/py_target_detection) by extensions ['colcon_meta']
[1.127s] Level 1:colcon.colcon_core.package_identification:_identify(dev_ws/src/py_target_detection) by extension 'colcon_meta'
[1.127s] Level 1:colcon.colcon_core.package_identification:_identify(dev_ws/src/py_target_detection) by extensions ['ros']
[1.127s] Level 1:colcon.colcon_core.package_identification:_identify(dev_ws/src/py_target_detection) by extension 'ros'
[1.127s] DEBUG:colcon.colcon_core.package_identification:Package 'dev_ws/src/py_target_detection' with type 'ros.ament_python' and name 'py_target_detection'
[1.127s] Level 1:colcon.colcon_core.package_identification:_identify(install) by extensions ['ignore', 'ignore_ament_install']
[1.127s] Level 1:colcon.colcon_core.package_identification:_identify(install) by extension 'ignore'
[1.127s] Level 1:colcon.colcon_core.package_identification:_identify(install) ignored
[1.127s] Level 1:colcon.colcon_core.package_identification:_identify(launch_ws) by extensions ['ignore', 'ignore_ament_install']
[1.127s] Level 1:colcon.colcon_core.package_identification:_identify(launch_ws) by extension 'ignore'
[1.127s] Level 1:colcon.colcon_core.package_identification:_identify(launch_ws) by extension 'ignore_ament_install'
[1.127s] Level 1:colcon.colcon_core.package_identification:_identify(launch_ws) by extensions ['colcon_pkg']
[1.127s] Level 1:colcon.colcon_core.package_identification:_identify(launch_ws) by extension 'colcon_pkg'
[1.127s] Level 1:colcon.colcon_core.package_identification:_identify(launch_ws) by extensions ['colcon_meta']
[1.127s] Level 1:colcon.colcon_core.package_identification:_identify(launch_ws) by extension 'colcon_meta'
[1.128s] Level 1:colcon.colcon_core.package_identification:_identify(launch_ws) by extensions ['ros']
[1.128s] Level 1:colcon.colcon_core.package_identification:_identify(launch_ws) by extension 'ros'
[1.128s] Level 1:colcon.colcon_core.package_identification:_identify(launch_ws) by extensions ['cmake', 'python']
[1.128s] Level 1:colcon.colcon_core.package_identification:_identify(launch_ws) by extension 'cmake'
[1.128s] Level 1:colcon.colcon_core.package_identification:_identify(launch_ws) by extension 'python'
[1.128s] Level 1:colcon.colcon_core.package_identification:_identify(launch_ws) by extensions ['python_setup_py']
[1.128s] Level 1:colcon.colcon_core.package_identification:_identify(launch_ws) by extension 'python_setup_py'
[1.128s] Level 1:colcon.colcon_core.package_identification:_identify(launch_ws/build) by extensions ['ignore', 'ignore_ament_install']
[1.128s] Level 1:colcon.colcon_core.package_identification:_identify(launch_ws/build) by extension 'ignore'
[1.128s] Level 1:colcon.colcon_core.package_identification:_identify(launch_ws/build) ignored
[1.128s] Level 1:colcon.colcon_core.package_identification:_identify(launch_ws/install) by extensions ['ignore', 'ignore_ament_install']
[1.128s] Level 1:colcon.colcon_core.package_identification:_identify(launch_ws/install) by extension 'ignore'
[1.128s] Level 1:colcon.colcon_core.package_identification:_identify(launch_ws/install) ignored
[1.128s] Level 1:colcon.colcon_core.package_identification:_identify(launch_ws/log) by extensions ['ignore', 'ignore_ament_install']
[1.128s] Level 1:colcon.colcon_core.package_identification:_identify(launch_ws/log) by extension 'ignore'
[1.128s] Level 1:colcon.colcon_core.package_identification:_identify(launch_ws/log) ignored
[1.128s] Level 1:colcon.colcon_core.package_identification:_identify(launch_ws/src) by extensions ['ignore', 'ignore_ament_install']
[1.128s] Level 1:colcon.colcon_core.package_identification:_identify(launch_ws/src) by extension 'ignore'
[1.128s] Level 1:colcon.colcon_core.package_identification:_identify(launch_ws/src) by extension 'ignore_ament_install'
[1.128s] Level 1:colcon.colcon_core.package_identification:_identify(launch_ws/src) by extensions ['colcon_pkg']
[1.128s] Level 1:colcon.colcon_core.package_identification:_identify(launch_ws/src) by extension 'colcon_pkg'
[1.128s] Level 1:colcon.colcon_core.package_identification:_identify(launch_ws/src) by extensions ['colcon_meta']
[1.128s] Level 1:colcon.colcon_core.package_identification:_identify(launch_ws/src) by extension 'colcon_meta'
[1.128s] Level 1:colcon.colcon_core.package_identification:_identify(launch_ws/src) by extensions ['ros']
[1.128s] Level 1:colcon.colcon_core.package_identification:_identify(launch_ws/src) by extension 'ros'
[1.128s] Level 1:colcon.colcon_core.package_identification:_identify(launch_ws/src) by extensions ['cmake', 'python']
[1.128s] Level 1:colcon.colcon_core.package_identification:_identify(launch_ws/src) by extension 'cmake'
[1.129s] Level 1:colcon.colcon_core.package_identification:_identify(launch_ws/src) by extension 'python'
[1.129s] Level 1:colcon.colcon_core.package_identification:_identify(launch_ws/src) by extensions ['python_setup_py']
[1.129s] Level 1:colcon.colcon_core.package_identification:_identify(launch_ws/src) by extension 'python_setup_py'
[1.129s] Level 1:colcon.colcon_core.package_identification:_identify(launch_ws/src/marker_detection) by extensions ['ignore', 'ignore_ament_install']
[1.129s] Level 1:colcon.colcon_core.package_identification:_identify(launch_ws/src/marker_detection) by extension 'ignore'
[1.129s] Level 1:colcon.colcon_core.package_identification:_identify(launch_ws/src/marker_detection) by extension 'ignore_ament_install'
[1.129s] Level 1:colcon.colcon_core.package_identification:_identify(launch_ws/src/marker_detection) by extensions ['colcon_pkg']
[1.129s] Level 1:colcon.colcon_core.package_identification:_identify(launch_ws/src/marker_detection) by extension 'colcon_pkg'
[1.129s] Level 1:colcon.colcon_core.package_identification:_identify(launch_ws/src/marker_detection) by extensions ['colcon_meta']
[1.129s] Level 1:colcon.colcon_core.package_identification:_identify(launch_ws/src/marker_detection) by extension 'colcon_meta'
[1.129s] Level 1:colcon.colcon_core.package_identification:_identify(launch_ws/src/marker_detection) by extensions ['ros']
[1.129s] Level 1:colcon.colcon_core.package_identification:_identify(launch_ws/src/marker_detection) by extension 'ros'
[1.129s] DEBUG:colcon.colcon_core.package_identification:Package 'launch_ws/src/marker_detection' with type 'ros.ament_python' and name 'marker_detection'
[1.130s] Level 1:colcon.colcon_core.package_identification:_identify(launch_ws/src/py_pubsub) by extensions ['ignore', 'ignore_ament_install']
[1.130s] Level 1:colcon.colcon_core.package_identification:_identify(launch_ws/src/py_pubsub) by extension 'ignore'
[1.130s] Level 1:colcon.colcon_core.package_identification:_identify(launch_ws/src/py_pubsub) by extension 'ignore_ament_install'
[1.130s] Level 1:colcon.colcon_core.package_identification:_identify(launch_ws/src/py_pubsub) by extensions ['colcon_pkg']
[1.130s] Level 1:colcon.colcon_core.package_identification:_identify(launch_ws/src/py_pubsub) by extension 'colcon_pkg'
[1.130s] Level 1:colcon.colcon_core.package_identification:_identify(launch_ws/src/py_pubsub) by extensions ['colcon_meta']
[1.130s] Level 1:colcon.colcon_core.package_identification:_identify(launch_ws/src/py_pubsub) by extension 'colcon_meta'
[1.130s] Level 1:colcon.colcon_core.package_identification:_identify(launch_ws/src/py_pubsub) by extensions ['ros']
[1.130s] Level 1:colcon.colcon_core.package_identification:_identify(launch_ws/src/py_pubsub) by extension 'ros'
[1.130s] DEBUG:colcon.colcon_core.package_identification:Package 'launch_ws/src/py_pubsub' with type 'ros.ament_python' and name 'py_pubsub'
[1.130s] Level 1:colcon.colcon_core.package_identification:_identify(log) by extensions ['ignore', 'ignore_ament_install']
[1.130s] Level 1:colcon.colcon_core.package_identification:_identify(log) by extension 'ignore'
[1.130s] Level 1:colcon.colcon_core.package_identification:_identify(log) ignored
[1.130s] Level 1:colcon.colcon_core.package_identification:_identify(navigator) by extensions ['ignore', 'ignore_ament_install']
[1.130s] Level 1:colcon.colcon_core.package_identification:_identify(navigator) by extension 'ignore'
[1.130s] Level 1:colcon.colcon_core.package_identification:_identify(navigator) by extension 'ignore_ament_install'
[1.131s] Level 1:colcon.colcon_core.package_identification:_identify(navigator) by extensions ['colcon_pkg']
[1.131s] Level 1:colcon.colcon_core.package_identification:_identify(navigator) by extension 'colcon_pkg'
[1.131s] Level 1:colcon.colcon_core.package_identification:_identify(navigator) by extensions ['colcon_meta']
[1.131s] Level 1:colcon.colcon_core.package_identification:_identify(navigator) by extension 'colcon_meta'
[1.131s] Level 1:colcon.colcon_core.package_identification:_identify(navigator) by extensions ['ros']
[1.131s] Level 1:colcon.colcon_core.package_identification:_identify(navigator) by extension 'ros'
[1.131s] DEBUG:colcon.colcon_core.package_identification:Package 'navigator' with type 'ros.ament_python' and name 'navigator'
[1.131s] Level 1:colcon.colcon_core.package_identification:_identify(py_img_stream) by extensions ['ignore', 'ignore_ament_install']
[1.131s] Level 1:colcon.colcon_core.package_identification:_identify(py_img_stream) by extension 'ignore'
[1.132s] Level 1:colcon.colcon_core.package_identification:_identify(py_img_stream) by extension 'ignore_ament_install'
[1.132s] Level 1:colcon.colcon_core.package_identification:_identify(py_img_stream) by extensions ['colcon_pkg']
[1.132s] Level 1:colcon.colcon_core.package_identification:_identify(py_img_stream) by extension 'colcon_pkg'
[1.132s] Level 1:colcon.colcon_core.package_identification:_identify(py_img_stream) by extensions ['colcon_meta']
[1.132s] Level 1:colcon.colcon_core.package_identification:_identify(py_img_stream) by extension 'colcon_meta'
[1.132s] Level 1:colcon.colcon_core.package_identification:_identify(py_img_stream) by extensions ['ros']
[1.132s] Level 1:colcon.colcon_core.package_identification:_identify(py_img_stream) by extension 'ros'
[1.132s] DEBUG:colcon.colcon_core.package_identification:Package 'py_img_stream' with type 'ros.ament_python' and name 'py_img_stream'
[1.132s] Level 1:colcon.colcon_core.package_discovery:discover_packages(recursive) using defaults
[1.132s] Level 1:colcon.colcon_core.package_discovery:discover_packages(ignore) discover
[1.132s] Level 1:colcon.colcon_core.package_discovery:discover_packages(ignore) using defaults
[1.132s] Level 1:colcon.colcon_core.package_discovery:discover_packages(path) discover
[1.132s] Level 1:colcon.colcon_core.package_discovery:discover_packages(path) using defaults
[1.225s] Level 1:colcon.colcon_core.package_discovery:discover_packages(prefix_path) check parameters
[1.225s] Level 1:colcon.colcon_core.package_discovery:discover_packages(prefix_path) discover
[1.248s] DEBUG:colcon.colcon_installed_package_information.package_discovery:Found 3 installed packages in /home/adam/Desktop/sdp-team-12/install
[1.258s] DEBUG:colcon.colcon_installed_package_information.package_discovery:Found 5 installed packages in /home/adam/Desktop/sdp-team-12/dev_ws/install
[1.269s] DEBUG:colcon.colcon_installed_package_information.package_discovery:Found 389 installed packages in /opt/ros/humble
[1.282s] Level 1:colcon.colcon_core.package_discovery:discover_packages(prefix_path) using defaults
[1.353s] ERROR:colcon:colcon build: Duplicate package names not supported:
- marker_detection:
  - dev_ws/src/marker_detection
  - launch_ws/src/marker_detection
