[0.097s] Invoking command in '/home/adam/Desktop/sdp-team-12/build/basic_mobile_robot': CMAKE_PREFIX_PATH=${CMAKE_PREFIX_PATH}:/home/adam/Desktop/sdp-team-12/install/navigator:/opt/ros/humble /usr/bin/cmake /home/adam/Desktop/sdp-team-12/basic_mobile_robot -DCMAKE_INSTALL_PREFIX=/home/adam/Desktop/sdp-team-12/install/basic_mobile_robot
[0.133s] -- The C compiler identification is GNU 11.4.0
[0.171s] -- The CXX compiler identification is GNU 11.4.0
[0.176s] -- Detecting C compiler ABI info
[0.220s] -- Detecting C compiler ABI info - done
[0.226s] -- Check for working C compiler: /usr/bin/cc - skipped
[0.226s] -- Detecting C compile features
[0.226s] -- Detecting C compile features - done
[0.228s] -- Detecting CXX compiler ABI info
[0.285s] -- Detecting CXX compiler ABI info - done
[0.292s] -- Check for working CXX compiler: /usr/bin/c++ - skipped
[0.293s] -- Detecting CXX compile features
[0.293s] -- Detecting CXX compile features - done
[0.295s] -- Found ament_cmake: 1.3.5 (/opt/ros/humble/share/ament_cmake/cmake)
[0.420s] -- Found Python3: /usr/bin/python3.10 (found version "3.10.12") found components: Interpreter 
[0.480s] -- Found rclpy: 3.3.10 (/opt/ros/humble/share/rclpy/cmake)
[0.481s] -- Found geometry_msgs: 4.2.3 (/opt/ros/humble/share/geometry_msgs/cmake)
[0.506s] -- Found rosidl_generator_c: 3.1.5 (/opt/ros/humble/share/rosidl_generator_c/cmake)
[0.509s] -- Found rosidl_adapter: 3.1.5 (/opt/ros/humble/share/rosidl_adapter/cmake)
[0.515s] -- Found rosidl_generator_cpp: 3.1.5 (/opt/ros/humble/share/rosidl_generator_cpp/cmake)
[0.524s] -- Using all available rosidl_typesupport_c: rosidl_typesupport_fastrtps_c;rosidl_typesupport_introspection_c
[0.537s] -- Using all available rosidl_typesupport_cpp: rosidl_typesupport_fastrtps_cpp;rosidl_typesupport_introspection_cpp
[0.619s] -- Found nav2_msgs: 1.1.12 (/opt/ros/humble/share/nav2_msgs/cmake)
[0.841s] -- Found sensor_msgs: 4.2.3 (/opt/ros/humble/share/sensor_msgs/cmake)
[0.898s] -- Found ament_lint_auto: 0.12.8 (/opt/ros/humble/share/ament_lint_auto/cmake)
[0.956s] -- Added test 'flake8' to check Python code syntax and style conventions
[0.956s] -- Added test 'lint_cmake' to check CMake code style
[0.957s] -- Added test 'pep257' to check Python code against some of the docstring style conventions in PEP 257
[0.958s] -- Added test 'xmllint' to check XML markup files
[0.959s] -- Configuring done
[0.963s] -- Generating done
[0.964s] -- Build files have been written to: /home/adam/Desktop/sdp-team-12/build/basic_mobile_robot
[0.971s] Invoked command in '/home/adam/Desktop/sdp-team-12/build/basic_mobile_robot' returned '0': CMAKE_PREFIX_PATH=${CMAKE_PREFIX_PATH}:/home/adam/Desktop/sdp-team-12/install/navigator:/opt/ros/humble /usr/bin/cmake /home/adam/Desktop/sdp-team-12/basic_mobile_robot -DCMAKE_INSTALL_PREFIX=/home/adam/Desktop/sdp-team-12/install/basic_mobile_robot
[0.972s] Invoking command in '/home/adam/Desktop/sdp-team-12/build/basic_mobile_robot': CMAKE_PREFIX_PATH=${CMAKE_PREFIX_PATH}:/home/adam/Desktop/sdp-team-12/install/navigator:/opt/ros/humble /usr/bin/cmake --build /home/adam/Desktop/sdp-team-12/build/basic_mobile_robot -- -j8 -l8
[1.000s] Invoked command in '/home/adam/Desktop/sdp-team-12/build/basic_mobile_robot' returned '0': CMAKE_PREFIX_PATH=${CMAKE_PREFIX_PATH}:/home/adam/Desktop/sdp-team-12/install/navigator:/opt/ros/humble /usr/bin/cmake --build /home/adam/Desktop/sdp-team-12/build/basic_mobile_robot -- -j8 -l8
[1.028s] Invoking command in '/home/adam/Desktop/sdp-team-12/build/basic_mobile_robot': CMAKE_PREFIX_PATH=${CMAKE_PREFIX_PATH}:/home/adam/Desktop/sdp-team-12/install/navigator:/opt/ros/humble /usr/bin/cmake --install /home/adam/Desktop/sdp-team-12/build/basic_mobile_robot
[1.037s] -- Install configuration: ""
[1.037s] -- Installing: /home/adam/Desktop/sdp-team-12/install/basic_mobile_robot/share/basic_mobile_robot/config
[1.037s] -- Installing: /home/adam/Desktop/sdp-team-12/install/basic_mobile_robot/share/basic_mobile_robot/config/ekf2.yaml
[1.037s] -- Installing: /home/adam/Desktop/sdp-team-12/install/basic_mobile_robot/share/basic_mobile_robot/config/ekf.yaml
[1.037s] -- Installing: /home/adam/Desktop/sdp-team-12/install/basic_mobile_robot/share/basic_mobile_robot/launch
[1.037s] -- Installing: /home/adam/Desktop/sdp-team-12/install/basic_mobile_robot/share/basic_mobile_robot/launch/gazebo_simulator.launch.py
[1.037s] -- Installing: /home/adam/Desktop/sdp-team-12/install/basic_mobile_robot/share/basic_mobile_robot/launch/lidar_config.launch.py
[1.037s] -- Installing: /home/adam/Desktop/sdp-team-12/install/basic_mobile_robot/share/basic_mobile_robot/launch/nav_env.launch.py
[1.037s] -- Installing: /home/adam/Desktop/sdp-team-12/install/basic_mobile_robot/share/basic_mobile_robot/launch/urdf_visualizer.launch.py
[1.037s] -- Installing: /home/adam/Desktop/sdp-team-12/install/basic_mobile_robot/share/basic_mobile_robot/launch/sensor_fusion_odom.launch.py
[1.037s] -- Installing: /home/adam/Desktop/sdp-team-12/install/basic_mobile_robot/share/basic_mobile_robot/meshes
[1.037s] -- Installing: /home/adam/Desktop/sdp-team-12/install/basic_mobile_robot/share/basic_mobile_robot/meshes/elbow.stl
[1.038s] -- Installing: /home/adam/Desktop/sdp-team-12/install/basic_mobile_robot/share/basic_mobile_robot/meshes/robot_base.stl
[1.038s] -- Installing: /home/adam/Desktop/sdp-team-12/install/basic_mobile_robot/share/basic_mobile_robot/meshes/arm_base.stl
[1.038s] -- Installing: /home/adam/Desktop/sdp-team-12/install/basic_mobile_robot/share/basic_mobile_robot/meshes/wrist.stl
[1.038s] -- Installing: /home/adam/Desktop/sdp-team-12/install/basic_mobile_robot/share/basic_mobile_robot/meshes/wheel.stl
[1.038s] -- Installing: /home/adam/Desktop/sdp-team-12/install/basic_mobile_robot/share/basic_mobile_robot/meshes/bicep.stl
[1.038s] -- Installing: /home/adam/Desktop/sdp-team-12/install/basic_mobile_robot/share/basic_mobile_robot/maps
[1.039s] -- Installing: /home/adam/Desktop/sdp-team-12/install/basic_mobile_robot/share/basic_mobile_robot/maps/smalltown_world.yaml
[1.039s] -- Installing: /home/adam/Desktop/sdp-team-12/install/basic_mobile_robot/share/basic_mobile_robot/maps/generated_map.yaml
[1.039s] -- Installing: /home/adam/Desktop/sdp-team-12/install/basic_mobile_robot/share/basic_mobile_robot/maps/generated_map.pgm
[1.039s] -- Installing: /home/adam/Desktop/sdp-team-12/install/basic_mobile_robot/share/basic_mobile_robot/maps/smalltown_world.pgm
[1.043s] -- Installing: /home/adam/Desktop/sdp-team-12/install/basic_mobile_robot/share/basic_mobile_robot/models
[1.043s] -- Installing: /home/adam/Desktop/sdp-team-12/install/basic_mobile_robot/share/basic_mobile_robot/models/basic_mobile_bot_v2.urdf
[1.043s] -- Installing: /home/adam/Desktop/sdp-team-12/install/basic_mobile_robot/share/basic_mobile_robot/models/basic_mobile_bot_v1.urdf
[1.043s] -- Installing: /home/adam/Desktop/sdp-team-12/install/basic_mobile_robot/share/basic_mobile_robot/models/basic_mobile_bot_description
[1.043s] -- Installing: /home/adam/Desktop/sdp-team-12/install/basic_mobile_robot/share/basic_mobile_robot/models/basic_mobile_bot_description/meshes
[1.043s] -- Installing: /home/adam/Desktop/sdp-team-12/install/basic_mobile_robot/share/basic_mobile_robot/models/basic_mobile_bot_description/meshes/elbow.stl
[1.043s] -- Installing: /home/adam/Desktop/sdp-team-12/install/basic_mobile_robot/share/basic_mobile_robot/models/basic_mobile_bot_description/meshes/robot_base.stl
[1.043s] -- Installing: /home/adam/Desktop/sdp-team-12/install/basic_mobile_robot/share/basic_mobile_robot/models/basic_mobile_bot_description/meshes/arm_base.stl
[1.043s] -- Installing: /home/adam/Desktop/sdp-team-12/install/basic_mobile_robot/share/basic_mobile_robot/models/basic_mobile_bot_description/meshes/wrist.stl
[1.043s] -- Installing: /home/adam/Desktop/sdp-team-12/install/basic_mobile_robot/share/basic_mobile_robot/models/basic_mobile_bot_description/meshes/wheel.stl
[1.044s] -- Installing: /home/adam/Desktop/sdp-team-12/install/basic_mobile_robot/share/basic_mobile_robot/models/basic_mobile_bot_description/meshes/bicep.stl
[1.044s] -- Installing: /home/adam/Desktop/sdp-team-12/install/basic_mobile_robot/share/basic_mobile_robot/models/basic_mobile_bot_description/model.config
[1.044s] -- Installing: /home/adam/Desktop/sdp-team-12/install/basic_mobile_robot/share/basic_mobile_robot/models/basic_mobile_bot_description/model.sdf
[1.044s] -- Installing: /home/adam/Desktop/sdp-team-12/install/basic_mobile_robot/share/basic_mobile_robot/params
[1.044s] -- Installing: /home/adam/Desktop/sdp-team-12/install/basic_mobile_robot/share/basic_mobile_robot/params/nav2_params.yaml
[1.044s] -- Installing: /home/adam/Desktop/sdp-team-12/install/basic_mobile_robot/share/basic_mobile_robot/rviz
[1.044s] -- Installing: /home/adam/Desktop/sdp-team-12/install/basic_mobile_robot/share/basic_mobile_robot/rviz/urdf_config.rviz
[1.044s] -- Installing: /home/adam/Desktop/sdp-team-12/install/basic_mobile_robot/share/basic_mobile_robot/rviz/nav2_config.rviz
[1.044s] -- Installing: /home/adam/Desktop/sdp-team-12/install/basic_mobile_robot/share/basic_mobile_robot/worlds
[1.044s] -- Installing: /home/adam/Desktop/sdp-team-12/install/basic_mobile_robot/share/basic_mobile_robot/worlds/basic_mobile_bot_world
[1.044s] -- Installing: /home/adam/Desktop/sdp-team-12/install/basic_mobile_robot/share/basic_mobile_robot/worlds/basic_mobile_bot_world/smalltown.world
[1.044s] -- Installing: /home/adam/Desktop/sdp-team-12/install/basic_mobile_robot/share/ament_index/resource_index/package_run_dependencies/basic_mobile_robot
[1.044s] -- Installing: /home/adam/Desktop/sdp-team-12/install/basic_mobile_robot/share/ament_index/resource_index/parent_prefix_path/basic_mobile_robot
[1.044s] -- Installing: /home/adam/Desktop/sdp-team-12/install/basic_mobile_robot/share/basic_mobile_robot/environment/ament_prefix_path.sh
[1.045s] -- Installing: /home/adam/Desktop/sdp-team-12/install/basic_mobile_robot/share/basic_mobile_robot/environment/ament_prefix_path.dsv
[1.045s] -- Installing: /home/adam/Desktop/sdp-team-12/install/basic_mobile_robot/share/basic_mobile_robot/environment/path.sh
[1.045s] -- Installing: /home/adam/Desktop/sdp-team-12/install/basic_mobile_robot/share/basic_mobile_robot/environment/path.dsv
[1.045s] -- Installing: /home/adam/Desktop/sdp-team-12/install/basic_mobile_robot/share/basic_mobile_robot/local_setup.bash
[1.045s] -- Installing: /home/adam/Desktop/sdp-team-12/install/basic_mobile_robot/share/basic_mobile_robot/local_setup.sh
[1.045s] -- Installing: /home/adam/Desktop/sdp-team-12/install/basic_mobile_robot/share/basic_mobile_robot/local_setup.zsh
[1.045s] -- Installing: /home/adam/Desktop/sdp-team-12/install/basic_mobile_robot/share/basic_mobile_robot/local_setup.dsv
[1.045s] -- Installing: /home/adam/Desktop/sdp-team-12/install/basic_mobile_robot/share/basic_mobile_robot/package.dsv
[1.045s] -- Installing: /home/adam/Desktop/sdp-team-12/install/basic_mobile_robot/share/ament_index/resource_index/packages/basic_mobile_robot
[1.045s] -- Installing: /home/adam/Desktop/sdp-team-12/install/basic_mobile_robot/share/basic_mobile_robot/cmake/basic_mobile_robotConfig.cmake
[1.045s] -- Installing: /home/adam/Desktop/sdp-team-12/install/basic_mobile_robot/share/basic_mobile_robot/cmake/basic_mobile_robotConfig-version.cmake
[1.045s] -- Installing: /home/adam/Desktop/sdp-team-12/install/basic_mobile_robot/share/basic_mobile_robot/package.xml
[1.047s] Invoked command in '/home/adam/Desktop/sdp-team-12/build/basic_mobile_robot' returned '0': CMAKE_PREFIX_PATH=${CMAKE_PREFIX_PATH}:/home/adam/Desktop/sdp-team-12/install/navigator:/opt/ros/humble /usr/bin/cmake --install /home/adam/Desktop/sdp-team-12/build/basic_mobile_robot
