[1.029s] Invoking command in '/home/adam/Desktop/sdp-team-12/py_serial': PYTHONPATH=/home/adam/Desktop/sdp-team-12/build/py_serial/prefix_override:/home/adam/Desktop/sdp-team-12/install/py_serial/lib/python3.10/site-packages:${PYTHONPATH} /usr/bin/python3 setup.py egg_info --egg-base ../build/py_serial build --build-base /home/adam/Desktop/sdp-team-12/build/py_serial/build install --record /home/adam/Desktop/sdp-team-12/build/py_serial/install.log --single-version-externally-managed
[1.208s] running egg_info
[1.209s] writing ../build/py_serial/py_serial.egg-info/PKG-INFO
[1.209s] writing dependency_links to ../build/py_serial/py_serial.egg-info/dependency_links.txt
[1.209s] writing entry points to ../build/py_serial/py_serial.egg-info/entry_points.txt
[1.210s] writing requirements to ../build/py_serial/py_serial.egg-info/requires.txt
[1.210s] writing top-level names to ../build/py_serial/py_serial.egg-info/top_level.txt
[1.211s] reading manifest file '../build/py_serial/py_serial.egg-info/SOURCES.txt'
[1.212s] writing manifest file '../build/py_serial/py_serial.egg-info/SOURCES.txt'
[1.212s] running build
[1.212s] running build_py
[1.212s] running install
[1.212s] /usr/lib/python3/dist-packages/setuptools/command/install.py:34: SetuptoolsDeprecationWarning: setup.py install is deprecated. Use build and pip and other standards-based tools.
[1.212s]   warnings.warn(
[1.213s] running install_lib
[1.214s] running install_data
[1.215s] running install_egg_info
[1.216s] removing '/home/adam/Desktop/sdp-team-12/install/py_serial/lib/python3.10/site-packages/py_serial-0.0.0-py3.10.egg-info' (and everything under it)
[1.216s] Copying ../build/py_serial/py_serial.egg-info to /home/adam/Desktop/sdp-team-12/install/py_serial/lib/python3.10/site-packages/py_serial-0.0.0-py3.10.egg-info
[1.217s] running install_scripts
[1.233s] Installing serial_handler script to /home/adam/Desktop/sdp-team-12/install/py_serial/lib/py_serial
[1.234s] writing list of installed files to '/home/adam/Desktop/sdp-team-12/build/py_serial/install.log'
[1.314s] Invoked command in '/home/adam/Desktop/sdp-team-12/py_serial' returned '0': PYTHONPATH=/home/adam/Desktop/sdp-team-12/build/py_serial/prefix_override:/home/adam/Desktop/sdp-team-12/install/py_serial/lib/python3.10/site-packages:${PYTHONPATH} /usr/bin/python3 setup.py egg_info --egg-base ../build/py_serial build --build-base /home/adam/Desktop/sdp-team-12/build/py_serial/build install --record /home/adam/Desktop/sdp-team-12/build/py_serial/install.log --single-version-externally-managed
