[2.682s] DEBUG:colcon:Command line arguments: ['/usr/bin/colcon', 'build']
[2.682s] DEBUG:colcon:Parsed command line arguments: Namespace(log_base=None, log_level=None, verb_name='build', build_base='build', install_base='install', merge_install=False, symlink_install=False, test_result_base=None, continue_on_error=False, executor='parallel', parallel_workers=4, event_handlers=None, ignore_user_meta=False, metas=['./colcon.meta'], base_paths=['.'], packages_ignore=None, packages_ignore_regex=None, paths=None, packages_up_to=None, packages_up_to_regex=None, packages_above=None, packages_above_and_dependencies=None, packages_above_depth=None, packages_select_by_dep=None, packages_skip_by_dep=None, packages_skip_up_to=None, packages_select_build_failed=False, packages_skip_build_finished=False, packages_select_test_failures=False, packages_skip_test_passed=False, packages_select=None, packages_skip=None, packages_select_regex=None, packages_skip_regex=None, packages_start=None, packages_end=None, allow_overriding=[], cmake_args=None, cmake_target=None, cmake_target_skip_unavailable=False, cmake_clean_cache=False, cmake_clean_first=False, cmake_force_configure=False, ament_cmake_args=None, catkin_cmake_args=None, catkin_skip_building_tests=False, verb_parser=<colcon_defaults.argument_parser.defaults.DefaultArgumentsDecorator object at 0x7fc22d540100>, verb_extension=<colcon_core.verb.build.BuildVerb object at 0x7fc22e2eaa40>, main=<bound method BuildVerb.main of <colcon_core.verb.build.BuildVerb object at 0x7fc22e2eaa40>>)
[2.872s] Level 1:colcon.colcon_core.package_discovery:discover_packages(colcon_meta) check parameters
[2.875s] Level 1:colcon.colcon_core.package_discovery:discover_packages(recursive) check parameters
[2.875s] Level 1:colcon.colcon_core.package_discovery:discover_packages(ignore) check parameters
[2.876s] Level 1:colcon.colcon_core.package_discovery:discover_packages(path) check parameters
[2.877s] Level 1:colcon.colcon_core.package_discovery:discover_packages(colcon_meta) discover
[2.878s] Level 1:colcon.colcon_core.package_discovery:discover_packages(recursive) discover
[2.879s] INFO:colcon.colcon_core.package_discovery:Crawling recursively for packages in '/media/sf_SDP/sdp-team-12'
[2.883s] Level 1:colcon.colcon_core.package_identification:_identify(.) by extensions ['ignore', 'ignore_ament_install']
[2.883s] Level 1:colcon.colcon_core.package_identification:_identify(.) by extension 'ignore'
[2.885s] Level 1:colcon.colcon_core.package_identification:_identify(.) by extension 'ignore_ament_install'
[2.888s] Level 1:colcon.colcon_core.package_identification:_identify(.) by extensions ['colcon_pkg']
[2.888s] Level 1:colcon.colcon_core.package_identification:_identify(.) by extension 'colcon_pkg'
[2.890s] Level 1:colcon.colcon_core.package_identification:_identify(.) by extensions ['colcon_meta']
[2.891s] Level 1:colcon.colcon_core.package_identification:_identify(.) by extension 'colcon_meta'
[2.892s] Level 1:colcon.colcon_core.package_identification:_identify(.) by extensions ['ros']
[2.893s] Level 1:colcon.colcon_core.package_identification:_identify(.) by extension 'ros'
[2.920s] Level 1:colcon.colcon_core.package_identification:_identify(.) by extensions ['cmake', 'python']
[2.921s] Level 1:colcon.colcon_core.package_identification:_identify(.) by extension 'cmake'
[2.924s] Level 1:colcon.colcon_core.package_identification:_identify(.) by extension 'python'
[2.925s] Level 1:colcon.colcon_core.package_identification:_identify(.) by extensions ['python_setup_py']
[2.926s] Level 1:colcon.colcon_core.package_identification:_identify(.) by extension 'python_setup_py'
[2.931s] Level 1:colcon.colcon_core.package_identification:_identify(basic_mobile_robot) by extensions ['ignore', 'ignore_ament_install']
[2.932s] Level 1:colcon.colcon_core.package_identification:_identify(basic_mobile_robot) by extension 'ignore'
[2.933s] Level 1:colcon.colcon_core.package_identification:_identify(basic_mobile_robot) by extension 'ignore_ament_install'
[2.936s] Level 1:colcon.colcon_core.package_identification:_identify(basic_mobile_robot) by extensions ['colcon_pkg']
[2.937s] Level 1:colcon.colcon_core.package_identification:_identify(basic_mobile_robot) by extension 'colcon_pkg'
[2.939s] Level 1:colcon.colcon_core.package_identification:_identify(basic_mobile_robot) by extensions ['colcon_meta']
[2.939s] Level 1:colcon.colcon_core.package_identification:_identify(basic_mobile_robot) by extension 'colcon_meta'
[2.940s] Level 1:colcon.colcon_core.package_identification:_identify(basic_mobile_robot) by extensions ['ros']
[2.941s] Level 1:colcon.colcon_core.package_identification:_identify(basic_mobile_robot) by extension 'ros'
[2.984s] DEBUG:colcon.colcon_core.package_identification:Package 'basic_mobile_robot' with type 'ros.ament_cmake' and name 'basic_mobile_robot'
[2.987s] Level 1:colcon.colcon_core.package_identification:_identify(build) by extensions ['ignore', 'ignore_ament_install']
[2.988s] Level 1:colcon.colcon_core.package_identification:_identify(build) by extension 'ignore'
[2.989s] Level 1:colcon.colcon_core.package_identification:_identify(build) ignored
[2.993s] Level 1:colcon.colcon_core.package_identification:_identify(install) by extensions ['ignore', 'ignore_ament_install']
[2.994s] Level 1:colcon.colcon_core.package_identification:_identify(install) by extension 'ignore'
[2.995s] Level 1:colcon.colcon_core.package_identification:_identify(install) ignored
[2.999s] Level 1:colcon.colcon_core.package_identification:_identify(log) by extensions ['ignore', 'ignore_ament_install']
[2.999s] Level 1:colcon.colcon_core.package_identification:_identify(log) by extension 'ignore'
[3.001s] Level 1:colcon.colcon_core.package_identification:_identify(log) ignored
[3.004s] Level 1:colcon.colcon_core.package_identification:_identify(navigator) by extensions ['ignore', 'ignore_ament_install']
[3.005s] Level 1:colcon.colcon_core.package_identification:_identify(navigator) by extension 'ignore'
[3.007s] Level 1:colcon.colcon_core.package_identification:_identify(navigator) by extension 'ignore_ament_install'
[3.009s] Level 1:colcon.colcon_core.package_identification:_identify(navigator) by extensions ['colcon_pkg']
[3.009s] Level 1:colcon.colcon_core.package_identification:_identify(navigator) by extension 'colcon_pkg'
[3.011s] Level 1:colcon.colcon_core.package_identification:_identify(navigator) by extensions ['colcon_meta']
[3.012s] Level 1:colcon.colcon_core.package_identification:_identify(navigator) by extension 'colcon_meta'
[3.012s] Level 1:colcon.colcon_core.package_identification:_identify(navigator) by extensions ['ros']
[3.013s] Level 1:colcon.colcon_core.package_identification:_identify(navigator) by extension 'ros'
[3.050s] DEBUG:colcon.colcon_core.package_identification:Package 'navigator' with type 'ros.ament_python' and name 'navigator'
[3.051s] Level 1:colcon.colcon_core.package_discovery:discover_packages(recursive) using defaults
[3.052s] Level 1:colcon.colcon_core.package_discovery:discover_packages(ignore) discover
[3.053s] Level 1:colcon.colcon_core.package_discovery:discover_packages(ignore) using defaults
[3.053s] Level 1:colcon.colcon_core.package_discovery:discover_packages(path) discover
[3.054s] Level 1:colcon.colcon_core.package_discovery:discover_packages(path) using defaults
[3.450s] Level 1:colcon.colcon_core.package_discovery:discover_packages(prefix_path) check parameters
[3.451s] Level 1:colcon.colcon_core.package_discovery:discover_packages(prefix_path) discover
[3.567s] DEBUG:colcon.colcon_installed_package_information.package_discovery:Found 2 installed packages in /media/sf_SDP/sdp-team-12/install
[3.613s] DEBUG:colcon.colcon_installed_package_information.package_discovery:Found 328 installed packages in /opt/ros/humble
[3.617s] Level 1:colcon.colcon_core.package_discovery:discover_packages(prefix_path) using defaults
[4.055s] Level 5:colcon.colcon_core.verb:set package 'basic_mobile_robot' build argument 'cmake_args' from command line to 'None'
[4.056s] Level 5:colcon.colcon_core.verb:set package 'basic_mobile_robot' build argument 'cmake_target' from command line to 'None'
[4.056s] Level 5:colcon.colcon_core.verb:set package 'basic_mobile_robot' build argument 'cmake_target_skip_unavailable' from command line to 'False'
[4.057s] Level 5:colcon.colcon_core.verb:set package 'basic_mobile_robot' build argument 'cmake_clean_cache' from command line to 'False'
[4.058s] Level 5:colcon.colcon_core.verb:set package 'basic_mobile_robot' build argument 'cmake_clean_first' from command line to 'False'
[4.059s] Level 5:colcon.colcon_core.verb:set package 'basic_mobile_robot' build argument 'cmake_force_configure' from command line to 'False'
[4.059s] Level 5:colcon.colcon_core.verb:set package 'basic_mobile_robot' build argument 'ament_cmake_args' from command line to 'None'
[4.060s] Level 5:colcon.colcon_core.verb:set package 'basic_mobile_robot' build argument 'catkin_cmake_args' from command line to 'None'
[4.060s] Level 5:colcon.colcon_core.verb:set package 'basic_mobile_robot' build argument 'catkin_skip_building_tests' from command line to 'False'
[4.061s] DEBUG:colcon.colcon_core.verb:Building package 'basic_mobile_robot' with the following arguments: {'ament_cmake_args': None, 'build_base': '/media/sf_SDP/sdp-team-12/build/basic_mobile_robot', 'catkin_cmake_args': None, 'catkin_skip_building_tests': False, 'cmake_args': None, 'cmake_clean_cache': False, 'cmake_clean_first': False, 'cmake_force_configure': False, 'cmake_target': None, 'cmake_target_skip_unavailable': False, 'install_base': '/media/sf_SDP/sdp-team-12/install/basic_mobile_robot', 'merge_install': False, 'path': '/media/sf_SDP/sdp-team-12/basic_mobile_robot', 'symlink_install': False, 'test_result_base': None}
[4.102s] Level 5:colcon.colcon_core.verb:set package 'navigator' build argument 'cmake_args' from command line to 'None'
[4.103s] Level 5:colcon.colcon_core.verb:set package 'navigator' build argument 'cmake_target' from command line to 'None'
[4.104s] Level 5:colcon.colcon_core.verb:set package 'navigator' build argument 'cmake_target_skip_unavailable' from command line to 'False'
[4.104s] Level 5:colcon.colcon_core.verb:set package 'navigator' build argument 'cmake_clean_cache' from command line to 'False'
[4.105s] Level 5:colcon.colcon_core.verb:set package 'navigator' build argument 'cmake_clean_first' from command line to 'False'
[4.106s] Level 5:colcon.colcon_core.verb:set package 'navigator' build argument 'cmake_force_configure' from command line to 'False'
[4.107s] Level 5:colcon.colcon_core.verb:set package 'navigator' build argument 'ament_cmake_args' from command line to 'None'
[4.107s] Level 5:colcon.colcon_core.verb:set package 'navigator' build argument 'catkin_cmake_args' from command line to 'None'
[4.108s] Level 5:colcon.colcon_core.verb:set package 'navigator' build argument 'catkin_skip_building_tests' from command line to 'False'
[4.108s] DEBUG:colcon.colcon_core.verb:Building package 'navigator' with the following arguments: {'ament_cmake_args': None, 'build_base': '/media/sf_SDP/sdp-team-12/build/navigator', 'catkin_cmake_args': None, 'catkin_skip_building_tests': False, 'cmake_args': None, 'cmake_clean_cache': False, 'cmake_clean_first': False, 'cmake_force_configure': False, 'cmake_target': None, 'cmake_target_skip_unavailable': False, 'install_base': '/media/sf_SDP/sdp-team-12/install/navigator', 'merge_install': False, 'path': '/media/sf_SDP/sdp-team-12/navigator', 'symlink_install': False, 'test_result_base': None}
[4.152s] INFO:colcon.colcon_core.executor:Executing jobs using 'parallel' executor
[4.199s] DEBUG:colcon.colcon_parallel_executor.executor.parallel:run_until_complete
[4.200s] INFO:colcon.colcon_ros.task.ament_cmake.build:Building ROS package in '/media/sf_SDP/sdp-team-12/basic_mobile_robot' with build type 'ament_cmake'
[4.212s] INFO:colcon.colcon_cmake.task.cmake.build:Building CMake package in '/media/sf_SDP/sdp-team-12/basic_mobile_robot'
[4.271s] INFO:colcon.colcon_core.plugin_system:Skipping extension 'colcon_core.shell.bat': Not used on non-Windows systems
[4.272s] INFO:colcon.colcon_core.shell:Skip shell extension 'powershell' for command environment: Not usable outside of PowerShell
[4.273s] DEBUG:colcon.colcon_core.shell:Skip shell extension 'dsv' for command environment
[4.601s] INFO:colcon.colcon_ros.task.ament_python.build:Building ROS package in '/media/sf_SDP/sdp-team-12/navigator' with build type 'ament_python'
[4.603s] Level 1:colcon.colcon_core.shell:create_environment_hook('navigator', 'ament_prefix_path')
[4.688s] INFO:colcon.colcon_core.shell:Creating environment hook '/media/sf_SDP/sdp-team-12/install/navigator/share/navigator/hook/ament_prefix_path.ps1'
[4.759s] INFO:colcon.colcon_core.shell:Creating environment descriptor '/media/sf_SDP/sdp-team-12/install/navigator/share/navigator/hook/ament_prefix_path.dsv'
[4.803s] INFO:colcon.colcon_core.shell:Creating environment hook '/media/sf_SDP/sdp-team-12/install/navigator/share/navigator/hook/ament_prefix_path.sh'
[4.904s] INFO:colcon.colcon_core.shell:Skip shell extension 'powershell' for command environment: Not usable outside of PowerShell
[4.905s] DEBUG:colcon.colcon_core.shell:Skip shell extension 'dsv' for command environment
[5.605s] DEBUG:colcon.colcon_core.event_handler.log_command:Invoking command in '/media/sf_SDP/sdp-team-12/build/basic_mobile_robot': CMAKE_PREFIX_PATH=${CMAKE_PREFIX_PATH}:/media/sf_SDP/sdp-team-12/install/navigator:/opt/ros/humble /usr/bin/cmake --build /media/sf_SDP/sdp-team-12/build/basic_mobile_robot -- -j4 -l4
[6.448s] INFO:colcon.colcon_core.task.python.build:Building Python package in '/media/sf_SDP/sdp-team-12/navigator'
[6.513s] INFO:colcon.colcon_core.shell:Skip shell extension 'powershell' for command environment: Not usable outside of PowerShell
[6.514s] DEBUG:colcon.colcon_core.shell:Skip shell extension 'dsv' for command environment
[6.786s] DEBUG:colcon.colcon_core.event_handler.log_command:Invoked command in '/media/sf_SDP/sdp-team-12/build/basic_mobile_robot' returned '0': CMAKE_PREFIX_PATH=${CMAKE_PREFIX_PATH}:/media/sf_SDP/sdp-team-12/install/navigator:/opt/ros/humble /usr/bin/cmake --build /media/sf_SDP/sdp-team-12/build/basic_mobile_robot -- -j4 -l4
[7.033s] DEBUG:colcon.colcon_core.event_handler.log_command:Invoking command in '/media/sf_SDP/sdp-team-12/build/basic_mobile_robot': CMAKE_PREFIX_PATH=${CMAKE_PREFIX_PATH}:/media/sf_SDP/sdp-team-12/install/navigator:/opt/ros/humble /usr/bin/cmake --install /media/sf_SDP/sdp-team-12/build/basic_mobile_robot
[7.668s] Level 1:colcon.colcon_core.environment:create_environment_scripts_only(basic_mobile_robot)
[7.672s] DEBUG:colcon.colcon_core.event_handler.log_command:Invoked command in '/media/sf_SDP/sdp-team-12/build/basic_mobile_robot' returned '0': CMAKE_PREFIX_PATH=${CMAKE_PREFIX_PATH}:/media/sf_SDP/sdp-team-12/install/navigator:/opt/ros/humble /usr/bin/cmake --install /media/sf_SDP/sdp-team-12/build/basic_mobile_robot
[7.741s] Level 1:colcon.colcon_core.environment:checking '/media/sf_SDP/sdp-team-12/install/basic_mobile_robot' for CMake module files
[7.781s] Level 1:colcon.colcon_core.environment:checking '/media/sf_SDP/sdp-team-12/install/basic_mobile_robot' for CMake config files
[7.833s] Level 1:colcon.colcon_core.shell:create_environment_hook('basic_mobile_robot', 'cmake_prefix_path')
[7.881s] INFO:colcon.colcon_core.shell:Creating environment hook '/media/sf_SDP/sdp-team-12/install/basic_mobile_robot/share/basic_mobile_robot/hook/cmake_prefix_path.ps1'
[7.971s] INFO:colcon.colcon_core.shell:Creating environment descriptor '/media/sf_SDP/sdp-team-12/install/basic_mobile_robot/share/basic_mobile_robot/hook/cmake_prefix_path.dsv'
[8.015s] INFO:colcon.colcon_core.shell:Creating environment hook '/media/sf_SDP/sdp-team-12/install/basic_mobile_robot/share/basic_mobile_robot/hook/cmake_prefix_path.sh'
[8.091s] Level 1:colcon.colcon_core.environment:checking '/media/sf_SDP/sdp-team-12/install/basic_mobile_robot/bin'
[8.092s] Level 1:colcon.colcon_core.environment:checking '/media/sf_SDP/sdp-team-12/install/basic_mobile_robot/lib/pkgconfig/basic_mobile_robot.pc'
[8.094s] Level 1:colcon.colcon_core.environment:checking '/media/sf_SDP/sdp-team-12/install/basic_mobile_robot/lib/python3.10/site-packages'
[8.096s] Level 1:colcon.colcon_core.environment:checking '/media/sf_SDP/sdp-team-12/install/basic_mobile_robot/bin'
[8.138s] INFO:colcon.colcon_core.shell:Creating package script '/media/sf_SDP/sdp-team-12/install/basic_mobile_robot/share/basic_mobile_robot/package.ps1'
[8.224s] INFO:colcon.colcon_core.shell:Creating package descriptor '/media/sf_SDP/sdp-team-12/install/basic_mobile_robot/share/basic_mobile_robot/package.dsv'
[8.309s] INFO:colcon.colcon_core.shell:Creating package script '/media/sf_SDP/sdp-team-12/install/basic_mobile_robot/share/basic_mobile_robot/package.sh'
[8.376s] INFO:colcon.colcon_core.shell:Creating package script '/media/sf_SDP/sdp-team-12/install/basic_mobile_robot/share/basic_mobile_robot/package.bash'
[8.422s] INFO:colcon.colcon_core.shell:Creating package script '/media/sf_SDP/sdp-team-12/install/basic_mobile_robot/share/basic_mobile_robot/package.zsh'
[8.468s] Level 1:colcon.colcon_core.environment:create_file_with_runtime_dependencies(/media/sf_SDP/sdp-team-12/install/basic_mobile_robot/share/colcon-core/packages/basic_mobile_robot)
[8.701s] Level 1:colcon.colcon_core.environment:create_environment_scripts_only(basic_mobile_robot)
[8.751s] Level 1:colcon.colcon_core.environment:checking '/media/sf_SDP/sdp-team-12/install/basic_mobile_robot' for CMake module files
[8.788s] Level 1:colcon.colcon_core.environment:checking '/media/sf_SDP/sdp-team-12/install/basic_mobile_robot' for CMake config files
[8.820s] Level 1:colcon.colcon_core.shell:create_environment_hook('basic_mobile_robot', 'cmake_prefix_path')
[8.856s] INFO:colcon.colcon_core.shell:Creating environment hook '/media/sf_SDP/sdp-team-12/install/basic_mobile_robot/share/basic_mobile_robot/hook/cmake_prefix_path.ps1'
[8.978s] INFO:colcon.colcon_core.shell:Creating environment descriptor '/media/sf_SDP/sdp-team-12/install/basic_mobile_robot/share/basic_mobile_robot/hook/cmake_prefix_path.dsv'
[9.043s] INFO:colcon.colcon_core.shell:Creating environment hook '/media/sf_SDP/sdp-team-12/install/basic_mobile_robot/share/basic_mobile_robot/hook/cmake_prefix_path.sh'
[9.110s] Level 1:colcon.colcon_core.environment:checking '/media/sf_SDP/sdp-team-12/install/basic_mobile_robot/bin'
[9.112s] Level 1:colcon.colcon_core.environment:checking '/media/sf_SDP/sdp-team-12/install/basic_mobile_robot/lib/pkgconfig/basic_mobile_robot.pc'
[9.113s] Level 1:colcon.colcon_core.environment:checking '/media/sf_SDP/sdp-team-12/install/basic_mobile_robot/lib/python3.10/site-packages'
[9.114s] Level 1:colcon.colcon_core.environment:checking '/media/sf_SDP/sdp-team-12/install/basic_mobile_robot/bin'
[9.149s] INFO:colcon.colcon_core.shell:Creating package script '/media/sf_SDP/sdp-team-12/install/basic_mobile_robot/share/basic_mobile_robot/package.ps1'
[9.199s] INFO:colcon.colcon_core.shell:Creating package descriptor '/media/sf_SDP/sdp-team-12/install/basic_mobile_robot/share/basic_mobile_robot/package.dsv'
[9.243s] INFO:colcon.colcon_core.shell:Creating package script '/media/sf_SDP/sdp-team-12/install/basic_mobile_robot/share/basic_mobile_robot/package.sh'
[9.315s] INFO:colcon.colcon_core.shell:Creating package script '/media/sf_SDP/sdp-team-12/install/basic_mobile_robot/share/basic_mobile_robot/package.bash'
[9.394s] INFO:colcon.colcon_core.shell:Creating package script '/media/sf_SDP/sdp-team-12/install/basic_mobile_robot/share/basic_mobile_robot/package.zsh'
[9.437s] Level 1:colcon.colcon_core.environment:create_file_with_runtime_dependencies(/media/sf_SDP/sdp-team-12/install/basic_mobile_robot/share/colcon-core/packages/basic_mobile_robot)
[9.825s] DEBUG:colcon.colcon_core.event_handler.log_command:Invoking command in '/media/sf_SDP/sdp-team-12/navigator': PYTHONPATH=/media/sf_SDP/sdp-team-12/build/navigator/prefix_override:/media/sf_SDP/sdp-team-12/install/navigator/lib/python3.10/site-packages:${PYTHONPATH} /usr/bin/python3 setup.py egg_info --egg-base ../build/navigator build --build-base /media/sf_SDP/sdp-team-12/build/navigator/build install --record /media/sf_SDP/sdp-team-12/build/navigator/install.log --single-version-externally-managed
[12.392s] DEBUG:colcon.colcon_core.event_handler.log_command:Invoked command in '/media/sf_SDP/sdp-team-12/navigator' returned '0': PYTHONPATH=/media/sf_SDP/sdp-team-12/build/navigator/prefix_override:/media/sf_SDP/sdp-team-12/install/navigator/lib/python3.10/site-packages:${PYTHONPATH} /usr/bin/python3 setup.py egg_info --egg-base ../build/navigator build --build-base /media/sf_SDP/sdp-team-12/build/navigator/build install --record /media/sf_SDP/sdp-team-12/build/navigator/install.log --single-version-externally-managed
[12.433s] Level 1:colcon.colcon_core.environment:checking '/media/sf_SDP/sdp-team-12/install/navigator' for CMake module files
[12.463s] Level 1:colcon.colcon_core.environment:checking '/media/sf_SDP/sdp-team-12/install/navigator' for CMake config files
[12.505s] Level 1:colcon.colcon_core.environment:checking '/media/sf_SDP/sdp-team-12/install/navigator/lib'
[12.509s] Level 1:colcon.colcon_core.environment:checking '/media/sf_SDP/sdp-team-12/install/navigator/bin'
[12.510s] Level 1:colcon.colcon_core.environment:checking '/media/sf_SDP/sdp-team-12/install/navigator/lib/pkgconfig/navigator.pc'
[12.512s] Level 1:colcon.colcon_core.environment:checking '/media/sf_SDP/sdp-team-12/install/navigator/lib/python3.10/site-packages'
[12.512s] Level 1:colcon.colcon_core.shell:create_environment_hook('navigator', 'pythonpath')
[12.547s] INFO:colcon.colcon_core.shell:Creating environment hook '/media/sf_SDP/sdp-team-12/install/navigator/share/navigator/hook/pythonpath.ps1'
[12.640s] INFO:colcon.colcon_core.shell:Creating environment descriptor '/media/sf_SDP/sdp-team-12/install/navigator/share/navigator/hook/pythonpath.dsv'
[12.690s] INFO:colcon.colcon_core.shell:Creating environment hook '/media/sf_SDP/sdp-team-12/install/navigator/share/navigator/hook/pythonpath.sh'
[12.787s] Level 1:colcon.colcon_core.environment:checking '/media/sf_SDP/sdp-team-12/install/navigator/bin'
[12.789s] Level 1:colcon.colcon_core.environment:create_environment_scripts_only(navigator)
[12.831s] INFO:colcon.colcon_core.shell:Creating package script '/media/sf_SDP/sdp-team-12/install/navigator/share/navigator/package.ps1'
[12.875s] INFO:colcon.colcon_core.shell:Creating package descriptor '/media/sf_SDP/sdp-team-12/install/navigator/share/navigator/package.dsv'
[12.919s] INFO:colcon.colcon_core.shell:Creating package script '/media/sf_SDP/sdp-team-12/install/navigator/share/navigator/package.sh'
[12.979s] INFO:colcon.colcon_core.shell:Creating package script '/media/sf_SDP/sdp-team-12/install/navigator/share/navigator/package.bash'
[13.023s] INFO:colcon.colcon_core.shell:Creating package script '/media/sf_SDP/sdp-team-12/install/navigator/share/navigator/package.zsh'
[13.084s] Level 1:colcon.colcon_core.environment:create_file_with_runtime_dependencies(/media/sf_SDP/sdp-team-12/install/navigator/share/colcon-core/packages/navigator)
[13.140s] DEBUG:colcon.colcon_parallel_executor.executor.parallel:closing loop
[13.140s] DEBUG:colcon.colcon_parallel_executor.executor.parallel:loop closed
[13.155s] DEBUG:colcon.colcon_parallel_executor.executor.parallel:run_until_complete finished with '0'
[13.179s] DEBUG:colcon.colcon_core.event_reactor:joining thread
[13.409s] INFO:colcon.colcon_core.plugin_system:Skipping extension 'colcon_notification.desktop_notification.terminal_notifier': Not used on non-Darwin systems
[13.411s] INFO:colcon.colcon_core.plugin_system:Skipping extension 'colcon_notification.desktop_notification.win32': Not used on non-Windows systems
[13.411s] INFO:colcon.colcon_notification.desktop_notification:Sending desktop notification using 'notify2'
[13.444s] DEBUG:colcon.colcon_core.event_reactor:joined thread
[13.493s] INFO:colcon.colcon_core.shell:Creating prefix script '/media/sf_SDP/sdp-team-12/install/local_setup.ps1'
[13.575s] INFO:colcon.colcon_core.shell:Creating prefix util module '/media/sf_SDP/sdp-team-12/install/_local_setup_util_ps1.py'
[13.664s] INFO:colcon.colcon_core.shell:Creating prefix chain script '/media/sf_SDP/sdp-team-12/install/setup.ps1'
[13.766s] INFO:colcon.colcon_core.shell:Creating prefix script '/media/sf_SDP/sdp-team-12/install/local_setup.sh'
[13.820s] INFO:colcon.colcon_core.shell:Creating prefix util module '/media/sf_SDP/sdp-team-12/install/_local_setup_util_sh.py'
[13.887s] INFO:colcon.colcon_core.shell:Creating prefix chain script '/media/sf_SDP/sdp-team-12/install/setup.sh'
[14.004s] INFO:colcon.colcon_core.shell:Creating prefix script '/media/sf_SDP/sdp-team-12/install/local_setup.bash'
[14.087s] INFO:colcon.colcon_core.shell:Creating prefix chain script '/media/sf_SDP/sdp-team-12/install/setup.bash'
[14.182s] INFO:colcon.colcon_core.shell:Creating prefix script '/media/sf_SDP/sdp-team-12/install/local_setup.zsh'
[14.258s] INFO:colcon.colcon_core.shell:Creating prefix chain script '/media/sf_SDP/sdp-team-12/install/setup.zsh'
