[1.998s] Invoking command in '/home/adam/Desktop/sdp-team-12/navigator': PYTHONPATH=/home/adam/Desktop/sdp-team-12/build/navigator/prefix_override:/home/adam/Desktop/sdp-team-12/install/navigator/lib/python3.10/site-packages:${PYTHONPATH} /usr/bin/python3 setup.py egg_info --egg-base ../build/navigator build --build-base /home/adam/Desktop/sdp-team-12/build/navigator/build install --record /home/adam/Desktop/sdp-team-12/build/navigator/install.log --single-version-externally-managed
[2.345s] running egg_info
[2.346s] writing ../build/navigator/navigator.egg-info/PKG-INFO
[2.347s] writing dependency_links to ../build/navigator/navigator.egg-info/dependency_links.txt
[2.347s] writing entry points to ../build/navigator/navigator.egg-info/entry_points.txt
[2.347s] writing requirements to ../build/navigator/navigator.egg-info/requires.txt
[2.347s] writing top-level names to ../build/navigator/navigator.egg-info/top_level.txt
[2.352s] reading manifest file '../build/navigator/navigator.egg-info/SOURCES.txt'
[2.354s] writing manifest file '../build/navigator/navigator.egg-info/SOURCES.txt'
[2.354s] running build
[2.354s] running build_py
[2.355s] running install
[2.355s] /usr/lib/python3/dist-packages/setuptools/command/install.py:34: SetuptoolsDeprecationWarning: setup.py install is deprecated. Use build and pip and other standards-based tools.
[2.355s]   warnings.warn(
[2.355s] running install_lib
[2.359s] running install_data
[2.359s] running install_egg_info
[2.362s] removing '/home/adam/Desktop/sdp-team-12/install/navigator/lib/python3.10/site-packages/navigator-0.0.0-py3.10.egg-info' (and everything under it)
[2.363s] Copying ../build/navigator/navigator.egg-info to /home/adam/Desktop/sdp-team-12/install/navigator/lib/python3.10/site-packages/navigator-0.0.0-py3.10.egg-info
[2.364s] running install_scripts
[2.395s] Installing cmdvelsub script to /home/adam/Desktop/sdp-team-12/install/navigator/lib/navigator
[2.395s] Installing coordpub script to /home/adam/Desktop/sdp-team-12/install/navigator/lib/navigator
[2.396s] Installing enc2odom script to /home/adam/Desktop/sdp-team-12/install/navigator/lib/navigator
[2.396s] Installing nav2pose script to /home/adam/Desktop/sdp-team-12/install/navigator/lib/navigator
[2.396s] writing list of installed files to '/home/adam/Desktop/sdp-team-12/build/navigator/install.log'
[2.527s] Invoked command in '/home/adam/Desktop/sdp-team-12/navigator' returned '0': PYTHONPATH=/home/adam/Desktop/sdp-team-12/build/navigator/prefix_override:/home/adam/Desktop/sdp-team-12/install/navigator/lib/python3.10/site-packages:${PYTHONPATH} /usr/bin/python3 setup.py egg_info --egg-base ../build/navigator build --build-base /home/adam/Desktop/sdp-team-12/build/navigator/build install --record /home/adam/Desktop/sdp-team-12/build/navigator/install.log --single-version-externally-managed
