[0.768s] DEBUG:colcon:Command line arguments: ['/usr/bin/colcon', 'build']
[0.768s] DEBUG:colcon:Parsed command line arguments: Namespace(log_base=None, log_level=None, verb_name='build', build_base='build', install_base='install', merge_install=False, symlink_install=False, test_result_base=None, continue_on_error=False, executor='parallel', parallel_workers=8, event_handlers=None, ignore_user_meta=False, metas=['./colcon.meta'], base_paths=['.'], packages_ignore=None, packages_ignore_regex=None, paths=None, packages_up_to=None, packages_up_to_regex=None, packages_above=None, packages_above_and_dependencies=None, packages_above_depth=None, packages_select_by_dep=None, packages_skip_by_dep=None, packages_skip_up_to=None, packages_select_build_failed=False, packages_skip_build_finished=False, packages_select_test_failures=False, packages_skip_test_passed=False, packages_select=None, packages_skip=None, packages_select_regex=None, packages_skip_regex=None, packages_start=None, packages_end=None, allow_overriding=[], cmake_args=None, cmake_target=None, cmake_target_skip_unavailable=False, cmake_clean_cache=False, cmake_clean_first=False, cmake_force_configure=False, ament_cmake_args=None, catkin_cmake_args=None, catkin_skip_building_tests=False, verb_parser=<colcon_defaults.argument_parser.defaults.DefaultArgumentsDecorator object at 0x7f22ff2face0>, verb_extension=<colcon_core.verb.build.BuildVerb object at 0x7f22ff2faa70>, main=<bound method BuildVerb.main of <colcon_core.verb.build.BuildVerb object at 0x7f22ff2faa70>>)
[0.804s] Level 1:colcon.colcon_core.package_discovery:discover_packages(colcon_meta) check parameters
[0.804s] Level 1:colcon.colcon_core.package_discovery:discover_packages(recursive) check parameters
[0.804s] Level 1:colcon.colcon_core.package_discovery:discover_packages(ignore) check parameters
[0.804s] Level 1:colcon.colcon_core.package_discovery:discover_packages(path) check parameters
[0.804s] Level 1:colcon.colcon_core.package_discovery:discover_packages(colcon_meta) discover
[0.804s] Level 1:colcon.colcon_core.package_discovery:discover_packages(recursive) discover
[0.804s] INFO:colcon.colcon_core.package_discovery:Crawling recursively for packages in '/home/adam/Desktop/sdp-team-12'
[0.805s] Level 1:colcon.colcon_core.package_identification:_identify(.) by extensions ['ignore', 'ignore_ament_install']
[0.805s] Level 1:colcon.colcon_core.package_identification:_identify(.) by extension 'ignore'
[0.805s] Level 1:colcon.colcon_core.package_identification:_identify(.) by extension 'ignore_ament_install'
[0.805s] Level 1:colcon.colcon_core.package_identification:_identify(.) by extensions ['colcon_pkg']
[0.805s] Level 1:colcon.colcon_core.package_identification:_identify(.) by extension 'colcon_pkg'
[0.805s] Level 1:colcon.colcon_core.package_identification:_identify(.) by extensions ['colcon_meta']
[0.805s] Level 1:colcon.colcon_core.package_identification:_identify(.) by extension 'colcon_meta'
[0.805s] Level 1:colcon.colcon_core.package_identification:_identify(.) by extensions ['ros']
[0.805s] Level 1:colcon.colcon_core.package_identification:_identify(.) by extension 'ros'
[0.812s] Level 1:colcon.colcon_core.package_identification:_identify(.) by extensions ['cmake', 'python']
[0.812s] Level 1:colcon.colcon_core.package_identification:_identify(.) by extension 'cmake'
[0.812s] Level 1:colcon.colcon_core.package_identification:_identify(.) by extension 'python'
[0.813s] Level 1:colcon.colcon_core.package_identification:_identify(.) by extensions ['python_setup_py']
[0.813s] Level 1:colcon.colcon_core.package_identification:_identify(.) by extension 'python_setup_py'
[0.813s] Level 1:colcon.colcon_core.package_identification:_identify(basic_mobile_robot) by extensions ['ignore', 'ignore_ament_install']
[0.813s] Level 1:colcon.colcon_core.package_identification:_identify(basic_mobile_robot) by extension 'ignore'
[0.813s] Level 1:colcon.colcon_core.package_identification:_identify(basic_mobile_robot) by extension 'ignore_ament_install'
[0.813s] Level 1:colcon.colcon_core.package_identification:_identify(basic_mobile_robot) by extensions ['colcon_pkg']
[0.813s] Level 1:colcon.colcon_core.package_identification:_identify(basic_mobile_robot) by extension 'colcon_pkg'
[0.813s] Level 1:colcon.colcon_core.package_identification:_identify(basic_mobile_robot) by extensions ['colcon_meta']
[0.813s] Level 1:colcon.colcon_core.package_identification:_identify(basic_mobile_robot) by extension 'colcon_meta'
[0.813s] Level 1:colcon.colcon_core.package_identification:_identify(basic_mobile_robot) by extensions ['ros']
[0.813s] Level 1:colcon.colcon_core.package_identification:_identify(basic_mobile_robot) by extension 'ros'
[0.815s] DEBUG:colcon.colcon_core.package_identification:Package 'basic_mobile_robot' with type 'ros.ament_cmake' and name 'basic_mobile_robot'
[0.815s] Level 1:colcon.colcon_core.package_identification:_identify(build) by extensions ['ignore', 'ignore_ament_install']
[0.815s] Level 1:colcon.colcon_core.package_identification:_identify(build) by extension 'ignore'
[0.815s] Level 1:colcon.colcon_core.package_identification:_identify(build) ignored
[0.816s] Level 1:colcon.colcon_core.package_identification:_identify(calibration) by extensions ['ignore', 'ignore_ament_install']
[0.816s] Level 1:colcon.colcon_core.package_identification:_identify(calibration) by extension 'ignore'
[0.816s] Level 1:colcon.colcon_core.package_identification:_identify(calibration) by extension 'ignore_ament_install'
[0.816s] Level 1:colcon.colcon_core.package_identification:_identify(calibration) by extensions ['colcon_pkg']
[0.816s] Level 1:colcon.colcon_core.package_identification:_identify(calibration) by extension 'colcon_pkg'
[0.816s] Level 1:colcon.colcon_core.package_identification:_identify(calibration) by extensions ['colcon_meta']
[0.816s] Level 1:colcon.colcon_core.package_identification:_identify(calibration) by extension 'colcon_meta'
[0.816s] Level 1:colcon.colcon_core.package_identification:_identify(calibration) by extensions ['ros']
[0.816s] Level 1:colcon.colcon_core.package_identification:_identify(calibration) by extension 'ros'
[0.816s] Level 1:colcon.colcon_core.package_identification:_identify(calibration) by extensions ['cmake', 'python']
[0.816s] Level 1:colcon.colcon_core.package_identification:_identify(calibration) by extension 'cmake'
[0.816s] Level 1:colcon.colcon_core.package_identification:_identify(calibration) by extension 'python'
[0.816s] Level 1:colcon.colcon_core.package_identification:_identify(calibration) by extensions ['python_setup_py']
[0.816s] Level 1:colcon.colcon_core.package_identification:_identify(calibration) by extension 'python_setup_py'
[0.816s] Level 1:colcon.colcon_core.package_identification:_identify(install) by extensions ['ignore', 'ignore_ament_install']
[0.816s] Level 1:colcon.colcon_core.package_identification:_identify(install) by extension 'ignore'
[0.816s] Level 1:colcon.colcon_core.package_identification:_identify(install) ignored
[0.817s] Level 1:colcon.colcon_core.package_identification:_identify(log) by extensions ['ignore', 'ignore_ament_install']
[0.817s] Level 1:colcon.colcon_core.package_identification:_identify(log) by extension 'ignore'
[0.817s] Level 1:colcon.colcon_core.package_identification:_identify(log) ignored
[0.817s] Level 1:colcon.colcon_core.package_identification:_identify(navigator) by extensions ['ignore', 'ignore_ament_install']
[0.817s] Level 1:colcon.colcon_core.package_identification:_identify(navigator) by extension 'ignore'
[0.817s] Level 1:colcon.colcon_core.package_identification:_identify(navigator) by extension 'ignore_ament_install'
[0.817s] Level 1:colcon.colcon_core.package_identification:_identify(navigator) by extensions ['colcon_pkg']
[0.817s] Level 1:colcon.colcon_core.package_identification:_identify(navigator) by extension 'colcon_pkg'
[0.817s] Level 1:colcon.colcon_core.package_identification:_identify(navigator) by extensions ['colcon_meta']
[0.817s] Level 1:colcon.colcon_core.package_identification:_identify(navigator) by extension 'colcon_meta'
[0.817s] Level 1:colcon.colcon_core.package_identification:_identify(navigator) by extensions ['ros']
[0.817s] Level 1:colcon.colcon_core.package_identification:_identify(navigator) by extension 'ros'
[0.818s] DEBUG:colcon.colcon_core.package_identification:Package 'navigator' with type 'ros.ament_python' and name 'navigator'
[0.818s] Level 1:colcon.colcon_core.package_identification:_identify(py_img_stream) by extensions ['ignore', 'ignore_ament_install']
[0.818s] Level 1:colcon.colcon_core.package_identification:_identify(py_img_stream) by extension 'ignore'
[0.818s] Level 1:colcon.colcon_core.package_identification:_identify(py_img_stream) by extension 'ignore_ament_install'
[0.818s] Level 1:colcon.colcon_core.package_identification:_identify(py_img_stream) by extensions ['colcon_pkg']
[0.818s] Level 1:colcon.colcon_core.package_identification:_identify(py_img_stream) by extension 'colcon_pkg'
[0.818s] Level 1:colcon.colcon_core.package_identification:_identify(py_img_stream) by extensions ['colcon_meta']
[0.818s] Level 1:colcon.colcon_core.package_identification:_identify(py_img_stream) by extension 'colcon_meta'
[0.818s] Level 1:colcon.colcon_core.package_identification:_identify(py_img_stream) by extensions ['ros']
[0.818s] Level 1:colcon.colcon_core.package_identification:_identify(py_img_stream) by extension 'ros'
[0.819s] DEBUG:colcon.colcon_core.package_identification:Package 'py_img_stream' with type 'ros.ament_python' and name 'py_img_stream'
[0.819s] Level 1:colcon.colcon_core.package_discovery:discover_packages(recursive) using defaults
[0.819s] Level 1:colcon.colcon_core.package_discovery:discover_packages(ignore) discover
[0.819s] Level 1:colcon.colcon_core.package_discovery:discover_packages(ignore) using defaults
[0.819s] Level 1:colcon.colcon_core.package_discovery:discover_packages(path) discover
[0.819s] Level 1:colcon.colcon_core.package_discovery:discover_packages(path) using defaults
[0.891s] Level 1:colcon.colcon_core.package_discovery:discover_packages(prefix_path) check parameters
[0.891s] Level 1:colcon.colcon_core.package_discovery:discover_packages(prefix_path) discover
[0.918s] DEBUG:colcon.colcon_installed_package_information.package_discovery:Found 4 installed packages in /home/adam/Desktop/sdp-team-12/install
[0.928s] DEBUG:colcon.colcon_installed_package_information.package_discovery:Found 389 installed packages in /opt/ros/humble
[0.930s] Level 1:colcon.colcon_core.package_discovery:discover_packages(prefix_path) using defaults
[1.031s] Level 5:colcon.colcon_core.verb:set package 'basic_mobile_robot' build argument 'cmake_args' from command line to 'None'
[1.032s] Level 5:colcon.colcon_core.verb:set package 'basic_mobile_robot' build argument 'cmake_target' from command line to 'None'
[1.032s] Level 5:colcon.colcon_core.verb:set package 'basic_mobile_robot' build argument 'cmake_target_skip_unavailable' from command line to 'False'
[1.032s] Level 5:colcon.colcon_core.verb:set package 'basic_mobile_robot' build argument 'cmake_clean_cache' from command line to 'False'
[1.032s] Level 5:colcon.colcon_core.verb:set package 'basic_mobile_robot' build argument 'cmake_clean_first' from command line to 'False'
[1.032s] Level 5:colcon.colcon_core.verb:set package 'basic_mobile_robot' build argument 'cmake_force_configure' from command line to 'False'
[1.032s] Level 5:colcon.colcon_core.verb:set package 'basic_mobile_robot' build argument 'ament_cmake_args' from command line to 'None'
[1.032s] Level 5:colcon.colcon_core.verb:set package 'basic_mobile_robot' build argument 'catkin_cmake_args' from command line to 'None'
[1.032s] Level 5:colcon.colcon_core.verb:set package 'basic_mobile_robot' build argument 'catkin_skip_building_tests' from command line to 'False'
[1.032s] DEBUG:colcon.colcon_core.verb:Building package 'basic_mobile_robot' with the following arguments: {'ament_cmake_args': None, 'build_base': '/home/adam/Desktop/sdp-team-12/build/basic_mobile_robot', 'catkin_cmake_args': None, 'catkin_skip_building_tests': False, 'cmake_args': None, 'cmake_clean_cache': False, 'cmake_clean_first': False, 'cmake_force_configure': False, 'cmake_target': None, 'cmake_target_skip_unavailable': False, 'install_base': '/home/adam/Desktop/sdp-team-12/install/basic_mobile_robot', 'merge_install': False, 'path': '/home/adam/Desktop/sdp-team-12/basic_mobile_robot', 'symlink_install': False, 'test_result_base': None}
[1.044s] Level 5:colcon.colcon_core.verb:set package 'navigator' build argument 'cmake_args' from command line to 'None'
[1.044s] Level 5:colcon.colcon_core.verb:set package 'navigator' build argument 'cmake_target' from command line to 'None'
[1.044s] Level 5:colcon.colcon_core.verb:set package 'navigator' build argument 'cmake_target_skip_unavailable' from command line to 'False'
[1.044s] Level 5:colcon.colcon_core.verb:set package 'navigator' build argument 'cmake_clean_cache' from command line to 'False'
[1.044s] Level 5:colcon.colcon_core.verb:set package 'navigator' build argument 'cmake_clean_first' from command line to 'False'
[1.044s] Level 5:colcon.colcon_core.verb:set package 'navigator' build argument 'cmake_force_configure' from command line to 'False'
[1.044s] Level 5:colcon.colcon_core.verb:set package 'navigator' build argument 'ament_cmake_args' from command line to 'None'
[1.044s] Level 5:colcon.colcon_core.verb:set package 'navigator' build argument 'catkin_cmake_args' from command line to 'None'
[1.044s] Level 5:colcon.colcon_core.verb:set package 'navigator' build argument 'catkin_skip_building_tests' from command line to 'False'
[1.044s] DEBUG:colcon.colcon_core.verb:Building package 'navigator' with the following arguments: {'ament_cmake_args': None, 'build_base': '/home/adam/Desktop/sdp-team-12/build/navigator', 'catkin_cmake_args': None, 'catkin_skip_building_tests': False, 'cmake_args': None, 'cmake_clean_cache': False, 'cmake_clean_first': False, 'cmake_force_configure': False, 'cmake_target': None, 'cmake_target_skip_unavailable': False, 'install_base': '/home/adam/Desktop/sdp-team-12/install/navigator', 'merge_install': False, 'path': '/home/adam/Desktop/sdp-team-12/navigator', 'symlink_install': False, 'test_result_base': None}
[1.054s] Level 5:colcon.colcon_core.verb:set package 'py_img_stream' build argument 'cmake_args' from command line to 'None'
[1.054s] Level 5:colcon.colcon_core.verb:set package 'py_img_stream' build argument 'cmake_target' from command line to 'None'
[1.054s] Level 5:colcon.colcon_core.verb:set package 'py_img_stream' build argument 'cmake_target_skip_unavailable' from command line to 'False'
[1.054s] Level 5:colcon.colcon_core.verb:set package 'py_img_stream' build argument 'cmake_clean_cache' from command line to 'False'
[1.054s] Level 5:colcon.colcon_core.verb:set package 'py_img_stream' build argument 'cmake_clean_first' from command line to 'False'
[1.054s] Level 5:colcon.colcon_core.verb:set package 'py_img_stream' build argument 'cmake_force_configure' from command line to 'False'
[1.054s] Level 5:colcon.colcon_core.verb:set package 'py_img_stream' build argument 'ament_cmake_args' from command line to 'None'
[1.054s] Level 5:colcon.colcon_core.verb:set package 'py_img_stream' build argument 'catkin_cmake_args' from command line to 'None'
[1.054s] Level 5:colcon.colcon_core.verb:set package 'py_img_stream' build argument 'catkin_skip_building_tests' from command line to 'False'
[1.054s] DEBUG:colcon.colcon_core.verb:Building package 'py_img_stream' with the following arguments: {'ament_cmake_args': None, 'build_base': '/home/adam/Desktop/sdp-team-12/build/py_img_stream', 'catkin_cmake_args': None, 'catkin_skip_building_tests': False, 'cmake_args': None, 'cmake_clean_cache': False, 'cmake_clean_first': False, 'cmake_force_configure': False, 'cmake_target': None, 'cmake_target_skip_unavailable': False, 'install_base': '/home/adam/Desktop/sdp-team-12/install/py_img_stream', 'merge_install': False, 'path': '/home/adam/Desktop/sdp-team-12/py_img_stream', 'symlink_install': False, 'test_result_base': None}
[1.067s] INFO:colcon.colcon_core.executor:Executing jobs using 'parallel' executor
[1.081s] DEBUG:colcon.colcon_parallel_executor.executor.parallel:run_until_complete
[1.081s] INFO:colcon.colcon_ros.task.ament_cmake.build:Building ROS package in '/home/adam/Desktop/sdp-team-12/basic_mobile_robot' with build type 'ament_cmake'
[1.081s] INFO:colcon.colcon_cmake.task.cmake.build:Building CMake package in '/home/adam/Desktop/sdp-team-12/basic_mobile_robot'
[1.094s] INFO:colcon.colcon_core.plugin_system:Skipping extension 'colcon_core.shell.bat': Not used on non-Windows systems
[1.095s] INFO:colcon.colcon_core.shell:Skip shell extension 'powershell' for command environment: Not usable outside of PowerShell
[1.095s] DEBUG:colcon.colcon_core.shell:Skip shell extension 'dsv' for command environment
[1.138s] INFO:colcon.colcon_ros.task.ament_python.build:Building ROS package in '/home/adam/Desktop/sdp-team-12/navigator' with build type 'ament_python'
[1.138s] Level 1:colcon.colcon_core.shell:create_environment_hook('navigator', 'ament_prefix_path')
[1.150s] INFO:colcon.colcon_core.shell:Creating environment hook '/home/adam/Desktop/sdp-team-12/install/navigator/share/navigator/hook/ament_prefix_path.ps1'
[1.151s] INFO:colcon.colcon_core.shell:Creating environment descriptor '/home/adam/Desktop/sdp-team-12/install/navigator/share/navigator/hook/ament_prefix_path.dsv'
[1.151s] INFO:colcon.colcon_core.shell:Creating environment hook '/home/adam/Desktop/sdp-team-12/install/navigator/share/navigator/hook/ament_prefix_path.sh'
[1.165s] INFO:colcon.colcon_core.shell:Skip shell extension 'powershell' for command environment: Not usable outside of PowerShell
[1.165s] DEBUG:colcon.colcon_core.shell:Skip shell extension 'dsv' for command environment
[1.211s] INFO:colcon.colcon_ros.task.ament_python.build:Building ROS package in '/home/adam/Desktop/sdp-team-12/py_img_stream' with build type 'ament_python'
[1.211s] Level 1:colcon.colcon_core.shell:create_environment_hook('py_img_stream', 'ament_prefix_path')
[1.224s] INFO:colcon.colcon_core.shell:Creating environment hook '/home/adam/Desktop/sdp-team-12/install/py_img_stream/share/py_img_stream/hook/ament_prefix_path.ps1'
[1.226s] INFO:colcon.colcon_core.shell:Creating environment descriptor '/home/adam/Desktop/sdp-team-12/install/py_img_stream/share/py_img_stream/hook/ament_prefix_path.dsv'
[1.226s] INFO:colcon.colcon_core.shell:Creating environment hook '/home/adam/Desktop/sdp-team-12/install/py_img_stream/share/py_img_stream/hook/ament_prefix_path.sh'
[1.238s] INFO:colcon.colcon_core.shell:Skip shell extension 'powershell' for command environment: Not usable outside of PowerShell
[1.238s] DEBUG:colcon.colcon_core.shell:Skip shell extension 'dsv' for command environment
[1.279s] DEBUG:colcon.colcon_core.event_handler.log_command:Invoking command in '/home/adam/Desktop/sdp-team-12/build/basic_mobile_robot': CMAKE_PREFIX_PATH=${CMAKE_PREFIX_PATH}:/home/adam/Desktop/sdp-team-12/install/py_img_stream:/home/adam/Desktop/sdp-team-12/install/navigator:/opt/ros/humble /usr/bin/cmake --build /home/adam/Desktop/sdp-team-12/build/basic_mobile_robot -- -j8 -l8
[1.530s] INFO:colcon.colcon_core.task.python.build:Building Python package in '/home/adam/Desktop/sdp-team-12/navigator'
[1.540s] INFO:colcon.colcon_core.shell:Skip shell extension 'powershell' for command environment: Not usable outside of PowerShell
[1.540s] DEBUG:colcon.colcon_core.shell:Skip shell extension 'dsv' for command environment
[1.783s] INFO:colcon.colcon_core.task.python.build:Building Python package in '/home/adam/Desktop/sdp-team-12/py_img_stream'
[1.796s] INFO:colcon.colcon_core.shell:Skip shell extension 'powershell' for command environment: Not usable outside of PowerShell
[1.796s] DEBUG:colcon.colcon_core.shell:Skip shell extension 'dsv' for command environment
[1.835s] DEBUG:colcon.colcon_core.event_handler.log_command:Invoked command in '/home/adam/Desktop/sdp-team-12/build/basic_mobile_robot' returned '0': CMAKE_PREFIX_PATH=${CMAKE_PREFIX_PATH}:/home/adam/Desktop/sdp-team-12/install/py_img_stream:/home/adam/Desktop/sdp-team-12/install/navigator:/opt/ros/humble /usr/bin/cmake --build /home/adam/Desktop/sdp-team-12/build/basic_mobile_robot -- -j8 -l8
[1.863s] DEBUG:colcon.colcon_core.event_handler.log_command:Invoking command in '/home/adam/Desktop/sdp-team-12/build/basic_mobile_robot': CMAKE_PREFIX_PATH=${CMAKE_PREFIX_PATH}:/home/adam/Desktop/sdp-team-12/install/py_img_stream:/home/adam/Desktop/sdp-team-12/install/navigator:/opt/ros/humble /usr/bin/cmake --install /home/adam/Desktop/sdp-team-12/build/basic_mobile_robot
[1.883s] Level 1:colcon.colcon_core.environment:create_environment_scripts_only(basic_mobile_robot)
[1.897s] Level 1:colcon.colcon_core.environment:checking '/home/adam/Desktop/sdp-team-12/install/basic_mobile_robot' for CMake module files
[1.897s] Level 1:colcon.colcon_core.environment:checking '/home/adam/Desktop/sdp-team-12/install/basic_mobile_robot' for CMake config files
[1.897s] DEBUG:colcon.colcon_core.event_handler.log_command:Invoked command in '/home/adam/Desktop/sdp-team-12/build/basic_mobile_robot' returned '0': CMAKE_PREFIX_PATH=${CMAKE_PREFIX_PATH}:/home/adam/Desktop/sdp-team-12/install/py_img_stream:/home/adam/Desktop/sdp-team-12/install/navigator:/opt/ros/humble /usr/bin/cmake --install /home/adam/Desktop/sdp-team-12/build/basic_mobile_robot
[1.898s] Level 1:colcon.colcon_core.shell:create_environment_hook('basic_mobile_robot', 'cmake_prefix_path')
[1.913s] INFO:colcon.colcon_core.shell:Creating environment hook '/home/adam/Desktop/sdp-team-12/install/basic_mobile_robot/share/basic_mobile_robot/hook/cmake_prefix_path.ps1'
[1.913s] INFO:colcon.colcon_core.shell:Creating environment descriptor '/home/adam/Desktop/sdp-team-12/install/basic_mobile_robot/share/basic_mobile_robot/hook/cmake_prefix_path.dsv'
[1.914s] INFO:colcon.colcon_core.shell:Creating environment hook '/home/adam/Desktop/sdp-team-12/install/basic_mobile_robot/share/basic_mobile_robot/hook/cmake_prefix_path.sh'
[1.914s] Level 1:colcon.colcon_core.environment:checking '/home/adam/Desktop/sdp-team-12/install/basic_mobile_robot/bin'
[1.914s] Level 1:colcon.colcon_core.environment:checking '/home/adam/Desktop/sdp-team-12/install/basic_mobile_robot/lib/pkgconfig/basic_mobile_robot.pc'
[1.915s] Level 1:colcon.colcon_core.environment:checking '/home/adam/Desktop/sdp-team-12/install/basic_mobile_robot/lib/python3.10/site-packages'
[1.915s] Level 1:colcon.colcon_core.environment:checking '/home/adam/Desktop/sdp-team-12/install/basic_mobile_robot/bin'
[1.928s] INFO:colcon.colcon_core.shell:Creating package script '/home/adam/Desktop/sdp-team-12/install/basic_mobile_robot/share/basic_mobile_robot/package.ps1'
[1.929s] INFO:colcon.colcon_core.shell:Creating package descriptor '/home/adam/Desktop/sdp-team-12/install/basic_mobile_robot/share/basic_mobile_robot/package.dsv'
[1.929s] INFO:colcon.colcon_core.shell:Creating package script '/home/adam/Desktop/sdp-team-12/install/basic_mobile_robot/share/basic_mobile_robot/package.sh'
[1.930s] INFO:colcon.colcon_core.shell:Creating package script '/home/adam/Desktop/sdp-team-12/install/basic_mobile_robot/share/basic_mobile_robot/package.bash'
[1.930s] INFO:colcon.colcon_core.shell:Creating package script '/home/adam/Desktop/sdp-team-12/install/basic_mobile_robot/share/basic_mobile_robot/package.zsh'
[1.931s] Level 1:colcon.colcon_core.environment:create_file_with_runtime_dependencies(/home/adam/Desktop/sdp-team-12/install/basic_mobile_robot/share/colcon-core/packages/basic_mobile_robot)
[1.963s] Level 1:colcon.colcon_core.environment:create_environment_scripts_only(basic_mobile_robot)
[1.973s] Level 1:colcon.colcon_core.environment:checking '/home/adam/Desktop/sdp-team-12/install/basic_mobile_robot' for CMake module files
[1.974s] Level 1:colcon.colcon_core.environment:checking '/home/adam/Desktop/sdp-team-12/install/basic_mobile_robot' for CMake config files
[1.974s] Level 1:colcon.colcon_core.shell:create_environment_hook('basic_mobile_robot', 'cmake_prefix_path')
[1.989s] INFO:colcon.colcon_core.shell:Creating environment hook '/home/adam/Desktop/sdp-team-12/install/basic_mobile_robot/share/basic_mobile_robot/hook/cmake_prefix_path.ps1'
[1.989s] INFO:colcon.colcon_core.shell:Creating environment descriptor '/home/adam/Desktop/sdp-team-12/install/basic_mobile_robot/share/basic_mobile_robot/hook/cmake_prefix_path.dsv'
[1.990s] INFO:colcon.colcon_core.shell:Creating environment hook '/home/adam/Desktop/sdp-team-12/install/basic_mobile_robot/share/basic_mobile_robot/hook/cmake_prefix_path.sh'
[1.991s] Level 1:colcon.colcon_core.environment:checking '/home/adam/Desktop/sdp-team-12/install/basic_mobile_robot/bin'
[1.991s] Level 1:colcon.colcon_core.environment:checking '/home/adam/Desktop/sdp-team-12/install/basic_mobile_robot/lib/pkgconfig/basic_mobile_robot.pc'
[1.991s] Level 1:colcon.colcon_core.environment:checking '/home/adam/Desktop/sdp-team-12/install/basic_mobile_robot/lib/python3.10/site-packages'
[1.991s] Level 1:colcon.colcon_core.environment:checking '/home/adam/Desktop/sdp-team-12/install/basic_mobile_robot/bin'
[2.003s] INFO:colcon.colcon_core.shell:Creating package script '/home/adam/Desktop/sdp-team-12/install/basic_mobile_robot/share/basic_mobile_robot/package.ps1'
[2.004s] INFO:colcon.colcon_core.shell:Creating package descriptor '/home/adam/Desktop/sdp-team-12/install/basic_mobile_robot/share/basic_mobile_robot/package.dsv'
[2.005s] INFO:colcon.colcon_core.shell:Creating package script '/home/adam/Desktop/sdp-team-12/install/basic_mobile_robot/share/basic_mobile_robot/package.sh'
[2.005s] INFO:colcon.colcon_core.shell:Creating package script '/home/adam/Desktop/sdp-team-12/install/basic_mobile_robot/share/basic_mobile_robot/package.bash'
[2.005s] INFO:colcon.colcon_core.shell:Creating package script '/home/adam/Desktop/sdp-team-12/install/basic_mobile_robot/share/basic_mobile_robot/package.zsh'
[2.006s] Level 1:colcon.colcon_core.environment:create_file_with_runtime_dependencies(/home/adam/Desktop/sdp-team-12/install/basic_mobile_robot/share/colcon-core/packages/basic_mobile_robot)
[2.177s] DEBUG:colcon.colcon_core.event_handler.log_command:Invoking command in '/home/adam/Desktop/sdp-team-12/navigator': PYTHONPATH=/home/adam/Desktop/sdp-team-12/build/navigator/prefix_override:/home/adam/Desktop/sdp-team-12/install/navigator/lib/python3.10/site-packages:${PYTHONPATH} /usr/bin/python3 setup.py egg_info --egg-base ../build/navigator build --build-base /home/adam/Desktop/sdp-team-12/build/navigator/build install --record /home/adam/Desktop/sdp-team-12/build/navigator/install.log --single-version-externally-managed
[2.226s] DEBUG:colcon.colcon_core.event_handler.log_command:Invoking command in '/home/adam/Desktop/sdp-team-12/py_img_stream': PYTHONPATH=/home/adam/Desktop/sdp-team-12/build/py_img_stream/prefix_override:/home/adam/Desktop/sdp-team-12/install/py_img_stream/lib/python3.10/site-packages:${PYTHONPATH} /usr/bin/python3 setup.py egg_info --egg-base ../build/py_img_stream build --build-base /home/adam/Desktop/sdp-team-12/build/py_img_stream/build install --record /home/adam/Desktop/sdp-team-12/build/py_img_stream/install.log --single-version-externally-managed
[2.469s] DEBUG:colcon.colcon_core.event_handler.log_command:Invoked command in '/home/adam/Desktop/sdp-team-12/navigator' returned '0': PYTHONPATH=/home/adam/Desktop/sdp-team-12/build/navigator/prefix_override:/home/adam/Desktop/sdp-team-12/install/navigator/lib/python3.10/site-packages:${PYTHONPATH} /usr/bin/python3 setup.py egg_info --egg-base ../build/navigator build --build-base /home/adam/Desktop/sdp-team-12/build/navigator/build install --record /home/adam/Desktop/sdp-team-12/build/navigator/install.log --single-version-externally-managed
[2.480s] Level 1:colcon.colcon_core.environment:checking '/home/adam/Desktop/sdp-team-12/install/navigator' for CMake module files
[2.480s] Level 1:colcon.colcon_core.environment:checking '/home/adam/Desktop/sdp-team-12/install/navigator' for CMake config files
[2.481s] Level 1:colcon.colcon_core.environment:checking '/home/adam/Desktop/sdp-team-12/install/navigator/lib'
[2.481s] Level 1:colcon.colcon_core.environment:checking '/home/adam/Desktop/sdp-team-12/install/navigator/bin'
[2.481s] Level 1:colcon.colcon_core.environment:checking '/home/adam/Desktop/sdp-team-12/install/navigator/lib/pkgconfig/navigator.pc'
[2.481s] Level 1:colcon.colcon_core.environment:checking '/home/adam/Desktop/sdp-team-12/install/navigator/lib/python3.10/site-packages'
[2.481s] Level 1:colcon.colcon_core.shell:create_environment_hook('navigator', 'pythonpath')
[2.494s] INFO:colcon.colcon_core.shell:Creating environment hook '/home/adam/Desktop/sdp-team-12/install/navigator/share/navigator/hook/pythonpath.ps1'
[2.494s] INFO:colcon.colcon_core.shell:Creating environment descriptor '/home/adam/Desktop/sdp-team-12/install/navigator/share/navigator/hook/pythonpath.dsv'
[2.495s] INFO:colcon.colcon_core.shell:Creating environment hook '/home/adam/Desktop/sdp-team-12/install/navigator/share/navigator/hook/pythonpath.sh'
[2.496s] Level 1:colcon.colcon_core.environment:checking '/home/adam/Desktop/sdp-team-12/install/navigator/bin'
[2.496s] Level 1:colcon.colcon_core.environment:create_environment_scripts_only(navigator)
[2.507s] INFO:colcon.colcon_core.shell:Creating package script '/home/adam/Desktop/sdp-team-12/install/navigator/share/navigator/package.ps1'
[2.508s] INFO:colcon.colcon_core.shell:Creating package descriptor '/home/adam/Desktop/sdp-team-12/install/navigator/share/navigator/package.dsv'
[2.508s] INFO:colcon.colcon_core.shell:Creating package script '/home/adam/Desktop/sdp-team-12/install/navigator/share/navigator/package.sh'
[2.509s] INFO:colcon.colcon_core.shell:Creating package script '/home/adam/Desktop/sdp-team-12/install/navigator/share/navigator/package.bash'
[2.509s] INFO:colcon.colcon_core.shell:Creating package script '/home/adam/Desktop/sdp-team-12/install/navigator/share/navigator/package.zsh'
[2.510s] Level 1:colcon.colcon_core.environment:create_file_with_runtime_dependencies(/home/adam/Desktop/sdp-team-12/install/navigator/share/colcon-core/packages/navigator)
[2.511s] DEBUG:colcon.colcon_core.event_handler.log_command:Invoked command in '/home/adam/Desktop/sdp-team-12/py_img_stream' returned '0': PYTHONPATH=/home/adam/Desktop/sdp-team-12/build/py_img_stream/prefix_override:/home/adam/Desktop/sdp-team-12/install/py_img_stream/lib/python3.10/site-packages:${PYTHONPATH} /usr/bin/python3 setup.py egg_info --egg-base ../build/py_img_stream build --build-base /home/adam/Desktop/sdp-team-12/build/py_img_stream/build install --record /home/adam/Desktop/sdp-team-12/build/py_img_stream/install.log --single-version-externally-managed
[2.522s] Level 1:colcon.colcon_core.environment:checking '/home/adam/Desktop/sdp-team-12/install/py_img_stream' for CMake module files
[2.522s] Level 1:colcon.colcon_core.environment:checking '/home/adam/Desktop/sdp-team-12/install/py_img_stream' for CMake config files
[2.523s] Level 1:colcon.colcon_core.environment:checking '/home/adam/Desktop/sdp-team-12/install/py_img_stream/lib'
[2.523s] Level 1:colcon.colcon_core.environment:checking '/home/adam/Desktop/sdp-team-12/install/py_img_stream/bin'
[2.523s] Level 1:colcon.colcon_core.environment:checking '/home/adam/Desktop/sdp-team-12/install/py_img_stream/lib/pkgconfig/py_img_stream.pc'
[2.523s] Level 1:colcon.colcon_core.environment:checking '/home/adam/Desktop/sdp-team-12/install/py_img_stream/lib/python3.10/site-packages'
[2.523s] Level 1:colcon.colcon_core.shell:create_environment_hook('py_img_stream', 'pythonpath')
[2.539s] INFO:colcon.colcon_core.shell:Creating environment hook '/home/adam/Desktop/sdp-team-12/install/py_img_stream/share/py_img_stream/hook/pythonpath.ps1'
[2.540s] INFO:colcon.colcon_core.shell:Creating environment descriptor '/home/adam/Desktop/sdp-team-12/install/py_img_stream/share/py_img_stream/hook/pythonpath.dsv'
[2.540s] INFO:colcon.colcon_core.shell:Creating environment hook '/home/adam/Desktop/sdp-team-12/install/py_img_stream/share/py_img_stream/hook/pythonpath.sh'
[2.541s] Level 1:colcon.colcon_core.environment:checking '/home/adam/Desktop/sdp-team-12/install/py_img_stream/bin'
[2.541s] Level 1:colcon.colcon_core.environment:create_environment_scripts_only(py_img_stream)
[2.554s] INFO:colcon.colcon_core.shell:Creating package script '/home/adam/Desktop/sdp-team-12/install/py_img_stream/share/py_img_stream/package.ps1'
[2.555s] INFO:colcon.colcon_core.shell:Creating package descriptor '/home/adam/Desktop/sdp-team-12/install/py_img_stream/share/py_img_stream/package.dsv'
[2.555s] INFO:colcon.colcon_core.shell:Creating package script '/home/adam/Desktop/sdp-team-12/install/py_img_stream/share/py_img_stream/package.sh'
[2.555s] INFO:colcon.colcon_core.shell:Creating package script '/home/adam/Desktop/sdp-team-12/install/py_img_stream/share/py_img_stream/package.bash'
[2.556s] INFO:colcon.colcon_core.shell:Creating package script '/home/adam/Desktop/sdp-team-12/install/py_img_stream/share/py_img_stream/package.zsh'
[2.556s] Level 1:colcon.colcon_core.environment:create_file_with_runtime_dependencies(/home/adam/Desktop/sdp-team-12/install/py_img_stream/share/colcon-core/packages/py_img_stream)
[2.556s] DEBUG:colcon.colcon_parallel_executor.executor.parallel:closing loop
[2.556s] DEBUG:colcon.colcon_parallel_executor.executor.parallel:loop closed
[2.556s] DEBUG:colcon.colcon_parallel_executor.executor.parallel:run_until_complete finished with '0'
[2.556s] DEBUG:colcon.colcon_core.event_reactor:joining thread
[2.574s] INFO:colcon.colcon_core.plugin_system:Skipping extension 'colcon_notification.desktop_notification.terminal_notifier': Not used on non-Darwin systems
[2.574s] INFO:colcon.colcon_core.plugin_system:Skipping extension 'colcon_notification.desktop_notification.win32': Not used on non-Windows systems
[2.574s] INFO:colcon.colcon_notification.desktop_notification:Sending desktop notification using 'notify2'
[2.588s] DEBUG:colcon.colcon_core.event_reactor:joined thread
[2.601s] INFO:colcon.colcon_core.shell:Creating prefix script '/home/adam/Desktop/sdp-team-12/install/local_setup.ps1'
[2.602s] INFO:colcon.colcon_core.shell:Creating prefix util module '/home/adam/Desktop/sdp-team-12/install/_local_setup_util_ps1.py'
[2.603s] INFO:colcon.colcon_core.shell:Creating prefix chain script '/home/adam/Desktop/sdp-team-12/install/setup.ps1'
[2.615s] INFO:colcon.colcon_core.shell:Creating prefix script '/home/adam/Desktop/sdp-team-12/install/local_setup.sh'
[2.616s] INFO:colcon.colcon_core.shell:Creating prefix util module '/home/adam/Desktop/sdp-team-12/install/_local_setup_util_sh.py'
[2.616s] INFO:colcon.colcon_core.shell:Creating prefix chain script '/home/adam/Desktop/sdp-team-12/install/setup.sh'
[2.631s] INFO:colcon.colcon_core.shell:Creating prefix script '/home/adam/Desktop/sdp-team-12/install/local_setup.bash'
[2.631s] INFO:colcon.colcon_core.shell:Creating prefix chain script '/home/adam/Desktop/sdp-team-12/install/setup.bash'
[2.645s] INFO:colcon.colcon_core.shell:Creating prefix script '/home/adam/Desktop/sdp-team-12/install/local_setup.zsh'
[2.645s] INFO:colcon.colcon_core.shell:Creating prefix chain script '/home/adam/Desktop/sdp-team-12/install/setup.zsh'
