[0.072s] Invoking command in '/home/adam/Desktop/sdp-team-12/control_ws/build/serial': CMAKE_PREFIX_PATH=${CMAKE_PREFIX_PATH}:/opt/ros/humble /usr/bin/cmake --build /home/adam/Desktop/sdp-team-12/control_ws/build/serial -- -j8 -l8
[0.132s] [ 28%] Built target gtest_main
[0.132s] [ 28%] Built target gtest
[0.133s] [ 57%] Built target serial
[0.164s] [ 71%] Built target serial-test
[0.164s] [ 85%] Built target serial-test-timer
[0.165s] [100%] Built target serial_example
[0.179s] Invoked command in '/home/adam/Desktop/sdp-team-12/control_ws/build/serial' returned '0': CMAKE_PREFIX_PATH=${CMAKE_PREFIX_PATH}:/opt/ros/humble /usr/bin/cmake --build /home/adam/Desktop/sdp-team-12/control_ws/build/serial -- -j8 -l8
[0.231s] Invoking command in '/home/adam/Desktop/sdp-team-12/control_ws/build/serial': CMAKE_PREFIX_PATH=${CMAKE_PREFIX_PATH}:/opt/ros/humble /usr/bin/cmake --install /home/adam/Desktop/sdp-team-12/control_ws/build/serial
[0.242s] -- Install configuration: ""
[0.243s] -- Execute custom install script
[0.244s] -- Up-to-date symlink: /home/adam/Desktop/sdp-team-12/control_ws/install/serial/lib/libserial.a
[0.244s] -- Up-to-date symlink: /home/adam/Desktop/sdp-team-12/control_ws/install/serial/include/serial/serial.h
[0.244s] -- Up-to-date symlink: /home/adam/Desktop/sdp-team-12/control_ws/install/serial/include/serial/v8stdint.h
[0.244s] -- Up-to-date symlink: /home/adam/Desktop/sdp-team-12/control_ws/install/serial/share/serial/environment/library_path.sh
[0.244s] -- Up-to-date symlink: /home/adam/Desktop/sdp-team-12/control_ws/install/serial/share/serial/environment/library_path.dsv
[0.244s] -- Up-to-date symlink: /home/adam/Desktop/sdp-team-12/control_ws/install/serial/share/ament_index/resource_index/package_run_dependencies/serial
[0.245s] -- Up-to-date symlink: /home/adam/Desktop/sdp-team-12/control_ws/install/serial/share/ament_index/resource_index/parent_prefix_path/serial
[0.246s] -- Up-to-date symlink: /home/adam/Desktop/sdp-team-12/control_ws/install/serial/share/serial/environment/ament_prefix_path.sh
[0.246s] -- Up-to-date symlink: /home/adam/Desktop/sdp-team-12/control_ws/install/serial/share/serial/environment/ament_prefix_path.dsv
[0.246s] -- Up-to-date symlink: /home/adam/Desktop/sdp-team-12/control_ws/install/serial/share/serial/environment/path.sh
[0.246s] -- Up-to-date symlink: /home/adam/Desktop/sdp-team-12/control_ws/install/serial/share/serial/environment/path.dsv
[0.246s] -- Up-to-date symlink: /home/adam/Desktop/sdp-team-12/control_ws/install/serial/share/serial/local_setup.bash
[0.246s] -- Up-to-date symlink: /home/adam/Desktop/sdp-team-12/control_ws/install/serial/share/serial/local_setup.sh
[0.247s] -- Up-to-date symlink: /home/adam/Desktop/sdp-team-12/control_ws/install/serial/share/serial/local_setup.zsh
[0.247s] -- Up-to-date symlink: /home/adam/Desktop/sdp-team-12/control_ws/install/serial/share/serial/local_setup.dsv
[0.247s] -- Symlinking: /home/adam/Desktop/sdp-team-12/control_ws/install/serial/share/serial/package.dsv
[0.250s] -- Up-to-date symlink: /home/adam/Desktop/sdp-team-12/control_ws/install/serial/share/ament_index/resource_index/packages/serial
[0.251s] -- Up-to-date symlink: /home/adam/Desktop/sdp-team-12/control_ws/install/serial/share/serial/cmake/ament_cmake_export_include_directories-extras.cmake
[0.251s] -- Up-to-date symlink: /home/adam/Desktop/sdp-team-12/control_ws/install/serial/share/serial/cmake/ament_cmake_export_libraries-extras.cmake
[0.251s] -- Up-to-date symlink: /home/adam/Desktop/sdp-team-12/control_ws/install/serial/share/serial/cmake/serialConfig.cmake
[0.251s] -- Up-to-date symlink: /home/adam/Desktop/sdp-team-12/control_ws/install/serial/share/serial/cmake/serialConfig-version.cmake
[0.251s] -- Up-to-date symlink: /home/adam/Desktop/sdp-team-12/control_ws/install/serial/share/serial/package.xml
[0.337s] Invoked command in '/home/adam/Desktop/sdp-team-12/control_ws/build/serial' returned '0': CMAKE_PREFIX_PATH=${CMAKE_PREFIX_PATH}:/opt/ros/humble /usr/bin/cmake --install /home/adam/Desktop/sdp-team-12/control_ws/build/serial
