[0.215s] Invoking command in '/home/adam/Desktop/sdp-team-12/build/basic_mobile_robot': CMAKE_PREFIX_PATH=${CMAKE_PREFIX_PATH}:/home/adam/Desktop/sdp-team-12/install/py_serial:/home/adam/Desktop/sdp-team-12/install/py_img_stream:/home/adam/Desktop/sdp-team-12/install/navigator:/opt/ros/humble /usr/bin/cmake /home/adam/Desktop/sdp-team-12/basic_mobile_robot -DCMAKE_INSTALL_PREFIX=/home/adam/Desktop/sdp-team-12/install/basic_mobile_robot
[0.671s] -- The C compiler identification is GNU 11.4.0
[0.671s] -- The CXX compiler identification is GNU 11.4.0
[0.671s] -- Detecting C compiler ABI info
[0.671s] -- Detecting C compiler ABI info - done
[0.671s] -- Check for working C compiler: /usr/bin/cc - skipped
[0.671s] -- Detecting C compile features
[0.671s] -- Detecting C compile features - done
[0.671s] -- Detecting CXX compiler ABI info
[0.671s] -- Detecting CXX compiler ABI info - done
[0.672s] -- Check for working CXX compiler: /usr/bin/c++ - skipped
[0.672s] -- Detecting CXX compile features
[0.672s] -- Detecting CXX compile features - done
[0.672s] -- Found ament_cmake: 1.3.5 (/opt/ros/humble/share/ament_cmake/cmake)
[0.672s] -- Found Python3: /usr/bin/python3.10 (found version "3.10.12") found components: Interpreter 
[0.713s] -- Found rclpy: 3.3.10 (/opt/ros/humble/share/rclpy/cmake)
[0.715s] -- Found rclcpp: 16.0.6 (/opt/ros/humble/share/rclcpp/cmake)
[0.765s] -- Found rosidl_generator_c: 3.1.5 (/opt/ros/humble/share/rosidl_generator_c/cmake)
[0.770s] -- Found rosidl_adapter: 3.1.5 (/opt/ros/humble/share/rosidl_adapter/cmake)
[0.798s] -- Found rosidl_generator_cpp: 3.1.5 (/opt/ros/humble/share/rosidl_generator_cpp/cmake)
[0.810s] -- Using all available rosidl_typesupport_c: rosidl_typesupport_fastrtps_c;rosidl_typesupport_introspection_c
[0.826s] -- Using all available rosidl_typesupport_cpp: rosidl_typesupport_fastrtps_cpp;rosidl_typesupport_introspection_cpp
[0.884s] -- Found rmw_implementation_cmake: 6.1.1 (/opt/ros/humble/share/rmw_implementation_cmake/cmake)
[0.886s] -- Found rmw_fastrtps_cpp: 6.2.4 (/opt/ros/humble/share/rmw_fastrtps_cpp/cmake)
[0.968s] -- Found OpenSSL: /usr/lib/x86_64-linux-gnu/libcrypto.so (found version "3.0.2")  
[0.991s] -- Found FastRTPS: /opt/ros/humble/include  
[1.028s] -- Using RMW implementation 'rmw_fastrtps_cpp' as default
[1.038s] -- Looking for pthread.h
[1.094s] -- Looking for pthread.h - found
[1.094s] -- Performing Test CMAKE_HAVE_LIBC_PTHREAD
[1.151s] -- Performing Test CMAKE_HAVE_LIBC_PTHREAD - Success
[1.151s] -- Found Threads: TRUE  
[1.317s] -- Found geometry_msgs: 4.2.3 (/opt/ros/humble/share/geometry_msgs/cmake)
[1.352s] -- Found nav2_msgs: 1.1.12 (/opt/ros/humble/share/nav2_msgs/cmake)
[1.610s] -- Found sensor_msgs: 4.2.3 (/opt/ros/humble/share/sensor_msgs/cmake)
[1.689s] -- Checking for module 'eigen3'
[1.698s] --   Found eigen3, version 3.4.0
[1.720s] -- Found Eigen: /usr/include/eigen3 (Required is at least version "3.1") 
[1.720s] -- Eigen found (include: /usr/include/eigen3, version: 3.4.0)
[1.742s] -- Found Boost: /usr/lib/x86_64-linux-gnu/cmake/Boost-1.74.0/BoostConfig.cmake (found suitable version "1.74.0", minimum required is "1.65.0") found components: system filesystem date_time iostreams serialization 
[1.754s] -- Checking for module 'flann'
[1.763s] --   Found flann, version 1.9.1
[1.795s] -- Found FLANN: /usr/lib/x86_64-linux-gnu/libflann_cpp.so  
[1.795s] -- FLANN found (include: /usr/include, lib: /usr/lib/x86_64-linux-gnu/libflann_cpp.so)
[1.822s] -- Found GLEW: /usr/lib/x86_64-linux-gnu/libGLEW.so  
[1.828s] -- Found OpenGL: /usr/lib/x86_64-linux-gnu/libOpenGL.so  found components: OpenGL GLX 
[1.939s] -- Found MPI_C: /usr/lib/x86_64-linux-gnu/libmpi.so (found version "3.1") 
[1.939s] -- Found MPI: TRUE (found version "3.1") found components: C 
[1.942s] -- Found JsonCpp: /usr/lib/x86_64-linux-gnu/libjsoncpp.so (found suitable version "1.9.5", minimum required is "0.7.0") 
[1.948s] -- Found ZLIB: /usr/lib/x86_64-linux-gnu/libz.so (found version "1.2.11") 
[1.960s] -- Found PNG: /usr/lib/x86_64-linux-gnu/libpng.so (found version "1.6.37") 
[1.973s] -- Found Eigen3: /usr/include/eigen3 (found version "3.4.0") 
[2.034s] -- Found X11: /usr/include   
[2.034s] -- Looking for XOpenDisplay in /usr/lib/x86_64-linux-gnu/libX11.so;/usr/lib/x86_64-linux-gnu/libXext.so
[2.090s] -- Looking for XOpenDisplay in /usr/lib/x86_64-linux-gnu/libX11.so;/usr/lib/x86_64-linux-gnu/libXext.so - found
[2.090s] -- Looking for gethostbyname
[2.167s] -- Looking for gethostbyname - found
[2.167s] -- Looking for connect
[2.218s] -- Looking for connect - found
[2.218s] -- Looking for remove
[2.270s] -- Looking for remove - found
[2.270s] -- Looking for shmat
[2.317s] -- Looking for shmat - found
[2.318s] -- Looking for IceConnectionNumber in ICE
[2.367s] -- Looking for IceConnectionNumber in ICE - found
[2.425s] -- Found EXPAT: /usr/lib/x86_64-linux-gnu/libexpat.so (found version "2.4.7") 
[2.426s] -- Found double-conversion: /usr/lib/x86_64-linux-gnu/libdouble-conversion.so  
[2.428s] -- Found LZ4: /usr/lib/x86_64-linux-gnu/liblz4.so (found version "1.9.3") 
[2.430s] -- Found LZMA: /usr/lib/x86_64-linux-gnu/liblzma.so (found version "5.2.5") 
[2.471s] -- Found JPEG: /usr/lib/x86_64-linux-gnu/libjpeg.so (found version "80") 
[2.475s] -- Found TIFF: /usr/lib/x86_64-linux-gnu/libtiff.so (found version "4.3.0")  
[2.478s] -- Found Freetype: /usr/lib/x86_64-linux-gnu/libfreetype.so (found version "2.11.1") 
[2.482s] -- Found utf8cpp: /usr/include/utf8cpp  
[2.537s] -- Checking for module 'libusb-1.0'
[2.546s] --   Found libusb-1.0, version 1.0.25
[2.579s] -- Found libusb: /usr/lib/x86_64-linux-gnu/libusb-1.0.so  
[2.580s] -- Found OpenNI: /usr/lib/libOpenNI.so;libusb::libusb (found version "1.5.4.0") 
[2.580s] -- OpenNI found (version: 1.5.4.0, include: /usr/include/ni, lib: /usr/lib/libOpenNI.so;libusb::libusb)
[2.639s] -- Found OpenNI2: /usr/lib/x86_64-linux-gnu/libOpenNI2.so;libusb::libusb (found version "2.2.0.33") 
[2.640s] -- OpenNI2 found (version: 2.2.0.33, include: /usr/include/openni2, lib: /usr/lib/x86_64-linux-gnu/libOpenNI2.so;libusb::libusb)
[2.640s] [0m** WARNING ** io features related to pcap will be disabled[0m
[2.745s] -- Eigen found (include: /usr/include/eigen3, version: 3.4.0)
[2.749s] -- OpenNI found (version: 1.5.4.0, include: /usr/include/ni, lib: /usr/lib/libOpenNI.so;libusb::libusb)
[2.754s] -- OpenNI2 found (version: 2.2.0.33, include: /usr/include/openni2, lib: /usr/lib/x86_64-linux-gnu/libOpenNI2.so;libusb::libusb)
[2.859s] -- Found Qhull version 8.0.2
[2.959s] -- OpenNI found (version: 1.5.4.0, include: /usr/include/ni, lib: /usr/lib/libOpenNI.so;libusb::libusb)
[3.057s] -- looking for PCL_COMMON
[3.058s] -- Found PCL_COMMON: /usr/lib/x86_64-linux-gnu/libpcl_common.so  
[3.058s] -- looking for PCL_KDTREE
[3.058s] -- Found PCL_KDTREE: /usr/lib/x86_64-linux-gnu/libpcl_kdtree.so  
[3.058s] -- looking for PCL_OCTREE
[3.066s] -- Found PCL_OCTREE: /usr/lib/x86_64-linux-gnu/libpcl_octree.so  
[3.066s] -- looking for PCL_SEARCH
[3.066s] -- Found PCL_SEARCH: /usr/lib/x86_64-linux-gnu/libpcl_search.so  
[3.066s] -- looking for PCL_SAMPLE_CONSENSUS
[3.067s] -- Found PCL_SAMPLE_CONSENSUS: /usr/lib/x86_64-linux-gnu/libpcl_sample_consensus.so  
[3.067s] -- looking for PCL_FILTERS
[3.067s] -- Found PCL_FILTERS: /usr/lib/x86_64-linux-gnu/libpcl_filters.so  
[3.068s] -- looking for PCL_2D
[3.068s] -- Found PCL_2D: /usr/include/pcl-1.12  
[3.068s] -- looking for PCL_GEOMETRY
[3.068s] -- Found PCL_GEOMETRY: /usr/include/pcl-1.12  
[3.068s] -- looking for PCL_IO
[3.069s] -- Found PCL_IO: /usr/lib/x86_64-linux-gnu/libpcl_io.so  
[3.069s] -- looking for PCL_FEATURES
[3.070s] -- Found PCL_FEATURES: /usr/lib/x86_64-linux-gnu/libpcl_features.so  
[3.070s] -- looking for PCL_ML
[3.070s] -- Found PCL_ML: /usr/lib/x86_64-linux-gnu/libpcl_ml.so  
[3.070s] -- looking for PCL_SEGMENTATION
[3.071s] -- Found PCL_SEGMENTATION: /usr/lib/x86_64-linux-gnu/libpcl_segmentation.so  
[3.071s] -- looking for PCL_VISUALIZATION
[3.072s] -- Found PCL_VISUALIZATION: /usr/lib/x86_64-linux-gnu/libpcl_visualization.so  
[3.072s] -- looking for PCL_SURFACE
[3.072s] -- Found PCL_SURFACE: /usr/lib/x86_64-linux-gnu/libpcl_surface.so  
[3.073s] -- looking for PCL_REGISTRATION
[3.073s] -- Found PCL_REGISTRATION: /usr/lib/x86_64-linux-gnu/libpcl_registration.so  
[3.073s] -- looking for PCL_KEYPOINTS
[3.074s] -- Found PCL_KEYPOINTS: /usr/lib/x86_64-linux-gnu/libpcl_keypoints.so  
[3.074s] -- looking for PCL_TRACKING
[3.075s] -- Found PCL_TRACKING: /usr/lib/x86_64-linux-gnu/libpcl_tracking.so  
[3.075s] -- looking for PCL_RECOGNITION
[3.075s] -- Found PCL_RECOGNITION: /usr/lib/x86_64-linux-gnu/libpcl_recognition.so  
[3.075s] -- looking for PCL_STEREO
[3.076s] -- Found PCL_STEREO: /usr/lib/x86_64-linux-gnu/libpcl_stereo.so  
[3.076s] -- looking for PCL_APPS
[3.077s] -- Found PCL_APPS: /usr/lib/x86_64-linux-gnu/libpcl_apps.so  
[3.077s] -- looking for PCL_IN_HAND_SCANNER
[3.077s] -- Found PCL_IN_HAND_SCANNER: /usr/include/pcl-1.12  
[3.077s] -- looking for PCL_MODELER
[3.077s] -- Found PCL_MODELER: /usr/include/pcl-1.12  
[3.077s] -- looking for PCL_POINT_CLOUD_EDITOR
[3.078s] -- Found PCL_POINT_CLOUD_EDITOR: /usr/include/pcl-1.12  
[3.078s] -- looking for PCL_OUTOFCORE
[3.078s] -- Found PCL_OUTOFCORE: /usr/lib/x86_64-linux-gnu/libpcl_outofcore.so  
[3.079s] -- looking for PCL_PEOPLE
[3.079s] -- Found PCL_PEOPLE: /usr/lib/x86_64-linux-gnu/libpcl_people.so  
[3.080s] -- Found PCL: pcl_common;pcl_kdtree;pcl_octree;pcl_search;pcl_sample_consensus;pcl_filters;pcl_io;pcl_features;pcl_ml;pcl_segmentation;pcl_visualization;pcl_surface;pcl_registration;pcl_keypoints;pcl_tracking;pcl_recognition;pcl_stereo;pcl_apps;pcl_outofcore;pcl_people;Boost::system;Boost::filesystem;Boost::date_time;Boost::iostreams;Boost::serialization;/usr/lib/libOpenNI.so;libusb::libusb;/usr/lib/x86_64-linux-gnu/libOpenNI2.so;libusb::libusb;VTK::ChartsCore;VTK::CommonColor;VTK::CommonComputationalGeometry;VTK::CommonCore;VTK::CommonDataModel;VTK::CommonExecutionModel;VTK::CommonMath;VTK::CommonMisc;VTK::CommonTransforms;VTK::FiltersCore;VTK::FiltersExtraction;VTK::FiltersGeneral;VTK::FiltersGeometry;VTK::FiltersModeling;VTK::FiltersSources;VTK::ImagingCore;VTK::ImagingSources;VTK::InteractionImage;VTK::InteractionStyle;VTK::InteractionWidgets;VTK::IOCore;VTK::IOGeometry;VTK::IOImage;VTK::IOLegacy;VTK::IOPLY;VTK::RenderingAnnotation;VTK::RenderingCore;VTK::RenderingContext2D;VTK::RenderingLOD;VTK::RenderingFreeType;VTK::ViewsCore;VTK::ViewsContext2D;VTK::RenderingOpenGL2;VTK::GUISupportQt;FLANN::FLANN;QHULL::QHULL  
[3.087s] -- Found laser_geometry: 2.4.0 (/opt/ros/humble/share/laser_geometry/cmake)
[3.110s] -- Found pcl_conversions: 2.4.0 (/opt/ros/humble/share/pcl_conversions/cmake)
[3.202s] -- Found tf2_eigen: 0.25.4 (/opt/ros/humble/share/tf2_eigen/cmake)
[3.445s] -- Found ament_lint_auto: 0.12.8 (/opt/ros/humble/share/ament_lint_auto/cmake)
[3.506s] -- Added test 'cppcheck' to perform static code analysis on C / C++ code
[3.507s] -- Configured cppcheck include dirs: /home/adam/Desktop/sdp-team-12/basic_mobile_robot/include;$<BUILD_INTERFACE:/home/adam/Desktop/sdp-team-12/basic_mobile_robot/include>
[3.507s] -- Configured cppcheck exclude dirs and/or files: 
[3.507s] -- Added test 'flake8' to check Python code syntax and style conventions
[3.508s] -- Added test 'lint_cmake' to check CMake code style
[3.508s] -- Added test 'pep257' to check Python code against some of the docstring style conventions in PEP 257
[3.510s] -- Added test 'uncrustify' to check C / C++ code style
[3.510s] -- Configured uncrustify additional arguments: 
[3.511s] -- Added test 'xmllint' to check XML markup files
[3.512s] -- Configuring done
[3.554s] -- Generating done
[3.556s] -- Build files have been written to: /home/adam/Desktop/sdp-team-12/build/basic_mobile_robot
[3.571s] Invoked command in '/home/adam/Desktop/sdp-team-12/build/basic_mobile_robot' returned '0': CMAKE_PREFIX_PATH=${CMAKE_PREFIX_PATH}:/home/adam/Desktop/sdp-team-12/install/py_serial:/home/adam/Desktop/sdp-team-12/install/py_img_stream:/home/adam/Desktop/sdp-team-12/install/navigator:/opt/ros/humble /usr/bin/cmake /home/adam/Desktop/sdp-team-12/basic_mobile_robot -DCMAKE_INSTALL_PREFIX=/home/adam/Desktop/sdp-team-12/install/basic_mobile_robot
[3.572s] Invoking command in '/home/adam/Desktop/sdp-team-12/build/basic_mobile_robot': CMAKE_PREFIX_PATH=${CMAKE_PREFIX_PATH}:/home/adam/Desktop/sdp-team-12/install/py_serial:/home/adam/Desktop/sdp-team-12/install/py_img_stream:/home/adam/Desktop/sdp-team-12/install/navigator:/opt/ros/humble /usr/bin/cmake --build /home/adam/Desktop/sdp-team-12/build/basic_mobile_robot -- -j8 -l8
[3.615s] [ 66%] [32mBuilding CXX object CMakeFiles/lidar_odometry_node.dir/src/lidar_odometry.cpp.o[0m
[3.615s] [ 66%] [32mBuilding CXX object CMakeFiles/lidar_odometry_node.dir/src/lidar_odometry_node.cpp.o[0m
[17.116s] [100%] [32m[1mLinking CXX executable lidar_odometry_node[0m
[18.441s] [100%] Built target lidar_odometry_node
[18.449s] Invoked command in '/home/adam/Desktop/sdp-team-12/build/basic_mobile_robot' returned '0': CMAKE_PREFIX_PATH=${CMAKE_PREFIX_PATH}:/home/adam/Desktop/sdp-team-12/install/py_serial:/home/adam/Desktop/sdp-team-12/install/py_img_stream:/home/adam/Desktop/sdp-team-12/install/navigator:/opt/ros/humble /usr/bin/cmake --build /home/adam/Desktop/sdp-team-12/build/basic_mobile_robot -- -j8 -l8
[18.474s] Invoking command in '/home/adam/Desktop/sdp-team-12/build/basic_mobile_robot': CMAKE_PREFIX_PATH=${CMAKE_PREFIX_PATH}:/home/adam/Desktop/sdp-team-12/install/py_serial:/home/adam/Desktop/sdp-team-12/install/py_img_stream:/home/adam/Desktop/sdp-team-12/install/navigator:/opt/ros/humble /usr/bin/cmake --install /home/adam/Desktop/sdp-team-12/build/basic_mobile_robot
[18.480s] -- Install configuration: ""
[18.480s] -- Installing: /home/adam/Desktop/sdp-team-12/install/basic_mobile_robot/share/basic_mobile_robot/config
[18.480s] -- Installing: /home/adam/Desktop/sdp-team-12/install/basic_mobile_robot/share/basic_mobile_robot/config/ekf2.yaml
[18.480s] -- Installing: /home/adam/Desktop/sdp-team-12/install/basic_mobile_robot/share/basic_mobile_robot/config/doslam.yaml
[18.480s] -- Installing: /home/adam/Desktop/sdp-team-12/install/basic_mobile_robot/share/basic_mobile_robot/config/ekf.yaml
[18.480s] -- Installing: /home/adam/Desktop/sdp-team-12/install/basic_mobile_robot/share/basic_mobile_robot/launch
[18.480s] -- Installing: /home/adam/Desktop/sdp-team-12/install/basic_mobile_robot/share/basic_mobile_robot/launch/gazebo_simulator.launch.py
[18.481s] -- Installing: /home/adam/Desktop/sdp-team-12/install/basic_mobile_robot/share/basic_mobile_robot/launch/lidar_config.launch.py
[18.481s] -- Installing: /home/adam/Desktop/sdp-team-12/install/basic_mobile_robot/share/basic_mobile_robot/launch/urdf_visualizer.launch.py
[18.481s] -- Installing: /home/adam/Desktop/sdp-team-12/install/basic_mobile_robot/share/basic_mobile_robot/launch/navigation_launch.py
[18.481s] -- Installing: /home/adam/Desktop/sdp-team-12/install/basic_mobile_robot/share/basic_mobile_robot/launch/nav_simulated.launch.py
[18.481s] -- Installing: /home/adam/Desktop/sdp-team-12/install/basic_mobile_robot/share/basic_mobile_robot/launch/slam.launch.py
[18.481s] -- Installing: /home/adam/Desktop/sdp-team-12/install/basic_mobile_robot/share/basic_mobile_robot/launch/nav_physical.launch.py
[18.481s] -- Installing: /home/adam/Desktop/sdp-team-12/install/basic_mobile_robot/share/basic_mobile_robot/launch/rplidar.launch.py
[18.481s] -- Installing: /home/adam/Desktop/sdp-team-12/install/basic_mobile_robot/share/basic_mobile_robot/launch/sensor_fusion_odom.launch.py
[18.481s] -- Installing: /home/adam/Desktop/sdp-team-12/install/basic_mobile_robot/share/basic_mobile_robot/meshes
[18.481s] -- Installing: /home/adam/Desktop/sdp-team-12/install/basic_mobile_robot/share/basic_mobile_robot/meshes/elbow.stl
[18.482s] -- Installing: /home/adam/Desktop/sdp-team-12/install/basic_mobile_robot/share/basic_mobile_robot/meshes/robot_base.stl
[18.482s] -- Installing: /home/adam/Desktop/sdp-team-12/install/basic_mobile_robot/share/basic_mobile_robot/meshes/arm_base.stl
[18.482s] -- Installing: /home/adam/Desktop/sdp-team-12/install/basic_mobile_robot/share/basic_mobile_robot/meshes/wrist.stl
[18.483s] -- Installing: /home/adam/Desktop/sdp-team-12/install/basic_mobile_robot/share/basic_mobile_robot/meshes/wheel.stl
[18.483s] -- Installing: /home/adam/Desktop/sdp-team-12/install/basic_mobile_robot/share/basic_mobile_robot/meshes/bicep.stl
[18.484s] -- Installing: /home/adam/Desktop/sdp-team-12/install/basic_mobile_robot/share/basic_mobile_robot/maps
[18.484s] -- Installing: /home/adam/Desktop/sdp-team-12/install/basic_mobile_robot/share/basic_mobile_robot/maps/smalltown_world.yaml
[18.485s] -- Installing: /home/adam/Desktop/sdp-team-12/install/basic_mobile_robot/share/basic_mobile_robot/maps/slam_map.pgm
[18.485s] -- Installing: /home/adam/Desktop/sdp-team-12/install/basic_mobile_robot/share/basic_mobile_robot/maps/generated_map.yaml
[18.485s] -- Installing: /home/adam/Desktop/sdp-team-12/install/basic_mobile_robot/share/basic_mobile_robot/maps/generated_map.pgm
[18.488s] -- Installing: /home/adam/Desktop/sdp-team-12/install/basic_mobile_robot/share/basic_mobile_robot/maps/slam_map.yaml
[18.488s] -- Installing: /home/adam/Desktop/sdp-team-12/install/basic_mobile_robot/share/basic_mobile_robot/maps/smalltown_world.pgm
[18.493s] -- Installing: /home/adam/Desktop/sdp-team-12/install/basic_mobile_robot/share/basic_mobile_robot/models
[18.493s] -- Installing: /home/adam/Desktop/sdp-team-12/install/basic_mobile_robot/share/basic_mobile_robot/models/robo_holly.urdf
[18.493s] -- Installing: /home/adam/Desktop/sdp-team-12/install/basic_mobile_robot/share/basic_mobile_robot/models/basic_mobile_bot_v2.urdf
[18.494s] -- Installing: /home/adam/Desktop/sdp-team-12/install/basic_mobile_robot/share/basic_mobile_robot/models/basic_mobile_bot_v1.urdf
[18.494s] -- Installing: /home/adam/Desktop/sdp-team-12/install/basic_mobile_robot/share/basic_mobile_robot/models/basic_mobile_bot_description
[18.494s] -- Installing: /home/adam/Desktop/sdp-team-12/install/basic_mobile_robot/share/basic_mobile_robot/models/basic_mobile_bot_description/meshes
[18.494s] -- Installing: /home/adam/Desktop/sdp-team-12/install/basic_mobile_robot/share/basic_mobile_robot/models/basic_mobile_bot_description/meshes/elbow.stl
[18.494s] -- Installing: /home/adam/Desktop/sdp-team-12/install/basic_mobile_robot/share/basic_mobile_robot/models/basic_mobile_bot_description/meshes/robot_base.stl
[18.495s] -- Installing: /home/adam/Desktop/sdp-team-12/install/basic_mobile_robot/share/basic_mobile_robot/models/basic_mobile_bot_description/meshes/arm_base.stl
[18.495s] -- Installing: /home/adam/Desktop/sdp-team-12/install/basic_mobile_robot/share/basic_mobile_robot/models/basic_mobile_bot_description/meshes/wrist.stl
[18.497s] -- Installing: /home/adam/Desktop/sdp-team-12/install/basic_mobile_robot/share/basic_mobile_robot/models/basic_mobile_bot_description/meshes/wheel.stl
[18.497s] -- Installing: /home/adam/Desktop/sdp-team-12/install/basic_mobile_robot/share/basic_mobile_robot/models/basic_mobile_bot_description/meshes/bicep.stl
[18.498s] -- Installing: /home/adam/Desktop/sdp-team-12/install/basic_mobile_robot/share/basic_mobile_robot/models/basic_mobile_bot_description/holly_model.sdf
[18.499s] -- Installing: /home/adam/Desktop/sdp-team-12/install/basic_mobile_robot/share/basic_mobile_robot/models/basic_mobile_bot_description/model.config
[18.499s] -- Installing: /home/adam/Desktop/sdp-team-12/install/basic_mobile_robot/share/basic_mobile_robot/models/basic_mobile_bot_description/model.sdf
[18.499s] -- Installing: /home/adam/Desktop/sdp-team-12/install/basic_mobile_robot/share/basic_mobile_robot/params
[18.499s] -- Installing: /home/adam/Desktop/sdp-team-12/install/basic_mobile_robot/share/basic_mobile_robot/params/nav2_params.yaml
[18.499s] -- Installing: /home/adam/Desktop/sdp-team-12/install/basic_mobile_robot/share/basic_mobile_robot/rviz
[18.499s] -- Installing: /home/adam/Desktop/sdp-team-12/install/basic_mobile_robot/share/basic_mobile_robot/rviz/urdf_config.rviz
[18.499s] -- Installing: /home/adam/Desktop/sdp-team-12/install/basic_mobile_robot/share/basic_mobile_robot/rviz/nav2_config.rviz
[18.500s] -- Installing: /home/adam/Desktop/sdp-team-12/install/basic_mobile_robot/share/basic_mobile_robot/rviz/holly_nav.rviz
[18.500s] -- Installing: /home/adam/Desktop/sdp-team-12/install/basic_mobile_robot/share/basic_mobile_robot/rviz/holly.rviz
[18.500s] -- Installing: /home/adam/Desktop/sdp-team-12/install/basic_mobile_robot/share/basic_mobile_robot/worlds
[18.500s] -- Installing: /home/adam/Desktop/sdp-team-12/install/basic_mobile_robot/share/basic_mobile_robot/worlds/basic_mobile_bot_world
[18.501s] -- Installing: /home/adam/Desktop/sdp-team-12/install/basic_mobile_robot/share/basic_mobile_robot/worlds/basic_mobile_bot_world/empty.world
[18.501s] -- Installing: /home/adam/Desktop/sdp-team-12/install/basic_mobile_robot/share/basic_mobile_robot/worlds/basic_mobile_bot_world/smalltown.world
[18.501s] -- Installing: /home/adam/Desktop/sdp-team-12/install/basic_mobile_robot/share/basic_mobile_robot/src
[18.501s] -- Installing: /home/adam/Desktop/sdp-team-12/install/basic_mobile_robot/share/basic_mobile_robot/src/lidar_odometry_node.cpp
[18.501s] -- Installing: /home/adam/Desktop/sdp-team-12/install/basic_mobile_robot/share/basic_mobile_robot/src/lidar_odometry.cpp
[18.501s] -- Installing: /home/adam/Desktop/sdp-team-12/install/basic_mobile_robot/lib/basic_mobile_robot/lidar_odometry_node
[18.507s] -- Set runtime path of "/home/adam/Desktop/sdp-team-12/install/basic_mobile_robot/lib/basic_mobile_robot/lidar_odometry_node" to ""
[18.507s] -- Installing: /home/adam/Desktop/sdp-team-12/install/basic_mobile_robot/share/ament_index/resource_index/package_run_dependencies/basic_mobile_robot
[18.508s] -- Installing: /home/adam/Desktop/sdp-team-12/install/basic_mobile_robot/share/ament_index/resource_index/parent_prefix_path/basic_mobile_robot
[18.508s] -- Installing: /home/adam/Desktop/sdp-team-12/install/basic_mobile_robot/share/basic_mobile_robot/environment/ament_prefix_path.sh
[18.508s] -- Installing: /home/adam/Desktop/sdp-team-12/install/basic_mobile_robot/share/basic_mobile_robot/environment/ament_prefix_path.dsv
[18.508s] -- Installing: /home/adam/Desktop/sdp-team-12/install/basic_mobile_robot/share/basic_mobile_robot/environment/path.sh
[18.508s] -- Installing: /home/adam/Desktop/sdp-team-12/install/basic_mobile_robot/share/basic_mobile_robot/environment/path.dsv
[18.508s] -- Installing: /home/adam/Desktop/sdp-team-12/install/basic_mobile_robot/share/basic_mobile_robot/local_setup.bash
[18.508s] -- Installing: /home/adam/Desktop/sdp-team-12/install/basic_mobile_robot/share/basic_mobile_robot/local_setup.sh
[18.508s] -- Installing: /home/adam/Desktop/sdp-team-12/install/basic_mobile_robot/share/basic_mobile_robot/local_setup.zsh
[18.508s] -- Installing: /home/adam/Desktop/sdp-team-12/install/basic_mobile_robot/share/basic_mobile_robot/local_setup.dsv
[18.508s] -- Installing: /home/adam/Desktop/sdp-team-12/install/basic_mobile_robot/share/basic_mobile_robot/package.dsv
[18.508s] -- Installing: /home/adam/Desktop/sdp-team-12/install/basic_mobile_robot/share/ament_index/resource_index/packages/basic_mobile_robot
[18.508s] -- Installing: /home/adam/Desktop/sdp-team-12/install/basic_mobile_robot/share/basic_mobile_robot/cmake/basic_mobile_robotConfig.cmake
[18.508s] -- Installing: /home/adam/Desktop/sdp-team-12/install/basic_mobile_robot/share/basic_mobile_robot/cmake/basic_mobile_robotConfig-version.cmake
[18.509s] -- Installing: /home/adam/Desktop/sdp-team-12/install/basic_mobile_robot/share/basic_mobile_robot/package.xml
[18.510s] Invoked command in '/home/adam/Desktop/sdp-team-12/build/basic_mobile_robot' returned '0': CMAKE_PREFIX_PATH=${CMAKE_PREFIX_PATH}:/home/adam/Desktop/sdp-team-12/install/py_serial:/home/adam/Desktop/sdp-team-12/install/py_img_stream:/home/adam/Desktop/sdp-team-12/install/navigator:/opt/ros/humble /usr/bin/cmake --install /home/adam/Desktop/sdp-team-12/build/basic_mobile_robot
