[0.950s] Invoking command in '/home/adam/Desktop/sdp-team-12/navigator': PYTHONPATH=/home/adam/Desktop/sdp-team-12/build/navigator/prefix_override:/home/adam/Desktop/sdp-team-12/install/navigator/lib/python3.10/site-packages:${PYTHONPATH} /usr/bin/python3 setup.py egg_info --egg-base ../build/navigator build --build-base /home/adam/Desktop/sdp-team-12/build/navigator/build install --record /home/adam/Desktop/sdp-team-12/build/navigator/install.log --single-version-externally-managed
[1.146s] running egg_info
[1.147s] writing ../build/navigator/navigator.egg-info/PKG-INFO
[1.147s] writing dependency_links to ../build/navigator/navigator.egg-info/dependency_links.txt
[1.147s] writing entry points to ../build/navigator/navigator.egg-info/entry_points.txt
[1.147s] writing requirements to ../build/navigator/navigator.egg-info/requires.txt
[1.147s] writing top-level names to ../build/navigator/navigator.egg-info/top_level.txt
[1.149s] reading manifest file '../build/navigator/navigator.egg-info/SOURCES.txt'
[1.150s] writing manifest file '../build/navigator/navigator.egg-info/SOURCES.txt'
[1.150s] running build
[1.150s] running build_py
[1.150s] copying navigator/encoder2odom.py -> /home/adam/Desktop/sdp-team-12/build/navigator/build/lib/navigator
[1.150s] running install
[1.150s] /usr/lib/python3/dist-packages/setuptools/command/install.py:34: SetuptoolsDeprecationWarning: setup.py install is deprecated. Use build and pip and other standards-based tools.
[1.150s]   warnings.warn(
[1.150s] running install_lib
[1.152s] copying /home/adam/Desktop/sdp-team-12/build/navigator/build/lib/navigator/encoder2odom.py -> /home/adam/Desktop/sdp-team-12/install/navigator/lib/python3.10/site-packages/navigator
[1.153s] byte-compiling /home/adam/Desktop/sdp-team-12/install/navigator/lib/python3.10/site-packages/navigator/encoder2odom.py to encoder2odom.cpython-310.pyc
[1.154s] running install_data
[1.154s] running install_egg_info
[1.155s] removing '/home/adam/Desktop/sdp-team-12/install/navigator/lib/python3.10/site-packages/navigator-0.0.0-py3.10.egg-info' (and everything under it)
[1.156s] Copying ../build/navigator/navigator.egg-info to /home/adam/Desktop/sdp-team-12/install/navigator/lib/python3.10/site-packages/navigator-0.0.0-py3.10.egg-info
[1.156s] running install_scripts
[1.173s] Installing cmdvelsub script to /home/adam/Desktop/sdp-team-12/install/navigator/lib/navigator
[1.174s] Installing coordpub script to /home/adam/Desktop/sdp-team-12/install/navigator/lib/navigator
[1.174s] Installing enc2odom script to /home/adam/Desktop/sdp-team-12/install/navigator/lib/navigator
[1.174s] Installing nav2pose script to /home/adam/Desktop/sdp-team-12/install/navigator/lib/navigator
[1.174s] writing list of installed files to '/home/adam/Desktop/sdp-team-12/build/navigator/install.log'
[1.239s] Invoked command in '/home/adam/Desktop/sdp-team-12/navigator' returned '0': PYTHONPATH=/home/adam/Desktop/sdp-team-12/build/navigator/prefix_override:/home/adam/Desktop/sdp-team-12/install/navigator/lib/python3.10/site-packages:${PYTHONPATH} /usr/bin/python3 setup.py egg_info --egg-base ../build/navigator build --build-base /home/adam/Desktop/sdp-team-12/build/navigator/build install --record /home/adam/Desktop/sdp-team-12/build/navigator/install.log --single-version-externally-managed
