[0.102s] Invoking command in '/home/adam/Desktop/sdp-team-12/control_ws/build/ros2_control_demo_example_2': CMAKE_PREFIX_PATH=/home/adam/Desktop/sdp-team-12/control_ws/install/ros2_control_demo_description:/home/adam/Desktop/sdp-team-12/control_ws/install/ros2_control_demos:/home/adam/Desktop/sdp-team-12/control_ws/install/ros2_control_demo_example_9:/home/adam/Desktop/sdp-team-12/control_ws/install/ros2_control_demo_example_8:/home/adam/Desktop/sdp-team-12/control_ws/install/ros2_control_demo_example_7:/home/adam/Desktop/sdp-team-12/control_ws/install/ros2_control_demo_example_2:/home/adam/Desktop/sdp-team-12/control_ws/install/ros2_control_demo_example_6:/home/adam/Desktop/sdp-team-12/control_ws/install/ros2_control_demo_example_5:/home/adam/Desktop/sdp-team-12/control_ws/install/ros2_control_demo_example_4:/home/adam/Desktop/sdp-team-12/control_ws/install/ros2_control_demo_example_3:/home/adam/Desktop/sdp-team-12/control_ws/install/ros2_control_demo_example_14:/home/adam/Desktop/sdp-team-12/control_ws/install/ros2_control_demo_example_10:/home/adam/Desktop/sdp-team-12/control_ws/install/ros2_control_demo_example_1:/home/adam/Desktop/sdp-team-12/control_ws/install/my_bot:/opt/ros/humble /usr/bin/cmake --build /home/adam/Desktop/sdp-team-12/control_ws/build/ros2_control_demo_example_2 -- -j8 -l8
[0.137s] [35m[1mConsolidate compiler generated dependencies of target ros2_control_demo_example_2[0m
[0.151s] [ 50%] [32mBuilding CXX object CMakeFiles/ros2_control_demo_example_2.dir/hardware/diffbot_system.cpp.o[0m
[0.659s] In file included from [01m[K/home/adam/Desktop/sdp-team-12/control_ws/src/ros2_control_demos/example_2/hardware/diffbot_system.cpp:15[m[K:
[0.659s] [01m[K/home/adam/Desktop/sdp-team-12/control_ws/src/ros2_control_demos/example_2/hardware/include/ros2_control_demo_example_2/diffbot_system.hpp:37:82:[m[K [01;31m[Kerror: [m[K‘[01m[Krclpcpp[m[K’ has not been declared
[0.659s]    37 | ardware : public hardware_interface::SystemInterface, public [01;31m[Krclpcpp[m[K::Node
[0.659s]       |                                                              [01;31m[K^~~~~~~[m[K
[0.659s] 
[0.660s] [01m[K/home/adam/Desktop/sdp-team-12/control_ws/src/ros2_control_demos/example_2/hardware/include/ros2_control_demo_example_2/diffbot_system.hpp:37:91:[m[K [01;31m[Kerror: [m[Kexpected ‘[01m[K{[m[K’ before ‘[01m[KNode[m[K’
[0.660s]    37 | dware : public hardware_interface::SystemInterface, public rclpcpp::[01;31m[KNode[m[K
[0.660s]       |                                                                     [01;31m[K^~~~[m[K
[0.660s] 
[0.660s] [01m[K/home/adam/Desktop/sdp-team-12/control_ws/src/ros2_control_demos/example_2/hardware/include/ros2_control_demo_example_2/diffbot_system.hpp:39:1:[m[K [01;31m[Kerror: [m[Kexpected primary-expression before ‘[01m[Kpublic[m[K’
[0.660s]    39 | [01;31m[Kpublic[m[K:
[0.660s]       | [01;31m[K^~~~~~[m[K
[0.660s] [01m[K/home/adam/Desktop/sdp-team-12/control_ws/src/ros2_control_demos/example_2/hardware/include/ros2_control_demo_example_2/diffbot_system.hpp:39:1:[m[K [01;31m[Kerror: [m[Kexpected ‘[01m[K}[m[K’ before ‘[01m[Kpublic[m[K’
[0.660s] [01m[K/home/adam/Desktop/sdp-team-12/control_ws/src/ros2_control_demos/example_2/hardware/include/ros2_control_demo_example_2/diffbot_system.hpp:38:1:[m[K [01;36m[Knote: [m[Kto match this ‘[01m[K{[m[K’
[0.660s]    38 | [01;36m[K{[m[K
[0.660s]       | [01;36m[K^[m[K
[0.661s] [01m[K/home/adam/Desktop/sdp-team-12/control_ws/src/ros2_control_demos/example_2/hardware/include/ros2_control_demo_example_2/diffbot_system.hpp:44:52:[m[K [01;31m[Kerror: [m[Kvirt-specifiers in ‘[01m[Kon_init[m[K’ not allowed outside a class definition
[0.661s]    44 |     const hardware_interface::HardwareInfo & info) [01;31m[Koverride[m[K;
[0.661s]       |                                                    [01;31m[K^~~~~~~~[m[K
[0.661s] [01m[K/home/adam/Desktop/sdp-team-12/control_ws/src/ros2_control_demos/example_2/hardware/include/ros2_control_demo_example_2/diffbot_system.hpp:47:77:[m[K [01;31m[Kerror: [m[Kvirt-specifiers in ‘[01m[Kexport_state_interfaces[m[K’ not allowed outside a class definition
[0.661s]    47 | <hardware_interface::StateInterface> export_state_interfaces() [01;31m[Koverride[m[K;
[0.661s]       |                                                                [01;31m[K^~~~~~~~[m[K
[0.661s] 
[0.661s] [01m[K/home/adam/Desktop/sdp-team-12/control_ws/src/ros2_control_demos/example_2/hardware/include/ros2_control_demo_example_2/diffbot_system.hpp:50:81:[m[K [01;31m[Kerror: [m[Kvirt-specifiers in ‘[01m[Kexport_command_interfaces[m[K’ not allowed outside a class definition
[0.662s]    50 | dware_interface::CommandInterface> export_command_interfaces() [01;31m[Koverride[m[K;
[0.662s]       |                                                                [01;31m[K^~~~~~~~[m[K
[0.662s] 
[0.662s] [01m[K/home/adam/Desktop/sdp-team-12/control_ws/src/ros2_control_demos/example_2/hardware/include/ros2_control_demo_example_2/diffbot_system.hpp:54:53:[m[K [01;31m[Kerror: [m[Kvirt-specifiers in ‘[01m[Kon_activate[m[K’ not allowed outside a class definition
[0.662s]    54 |     const rclcpp_lifecycle::State & previous_state) [01;31m[Koverride[m[K;
[0.662s]       |                                                     [01;31m[K^~~~~~~~[m[K
[0.662s] [01m[K/home/adam/Desktop/sdp-team-12/control_ws/src/ros2_control_demos/example_2/hardware/include/ros2_control_demo_example_2/diffbot_system.hpp:58:53:[m[K [01;31m[Kerror: [m[Kvirt-specifiers in ‘[01m[Kon_deactivate[m[K’ not allowed outside a class definition
[0.662s]    58 |     const rclcpp_lifecycle::State & previous_state) [01;31m[Koverride[m[K;
[0.662s]       |                                                     [01;31m[K^~~~~~~~[m[K
[0.662s] [01m[K/home/adam/Desktop/sdp-team-12/control_ws/src/ros2_control_demos/example_2/hardware/include/ros2_control_demo_example_2/diffbot_system.hpp:62:65:[m[K [01;31m[Kerror: [m[Kvirt-specifiers in ‘[01m[Kread[m[K’ not allowed outside a class definition
[0.662s]    62 |    const rclcpp::Time & time, const rclcpp::Duration & period) [01;31m[Koverride[m[K;
[0.662s]       |                                                                [01;31m[K^~~~~~~~[m[K
[0.662s] 
[0.662s] [01m[K/home/adam/Desktop/sdp-team-12/control_ws/src/ros2_control_demos/example_2/hardware/include/ros2_control_demo_example_2/diffbot_system.hpp:66:65:[m[K [01;31m[Kerror: [m[Kvirt-specifiers in ‘[01m[Kwrite[m[K’ not allowed outside a class definition
[0.662s]    66 |    const rclcpp::Time & time, const rclcpp::Duration & period) [01;31m[Koverride[m[K;
[0.662s]       |                                                                [01;31m[K^~~~~~~~[m[K
[0.662s] 
[0.663s] [01m[K/home/adam/Desktop/sdp-team-12/control_ws/src/ros2_control_demos/example_2/hardware/include/ros2_control_demo_example_2/diffbot_system.hpp:68:1:[m[K [01;31m[Kerror: [m[Kexpected unqualified-id before ‘[01m[Kprivate[m[K’
[0.663s]    68 | [01;31m[Kprivate[m[K:
[0.663s]       | [01;31m[K^~~~~~~[m[K
[0.664s] [01m[K/home/adam/Desktop/sdp-team-12/control_ws/src/ros2_control_demos/example_2/hardware/include/ros2_control_demo_example_2/diffbot_system.hpp:79:1:[m[K [01;31m[Kerror: [m[Kexpected declaration before ‘[01m[K}[m[K’ token
[0.664s]    79 | [01;31m[K}[m[K  // namespace ros2_control_demo_example_2
[0.664s]       | [01;31m[K^[m[K
[1.773s] [01m[K/home/adam/Desktop/sdp-team-12/control_ws/src/ros2_control_demos/example_2/hardware/diffbot_system.cpp:30:48:[m[K [01;31m[Kerror: [m[Kinvalid use of incomplete type ‘[01m[Kclass ros2_control_demo_example_2::DiffBotSystemHardware[m[K’
[1.773s]    30 |   const hardware_interface::HardwareInfo & info[01;31m[K)[m[K
[1.773s]       |                                                [01;31m[K^[m[K
[1.774s] In file included from [01m[K/home/adam/Desktop/sdp-team-12/control_ws/src/ros2_control_demos/example_2/hardware/diffbot_system.cpp:15[m[K:
[1.774s] [01m[K/home/adam/Desktop/sdp-team-12/control_ws/src/ros2_control_demos/example_2/hardware/include/ros2_control_demo_example_2/diffbot_system.hpp:37:7:[m[K [01;36m[Knote: [m[Kforward declaration of ‘[01m[Kclass ros2_control_demo_example_2::DiffBotSystemHardware[m[K’
[1.774s]    37 | class [01;36m[KDiffBotSystemHardware[m[K : public hardware_interface::SystemInterface, public rclpcpp::Node
[1.774s]       |       [01;36m[K^~~~~~~~~~~~~~~~~~~~~[m[K
[1.774s] [01m[K/home/adam/Desktop/sdp-team-12/control_ws/src/ros2_control_demos/example_2/hardware/diffbot_system.cpp:99:96:[m[K [01;31m[Kerror: [m[Kinvalid use of incomplete type ‘[01m[Kclass ros2_control_demo_example_2::DiffBotSystemHardware[m[K’
[1.774s]    99 | erface::StateInterface> DiffBotSystemHardware::export_state_interfaces([01;31m[K)[m[K
[1.774s]       |                                                                        [01;31m[K^[m[K
[1.774s] 
[1.774s] In file included from [01m[K/home/adam/Desktop/sdp-team-12/control_ws/src/ros2_control_demos/example_2/hardware/diffbot_system.cpp:15[m[K:
[1.774s] [01m[K/home/adam/Desktop/sdp-team-12/control_ws/src/ros2_control_demos/example_2/hardware/include/ros2_control_demo_example_2/diffbot_system.hpp:37:7:[m[K [01;36m[Knote: [m[Kforward declaration of ‘[01m[Kclass ros2_control_demo_example_2::DiffBotSystemHardware[m[K’
[1.774s]    37 | class [01;36m[KDiffBotSystemHardware[m[K : public hardware_interface::SystemInterface, public rclpcpp::Node
[1.774s]       |       [01;36m[K^~~~~~~~~~~~~~~~~~~~~[m[K
[1.774s] [01m[K/home/adam/Desktop/sdp-team-12/control_ws/src/ros2_control_demos/example_2/hardware/diffbot_system.cpp:113:100:[m[K [01;31m[Kerror: [m[Kinvalid use of incomplete type ‘[01m[Kclass ros2_control_demo_example_2::DiffBotSystemHardware[m[K’
[1.774s]   113 | ce::CommandInterface> DiffBotSystemHardware::export_command_interfaces([01;31m[K)[m[K
[1.774s]       |                                                                        [01;31m[K^[m[K
[1.774s] 
[1.774s] In file included from [01m[K/home/adam/Desktop/sdp-team-12/control_ws/src/ros2_control_demos/example_2/hardware/diffbot_system.cpp:15[m[K:
[1.774s] [01m[K/home/adam/Desktop/sdp-team-12/control_ws/src/ros2_control_demos/example_2/hardware/include/ros2_control_demo_example_2/diffbot_system.hpp:37:7:[m[K [01;36m[Knote: [m[Kforward declaration of ‘[01m[Kclass ros2_control_demo_example_2::DiffBotSystemHardware[m[K’
[1.774s]    37 | class [01;36m[KDiffBotSystemHardware[m[K : public hardware_interface::SystemInterface, public rclpcpp::Node
[1.774s]       |       [01;36m[K^~~~~~~~~~~~~~~~~~~~~[m[K
[1.774s] [01m[K/home/adam/Desktop/sdp-team-12/control_ws/src/ros2_control_demos/example_2/hardware/diffbot_system.cpp:126:53:[m[K [01;31m[Kerror: [m[Kinvalid use of incomplete type ‘[01m[Kclass ros2_control_demo_example_2::DiffBotSystemHardware[m[K’
[1.774s]   126 |   const rclcpp_lifecycle::State & /*previous_state*/[01;31m[K)[m[K
[1.774s]       |                                                     [01;31m[K^[m[K
[1.774s] In file included from [01m[K/home/adam/Desktop/sdp-team-12/control_ws/src/ros2_control_demos/example_2/hardware/diffbot_system.cpp:15[m[K:
[1.774s] [01m[K/home/adam/Desktop/sdp-team-12/control_ws/src/ros2_control_demos/example_2/hardware/include/ros2_control_demo_example_2/diffbot_system.hpp:37:7:[m[K [01;36m[Knote: [m[Kforward declaration of ‘[01m[Kclass ros2_control_demo_example_2::DiffBotSystemHardware[m[K’
[1.774s]    37 | class [01;36m[KDiffBotSystemHardware[m[K : public hardware_interface::SystemInterface, public rclpcpp::Node
[1.775s]       |       [01;36m[K^~~~~~~~~~~~~~~~~~~~~[m[K
[1.775s] [01m[K/home/adam/Desktop/sdp-team-12/control_ws/src/ros2_control_demos/example_2/hardware/diffbot_system.cpp:156:53:[m[K [01;31m[Kerror: [m[Kinvalid use of incomplete type ‘[01m[Kclass ros2_control_demo_example_2::DiffBotSystemHardware[m[K’
[1.775s]   156 |   const rclcpp_lifecycle::State & /*previous_state*/[01;31m[K)[m[K
[1.775s]       |                                                     [01;31m[K^[m[K
[1.775s] In file included from [01m[K/home/adam/Desktop/sdp-team-12/control_ws/src/ros2_control_demos/example_2/hardware/diffbot_system.cpp:15[m[K:
[1.775s] [01m[K/home/adam/Desktop/sdp-team-12/control_ws/src/ros2_control_demos/example_2/hardware/include/ros2_control_demo_example_2/diffbot_system.hpp:37:7:[m[K [01;36m[Knote: [m[Kforward declaration of ‘[01m[Kclass ros2_control_demo_example_2::DiffBotSystemHardware[m[K’
[1.775s]    37 | class [01;36m[KDiffBotSystemHardware[m[K : public hardware_interface::SystemInterface, public rclpcpp::Node
[1.775s]       |       [01;36m[K^~~~~~~~~~~~~~~~~~~~~[m[K
[1.775s] [01m[K/home/adam/Desktop/sdp-team-12/control_ws/src/ros2_control_demos/example_2/hardware/diffbot_system.cpp:175:65:[m[K [01;31m[Kerror: [m[Kinvalid use of incomplete type ‘[01m[Kclass ros2_control_demo_example_2::DiffBotSystemHardware[m[K’
[1.775s]   175 |   const rclcpp::Time & /*time*/, const rclcpp::Duration & period[01;31m[K)[m[K
[1.775s]       |                                                                 [01;31m[K^[m[K
[1.775s] In file included from [01m[K/home/adam/Desktop/sdp-team-12/control_ws/src/ros2_control_demos/example_2/hardware/diffbot_system.cpp:15[m[K:
[1.775s] [01m[K/home/adam/Desktop/sdp-team-12/control_ws/src/ros2_control_demos/example_2/hardware/include/ros2_control_demo_example_2/diffbot_system.hpp:37:7:[m[K [01;36m[Knote: [m[Kforward declaration of ‘[01m[Kclass ros2_control_demo_example_2::DiffBotSystemHardware[m[K’
[1.775s]    37 | class [01;36m[KDiffBotSystemHardware[m[K : public hardware_interface::SystemInterface, public rclpcpp::Node
[1.775s]       |       [01;36m[K^~~~~~~~~~~~~~~~~~~~~[m[K
[1.775s] [01m[K/home/adam/Desktop/sdp-team-12/control_ws/src/ros2_control_demos/example_2/hardware/diffbot_system.cpp:196:69:[m[K [01;31m[Kerror: [m[Kinvalid use of incomplete type ‘[01m[Kclass ros2_control_demo_example_2::DiffBotSystemHardware[m[K’
[1.775s]   196 |   const rclcpp::Time & /*time*/, const rclcpp::Duration & /*period*/[01;31m[K)[m[K
[1.775s]       |                                                                     [01;31m[K^[m[K
[1.775s] In file included from [01m[K/home/adam/Desktop/sdp-team-12/control_ws/src/ros2_control_demos/example_2/hardware/diffbot_system.cpp:15[m[K:
[1.775s] [01m[K/home/adam/Desktop/sdp-team-12/control_ws/src/ros2_control_demos/example_2/hardware/include/ros2_control_demo_example_2/diffbot_system.hpp:37:7:[m[K [01;36m[Knote: [m[Kforward declaration of ‘[01m[Kclass ros2_control_demo_example_2::DiffBotSystemHardware[m[K’
[1.775s]    37 | class [01;36m[KDiffBotSystemHardware[m[K : public hardware_interface::SystemInterface, public rclpcpp::Node
[1.775s]       |       [01;36m[K^~~~~~~~~~~~~~~~~~~~~[m[K
[2.103s] In file included from [01m[K/opt/ros/humble/include/class_loader/class_loader/class_loader_core.hpp:57[m[K,
[2.104s]                  from [01m[K/opt/ros/humble/include/class_loader/class_loader/class_loader.hpp:55[m[K,
[2.104s]                  from [01m[K/opt/ros/humble/include/pluginlib/pluginlib/class_list_macros.hpp:40[m[K,
[2.104s]                  from [01m[K/home/adam/Desktop/sdp-team-12/control_ws/src/ros2_control_demos/example_2/hardware/diffbot_system.cpp:217[m[K:
[2.104s] /opt/ros/humble/include/class_loader/class_loader/meta_object.hpp: In instantiation of ‘[01m[KB* class_loader::impl::MetaObject<C, B>::create() const [with C = ros2_control_demo_example_2::DiffBotSystemHardware; B = hardware_interface::SystemInterface][m[K’:
[2.104s] [01m[K/opt/ros/humble/include/class_loader/class_loader/meta_object.hpp:216:7:[m[K   required from here
[2.104s] [01m[K/opt/ros/humble/include/class_loader/class_loader/meta_object.hpp:218:12:[m[K [01;31m[Kerror: [m[Kinvalid use of incomplete type ‘[01m[Kclass ros2_control_demo_example_2::DiffBotSystemHardware[m[K’
[2.104s]   218 |     return [01;31m[Knew C[m[K;
[2.104s]       |            [01;31m[K^~~~~[m[K
[2.104s] In file included from [01m[K/home/adam/Desktop/sdp-team-12/control_ws/src/ros2_control_demos/example_2/hardware/diffbot_system.cpp:15[m[K:
[2.104s] [01m[K/home/adam/Desktop/sdp-team-12/control_ws/src/ros2_control_demos/example_2/hardware/include/ros2_control_demo_example_2/diffbot_system.hpp:37:7:[m[K [01;36m[Knote: [m[Kforward declaration of ‘[01m[Kclass ros2_control_demo_example_2::DiffBotSystemHardware[m[K’
[2.104s]    37 | class [01;36m[KDiffBotSystemHardware[m[K : public hardware_interface::SystemInterface, public rclpcpp::Node
[2.104s]       |       [01;36m[K^~~~~~~~~~~~~~~~~~~~~[m[K
[2.160s] gmake[2]: *** [CMakeFiles/ros2_control_demo_example_2.dir/build.make:76: CMakeFiles/ros2_control_demo_example_2.dir/hardware/diffbot_system.cpp.o] Error 1
[2.160s] gmake[1]: *** [CMakeFiles/Makefile2:137: CMakeFiles/ros2_control_demo_example_2.dir/all] Error 2
[2.160s] gmake: *** [Makefile:146: all] Error 2
[2.163s] Invoked command in '/home/adam/Desktop/sdp-team-12/control_ws/build/ros2_control_demo_example_2' returned '2': CMAKE_PREFIX_PATH=/home/adam/Desktop/sdp-team-12/control_ws/install/ros2_control_demo_description:/home/adam/Desktop/sdp-team-12/control_ws/install/ros2_control_demos:/home/adam/Desktop/sdp-team-12/control_ws/install/ros2_control_demo_example_9:/home/adam/Desktop/sdp-team-12/control_ws/install/ros2_control_demo_example_8:/home/adam/Desktop/sdp-team-12/control_ws/install/ros2_control_demo_example_7:/home/adam/Desktop/sdp-team-12/control_ws/install/ros2_control_demo_example_2:/home/adam/Desktop/sdp-team-12/control_ws/install/ros2_control_demo_example_6:/home/adam/Desktop/sdp-team-12/control_ws/install/ros2_control_demo_example_5:/home/adam/Desktop/sdp-team-12/control_ws/install/ros2_control_demo_example_4:/home/adam/Desktop/sdp-team-12/control_ws/install/ros2_control_demo_example_3:/home/adam/Desktop/sdp-team-12/control_ws/install/ros2_control_demo_example_14:/home/adam/Desktop/sdp-team-12/control_ws/install/ros2_control_demo_example_10:/home/adam/Desktop/sdp-team-12/control_ws/install/ros2_control_demo_example_1:/home/adam/Desktop/sdp-team-12/control_ws/install/my_bot:/opt/ros/humble /usr/bin/cmake --build /home/adam/Desktop/sdp-team-12/control_ws/build/ros2_control_demo_example_2 -- -j8 -l8
