[3.197s] DEBUG:colcon:Command line arguments: ['/usr/bin/colcon', 'build']
[3.198s] DEBUG:colcon:Parsed command line arguments: Namespace(log_base=None, log_level=None, verb_name='build', build_base='build', install_base='install', merge_install=False, symlink_install=False, test_result_base=None, continue_on_error=False, executor='parallel', parallel_workers=12, event_handlers=None, ignore_user_meta=False, metas=['./colcon.meta'], base_paths=['.'], packages_ignore=None, packages_ignore_regex=None, paths=None, packages_up_to=None, packages_up_to_regex=None, packages_above=None, packages_above_and_dependencies=None, packages_above_depth=None, packages_select_by_dep=None, packages_skip_by_dep=None, packages_skip_up_to=None, packages_select_build_failed=False, packages_skip_build_finished=False, packages_select_test_failures=False, packages_skip_test_passed=False, packages_select=None, packages_skip=None, packages_select_regex=None, packages_skip_regex=None, packages_start=None, packages_end=None, allow_overriding=[], cmake_args=None, cmake_target=None, cmake_target_skip_unavailable=False, cmake_clean_cache=False, cmake_clean_first=False, cmake_force_configure=False, ament_cmake_args=None, catkin_cmake_args=None, catkin_skip_building_tests=False, verb_parser=<colcon_defaults.argument_parser.defaults.DefaultArgumentsDecorator object at 0x7f61a88228f0>, verb_extension=<colcon_core.verb.build.BuildVerb object at 0x7f61a8ca2e00>, main=<bound method BuildVerb.main of <colcon_core.verb.build.BuildVerb object at 0x7f61a8ca2e00>>)
[3.357s] Level 1:colcon.colcon_core.package_discovery:discover_packages(colcon_meta) check parameters
[3.358s] Level 1:colcon.colcon_core.package_discovery:discover_packages(recursive) check parameters
[3.358s] Level 1:colcon.colcon_core.package_discovery:discover_packages(ignore) check parameters
[3.359s] Level 1:colcon.colcon_core.package_discovery:discover_packages(path) check parameters
[3.359s] Level 1:colcon.colcon_core.package_discovery:discover_packages(colcon_meta) discover
[3.359s] Level 1:colcon.colcon_core.package_discovery:discover_packages(recursive) discover
[3.360s] INFO:colcon.colcon_core.package_discovery:Crawling recursively for packages in '/mnt/e/UMass_Amherst/SDP/sdp-team-12'
[3.362s] Level 1:colcon.colcon_core.package_identification:_identify(.) by extensions ['ignore', 'ignore_ament_install']
[3.362s] Level 1:colcon.colcon_core.package_identification:_identify(.) by extension 'ignore'
[3.363s] Level 1:colcon.colcon_core.package_identification:_identify(.) by extension 'ignore_ament_install'
[3.364s] Level 1:colcon.colcon_core.package_identification:_identify(.) by extensions ['colcon_pkg']
[3.364s] Level 1:colcon.colcon_core.package_identification:_identify(.) by extension 'colcon_pkg'
[3.365s] Level 1:colcon.colcon_core.package_identification:_identify(.) by extensions ['colcon_meta']
[3.365s] Level 1:colcon.colcon_core.package_identification:_identify(.) by extension 'colcon_meta'
[3.366s] Level 1:colcon.colcon_core.package_identification:_identify(.) by extensions ['ros']
[3.366s] Level 1:colcon.colcon_core.package_identification:_identify(.) by extension 'ros'
[3.392s] Level 1:colcon.colcon_core.package_identification:_identify(.) by extensions ['cmake', 'python']
[3.392s] Level 1:colcon.colcon_core.package_identification:_identify(.) by extension 'cmake'
[3.393s] Level 1:colcon.colcon_core.package_identification:_identify(.) by extension 'python'
[3.394s] Level 1:colcon.colcon_core.package_identification:_identify(.) by extensions ['python_setup_py']
[3.395s] Level 1:colcon.colcon_core.package_identification:_identify(.) by extension 'python_setup_py'
[3.401s] Level 1:colcon.colcon_core.package_identification:_identify(basic_mobile_robot) by extensions ['ignore', 'ignore_ament_install']
[3.402s] Level 1:colcon.colcon_core.package_identification:_identify(basic_mobile_robot) by extension 'ignore'
[3.405s] Level 1:colcon.colcon_core.package_identification:_identify(basic_mobile_robot) by extension 'ignore_ament_install'
[3.409s] Level 1:colcon.colcon_core.package_identification:_identify(basic_mobile_robot) by extensions ['colcon_pkg']
[3.409s] Level 1:colcon.colcon_core.package_identification:_identify(basic_mobile_robot) by extension 'colcon_pkg'
[3.411s] Level 1:colcon.colcon_core.package_identification:_identify(basic_mobile_robot) by extensions ['colcon_meta']
[3.411s] Level 1:colcon.colcon_core.package_identification:_identify(basic_mobile_robot) by extension 'colcon_meta'
[3.414s] Level 1:colcon.colcon_core.package_identification:_identify(basic_mobile_robot) by extensions ['ros']
[3.418s] Level 1:colcon.colcon_core.package_identification:_identify(basic_mobile_robot) by extension 'ros'
[3.446s] DEBUG:colcon.colcon_core.package_identification:Package 'basic_mobile_robot' with type 'ros.ament_cmake' and name 'basic_mobile_robot'
[3.457s] Level 1:colcon.colcon_core.package_identification:_identify(build) by extensions ['ignore', 'ignore_ament_install']
[3.460s] Level 1:colcon.colcon_core.package_identification:_identify(build) by extension 'ignore'
[3.467s] Level 1:colcon.colcon_core.package_identification:_identify(build) ignored
[3.473s] Level 1:colcon.colcon_core.package_identification:_identify(install) by extensions ['ignore', 'ignore_ament_install']
[3.474s] Level 1:colcon.colcon_core.package_identification:_identify(install) by extension 'ignore'
[3.480s] Level 1:colcon.colcon_core.package_identification:_identify(install) ignored
[3.484s] Level 1:colcon.colcon_core.package_identification:_identify(log) by extensions ['ignore', 'ignore_ament_install']
[3.484s] Level 1:colcon.colcon_core.package_identification:_identify(log) by extension 'ignore'
[3.488s] Level 1:colcon.colcon_core.package_identification:_identify(log) ignored
[3.497s] Level 1:colcon.colcon_core.package_identification:_identify(navigator) by extensions ['ignore', 'ignore_ament_install']
[3.497s] Level 1:colcon.colcon_core.package_identification:_identify(navigator) by extension 'ignore'
[3.499s] Level 1:colcon.colcon_core.package_identification:_identify(navigator) by extension 'ignore_ament_install'
[3.502s] Level 1:colcon.colcon_core.package_identification:_identify(navigator) by extensions ['colcon_pkg']
[3.503s] Level 1:colcon.colcon_core.package_identification:_identify(navigator) by extension 'colcon_pkg'
[3.504s] Level 1:colcon.colcon_core.package_identification:_identify(navigator) by extensions ['colcon_meta']
[3.505s] Level 1:colcon.colcon_core.package_identification:_identify(navigator) by extension 'colcon_meta'
[3.506s] Level 1:colcon.colcon_core.package_identification:_identify(navigator) by extensions ['ros']
[3.507s] Level 1:colcon.colcon_core.package_identification:_identify(navigator) by extension 'ros'
[3.524s] DEBUG:colcon.colcon_core.package_identification:Package 'navigator' with type 'ros.ament_python' and name 'navigator'
[3.525s] Level 1:colcon.colcon_core.package_discovery:discover_packages(recursive) using defaults
[3.525s] Level 1:colcon.colcon_core.package_discovery:discover_packages(ignore) discover
[3.525s] Level 1:colcon.colcon_core.package_discovery:discover_packages(ignore) using defaults
[3.526s] Level 1:colcon.colcon_core.package_discovery:discover_packages(path) discover
[3.526s] Level 1:colcon.colcon_core.package_discovery:discover_packages(path) using defaults
[3.859s] Level 1:colcon.colcon_core.package_discovery:discover_packages(prefix_path) check parameters
[3.860s] Level 1:colcon.colcon_core.package_discovery:discover_packages(prefix_path) discover
[4.006s] DEBUG:colcon.colcon_installed_package_information.package_discovery:Found 2 installed packages in /mnt/e/UMass_Amherst/SDP/sdp-team-12/install
[4.038s] DEBUG:colcon.colcon_installed_package_information.package_discovery:Found 388 installed packages in /opt/ros/humble
[4.042s] Level 1:colcon.colcon_core.package_discovery:discover_packages(prefix_path) using defaults
[4.245s] Level 5:colcon.colcon_core.verb:set package 'basic_mobile_robot' build argument 'cmake_args' from command line to 'None'
[4.245s] Level 5:colcon.colcon_core.verb:set package 'basic_mobile_robot' build argument 'cmake_target' from command line to 'None'
[4.245s] Level 5:colcon.colcon_core.verb:set package 'basic_mobile_robot' build argument 'cmake_target_skip_unavailable' from command line to 'False'
[4.246s] Level 5:colcon.colcon_core.verb:set package 'basic_mobile_robot' build argument 'cmake_clean_cache' from command line to 'False'
[4.246s] Level 5:colcon.colcon_core.verb:set package 'basic_mobile_robot' build argument 'cmake_clean_first' from command line to 'False'
[4.246s] Level 5:colcon.colcon_core.verb:set package 'basic_mobile_robot' build argument 'cmake_force_configure' from command line to 'False'
[4.247s] Level 5:colcon.colcon_core.verb:set package 'basic_mobile_robot' build argument 'ament_cmake_args' from command line to 'None'
[4.247s] Level 5:colcon.colcon_core.verb:set package 'basic_mobile_robot' build argument 'catkin_cmake_args' from command line to 'None'
[4.247s] Level 5:colcon.colcon_core.verb:set package 'basic_mobile_robot' build argument 'catkin_skip_building_tests' from command line to 'False'
[4.247s] DEBUG:colcon.colcon_core.verb:Building package 'basic_mobile_robot' with the following arguments: {'ament_cmake_args': None, 'build_base': '/mnt/e/UMass_Amherst/SDP/sdp-team-12/build/basic_mobile_robot', 'catkin_cmake_args': None, 'catkin_skip_building_tests': False, 'cmake_args': None, 'cmake_clean_cache': False, 'cmake_clean_first': False, 'cmake_force_configure': False, 'cmake_target': None, 'cmake_target_skip_unavailable': False, 'install_base': '/mnt/e/UMass_Amherst/SDP/sdp-team-12/install/basic_mobile_robot', 'merge_install': False, 'path': '/mnt/e/UMass_Amherst/SDP/sdp-team-12/basic_mobile_robot', 'symlink_install': False, 'test_result_base': None}
[4.279s] Level 5:colcon.colcon_core.verb:set package 'navigator' build argument 'cmake_args' from command line to 'None'
[4.279s] Level 5:colcon.colcon_core.verb:set package 'navigator' build argument 'cmake_target' from command line to 'None'
[4.279s] Level 5:colcon.colcon_core.verb:set package 'navigator' build argument 'cmake_target_skip_unavailable' from command line to 'False'
[4.280s] Level 5:colcon.colcon_core.verb:set package 'navigator' build argument 'cmake_clean_cache' from command line to 'False'
[4.280s] Level 5:colcon.colcon_core.verb:set package 'navigator' build argument 'cmake_clean_first' from command line to 'False'
[4.280s] Level 5:colcon.colcon_core.verb:set package 'navigator' build argument 'cmake_force_configure' from command line to 'False'
[4.281s] Level 5:colcon.colcon_core.verb:set package 'navigator' build argument 'ament_cmake_args' from command line to 'None'
[4.281s] Level 5:colcon.colcon_core.verb:set package 'navigator' build argument 'catkin_cmake_args' from command line to 'None'
[4.281s] Level 5:colcon.colcon_core.verb:set package 'navigator' build argument 'catkin_skip_building_tests' from command line to 'False'
[4.282s] DEBUG:colcon.colcon_core.verb:Building package 'navigator' with the following arguments: {'ament_cmake_args': None, 'build_base': '/mnt/e/UMass_Amherst/SDP/sdp-team-12/build/navigator', 'catkin_cmake_args': None, 'catkin_skip_building_tests': False, 'cmake_args': None, 'cmake_clean_cache': False, 'cmake_clean_first': False, 'cmake_force_configure': False, 'cmake_target': None, 'cmake_target_skip_unavailable': False, 'install_base': '/mnt/e/UMass_Amherst/SDP/sdp-team-12/install/navigator', 'merge_install': False, 'path': '/mnt/e/UMass_Amherst/SDP/sdp-team-12/navigator', 'symlink_install': False, 'test_result_base': None}
[4.315s] INFO:colcon.colcon_core.executor:Executing jobs using 'parallel' executor
[4.349s] DEBUG:colcon.colcon_parallel_executor.executor.parallel:run_until_complete
[4.349s] INFO:colcon.colcon_ros.task.ament_cmake.build:Building ROS package in '/mnt/e/UMass_Amherst/SDP/sdp-team-12/basic_mobile_robot' with build type 'ament_cmake'
[4.350s] INFO:colcon.colcon_cmake.task.cmake.build:Building CMake package in '/mnt/e/UMass_Amherst/SDP/sdp-team-12/basic_mobile_robot'
[4.395s] INFO:colcon.colcon_core.plugin_system:Skipping extension 'colcon_core.shell.bat': Not used on non-Windows systems
[4.395s] INFO:colcon.colcon_core.shell:Skip shell extension 'powershell' for command environment: Not usable outside of PowerShell
[4.396s] DEBUG:colcon.colcon_core.shell:Skip shell extension 'dsv' for command environment
[4.602s] INFO:colcon.colcon_ros.task.ament_python.build:Building ROS package in '/mnt/e/UMass_Amherst/SDP/sdp-team-12/navigator' with build type 'ament_python'
[4.602s] Level 1:colcon.colcon_core.shell:create_environment_hook('navigator', 'ament_prefix_path')
[4.637s] INFO:colcon.colcon_core.shell:Creating environment hook '/mnt/e/UMass_Amherst/SDP/sdp-team-12/install/navigator/share/navigator/hook/ament_prefix_path.ps1'
[4.667s] INFO:colcon.colcon_core.shell:Creating environment descriptor '/mnt/e/UMass_Amherst/SDP/sdp-team-12/install/navigator/share/navigator/hook/ament_prefix_path.dsv'
[4.699s] INFO:colcon.colcon_core.shell:Creating environment hook '/mnt/e/UMass_Amherst/SDP/sdp-team-12/install/navigator/share/navigator/hook/ament_prefix_path.sh'
[4.786s] INFO:colcon.colcon_core.shell:Skip shell extension 'powershell' for command environment: Not usable outside of PowerShell
[4.787s] DEBUG:colcon.colcon_core.shell:Skip shell extension 'dsv' for command environment
[5.175s] DEBUG:colcon.colcon_core.event_handler.log_command:Invoking command in '/mnt/e/UMass_Amherst/SDP/sdp-team-12/build/basic_mobile_robot': CMAKE_PREFIX_PATH=${CMAKE_PREFIX_PATH}:/mnt/e/UMass_Amherst/SDP/sdp-team-12/install/navigator:/opt/ros/humble /usr/bin/cmake --build /mnt/e/UMass_Amherst/SDP/sdp-team-12/build/basic_mobile_robot -- -j12 -l12
[6.268s] INFO:colcon.colcon_core.task.python.build:Building Python package in '/mnt/e/UMass_Amherst/SDP/sdp-team-12/navigator'
[6.303s] INFO:colcon.colcon_core.shell:Skip shell extension 'powershell' for command environment: Not usable outside of PowerShell
[6.303s] DEBUG:colcon.colcon_core.shell:Skip shell extension 'dsv' for command environment
[6.519s] DEBUG:colcon.colcon_core.event_handler.log_command:Invoked command in '/mnt/e/UMass_Amherst/SDP/sdp-team-12/build/basic_mobile_robot' returned '0': CMAKE_PREFIX_PATH=${CMAKE_PREFIX_PATH}:/mnt/e/UMass_Amherst/SDP/sdp-team-12/install/navigator:/opt/ros/humble /usr/bin/cmake --build /mnt/e/UMass_Amherst/SDP/sdp-team-12/build/basic_mobile_robot -- -j12 -l12
[6.692s] DEBUG:colcon.colcon_core.event_handler.log_command:Invoking command in '/mnt/e/UMass_Amherst/SDP/sdp-team-12/build/basic_mobile_robot': CMAKE_PREFIX_PATH=${CMAKE_PREFIX_PATH}:/mnt/e/UMass_Amherst/SDP/sdp-team-12/install/navigator:/opt/ros/humble /usr/bin/cmake --install /mnt/e/UMass_Amherst/SDP/sdp-team-12/build/basic_mobile_robot
[9.196s] DEBUG:colcon.colcon_core.event_handler.log_command:Invoking command in '/mnt/e/UMass_Amherst/SDP/sdp-team-12/navigator': PYTHONPATH=/mnt/e/UMass_Amherst/SDP/sdp-team-12/build/navigator/prefix_override:/mnt/e/UMass_Amherst/SDP/sdp-team-12/install/navigator/lib/python3.10/site-packages:${PYTHONPATH} /usr/bin/python3 setup.py egg_info --egg-base ../build/navigator build --build-base /mnt/e/UMass_Amherst/SDP/sdp-team-12/build/navigator/build install --record /mnt/e/UMass_Amherst/SDP/sdp-team-12/build/navigator/install.log --single-version-externally-managed
[10.004s] Level 1:colcon.colcon_core.environment:create_environment_scripts_only(basic_mobile_robot)
[10.005s] DEBUG:colcon.colcon_core.event_handler.log_command:Invoked command in '/mnt/e/UMass_Amherst/SDP/sdp-team-12/build/basic_mobile_robot' returned '0': CMAKE_PREFIX_PATH=${CMAKE_PREFIX_PATH}:/mnt/e/UMass_Amherst/SDP/sdp-team-12/install/navigator:/opt/ros/humble /usr/bin/cmake --install /mnt/e/UMass_Amherst/SDP/sdp-team-12/build/basic_mobile_robot
[10.065s] Level 1:colcon.colcon_core.environment:checking '/mnt/e/UMass_Amherst/SDP/sdp-team-12/install/basic_mobile_robot' for CMake module files
[10.286s] Level 1:colcon.colcon_core.environment:checking '/mnt/e/UMass_Amherst/SDP/sdp-team-12/install/basic_mobile_robot' for CMake config files
[10.476s] Level 1:colcon.colcon_core.shell:create_environment_hook('basic_mobile_robot', 'cmake_prefix_path')
[10.522s] INFO:colcon.colcon_core.shell:Creating environment hook '/mnt/e/UMass_Amherst/SDP/sdp-team-12/install/basic_mobile_robot/share/basic_mobile_robot/hook/cmake_prefix_path.ps1'
[10.561s] INFO:colcon.colcon_core.shell:Creating environment descriptor '/mnt/e/UMass_Amherst/SDP/sdp-team-12/install/basic_mobile_robot/share/basic_mobile_robot/hook/cmake_prefix_path.dsv'
[10.676s] INFO:colcon.colcon_core.shell:Creating environment hook '/mnt/e/UMass_Amherst/SDP/sdp-team-12/install/basic_mobile_robot/share/basic_mobile_robot/hook/cmake_prefix_path.sh'
[10.725s] Level 1:colcon.colcon_core.environment:checking '/mnt/e/UMass_Amherst/SDP/sdp-team-12/install/basic_mobile_robot/bin'
[10.728s] Level 1:colcon.colcon_core.environment:checking '/mnt/e/UMass_Amherst/SDP/sdp-team-12/install/basic_mobile_robot/lib/pkgconfig/basic_mobile_robot.pc'
[10.732s] Level 1:colcon.colcon_core.environment:checking '/mnt/e/UMass_Amherst/SDP/sdp-team-12/install/basic_mobile_robot/lib/python3.10/site-packages'
[10.735s] Level 1:colcon.colcon_core.environment:checking '/mnt/e/UMass_Amherst/SDP/sdp-team-12/install/basic_mobile_robot/bin'
[10.793s] INFO:colcon.colcon_core.shell:Creating package script '/mnt/e/UMass_Amherst/SDP/sdp-team-12/install/basic_mobile_robot/share/basic_mobile_robot/package.ps1'
[10.823s] INFO:colcon.colcon_core.shell:Creating package descriptor '/mnt/e/UMass_Amherst/SDP/sdp-team-12/install/basic_mobile_robot/share/basic_mobile_robot/package.dsv'
[10.856s] INFO:colcon.colcon_core.shell:Creating package script '/mnt/e/UMass_Amherst/SDP/sdp-team-12/install/basic_mobile_robot/share/basic_mobile_robot/package.sh'
[10.889s] INFO:colcon.colcon_core.shell:Creating package script '/mnt/e/UMass_Amherst/SDP/sdp-team-12/install/basic_mobile_robot/share/basic_mobile_robot/package.bash'
[10.934s] INFO:colcon.colcon_core.shell:Creating package script '/mnt/e/UMass_Amherst/SDP/sdp-team-12/install/basic_mobile_robot/share/basic_mobile_robot/package.zsh'
[10.992s] Level 1:colcon.colcon_core.environment:create_file_with_runtime_dependencies(/mnt/e/UMass_Amherst/SDP/sdp-team-12/install/basic_mobile_robot/share/colcon-core/packages/basic_mobile_robot)
[11.213s] Level 1:colcon.colcon_core.environment:create_environment_scripts_only(basic_mobile_robot)
[11.264s] Level 1:colcon.colcon_core.environment:checking '/mnt/e/UMass_Amherst/SDP/sdp-team-12/install/basic_mobile_robot' for CMake module files
[11.506s] Level 1:colcon.colcon_core.environment:checking '/mnt/e/UMass_Amherst/SDP/sdp-team-12/install/basic_mobile_robot' for CMake config files
[11.764s] Level 1:colcon.colcon_core.shell:create_environment_hook('basic_mobile_robot', 'cmake_prefix_path')
[11.806s] INFO:colcon.colcon_core.shell:Creating environment hook '/mnt/e/UMass_Amherst/SDP/sdp-team-12/install/basic_mobile_robot/share/basic_mobile_robot/hook/cmake_prefix_path.ps1'
[11.839s] INFO:colcon.colcon_core.shell:Creating environment descriptor '/mnt/e/UMass_Amherst/SDP/sdp-team-12/install/basic_mobile_robot/share/basic_mobile_robot/hook/cmake_prefix_path.dsv'
[11.872s] INFO:colcon.colcon_core.shell:Creating environment hook '/mnt/e/UMass_Amherst/SDP/sdp-team-12/install/basic_mobile_robot/share/basic_mobile_robot/hook/cmake_prefix_path.sh'
[11.911s] Level 1:colcon.colcon_core.environment:checking '/mnt/e/UMass_Amherst/SDP/sdp-team-12/install/basic_mobile_robot/bin'
[11.914s] Level 1:colcon.colcon_core.environment:checking '/mnt/e/UMass_Amherst/SDP/sdp-team-12/install/basic_mobile_robot/lib/pkgconfig/basic_mobile_robot.pc'
[11.917s] Level 1:colcon.colcon_core.environment:checking '/mnt/e/UMass_Amherst/SDP/sdp-team-12/install/basic_mobile_robot/lib/python3.10/site-packages'
[11.919s] Level 1:colcon.colcon_core.environment:checking '/mnt/e/UMass_Amherst/SDP/sdp-team-12/install/basic_mobile_robot/bin'
[11.965s] INFO:colcon.colcon_core.shell:Creating package script '/mnt/e/UMass_Amherst/SDP/sdp-team-12/install/basic_mobile_robot/share/basic_mobile_robot/package.ps1'
[11.993s] INFO:colcon.colcon_core.shell:Creating package descriptor '/mnt/e/UMass_Amherst/SDP/sdp-team-12/install/basic_mobile_robot/share/basic_mobile_robot/package.dsv'
[12.024s] INFO:colcon.colcon_core.shell:Creating package script '/mnt/e/UMass_Amherst/SDP/sdp-team-12/install/basic_mobile_robot/share/basic_mobile_robot/package.sh'
[12.058s] INFO:colcon.colcon_core.shell:Creating package script '/mnt/e/UMass_Amherst/SDP/sdp-team-12/install/basic_mobile_robot/share/basic_mobile_robot/package.bash'
[12.110s] INFO:colcon.colcon_core.shell:Creating package script '/mnt/e/UMass_Amherst/SDP/sdp-team-12/install/basic_mobile_robot/share/basic_mobile_robot/package.zsh'
[12.189s] Level 1:colcon.colcon_core.environment:create_file_with_runtime_dependencies(/mnt/e/UMass_Amherst/SDP/sdp-team-12/install/basic_mobile_robot/share/colcon-core/packages/basic_mobile_robot)
[13.272s] DEBUG:colcon.colcon_core.event_handler.log_command:Invoked command in '/mnt/e/UMass_Amherst/SDP/sdp-team-12/navigator' returned '0': PYTHONPATH=/mnt/e/UMass_Amherst/SDP/sdp-team-12/build/navigator/prefix_override:/mnt/e/UMass_Amherst/SDP/sdp-team-12/install/navigator/lib/python3.10/site-packages:${PYTHONPATH} /usr/bin/python3 setup.py egg_info --egg-base ../build/navigator build --build-base /mnt/e/UMass_Amherst/SDP/sdp-team-12/build/navigator/build install --record /mnt/e/UMass_Amherst/SDP/sdp-team-12/build/navigator/install.log --single-version-externally-managed
[13.302s] Level 1:colcon.colcon_core.environment:checking '/mnt/e/UMass_Amherst/SDP/sdp-team-12/install/navigator' for CMake module files
[13.400s] Level 1:colcon.colcon_core.environment:checking '/mnt/e/UMass_Amherst/SDP/sdp-team-12/install/navigator' for CMake config files
[13.550s] Level 1:colcon.colcon_core.environment:checking '/mnt/e/UMass_Amherst/SDP/sdp-team-12/install/navigator/lib'
[13.558s] Level 1:colcon.colcon_core.environment:checking '/mnt/e/UMass_Amherst/SDP/sdp-team-12/install/navigator/bin'
[13.560s] Level 1:colcon.colcon_core.environment:checking '/mnt/e/UMass_Amherst/SDP/sdp-team-12/install/navigator/lib/pkgconfig/navigator.pc'
[13.566s] Level 1:colcon.colcon_core.environment:checking '/mnt/e/UMass_Amherst/SDP/sdp-team-12/install/navigator/lib/python3.10/site-packages'
[13.572s] Level 1:colcon.colcon_core.shell:create_environment_hook('navigator', 'pythonpath')
[13.612s] INFO:colcon.colcon_core.shell:Creating environment hook '/mnt/e/UMass_Amherst/SDP/sdp-team-12/install/navigator/share/navigator/hook/pythonpath.ps1'
[13.643s] INFO:colcon.colcon_core.shell:Creating environment descriptor '/mnt/e/UMass_Amherst/SDP/sdp-team-12/install/navigator/share/navigator/hook/pythonpath.dsv'
[13.830s] INFO:colcon.colcon_core.shell:Creating environment hook '/mnt/e/UMass_Amherst/SDP/sdp-team-12/install/navigator/share/navigator/hook/pythonpath.sh'
[13.861s] Level 1:colcon.colcon_core.environment:checking '/mnt/e/UMass_Amherst/SDP/sdp-team-12/install/navigator/bin'
[13.864s] Level 1:colcon.colcon_core.environment:create_environment_scripts_only(navigator)
[13.899s] INFO:colcon.colcon_core.shell:Creating package script '/mnt/e/UMass_Amherst/SDP/sdp-team-12/install/navigator/share/navigator/package.ps1'
[13.925s] INFO:colcon.colcon_core.shell:Creating package descriptor '/mnt/e/UMass_Amherst/SDP/sdp-team-12/install/navigator/share/navigator/package.dsv'
[13.952s] INFO:colcon.colcon_core.shell:Creating package script '/mnt/e/UMass_Amherst/SDP/sdp-team-12/install/navigator/share/navigator/package.sh'
[13.978s] INFO:colcon.colcon_core.shell:Creating package script '/mnt/e/UMass_Amherst/SDP/sdp-team-12/install/navigator/share/navigator/package.bash'
[14.007s] INFO:colcon.colcon_core.shell:Creating package script '/mnt/e/UMass_Amherst/SDP/sdp-team-12/install/navigator/share/navigator/package.zsh'
[14.039s] Level 1:colcon.colcon_core.environment:create_file_with_runtime_dependencies(/mnt/e/UMass_Amherst/SDP/sdp-team-12/install/navigator/share/colcon-core/packages/navigator)
[14.064s] DEBUG:colcon.colcon_parallel_executor.executor.parallel:closing loop
[14.064s] DEBUG:colcon.colcon_parallel_executor.executor.parallel:loop closed
[14.065s] DEBUG:colcon.colcon_parallel_executor.executor.parallel:run_until_complete finished with '0'
[14.066s] DEBUG:colcon.colcon_core.event_reactor:joining thread
[14.248s] INFO:colcon.colcon_core.plugin_system:Skipping extension 'colcon_notification.desktop_notification.notify_send': Could not find 'notify-send'
[14.248s] INFO:colcon.colcon_core.plugin_system:Skipping extension 'colcon_notification.desktop_notification.terminal_notifier': Not used on non-Darwin systems
[14.249s] INFO:colcon.colcon_core.plugin_system:Skipping extension 'colcon_notification.desktop_notification.win32': Not used on non-Windows systems
[14.249s] INFO:colcon.colcon_notification.desktop_notification:Sending desktop notification using 'notify2'
[14.251s] DEBUG:colcon.colcon_notification.desktop_notification.notify2:Failed to initialize notify2: org.freedesktop.DBus.Error.ServiceUnknown: The name org.freedesktop.Notifications was not provided by any .service files
[14.251s] DEBUG:colcon.colcon_core.event_reactor:joined thread
[14.292s] INFO:colcon.colcon_core.shell:Creating prefix script '/mnt/e/UMass_Amherst/SDP/sdp-team-12/install/local_setup.ps1'
[14.326s] INFO:colcon.colcon_core.shell:Creating prefix util module '/mnt/e/UMass_Amherst/SDP/sdp-team-12/install/_local_setup_util_ps1.py'
[14.342s] INFO:colcon.colcon_core.shell:Creating prefix chain script '/mnt/e/UMass_Amherst/SDP/sdp-team-12/install/setup.ps1'
[14.426s] INFO:colcon.colcon_core.shell:Creating prefix script '/mnt/e/UMass_Amherst/SDP/sdp-team-12/install/local_setup.sh'
[14.441s] INFO:colcon.colcon_core.shell:Creating prefix util module '/mnt/e/UMass_Amherst/SDP/sdp-team-12/install/_local_setup_util_sh.py'
[14.455s] INFO:colcon.colcon_core.shell:Creating prefix chain script '/mnt/e/UMass_Amherst/SDP/sdp-team-12/install/setup.sh'
[14.537s] INFO:colcon.colcon_core.shell:Creating prefix script '/mnt/e/UMass_Amherst/SDP/sdp-team-12/install/local_setup.bash'
[14.565s] INFO:colcon.colcon_core.shell:Creating prefix chain script '/mnt/e/UMass_Amherst/SDP/sdp-team-12/install/setup.bash'
[14.650s] INFO:colcon.colcon_core.shell:Creating prefix script '/mnt/e/UMass_Amherst/SDP/sdp-team-12/install/local_setup.zsh'
[14.667s] INFO:colcon.colcon_core.shell:Creating prefix chain script '/mnt/e/UMass_Amherst/SDP/sdp-team-12/install/setup.zsh'
