[7.684s] Invoking command in '/media/sf_SDP/sdp-team-12/navigator': PYTHONPATH=/media/sf_SDP/sdp-team-12/build/navigator/prefix_override:/media/sf_SDP/sdp-team-12/install/navigator/lib/python3.10/site-packages:${PYTHONPATH} /usr/bin/python3 setup.py egg_info --egg-base ../build/navigator build --build-base /media/sf_SDP/sdp-team-12/build/navigator/build install --record /media/sf_SDP/sdp-team-12/build/navigator/install.log --single-version-externally-managed
[8.567s] running egg_info
[8.657s] creating ../build/navigator/navigator.egg-info
[8.696s] writing ../build/navigator/navigator.egg-info/PKG-INFO
[8.794s] writing dependency_links to ../build/navigator/navigator.egg-info/dependency_links.txt
[8.889s] writing entry points to ../build/navigator/navigator.egg-info/entry_points.txt
[9.000s] writing requirements to ../build/navigator/navigator.egg-info/requires.txt
[9.109s] writing top-level names to ../build/navigator/navigator.egg-info/top_level.txt
[9.169s] writing manifest file '../build/navigator/navigator.egg-info/SOURCES.txt'
[9.248s] reading manifest file '../build/navigator/navigator.egg-info/SOURCES.txt'
[9.272s] writing manifest file '../build/navigator/navigator.egg-info/SOURCES.txt'
[9.335s] running build
[9.338s] running build_py
[9.411s] creating /media/sf_SDP/sdp-team-12/build/navigator/build
[9.687s] creating /media/sf_SDP/sdp-team-12/build/navigator/build/lib
[9.750s] creating /media/sf_SDP/sdp-team-12/build/navigator/build/lib/navigator
[9.772s] copying navigator/__init__.py -> /media/sf_SDP/sdp-team-12/build/navigator/build/lib/navigator
[9.830s] copying navigator/keyboard_teleop.py -> /media/sf_SDP/sdp-team-12/build/navigator/build/lib/navigator
[9.956s] copying navigator/nav2pose.py -> /media/sf_SDP/sdp-team-12/build/navigator/build/lib/navigator
[10.033s] running install
[10.077s] /usr/lib/python3/dist-packages/setuptools/command/install.py:34: SetuptoolsDeprecationWarning: setup.py install is deprecated. Use build and pip and other standards-based tools.
[10.079s]   warnings.warn(
[10.088s] running install_lib
[10.168s] creating /media/sf_SDP/sdp-team-12/install/navigator/lib/python3.10/site-packages/navigator
[10.179s] copying /media/sf_SDP/sdp-team-12/build/navigator/build/lib/navigator/__init__.py -> /media/sf_SDP/sdp-team-12/install/navigator/lib/python3.10/site-packages/navigator
[10.297s] copying /media/sf_SDP/sdp-team-12/build/navigator/build/lib/navigator/keyboard_teleop.py -> /media/sf_SDP/sdp-team-12/install/navigator/lib/python3.10/site-packages/navigator
[10.398s] copying /media/sf_SDP/sdp-team-12/build/navigator/build/lib/navigator/nav2pose.py -> /media/sf_SDP/sdp-team-12/install/navigator/lib/python3.10/site-packages/navigator
[10.484s] byte-compiling /media/sf_SDP/sdp-team-12/install/navigator/lib/python3.10/site-packages/navigator/__init__.py to __init__.cpython-310.pyc
[10.603s] byte-compiling /media/sf_SDP/sdp-team-12/install/navigator/lib/python3.10/site-packages/navigator/keyboard_teleop.py to keyboard_teleop.cpython-310.pyc
[10.698s] byte-compiling /media/sf_SDP/sdp-team-12/install/navigator/lib/python3.10/site-packages/navigator/nav2pose.py to nav2pose.cpython-310.pyc
[10.774s] running install_data
[10.839s] creating /media/sf_SDP/sdp-team-12/install/navigator/share/ament_index
[10.880s] creating /media/sf_SDP/sdp-team-12/install/navigator/share/ament_index/resource_index
[10.940s] creating /media/sf_SDP/sdp-team-12/install/navigator/share/ament_index/resource_index/packages
[10.972s] copying resource/navigator -> /media/sf_SDP/sdp-team-12/install/navigator/share/ament_index/resource_index/packages
[11.061s] copying package.xml -> /media/sf_SDP/sdp-team-12/install/navigator/share/navigator
[11.165s] running install_egg_info
[11.182s] Copying ../build/navigator/navigator.egg-info to /media/sf_SDP/sdp-team-12/install/navigator/lib/python3.10/site-packages/navigator-0.0.0-py3.10.egg-info
[12.185s] running install_scripts
[12.293s] Installing keyboard script to /media/sf_SDP/sdp-team-12/install/navigator/lib/navigator
[13.281s] Installing nav2pose script to /media/sf_SDP/sdp-team-12/install/navigator/lib/navigator
[13.529s] writing list of installed files to '/media/sf_SDP/sdp-team-12/build/navigator/install.log'
[13.621s] Invoked command in '/media/sf_SDP/sdp-team-12/navigator' returned '0': PYTHONPATH=/media/sf_SDP/sdp-team-12/build/navigator/prefix_override:/media/sf_SDP/sdp-team-12/install/navigator/lib/python3.10/site-packages:${PYTHONPATH} /usr/bin/python3 setup.py egg_info --egg-base ../build/navigator build --build-base /media/sf_SDP/sdp-team-12/build/navigator/build install --record /media/sf_SDP/sdp-team-12/build/navigator/install.log --single-version-externally-managed
