[0.072s] Invoking command in '/home/adam/Desktop/sdp-team-12/control_ws/build/serial': CMAKE_PREFIX_PATH=${CMAKE_PREFIX_PATH}:/opt/ros/humble /usr/bin/cmake /home/adam/Desktop/sdp-team-12/control_ws/src/serial -DCMAKE_INSTALL_PREFIX=/home/adam/Desktop/sdp-team-12/control_ws/install/serial
[0.138s] -- The C compiler identification is GNU 11.4.0
[0.195s] -- The CXX compiler identification is GNU 11.4.0
[0.201s] -- Detecting C compiler ABI info
[0.262s] -- Detecting C compiler ABI info - done
[0.268s] -- Check for working C compiler: /usr/bin/cc - skipped
[0.268s] -- Detecting C compile features
[0.268s] -- Detecting C compile features - done
[0.270s] -- Detecting CXX compiler ABI info
[0.336s] -- Detecting CXX compiler ABI info - done
[0.345s] -- Check for working CXX compiler: /usr/bin/c++ - skipped
[0.345s] -- Detecting CXX compile features
[0.346s] -- Detecting CXX compile features - done
[0.348s] -- Found ament_cmake: 1.3.6 (/opt/ros/humble/share/ament_cmake/cmake)
[0.486s] -- Found Python3: /usr/bin/python3.10 (found version "3.10.12") found components: Interpreter 
[0.580s] -- Found ament_cmake_gtest: 1.3.6 (/opt/ros/humble/share/ament_cmake_gtest/cmake)
[0.593s] -- Found Boost: /usr/lib/x86_64-linux-gnu/cmake/Boost-1.74.0/BoostConfig.cmake (found version "1.74.0")  
[0.596s] -- Found gtest sources under '/opt/ros/humble/src/gtest_vendor': C++ tests using 'Google Test' will be built
[0.598s] -- Looking for pthread.h
[0.658s] -- Looking for pthread.h - found
[0.658s] -- Performing Test CMAKE_HAVE_LIBC_PTHREAD
[0.725s] -- Performing Test CMAKE_HAVE_LIBC_PTHREAD - Success
[0.726s] -- Found Threads: TRUE  
[0.802s] -- Configuring done
[0.812s] -- Generating done
[0.814s] -- Build files have been written to: /home/adam/Desktop/sdp-team-12/control_ws/build/serial
[0.956s] Invoked command in '/home/adam/Desktop/sdp-team-12/control_ws/build/serial' returned '0': CMAKE_PREFIX_PATH=${CMAKE_PREFIX_PATH}:/opt/ros/humble /usr/bin/cmake /home/adam/Desktop/sdp-team-12/control_ws/src/serial -DCMAKE_INSTALL_PREFIX=/home/adam/Desktop/sdp-team-12/control_ws/install/serial
[0.958s] Invoking command in '/home/adam/Desktop/sdp-team-12/control_ws/build/serial': CMAKE_PREFIX_PATH=${CMAKE_PREFIX_PATH}:/opt/ros/humble /usr/bin/cmake --build /home/adam/Desktop/sdp-team-12/control_ws/build/serial -- -j8 -l8
[1.075s] [  7%] [32mBuilding CXX object gtest/CMakeFiles/gtest.dir/src/gtest-all.cc.o[0m
[1.075s] [ 14%] [32mBuilding CXX object gtest/CMakeFiles/gtest_main.dir/src/gtest_main.cc.o[0m
[1.075s] [ 21%] [32mBuilding CXX object CMakeFiles/serial.dir/src/serial.cc.o[0m
[1.075s] [ 28%] [32mBuilding CXX object CMakeFiles/serial.dir/src/impl/unix.cc.o[0m
[1.075s] [ 35%] [32mBuilding CXX object CMakeFiles/serial.dir/src/impl/list_ports/list_ports_linux.cc.o[0m
[1.849s] [ 42%] [32m[1mLinking CXX static library libserial.a[0m
[1.898s] [ 42%] Built target serial
[1.944s] [ 50%] [32mBuilding CXX object CMakeFiles/serial_example.dir/examples/serial_example.cc.o[0m
[2.177s] [ 57%] [32m[1mLinking CXX static library libgtest_main.a[0m
[2.221s] [ 57%] Built target gtest_main
[2.343s] [ 64%] [32m[1mLinking CXX executable serial_example[0m
[2.424s] [ 64%] Built target serial_example
[4.100s] [ 71%] [32m[1mLinking CXX static library libgtest.a[0m
[4.146s] [ 71%] Built target gtest
[4.164s] [ 85%] [32mBuilding CXX object tests/CMakeFiles/serial-test.dir/unix_serial_tests.cc.o[0m
[4.165s] [ 85%] [32mBuilding CXX object tests/CMakeFiles/serial-test-timer.dir/unit/unix_timer_tests.cc.o[0m
[4.787s] In file included from [01m[K/usr/include/boost/bind.hpp:30[m[K,
[4.788s]                  from [01m[K/home/adam/Desktop/sdp-team-12/control_ws/src/serial/tests/unix_serial_tests.cc:23[m[K:
[4.788s] [01m[K/usr/include/boost/bind.hpp:36:1:[m[K [01;36m[Knote: [m[K‘[01m[K#pragma message: The practice of declaring the Bind placeholders (_1, _2, ...) in the global namespace is deprecated. Please use <boost/bind/bind.hpp> + using namespace boost::placeholders, or define BOOST_BIND_GLOBAL_PLACEHOLDERS to retain the current behavior.[m[K’
[4.788s]    36 | [01;36m[KBOOST_PRAGMA_MESSAGE[m[K(
[4.788s]       | [01;36m[K^~~~~~~~~~~~~~~~~~~~[m[K
[4.862s] [ 92%] [32m[1mLinking CXX executable serial-test-timer[0m
[4.961s] [100%] [32m[1mLinking CXX executable serial-test[0m
[4.979s] [100%] Built target serial-test-timer
[5.072s] [100%] Built target serial-test
[5.081s] Invoked command in '/home/adam/Desktop/sdp-team-12/control_ws/build/serial' returned '0': CMAKE_PREFIX_PATH=${CMAKE_PREFIX_PATH}:/opt/ros/humble /usr/bin/cmake --build /home/adam/Desktop/sdp-team-12/control_ws/build/serial -- -j8 -l8
[5.117s] Invoking command in '/home/adam/Desktop/sdp-team-12/control_ws/build/serial': CMAKE_PREFIX_PATH=${CMAKE_PREFIX_PATH}:/opt/ros/humble /usr/bin/cmake --install /home/adam/Desktop/sdp-team-12/control_ws/build/serial
[5.124s] -- Install configuration: ""
[5.124s] -- Installing: /home/adam/Desktop/sdp-team-12/control_ws/install/serial/lib/libserial.a
[5.124s] -- Installing: /home/adam/Desktop/sdp-team-12/control_ws/install/serial/include/serial/serial.h
[5.124s] -- Installing: /home/adam/Desktop/sdp-team-12/control_ws/install/serial/include/serial/v8stdint.h
[5.124s] -- Installing: /home/adam/Desktop/sdp-team-12/control_ws/install/serial/share/serial/environment/library_path.sh
[5.124s] -- Installing: /home/adam/Desktop/sdp-team-12/control_ws/install/serial/share/serial/environment/library_path.dsv
[5.125s] -- Installing: /home/adam/Desktop/sdp-team-12/control_ws/install/serial/share/ament_index/resource_index/package_run_dependencies/serial
[5.125s] -- Installing: /home/adam/Desktop/sdp-team-12/control_ws/install/serial/share/ament_index/resource_index/parent_prefix_path/serial
[5.125s] -- Installing: /home/adam/Desktop/sdp-team-12/control_ws/install/serial/share/serial/environment/ament_prefix_path.sh
[5.125s] -- Installing: /home/adam/Desktop/sdp-team-12/control_ws/install/serial/share/serial/environment/ament_prefix_path.dsv
[5.125s] -- Installing: /home/adam/Desktop/sdp-team-12/control_ws/install/serial/share/serial/environment/path.sh
[5.125s] -- Installing: /home/adam/Desktop/sdp-team-12/control_ws/install/serial/share/serial/environment/path.dsv
[5.125s] -- Installing: /home/adam/Desktop/sdp-team-12/control_ws/install/serial/share/serial/local_setup.bash
[5.125s] -- Installing: /home/adam/Desktop/sdp-team-12/control_ws/install/serial/share/serial/local_setup.sh
[5.125s] -- Installing: /home/adam/Desktop/sdp-team-12/control_ws/install/serial/share/serial/local_setup.zsh
[5.125s] -- Installing: /home/adam/Desktop/sdp-team-12/control_ws/install/serial/share/serial/local_setup.dsv
[5.125s] -- Installing: /home/adam/Desktop/sdp-team-12/control_ws/install/serial/share/serial/package.dsv
[5.125s] -- Installing: /home/adam/Desktop/sdp-team-12/control_ws/install/serial/share/ament_index/resource_index/packages/serial
[5.125s] -- Installing: /home/adam/Desktop/sdp-team-12/control_ws/install/serial/share/serial/cmake/ament_cmake_export_include_directories-extras.cmake
[5.126s] -- Installing: /home/adam/Desktop/sdp-team-12/control_ws/install/serial/share/serial/cmake/ament_cmake_export_libraries-extras.cmake
[5.126s] -- Installing: /home/adam/Desktop/sdp-team-12/control_ws/install/serial/share/serial/cmake/serialConfig.cmake
[5.126s] -- Installing: /home/adam/Desktop/sdp-team-12/control_ws/install/serial/share/serial/cmake/serialConfig-version.cmake
[5.126s] -- Installing: /home/adam/Desktop/sdp-team-12/control_ws/install/serial/share/serial/package.xml
[5.127s] Invoked command in '/home/adam/Desktop/sdp-team-12/control_ws/build/serial' returned '0': CMAKE_PREFIX_PATH=${CMAKE_PREFIX_PATH}:/opt/ros/humble /usr/bin/cmake --install /home/adam/Desktop/sdp-team-12/control_ws/build/serial
