[1.155s] Invoking command in '/home/adam/Desktop/sdp-team-12/navigator': PYTHONPATH=/home/adam/Desktop/sdp-team-12/build/navigator/prefix_override:/home/adam/Desktop/sdp-team-12/install/navigator/lib/python3.10/site-packages:${PYTHONPATH} /usr/bin/python3 setup.py egg_info --egg-base ../build/navigator build --build-base /home/adam/Desktop/sdp-team-12/build/navigator/build install --record /home/adam/Desktop/sdp-team-12/build/navigator/install.log --single-version-externally-managed
[1.337s] running egg_info
[1.337s] writing ../build/navigator/navigator.egg-info/PKG-INFO
[1.338s] writing dependency_links to ../build/navigator/navigator.egg-info/dependency_links.txt
[1.338s] writing entry points to ../build/navigator/navigator.egg-info/entry_points.txt
[1.338s] writing requirements to ../build/navigator/navigator.egg-info/requires.txt
[1.338s] writing top-level names to ../build/navigator/navigator.egg-info/top_level.txt
[1.340s] reading manifest file '../build/navigator/navigator.egg-info/SOURCES.txt'
[1.342s] writing manifest file '../build/navigator/navigator.egg-info/SOURCES.txt'
[1.342s] running build
[1.342s] running build_py
[1.342s] copying navigator/sens2odom.py -> /home/adam/Desktop/sdp-team-12/build/navigator/build/lib/navigator
[1.342s] running install
[1.342s] /usr/lib/python3/dist-packages/setuptools/command/install.py:34: SetuptoolsDeprecationWarning: setup.py install is deprecated. Use build and pip and other standards-based tools.
[1.343s]   warnings.warn(
[1.343s] running install_lib
[1.345s] copying /home/adam/Desktop/sdp-team-12/build/navigator/build/lib/navigator/sens2odom.py -> /home/adam/Desktop/sdp-team-12/install/navigator/lib/python3.10/site-packages/navigator
[1.346s] byte-compiling /home/adam/Desktop/sdp-team-12/install/navigator/lib/python3.10/site-packages/navigator/sens2odom.py to sens2odom.cpython-310.pyc
[1.348s] running install_data
[1.348s] running install_egg_info
[1.350s] removing '/home/adam/Desktop/sdp-team-12/install/navigator/lib/python3.10/site-packages/navigator-0.0.0-py3.10.egg-info' (and everything under it)
[1.350s] Copying ../build/navigator/navigator.egg-info to /home/adam/Desktop/sdp-team-12/install/navigator/lib/python3.10/site-packages/navigator-0.0.0-py3.10.egg-info
[1.351s] running install_scripts
[1.369s] Installing cmdvelsub script to /home/adam/Desktop/sdp-team-12/install/navigator/lib/navigator
[1.370s] Installing coordpub script to /home/adam/Desktop/sdp-team-12/install/navigator/lib/navigator
[1.370s] Installing nav2pose script to /home/adam/Desktop/sdp-team-12/install/navigator/lib/navigator
[1.370s] Installing sens2odom script to /home/adam/Desktop/sdp-team-12/install/navigator/lib/navigator
[1.370s] writing list of installed files to '/home/adam/Desktop/sdp-team-12/build/navigator/install.log'
[1.416s] Invoked command in '/home/adam/Desktop/sdp-team-12/navigator' returned '0': PYTHONPATH=/home/adam/Desktop/sdp-team-12/build/navigator/prefix_override:/home/adam/Desktop/sdp-team-12/install/navigator/lib/python3.10/site-packages:${PYTHONPATH} /usr/bin/python3 setup.py egg_info --egg-base ../build/navigator build --build-base /home/adam/Desktop/sdp-team-12/build/navigator/build install --record /home/adam/Desktop/sdp-team-12/build/navigator/install.log --single-version-externally-managed
