[0.158s] Invoking command in '/home/adam/Desktop/sdp-team-12/build/basic_mobile_robot': CMAKE_PREFIX_PATH=${CMAKE_PREFIX_PATH}:/home/adam/Desktop/sdp-team-12/install/py_img_stream:/home/adam/Desktop/sdp-team-12/install/navigator:/opt/ros/humble /usr/bin/cmake --build /home/adam/Desktop/sdp-team-12/build/basic_mobile_robot -- -j8 -l8
[0.402s] -- Found ament_cmake: 1.3.5 (/opt/ros/humble/share/ament_cmake/cmake)
[0.402s] -- Found rclpy: 3.3.10 (/opt/ros/humble/share/rclpy/cmake)
[0.402s] -- Found rclcpp: 16.0.6 (/opt/ros/humble/share/rclcpp/cmake)
[0.402s] -- Found rosidl_generator_c: 3.1.5 (/opt/ros/humble/share/rosidl_generator_c/cmake)
[0.402s] -- Found rosidl_adapter: 3.1.5 (/opt/ros/humble/share/rosidl_adapter/cmake)
[0.402s] -- Found rosidl_generator_cpp: 3.1.5 (/opt/ros/humble/share/rosidl_generator_cpp/cmake)
[0.402s] -- Using all available rosidl_typesupport_c: rosidl_typesupport_fastrtps_c;rosidl_typesupport_introspection_c
[0.402s] -- Using all available rosidl_typesupport_cpp: rosidl_typesupport_fastrtps_cpp;rosidl_typesupport_introspection_cpp
[0.403s] -- Found rmw_implementation_cmake: 6.1.1 (/opt/ros/humble/share/rmw_implementation_cmake/cmake)
[0.403s] -- Found rmw_fastrtps_cpp: 6.2.4 (/opt/ros/humble/share/rmw_fastrtps_cpp/cmake)
[0.474s] -- Using RMW implementation 'rmw_fastrtps_cpp' as default
[0.586s] -- Found geometry_msgs: 4.2.3 (/opt/ros/humble/share/geometry_msgs/cmake)
[0.618s] -- Found nav2_msgs: 1.1.12 (/opt/ros/humble/share/nav2_msgs/cmake)
[0.859s] -- Found sensor_msgs: 4.2.3 (/opt/ros/humble/share/sensor_msgs/cmake)
[0.930s] -- Eigen found (include: /usr/include/eigen3, version: 3.4.0)
[0.953s] -- FLANN found (include: /usr/include, lib: /usr/lib/x86_64-linux-gnu/libflann_cpp.so)
[1.206s] -- OpenNI found (version: 1.5.4.0, include: /usr/include/ni, lib: /usr/lib/libOpenNI.so;libusb::libusb)
[1.212s] -- OpenNI2 found (version: 2.2.0.33, include: /usr/include/openni2, lib: /usr/lib/x86_64-linux-gnu/libOpenNI2.so;libusb::libusb)
[1.213s] [0m** WARNING ** io features related to pcap will be disabled[0m
[1.328s] -- Eigen found (include: /usr/include/eigen3, version: 3.4.0)
[1.333s] -- OpenNI found (version: 1.5.4.0, include: /usr/include/ni, lib: /usr/lib/libOpenNI.so;libusb::libusb)
[1.338s] -- OpenNI2 found (version: 2.2.0.33, include: /usr/include/openni2, lib: /usr/lib/x86_64-linux-gnu/libOpenNI2.so;libusb::libusb)
[1.446s] -- Found Qhull version 8.0.2
[1.558s] -- OpenNI found (version: 1.5.4.0, include: /usr/include/ni, lib: /usr/lib/libOpenNI.so;libusb::libusb)
[1.664s] -- looking for PCL_COMMON
[1.664s] -- looking for PCL_KDTREE
[1.664s] -- looking for PCL_OCTREE
[1.664s] -- looking for PCL_SEARCH
[1.664s] -- looking for PCL_SAMPLE_CONSENSUS
[1.665s] -- looking for PCL_FILTERS
[1.665s] -- looking for PCL_2D
[1.665s] -- looking for PCL_GEOMETRY
[1.665s] -- looking for PCL_IO
[1.665s] -- looking for PCL_FEATURES
[1.666s] -- looking for PCL_ML
[1.666s] -- looking for PCL_SEGMENTATION
[1.666s] -- looking for PCL_VISUALIZATION
[1.666s] -- looking for PCL_SURFACE
[1.667s] -- looking for PCL_REGISTRATION
[1.667s] -- looking for PCL_KEYPOINTS
[1.667s] -- looking for PCL_TRACKING
[1.668s] -- looking for PCL_RECOGNITION
[1.668s] -- looking for PCL_STEREO
[1.668s] -- looking for PCL_APPS
[1.669s] -- looking for PCL_IN_HAND_SCANNER
[1.669s] -- looking for PCL_MODELER
[1.669s] -- looking for PCL_POINT_CLOUD_EDITOR
[1.669s] -- looking for PCL_OUTOFCORE
[1.669s] -- looking for PCL_PEOPLE
[1.671s] -- Found laser_geometry: 2.4.0 (/opt/ros/humble/share/laser_geometry/cmake)
[1.685s] -- Found pcl_conversions: 2.4.0 (/opt/ros/humble/share/pcl_conversions/cmake)
[1.795s] [31mCMake Error at CMakeLists.txt:33 (find_package):
[1.796s]   By not providing "Findtf.cmake" in CMAKE_MODULE_PATH this project has asked
[1.796s]   CMake to find a package configuration file provided by "tf", but CMake did
[1.796s]   not find one.
[1.796s] 
[1.796s]   Could not find a package configuration file provided by "tf" with any of
[1.796s]   the following names:
[1.796s] 
[1.796s]     tfConfig.cmake
[1.796s]     tf-config.cmake
[1.796s] 
[1.796s]   Add the installation prefix of "tf" to CMAKE_PREFIX_PATH or set "tf_DIR" to
[1.796s]   a directory containing one of the above files.  If "tf" provides a separate
[1.796s]   development package or SDK, be sure it has been installed.
[1.796s] 
[1.796s] [0m
[1.796s] -- Configuring incomplete, errors occurred!
[1.796s] See also "/home/adam/Desktop/sdp-team-12/build/basic_mobile_robot/CMakeFiles/CMakeOutput.log".
[1.806s] gmake: *** [Makefile:294: cmake_check_build_system] Error 1
[1.808s] Invoked command in '/home/adam/Desktop/sdp-team-12/build/basic_mobile_robot' returned '2': CMAKE_PREFIX_PATH=${CMAKE_PREFIX_PATH}:/home/adam/Desktop/sdp-team-12/install/py_img_stream:/home/adam/Desktop/sdp-team-12/install/navigator:/opt/ros/humble /usr/bin/cmake --build /home/adam/Desktop/sdp-team-12/build/basic_mobile_robot -- -j8 -l8
